farming
land
haying
haying time
irrigation
apple orchard
arbor
arbour
bower
pergola
asparagus bed
bed
bill
billhook
binder
reaper binder
bull tongue
chicken farm
colter
coulter
combine
croft
cultivator
tiller
dairy
dairy farm
disk harrow
disc harrow
farm
farmhouse
farm machine
farmplace
farm-place
farmstead
flail
flowerbed
flower bed
bed of flowers
flower garden
fork
formal garden
garden
grange
grape arbor
grape arbour
grove
woodlet
orchard
plantation
hanging gardens of babylon
harrow
harvester
reaper
hayfork
haymaker
hay conditioner
header
herb garden
home-farm
hop garden
hop field
hotbed
kitchen garden
vegetable garden
vegetable patch
landscaping
landside
lemon grove
lister
lister plow
lister plough
middlebreaker
middle buster
market garden
moldboard
mouldboard
moldboard plow
mouldboard plough
orange grove
parterre
peach orchard
piggery
pig farm
plow
plough
plowshare
ploughshare
share
pot farm
ranch
spread
cattle ranch
cattle farm
rock garden
rockery
roof garden
rose bed
bed of roses
rose garden
seedbed
sewage farm
sheepwalk
sheeprun
stud farm
sunken garden
tea garden
thresher
thrasher
threshing machine
topiary
truck farm
truck garden
tuileries
tuileries gardens
tulip bed
turnip bed
victory garden
vineyard
vinery
agronomy
scientific agriculture
agrobiology
agrology
collective farm
kibbutz
kolkhoz
breeding ground
heronry
home range
home territory
pesthole
range
rookery
plot
plot of ground
patch
cultivated land
farmland
plowland
ploughland
tilled land
tillage
tilth
fallow
pruning
abutter
agricultural laborer
agricultural labourer
agronomist
arms manufacturer
brewer
bronco buster
cotter
cottier
cowboy
cowpuncher
puncher
cowman
cattleman
cowpoke
cowhand
cowherd
vaquero
buckaroo
buckeroo
cowgirl
dairymaid
milkmaid
dairyman
distiller
farmerette
farmhand
fieldhand
field hand
farm worker
fellah
food manufacturer
franklin
freeholder
gardener
nurseryman
gaucho
gleaner
goat herder
goatherd
harvester
reaper
herder
herdsman
drover
hired hand
hand
hired man
horse wrangler
wrangler
horticulturist
plantsman
kibbutznik
kolkhoznik
laird
landlady
landlord
landowner
landholder
property owner
manufacturer
producer
miller
peasant
picker
plowman
ploughman
plower
ranch hand
roper
ruralist
serf
helot
villein
sericulturist
sharecropper
cropper
sharecrop farmer
sheepherder
shepherd
sheepman
shepherdess
squire
stableman
stableboy
groom
hostler
ostler
swineherd
pigman
trail boss
transplanter
vintager
waterer
weeder
yeoman
burbank
luther burbank
kellogg
w. k. kellogg
will keith kellog
krupp
alfred krupp
mauser
von mauser
p. p. von mauser
peter paul mauser
mccormick
cyrus mccormick
cyrus hall mccormick
mercer
john mercer
post
c. w. post
charles william post
singer
isaac m. singer
isaac merrit singer
whitney
eli whitney
crop
harvest
cash crop
catch crop
cover crop
fruitage
root crop
smallholding
blight
alder blight
apple blight
apple canker
beet blight
blister blight
blister blight
cane blight
celery blight
chestnut blight
chestnut canker
chestnut-bark disease
coffee blight
collar blight
fire blight
pear blight
blight canker
halo blight
halo spot
bean blight
halo blight
head blight
wheat scab
late blight
leaf blight
leaf disease
needle blight
needle cast
leaf cast
peach blight
potato blight
potato mold
potato disease
potato mildew
potato murrain
rim blight
spinach blight
spur blight
stem blight
stripe blight
thread blight
tomato blight
tomato yellows
twig blight
walnut blight
plant disease
rust
blister rust
white-pine rust
white pine blister rust
blackheart
black knot
black rot
black spot
bottom rot
brown rot
brown rot gummosis
gummosis
gummosis
ring rot
ring disease
tobacco wilt
cotton ball
crown gall
hairy root
crown wart
damping off
dieback
dry rot
heartrot
mosaic
potato mosaic
tobacco mosaic
tomato streak
rhizoctinia disease
little potato
rosette
russet scab
stem canker
pink disease
potato wart
root rot
scorch
leaf scorch
sweet-potato ring rot
sclerotium disease
sclerotium rot
dutch elm disease
ergot
foot rot
granville wilt
pinkroot
wilt
wilt disease
fusarium wilt
verticilliosis
smut
loose smut
bunt
stinking smut
flag smut
green smut
false smut
soft rot
leak
yellow dwarf
yellow dwarf of potato
potato yellow dwarf
onion yellow dwarf
yellow spot
ripeness
greenness
alkali
chaff
husk
shuck
stalk
straw
stubble
bran
lammastide
growing season
seedtime
sheepshearing
malt
malt
malt
malt
water
irrigate
spin off
flour
nitrify
dung
fertilize
fertilise
feed
topdress
winnow
lift
shear
poll
pollard
snip
clip
crop
trim
lop
dress
prune
cut back
top
pinch
disbud
tail
thrash
thresh
winnow
fan
sow
sough
seed
broadcast
inseminate
sow
sow in
scatter
bear
turn out
seed
crop
overbear
fruit
grow
raise
farm
produce
carry
overproduce
manure
muck
keep
herd
wrangle
planted
unplanted
plowed
ploughed
unplowed
unploughed
unbroken
cultivated
uncultivated
arable
cultivable
cultivatable
tillable
agrobiologic
agrobiological
agrologic
agrological
agronomic
agronomical
apiarian
chaffy
chafflike
bucolic
pastoral
