delivery
obstetrical delivery
autopsy
necropsy
postmortem
pm
postmortem examination
uterine contraction
effleurage
spaying
vasoconstriction
vent
horn
antler
tuft
horn
crest
topknot
pseudopod
pseudopodium
cytostome
cilium
flagellum
flame cell
investment
pellicle
blastocoel
blastocoele
blastocele
segmentation cavity
cleavage cavity
blastoderm
germinal disc
blastodisc
germinal area
fetus
foetus
monster
teras
abortus
ovipositor
chalaza
trophoblast
archenteron
blastopore
layer
yolk sac
yolk sac
vitelline sac
umbilical vesicle
vesicula umbilicus
fang
fang
tusk
notochord
urochord
amnion
amniotic sac
amnios
chorion
chorionic villus
allantois
chorioallantois
chorioallantoic membrane
conodont
rattle
beak
bill
neb
nib
pecker
beak
chelicera
mouthpart
comb
cockscomb
coxcomb
chine
furcula
wishbone
wishing bone
cuticula
hypodermis
bastard wing
alula
spurious wing
vane
web
barb
web
underpart
hair
cirrus
spine
ray
quill
aculea
style
stylet
villus
bristle
chaeta
whisker
vibrissa
sensory hair
seta
pilus
horseback
operculum
carapace
shell
cuticle
plastron
apodeme
coelenteron
ctene
comb
ctenidium
ceras
craw
crop
gizzard
ventriculus
gastric mill
green gland
water vascular system
wing
ala
forewing
halter
haltere
balancer
pennon
pinion
wing case
elytron
animal foot
foot
fossorial foot
hoof
hoof
cloven foot
cloven hoof
bird's foot
webfoot
claw
zygodactyl foot
heterodactyl foot
webbed foot
lobate foot
calyculus
caliculus
calycle
tooth
denticle
claw
bear claw
talon
claw
chela
nipper
pincer
belly
tail
bobtail
bob
dock
caudal appendage
uropygium
oxtail
fluke
scut
flag
dock
horse's foot
horse's hoof
foot
invertebrate foot
tube foot
milt
splint bone
dug
udder
bag
rumen
first stomach
reticulum
second stomach
psalterium
omasum
third stomach
abomasum
fourth stomach
trotter
forefoot
hindfoot
paw
forepaw
hand
pad
muzzle
snout
neb
snout
rostrum
proboscis
trunk
pastern
fetter bone
coronet
fetlock
fetlock
fetlock joint
withers
cannon
shank
cannon bone
hock
loin
lumbus
hindquarters
croup
croupe
rump
haunch
gaskin
stifle
knee
flank
animal leg
hind limb
hind leg
forelimb
foreleg
flipper
parapodium
sucker
cupule
lateral line
lateral line organ
fin
dorsal fin
pectoral fin
pelvic fin
ventral fin
tail fin
caudal fin
heterocercal fin
homocercal fin
fishbone
air bladder
swim bladder
air sac
air sac
uropygial gland
preen gland
silk gland
serictery
sericterium
elbow
quill
calamus
shaft
vein
nervure
flight feather
pinion
quill
quill feather
gill
branchia
external gill
gill slit
branchial cleft
gill cleft
gill arch
branchial arch
gill bar
peristome
syrinx
tentacle
arista
barbel
feeler
swimmeret
pleopod
ganoin
ganoine
thick skin
thorax
prothorax
sex characteristic
sex character
primary sex characteristic
primary sex character
secondary sex characteristic
secondary sex character
body
organic structure
physical structure
human body
physical body
material body
soma
build
figure
physique
anatomy
shape
bod
chassis
frame
form
flesh
body
dead body
apparatus
body part
corpus
adnexa
annexa
area
region
dilator
groove
vallecula
septum
nasal septum
costal groove
fissure
sulcus
fissure of rolando
rolando's fissure
central sulcus
sulcus centralis
fissure of sylvius
sylvian fissure
lateral cerebral sulcus
sulcus lateralis cerebri
parieto-occipital sulcus
parieto-occipital fissure
calcarine sulcus
calcarine fissure
hilus
hilum
erogenous zone
external body part
arthromere
structure
anatomical structure
complex body part
bodily structure
body structure
birth canal
bulb
carina
carina fornicis
fornix
trigonum cerebrale
fornix
mamillary body
mammillary body
corpus mamillare
cauda
keel
chiasma
chiasm
decussation
cingulum
optic chiasma
optic chiasm
chiasma opticum
concha
nasal concha
filament
filum
germ
infundibulum
interstice
landmark
craniometric point
acanthion
asterion
auriculare
auricular point
bregma
condylion
coronion
crotaphion
dacryon
entomion
glabella
mesophyron
gnathion
gonion
inion
jugale
jugal point
lambda
mandibular notch
mastoidale
metopion
nasion
obelion
ophryon
orbitale
orbital point
pogonion
prosthion
prostheon
alveolar point
pterion
rhinion
sphenion
stephanion
symphysion
limbus
rib
blade
radicle
plexus
rete
aortic plexus
autonomic plexus
plexus autonomici
nerve plexus
system
body covering
skin
tegument
cutis
skin graft
buff
dewlap
epithelium
epithelial tissue
exuviae
epidermis
cuticle
endothelium
mesothelium
neuroepithelium
skin cell
epithelial cell
hair cell
kupffer's cell
dermis
corium
derma
macule
macula
freckle
lentigo
liver spot
whitehead
milium
blackhead
comedo
pore
aortic orifice
stoma
tube
tube-shaped structure
tubule
microtubule
salpinx
nephron
uriniferous tubule
malpighian body
malpighian corpuscle
renal corpuscle
bowman's capsule
glomerular capsule
capsula glomeruli
glomerulus
tomentum
tomentum cerebri
passage
passageway
meatus
auditory meatus
acoustic meatus
ear canal
auditory canal
external auditory canal
deltoid tuberosity
deltoid eminence
nasal meatus
spinal canal
vertebral canal
canalis vertebralis
orifice
opening
porta
porta hepatis
spiracle
blowhole
stigma
duct
epithelial duct
canal
channel
ductule
ductulus
canaliculus
canal of schlemm
schlemm's canal
sinus venosus sclerae
venous sinus
sinus
cavernous sinus
sinus cavernosus
coronary sinus
sinus coronarius
sigmoid sinus
sinus sigmoideus
straight sinus
tentorial sinus
sinus rectus
transverse sinus
sinus transversus
sinus
ethmoid sinus
ethmoidal sinus
sinus ethmoidales
frontal sinus
maxillary sinus
paranasal sinus
sinus paranasales
nasal sinus
sinusoid
locule
loculus
lumen
ampulla
hair
pilus
ingrown hair
hair
headful
body hair
down
pile
lanugo
mane
head of hair
hairline
cowlick
beard
face fungus
whiskers
goatee
minge
body substance
solid body substance
scab
eschar
fundus
funiculus
node
nodule
isthmus
tissue
animal tissue
flesh
areolar tissue
capillary bed
parenchyma
interstitial tissue
adipose tissue
fat
fatty tissue
flab
atheroma
cellulite
puppy fat
bone
os
anklebone
astragal
astragalus
talus
bare bone
cuboid bone
carpal bone
carpal
wrist bone
scaphoid bone
os scaphoideum
navicular
lunate bone
semilunar bone
os lunatum
triquetral
triquetral bone
os triquetrum
cuneiform bone
pyramidal bone
pisiform
pisiform bone
os pisiforme
trapezium
trapezium bone
os trapezium
trapezoid
trapezoid bone
os trapezoideum
capitate
capitate bone
os capitatum
hamate
hamate bone
unciform bone
os hamatum
cartilage bone
centrum
cheekbone
zygomatic bone
mala
malar bone
jugal bone
os zygomaticum
clavicle
collarbone
coccyx
tail bone
dentine
dentin
ethmoid
ethmoid bone
heelbone
calcaneus
os tarsi fibulare
hipbone
innominate bone
hyoid
hyoid bone
os hyoideum
ilium
ischium
ischial bone
os ischii
long bone
os longum
lower jaw
mandible
mandibula
mandibular bone
submaxilla
lower jawbone
jawbone
jowl
ramus
raphe
rhaphe
mandibular joint
temporomandibular joint
articulatio temporomandibularis
membrane bone
metacarpal
metacarpal bone
metatarsal
nasal
nasal bone
os nasale
ossicle
bonelet
ossiculum
auditory ossicle
palatine
palatine bone
os palatinum
patella
kneecap
kneepan
phalanx
pubis
pubic bone
os pubis
rib
costa
round bone
sacrum
scapula
shoulder blade
shoulder bone
glenoid fossa
glenoid cavity
glenoid fossa
mandibular fossa
acromion
acromial process
sesamoid bone
os sesamoideum
short bone
os breve
socket
sphenoid bone
sphenoid
os sphenoidale
sternum
breastbone
gladiolus
corpus sternum
manubrium
xiphoid process
tarsal
tarsal bone
temporal bone
os temporale
dentition
teeth
tooth
pulp cavity
chopper
pearly
carnassial tooth
turbinate bone
turbinate
turbinal
tympanic bone
upper jaw
upper jawbone
maxilla
vertebra
intervertebral disc
intervertebral disk
zygoma
zygomatic arch
arcus zygomaticus
hip socket
eye socket
orbit
cranial orbit
orbital cavity
tooth socket
alveolus
marrow
bone marrow
red marrow
red bone marrow
yellow marrow
yellow bone marrow
axolemma
basilar membrane
cambium
connective tissue
elastic tissue
endoneurium
lymphatic tissue
lymphoid tissue
cartilage
gristle
meniscus
fibrocartilage
hyaline cartilage
erectile tissue
muscle
muscular tissue
muscle
musculus
contractile organ
contractor
striated muscle tissue
skeletal muscle
striated muscle
head
voluntary muscle
abductor
abductor muscle
musculus abductor digiti minimi manus
musculus abductor digiti minimi pedis
musculus abductor hallucis
musculus abductor pollicis
adductor
adductor muscle
musculus adductor brevis
musculus adductor longus
musculus adductor magnus
great adductor muscle
musculus adductor hallucis
pronator
supinator
anconeous muscle
musculus anconeus
antagonistic muscle
agonist
antagonist
articular muscle
musculus articularis cubiti
musculus articularis genus
cheek muscle
buccinator muscle
musculus buccinator
masseter
platysma
extensor muscle
extensor
quadriceps
quadriceps femoris
musculus quadriceps femoris
quad
fibrous tissue
trabecula
ligament
falciform ligament
round ligament of the uterus
ligamentum teres uteri
perineurium
tendon
sinew
flexor muscle
flexor
articulatory system
nervous tissue
nerve tissue
ganglion
autonomic ganglion
otic ganglion
otoganglion
organ
primordium
anlage
vital organ
vitals
effector
external organ
internal organ
viscus
viscera
entrails
innards
sense organ
sensory receptor
receptor
interoceptor
enteroceptor
exteroceptor
third eye
pineal eye
baroreceptor
chemoreceptor
thermoreceptor
auditory system
auditory apparatus
visual system
tongue
lingua
glossa
clapper
articulator
glottis
epiglottis
mouth
trap
cakehole
hole
maw
yap
gob
os
mouth
oral cavity
oral fissure
rima oris
buccal cavity
incompetent cervix
cervix
uterine cervix
cervix uteri
cavity
bodily cavity
cavum
antrum
vestibule
vestibule of the ear
gingiva
gum
tastebud
taste bud
gustatory organ
taste cell
gustatory cell
speech organ
vocal organ
lip
front tooth
anterior
bucktooth
back tooth
posterior
malposed tooth
permanent tooth
adult tooth
primary tooth
deciduous tooth
baby tooth
milk tooth
canine
canine tooth
eyetooth
eye tooth
dogtooth
cuspid
premolar
bicuspid
cusp
incisor
molar
grinder
wisdom tooth
crown
root
tooth root
root canal
enamel
tooth enamel
cementum
cement
pulp
tonsil
palatine tonsil
faucial tonsil
tonsilla
uvula
soft palate
velum
hard palate
palate
roof of the mouth
ala
alveolar arch
alveolar ridge
gum ridge
alveolar process
caul
veil
embryonic membrane
fetal membrane
eye
oculus
optic
naked eye
peeper
oculus dexter
od
oculus sinister
os
simple eye
stemma
ocellus
compound eye
ommatidium
cell wall
cell membrane
cytomembrane
plasma membrane
choroid
choroid coat
ciliary body
eyebrow
brow
supercilium
protective fold
eyelid
lid
palpebra
canthus
epicanthus
epicanthic fold
nictitating membrane
third eyelid
haw
eyelash
lash
cilium
conjunctiva
bulbar conjunctiva
conjunctival layer of bulb
tunica conjunctiva bulbi
palpebra conjunctiva
conjunctival layer of eyelids
tunica conjunctiva palpebrarum
pinguecula
eyeball
orb
ocular muscle
eye muscle
abducens muscle
lateral rectus muscle
lateral rectus
rectus lateralis
rectus
inferior rectus muscle
inferior rectus
rectus inferior
medial rectus muscle
medial rectus
rectus medialis
superior rectus muscle
superior rectus
rectus superior
capsule
cornea
pterygium
arcus
arcus senilis
uvea
aqueous humor
aqueous humour
vitreous humor
vitreous humour
vitreous body
diaphragm
midriff
eardrum
tympanum
tympanic membrane
myringa
endocranium
endosteum
ependyma
fertilization membrane
hyaloid membrane
intima
iris
pupil
lens
crystalline lens
ear
organ of hearing
inner ear
internal ear
labyrinth
membranous labyrinth
bony labyrinth
osseous labyrinth
endolymph
perilymph
utricle
utriculus
saccule
sacculus
modiolus
organ of corti
vestibular apparatus
vestibular system
semicircular canal
stretch receptor
earlobe
ear lobe
external ear
outer ear
auricle
pinna
ear
tragus
cauliflower ear
perforated eardrum
umbo
mediastinum
middle ear
tympanic cavity
tympanum
eustachian tube
auditory tube
fenestra
fenestra ovalis
fenestra vestibuli
oval window
fenestra of the vestibule
fenestra rotunda
fenestra cochleae
round window
fenestra of the cochlea
malleus
hammer
lamella
lens capsule
incus
anvil
stapes
stirrup
cochlea
meninx
meninges
mucous membrane
mucosa
periosteum
perithelium
gland
secretory organ
secretor
secreter
oil gland
sebaceous gland
sebaceous follicle
glandulae sebaceae
meibomian gland
tarsal gland
montgomery's tubercle
exocrine gland
duct gland
digestive system
gastrointestinal system
systema alimentarium
systema digestorium
endocrine system
endocrine gland
endocrine
ductless gland
thyroid gland
thyroid
parathyroid gland
parathyroid
sweat duct
sweat gland
sudoriferous gland
apocrine gland
eccrine gland
adrenal gland
adrenal
suprarenal gland
prostate gland
prostate
lacrimal gland
lachrymal gland
tear gland
lacrimal duct
lachrymal duct
tear duct
lacrimal sac
tear sac
dacryocyst
lacrimal bone
nasolacrimal duct
thymus gland
thymus
kidney
excretory organ
urinary organ
spleen
lien
artery
arteria
arterial blood vessel
alveolar artery
arteria alveolaris
inferior alveolar artery
arteria alveolaris inferior
superior alveolar artery
arteria alveolaris superior
angular artery
arteria angularis
aorta
ascending aorta
aortic arch
descending aorta
abdominal aorta
thoracic aorta
appendicular artery
arteria appendicularis
arcuate artery
arteria arcuata
arcuate artery of the kidney
arteriole
arteriola
capillary artery
artery of the penis bulb
arteria bulbi penis
artery of the vestibule bulb
arteria bulbi vestibuli
ascending artery
arteria ascendens
auricular artery
arteria auricularis
axillary artery
arteria axillaris
basilar artery
arteria basilaris
brachial artery
arteria brachialis
radial artery
arteria radialis
bronchial artery
buccal artery
arteria buccalis
carotid artery
arteria carotis
common carotid artery
common carotid
external carotid artery
external carotid
internal carotid artery
carotid body
celiac trunk
celiac artery
truncus celiacus
arteria celiaca
central artery of the retina
arteria centralis retinae
cerebellar artery
arteria cerebelli
inferior cerebellar artery
superior cerebellar artery
cerebral artery
arteria cerebri
anterior cerebral artery
middle cerebral artery
posterior cerebral artery
cervical artery
areteria cervicalis
choroidal artery
arteria choroidea
ciliary artery
arteria ciliaris
circle of willis
circumflex artery
circumflex artery of the thigh
arteria circumflexa femoris
circumflex humeral artery
arteria circumflexa humeri
circumflex iliac artery
arteria circumflexa ilium
circumflex scapular artery
arteria circumflexa scapulae
colic artery
arteria colica
communicating artery
arteria communicans
coronary artery
arteria coronaria
atrial artery
right coronary artery
left coronary artery
cystic artery
arteria cystica
digital arteries
arteria digitalis
epigastric artery
arteria epigastrica
ethmoidal artery
arteria ethmoidalis
facial artery
arteria facialis
external maxillary artery
femoral artery
arteria femoralis
popliteal artery
arteria poplitea
gastric artery
arteria gastrica
right gastric artery
ateria gastrica dextra
left gastric artery
arteria gastrica sinistra
short gastric artery
arteria gastrica breves
vasa brevis
gluteal artery
arteria glutes
hepatic artery
arteria hepatica
ileal artery
intestinal artery
arteria ileum
ileocolic artery
arteria ileocolica
iliac artery
arteria iliaca
common iliac artery
external iliac artery
internal iliac artery
hypogastric artery
iliolumbar artery
arteria iliolumbalis
infraorbital artery
arteria infraorbitalis
innominate artery
intercostal artery
arteria intercostalis
jejunal artery
intestinal artery
labial artery
arteria labialis
inferior labial artery
arteria labialis inferior
superior labial artery
arteria labialis superior
labyrinthine artery
artery of the labyrinth
internal auditory artery
lacrimal artery
arteria lacrimalis
laryngeal artery
arteria laryngea
lienal artery
splenic artery
arteria lienalis
lingual artery
arteria lingualis
lumbar artery
arteria lumbalis
maxillary artery
arteria maxillaris
internal maxillary artery
meningeal artery
arteria meningea
anterior meningeal artery
middle meningeal artery
posterior meningeal artery
mesenteric artery
arteria mesenterica
inferior mesenteric artery
superior mesenteric artery
metacarpal artery
arteria metacarpea
metatarsal artery
arteria metatarsea
musculophrenic artery
arteria musculophrenica
nutrient artery
arteria nutricia
ophthalmic artery
arteria ophthalmica
ovarian artery
arteria ovarica
palatine artery
arteria palatina
pancreatic artery
arteria pancreatica
perineal artery
arteria perinealis
pudendal artery
arteria pudenda
pulmonary artery
arteria pulmonalis
pulmonary trunk
truncus pulmonalis
rectal artery
arteria rectalis
renal artery
arteria renalis
subclavian artery
arteria subclavia
temporal artery
anterior temporal artery
arteria temporalis anterior
intermediate temporal artery
arteria temporalis intermedia
posterior temporal artery
arteria temporalis posterior
testicular artery
internal spermatic artery
arteria testicularis
ulnar artery
arteria ulnaris
uterine artery
arteria uterina
vaginal artery
arteria vaginalis
vertebral artery
arteria vertebralis
accessory cephalic vein
vena cephalica accessoria
accessory hemiazygos vein
accessory hemiazygous vein
vena hemiazygos accessoria
accessory vertebral vein
vena vertebralis accessoria
accompanying vein
vena comitans
anastomotic vein
vena anastomotica
angular vein
vena angularis
anterior vertebral vein
vena vertebralis anterior
appendicular vein
vena appendicularis
arcuate vein of the kidney
vena arcuata renis
auricular vein
vena auricularis
axillary vein
vena axillaris
azygos vein
azygous vein
vena azygos
basal vein
vena basalis
basilic vein
vena basilica
basivertebral vein
vena basivertebralis
brachial vein
vena brachialis
brachiocephalic vein
innominate vein
vena brachiocephalica
bronchial vein
vena bronchialis
cardinal vein
anterior cardinal vein
posterior cardinal vein
common cardinal vein
central veins of liver
venae centrales hepatis
central vein of retina
vena centrales retinae
central vein of suprarenal gland
vena centralis glandulae suprarenalis
cephalic vein
vena cephalica
cerebellar vein
vena cerebellum
cerebral vein
vena cerebri
anterior cerebral vein
vena cerebri anterior
anterior facial vein
vena facialis anterior
great cerebral vein
vena cerebri magna
inferior cerebral vein
venae cerebrum inferior
internal cerebral vein
vena cerebrum internus
middle cerebral vein
vena cerebri media
deep middle cerebral vein
superficial middle cerebral vein
superior cerebral vein
vena cerebrum superior
cervical vein
deep cervical vein
vena cervicalis profunda
choroid vein
vena choroidea
ciliary veins
venae ciliares
circumflex vein
vena circumflexa
circumflex iliac vein
vena circumflexa ilium
circumflex femoral vein
vena circumflexus femoris
clitoral vein
vena clitoridis
colic vein
vena colica
common facial vein
conjunctival veins
venae conjunctivales
costoaxillary vein
cutaneous vein
vena cutanea
cystic vein
vena cystica
digital vein
vena digitalis
diploic vein
vena diploica
dorsal scapular vein
vena scapularis dorsalis
emissary vein
vena emissaria
epigastric vein
inferior epigastric vein
vena epigastrica inferior
superficial epigastric vein
vena epigastrica superficialis
superior epigastric veins
venae epigastricae superiores
episcleral veins
venae episclerales
esophageal veins
oesophageal veins
venae esophageae
ethmoidal vein
vena ethmoidalis
external nasal vein
vena nasalis externa
facial vein
vena facialis
femoral vein
vena femoralis
gastric vein
vena gastrica
gastroomental vein
gastroepiploic vein
vena gastroomentalis
genicular vein
vena genus
glans
glans clitoridis
glans penis
gluteal vein
vena gluteus
hemizygos vein
hemizygous vein
vena hemizygos
hemorrhoidal vein
rectal vein
vena rectalis
hepatic vein
vena hepatica
hypogastric vein
internal iliac vein
ileocolic vein
vena ileocolica
external iliac vein
common iliac vein
iliac vein
vena iliaca
iliolumbar vein
vena iliolumbalis
intercapitular vein
vena intercapitalis
intercostal vein
vena intercostalis
intervertebral vein
vena intervertebralis
jugular vein
vena jugularis
jugular
anterior jugular vein
external jugular vein
internal jugular vein
labial vein
vena labialis
inferior labial vein
vena labialis inferior
superior labial vein
vena labialis superior
labial vein
vena labialis
labyrinthine vein
internal auditory vein
lacrimal vein
vena lacrimalis
laryngeal vein
vena laryngea
left gastric vein
vena gastrica sinistra
lingual vein
vena lingualis
lumbar vein
vena lumbalis
maxillary vein
vena maxillaris
meningeal veins
venae meningeae
mesenteric vein
vena mesenterica
metacarpal vein
vena metacarpus
metatarsal vein
vena metatarsus
musculophrenic vein
vena musculophrenica
nasofrontal vein
vena nasofrontalis
oblique vein of the left atrium
vena obliqua atrii sinistri
obturator vein
vena obturatoria
occipital vein
vena occipitalis
ophthalmic vein
vena ophthalmica
inferior ophthalmic vein
superior ophthalmic vein
ovarian vein
vena ovarica
palatine vein
vena palatina
pancreatic vein
venae pancreatica
paraumbilical vein
vena paraumbilicalis
parotid vein
pectoral vein
vena pectoralis
perforating vein
vena perforantis
pericardial vein
vena pericardiaca
peroneal vein
fibular vein
vena peroneus
pharyngeal vein
vena pharyngeus
phrenic vein
vena phrenica
popliteal vein
vena poplitea
portal system
portal vein
hepatic portal vein
portal
vena portae
posterior vein of the left ventricle
vena posterior ventriculi sinistri
prepyloric vein
vena pylorica
pudendal vein
venae pudendum
pulmonary vein
vena pulmonalis
inferior pulmonary vein
vena pulmanalis inferior
superior pulmonary vein
vena pulmonalis superior
pyloric vein
right gastric vein
vena gastrica-dextra
radial vein
vena radialis
renal vein
vena renalis
retromandibular vein
vena retromandibularis
posterior facial vein
sacral vein
vena sacralis
saphenous vein
vena saphena
long saphenous vein
great saphenous vein
short saphenous vein
scleral veins
venae sclerales
scrotal vein
vena scrotalis
sigmoid vein
vena sigmoideus
spinal vein
vena spinalis
splenic vein
vena lienalis
stellate venule
sternocleidomastoid vein
vena sternocleidomastoidea
stylomastoid vein
vena stylomastoidea
subclavian vein
vena subclavia
sublingual vein
vena sublingualis
supraorbital vein
vena supraorbitalis
supratrochlear vein
vena supratrochlearis
temporal vein
vena temporalis
deep temporal vein
middle temporal vein
superficial temporal vein
testicular vein
vena testicularis
thalamostriate vein
thoracoepigastric vein
vena thoracoepigastrica
superior thalamostriate vein
inferior thalamostriate vein
striate vein
thoracic vein
vena thoracica
thyroid vein
vena thyroidea
inferior thyroid vein
middle thyroid vein
superior thyroid vein
tibial vein
vena tibialis
tracheal vein
vena trachealis
tympanic vein
ulnar vein
vena ulnaris
umbilical vein
vena umbilicalis
uterine vein
gallbladder
hypochondrium
liver
haversian canal
hepatic lobe
hepatic duct
inguinal canal
canalis inguinalis
common bile duct
bile duct
biliary ductule
pancreas
pancreatic duct
lung
alveolar bed
lobe of the lung
pleura
parietal pleura
visceral pleura
pleural cavity
heart
pump
ticker
athlete's heart
biauriculate heart
pacemaker
cardiac pacemaker
sinoatrial node
sa node
cusp
leaflet
flap
cardiac muscle
heart muscle
papillary muscle
atrioventricular bundle
bundle of his
atrioventricular trunk
truncus atrioventricularis
atrioventricular node
myocardium
purkinje fiber
purkinje network
purkinje's tissue
purkinje's system
area of cardiac dullness
ventricle
heart ventricle
left ventricle
right ventricle
auricle
atrial auricle
auricula atrii
auricula
auricular appendage
auricular appendix
chamber
cranial cavity
intracranial cavity
atrium
atrium cordis
atrium of the heart
right atrium
right atrium of the heart
atrium dextrum
left atrium
left atrium of the heart
atrium sinistrum
mitral valve
bicuspid valve
left atrioventricular valve
tricuspid valve
right atrioventricular valve
atrioventricular valve
aortic valve
pulmonary valve
semilunar valve
heart valve
cardiac valve
valve
valvule
valvelet
valvula
stomach
tummy
tum
breadbasket
epigastrium
cardia
lymphatic system
systema lymphaticum
thoracic duct
lymph vessel
lymphatic vessel
lacteal
vascular structure
vessel
vas
liquid body substance
bodily fluid
body fluid
humor
humour
extracellular fluid
ecf
interstitial fluid
intracellular fluid
juice
succus
cancer juice
karyolymph
milk
mother's milk
colostrum
foremilk
amniotic cavity
amniotic fluid
amnionic fluid
waters
blood
arterial blood
gore
lifeblood
bloodstream
blood clot
grume
menorrhea
menstrual blood
menstrual flow
venous blood
whole blood
serum
blood serum
blood plasma
plasma
plasm
antiserum
chyle
lymph
semen
seed
seminal fluid
ejaculate
cum
ink
secretion
lacrimal secretion
lachrymal secretion
tear
teardrop
lacrimal apparatus
perspiration
sweat
sudor
digestive juice
digestive fluid
gastric juice
pancreatic juice
bile
gall
black bile
melancholy
yellow bile
choler
hormone
endocrine
internal secretion
intestinal juice
noradrenaline
norepinephrine
adrenocorticotropic hormone
adrenocorticotrophic hormone
acth
adrenocorticotropin
adrenocorticotrophin
corticotropin
corticotrophin
epinephrine
epinephrin
adrenaline
adrenalin
gastrin
ghrelin
glucagon
gonadotropin
gonadotrophin
gonadotropic hormone
gonadotrophic hormone
insulin
lente insulin
lente iletin
recombinant human insulin
humulin
melatonin
neurohormone
oxytocin
pitocin
parathyroid hormone
parathormone
relaxin
releasing hormone
rh
releasing factor
hypothalamic releasing hormone
hypothalamic releasing factor
secretin
somatotropin
somatotrophin
somatotropic hormone
somatotrophic hormone
sth
human growth hormone
growth hormone
protropin
thymosin
thyroid hormone
calcitonin
thyrocalcitonin
thyroxine
thyroxin
tetraiodothyronine
t
triiodothyronine
liothyronine
t
vasopressin
antidiuretic hormone
adh
pitressin
autacoid
autocoid
prostaglandin
synovia
synovial fluid
mucus
mucous secretion
phlegm
sputum
snot
booger
saliva
spit
spittle
salivary duct
drool
dribble
drivel
slobber
tobacco juice
sebum
smegma
lochia
pus
purulence
suppuration
ichor
sanies
festering
gleet
leukorrhea
leucorrhea
blood vessel
ductus arteriosus
patent ductus arteriosus
vasa vasorum
vein
vena
venous blood vessel
venation
venous blood system
varicose vein
vena bulbi penis
vena canaliculi cochleae
vein of penis
venae dorsales penis superficiales
venae dorsales penis profunda
vena profunda penis
vena bulbi vestibuli
vena cava
inferior vena cava
postcava
superior vena cava
precava
venae profundae clitoridis
vena dorsalis clitoridis profunda
venae dorsales clitoridis superficiales
venae palpebrales
venae interlobulares renis
venae interlobulares hepatis
venae renis
venae labiales anteriores
anterior labial veins
venae labiales posteriores
posterior labial veins
venter
venter
vertebral vein
vena vertebralis
vesical vein
vena vesicalis
vestibular vein
vena vestibularis
vortex vein
vorticose vein
vena vorticosum
capillary
capillary vessel
venule
venula
capillary vein
membrane
tissue layer
retina
sarcolemma
peritoneum
peritoneal cavity
greater peritoneal sac
bursa omentalis
omental bursa
lesser peritoneal cavity
endocardium
pericardium
epicardium
visceral pericardium
parietal pericardium
pericardial cavity
pericardial space
mesentery
mesocolon
omentum
greater omentum
gastrocolic omentum
caul
lesser omentum
submucosa
lymph node
lymph gland
node
axillary node
peyer's patch
peter's gland
energid
protoplast
cytoskeleton
lysosome
golgi body
golgi apparatus
golgi complex
dictyosome
sex chromatin
chromatin
chromatin granule
achromatin
linin
mitochondrion
chondriosome
sarcosome
organelle
cell organ
aster
centriole
ribosome
vacuole
sclera
sclerotic coat
semipermeable membrane
bone cell
blood cell
blood corpuscle
corpuscle
histiocyte
lymphocyte
lymph cell
fovea
fovea centralis
parafovea
macula
macula lutea
macular area
yellow spot
visual cell
blind spot
optic disc
optic disk
cone
cone cell
retinal cone
rod
rod cell
retinal rod
reproductive cell
germ cell
sex cell
sperm
sperm cell
spermatozoon
spermatozoan
acrosome
ovum
egg cell
muscle cell
muscle fiber
muscle fibre
striated muscle cell
striated muscle fiber
smooth muscle
smooth muscle
involuntary muscle
smooth muscle cell
immune system
integumentary system
reticuloendothelial system
res
mononuclear phagocyte system
mps
system of macrophages
muscular structure
musculature
muscle system
musculoskeletal system
nervous system
systema nervosum
neural structure
reflex arc
center
centre
nerve center
nerve centre
auditory center
nerve fiber
nerve fibre
medullated nerve fiber
myelinated nerve fiber
medullary sheath
myelin sheath
neurolemma
neurilemma
effector
end organ
nerve cell
neuron
brain cell
golgi's cell
golgi cell
end-plate
endplate
motor end plate
osmoreceptor
motor neuron
efferent neuron
motor nerve fiber
motoneuron
sensory neuron
afferent neuron
neuroglia
glia
neurogliacyte
neuroglial cell
glial cell
astroglia
macroglia
astrocyte
fibrous astrocyte
microglia
microgliacyte
oligodendroglia
oligodendria
oligodendrocyte
axon
axone
nerve ending
nerve end
free nerve ending
pacinian corpuscle
dendrite
process
outgrowth
appendage
caruncle
caruncula
wattle
lappet
comb
condyle
condylar process
condyloid process
mandibular condyle
coronoid process
processus coronoideus
coronoid process of the mandible
lateral condyle
medial condyle
epicondyle
lateral epicondyle
fimbria
apophysis
spicule
spiculum
osteophyte
papilla
papilla
synapse
nerve
nervus
motor nerve
sensory nerve
lemniscus
fillet
fiber bundle
fibre bundle
fascicle
fasciculus
nerve pathway
tract
nerve tract
pathway
cranial nerve
depressor
depressor nerve
peduncle
cerebral peduncle
hemisphere
cerebral hemisphere
left hemisphere
left brain
pyriform area
piriform area
pyriform lobe
piriform lobe
right hemisphere
right brain
rhinencephalon
olfactory brain
olfactory nerve
nervii olfactorii
first cranial nerve
olfactory bulb
optic nerve
nervus opticus
second cranial nerve
optic tract
oculomotor
oculomotor nerve
nervus oculomotorius
third cranial nerve
trochlear
trochlear nerve
trochlearis
fourth cranial nerve
trigeminal
trigeminal nerve
trigeminus
nervus trigeminus
fifth cranial nerve
abducent
abducent nerve
abducens
abducens nerve
nervus abducens
sixth cranial nerve
facial
facial nerve
nervus facialis
seventh cranial nerve
acoustic nerve
auditory nerve
vestibulocochlear nerve
nervus vestibulocochlearis
eighth cranial nerve
glossopharyngeal nerve
nervus glossopharyngeus
ninth cranial nerve
vagus
vagus nerve
nervus vagus
pneumogastric
pneumogastric nerve
tenth cranial nerve
wandering nerve
accessory nerve
spinal accessory
nervus accessorius
eleventh cranial nerve
hypoglossal
hypoglossal nerve
nervus hypoglosus
twelfth cranial nerve
central nervous system
cns
systema nervosum centrale
brain
encephalon
neencephalon
neoencephalon
neopallium
neocortex
archipallium
paleocortex
metencephalon
paleencephalon
paleoencephalon
palaeencephalon
leptomeninges
dura mater
dura
arachnoid
arachnoid membrane
pia mater
subarachnoid space
grey matter
gray matter
grey substance
gray substance
substantia grisea
white matter
substantia alba
pituitary
pituitary gland
pituitary body
hypophysis
hypophyseal stalk
anterior pituitary
anterior pituitary gland
adenohypophysis
pars distilis
pars anterior
pars intermedia
posterior pituitary
posterior pituitary gland
neurohypophysis
pars nervosa
pineal gland
pineal body
epiphysis cerebri
epiphysis
islands of langerhans
isles of langerhans
islets of langerhans
cerebellum
cerebellar hemisphere
dentate nucleus
vermis
vermis cerebelli
paleocerebellum
cerebral cortex
cerebral mantle
pallium
cortex
cortical area
cortical region
association area
association cortex
geniculate body
lateral geniculate body
corpus geniculatum laterale
medial geniculate body
corpus geniculatum mediale
auditory area
auditory cortex
broca's area
broca's center
broca's gyrus
broca's convolution
convolution of broca
brodmann's area
frontal area
frontal cortex
frontal gyrus
temporal gyrus
parietal gyrus
occipital gyrus
language area
language zone
motor area
motor region
motor cortex
rolando's area
excitable area
sensorimotor area
sensorimotor region
visual area
visual cortex
wernicke's area
wernicke's center
cortex
medulla
adrenal cortex
renal cortex
adrenal medulla
corpus callosum
pyramidal tract
pyramidal motor system
corticospinal tract
cerebrum
fold
plica
gyrus
convolution
central gyrus
precentral gyrus
precordium
postcentral gyrus
lobe
lobule
frontal lobe
prefrontal lobe
parietal lobe
occipital lobe
temporal lobe
medulla oblongata
medulla
bulb
amygdala
amygdaloid nucleus
corpus amygdaloideum
forebrain
prosencephalon
hippocampus
cingulate gyrus
gyrus cinguli
telencephalon
diencephalon
interbrain
betweenbrain
thalmencephalon
basal ganglion
caudate nucleus
caudate
claustrum
lenticular nucleus
lentiform nucleus
pallidum
globus pallidus
paleostriatum
putamen
limbic system
visceral brain
limbic brain
subthalamus
thalamus
hypothalamus
corpus striatum
striatum
striate body
midbrain
mesencephalon
substantia nigra
nucleus niger
locus niger
superior colliculus
inferior colliculus
hindbrain
rhombencephalon
myelencephalon
pons
pons varolii
brainstem
brain-stem
brain stem
neural network
neural net
nucleus
reticular formation
rf
ventricle
fourth ventricle
third ventricle
lateral ventricle
cerebral aqueduct
sylvian aqueduct
aqueductus cerebri
radiation
spinal cord
medulla spinalis
spinal fluid
cerebrospinal fluid
peripheral nervous system
systema nervosum periphericum
autonomic nervous system
ans
radial nerve
nervus radialis
musculospiral nerve
sympathetic nervous system
splanchnic nerve
parasympathetic nervous system
parasympathetic
brachial plexus
plexus brachialis
cardiac plexus
plexus cardiacus
carotid plexus
plexus caroticus
cervical plexus
plexus cervicalis
choroid plexus
plexus choroideus
coccygeal plexus
plexus coccygeus
hypogastric plexus
plexus hypogastricus
lumbar plexus
plexus lumbalis
lumbar plexus
plexus lumbalis
lumbosacral plexus
mesenteric plexus
plexus mesentericus
myenteric plexus
plexus myentericus
periarterial plexus
plexus periarterialis
plexus dentalis
pterygoid plexus
pulmonary plexis
plexus pulmonalis
sacral plexus
plexus sacralis
solar plexus
coeliac plexus
plexus celiacus
abdominal nerve plexus
pit of the stomach
epigastric fossa
reproductive system
genital system
urogenital system
urogenital apparatus
urinary system
urinary apparatus
genitourinary system
genitourinary apparatus
systema urogenitale
apparatus urogenitalis
respiratory system
systema respiratorium
respiratory tract
lower respiratory tract
upper respiratory tract
sensory system
tract
urinary tract
vascular system
circulatory system
cardiovascular system
fetal circulation
foetal circulation
bladder
vesica
urinary bladder
introitus
urethral orifice
external orifice
ureter
urethra
reproductive organ
sex organ
female reproductive system
male reproductive system
genitalia
genital organ
genitals
private parts
privates
crotch
pudendum
female genitalia
female genitals
female genital organ
fanny
female internal reproductive organ
male genitalia
male genitals
male genital organ
family jewels
male internal reproductive organ
ovary
ovotestis
sac
target organ
taret organ
acinus
bursa
cisterna
cistern
pouch
pocket
cheek pouch
marsupium
scrotum
vesicle
cyst
follicle
hair follicle
graafian follicle
corpus luteum
fallopian tube
uterine tube
oviduct
uterus
womb
uterine cavity
cervical canal
canalis cervicis uteri
decidua
endometrium
myometrium
liposome
umbilical cord
placenta
afterbirth
vagina
cunt
puss
pussy
slit
snatch
twat
vulva
hymen
maidenhead
virginal membrane
imperforate hymen
mons
mons veneris
mons pubis
labium
labia majora
pudendal cleft
urogenital cleft
rima pudendi
rima vulvae
pudendal cleavage
pudendal slit
vulvar slit
labia minora
vestibule of the vagina
erectile organ
clitoris
clit
button
cowper's gland
bulbourethral gland
bartholin's gland
cervical glands
cervical glands of the uterus
glandulae cervicales uteri
seminiferous tubule
gonad
sex gland
testis
testicle
orchis
ball
ballock
bollock
nut
egg
cobblers
male reproductive gland
undescended testis
undescended testicle
epididymis
rete testis
vasa efferentia
vas deferens
ductus deferens
penis
phallus
member
cock
prick
dick
shaft
pecker
peter
tool
putz
micropenis
microphallus
prepuce
foreskin
prepuce
foreskin
seminal duct
ejaculatory duct
seminal vesicle
spermatic cord
respiratory organ
book lung
alveolus
air sac
air cell
nasal cavity
nasopharynx
oropharynx
laryngopharynx
pharyngeal tonsil
adenoid
luschka's tonsil
third tonsil
tonsilla pharyngealis
tonsilla adenoidea
larynx
voice box
arytenoid
arytaenoid
arytenoid cartilage
thyroid cartilage
adam's apple
vocal cord
vocal fold
vocal band
plica vocalis
false vocal cord
false vocal fold
superior vocal cord
ventricular fold
vestibular fold
true vocal cord
true vocal fold
inferior vocal cord
inferior vocal fold
cartilaginous structure
cartilaginous tube
bronchus
bronchial tube
bronchiole
trachea
windpipe
trachea
alimentary canal
alimentary tract
digestive tube
digestive tract
gastrointestinal tract
gi tract
enteron
digestive gland
salivary gland
parotid gland
sublingual gland
sublingual salivary gland
submaxillary gland
submaxillary salivary gland
submandibular gland
submandibular salivary gland
mandibular gland
esophagus
oesophagus
gorge
gullet
epicardia
intestine
bowel
gut
hindgut
small intestine
duodenum
pylorus
jejunum
ileum
large intestine
colon
megacolon
cecum
caecum
blind gut
ileocecal valve
transverse colon
ascending colon
descending colon
sigmoid colon
sigmoid flexure
appendix
vermiform appendix
vermiform process
cecal appendage
rectum
anus
arse
arsehole
asshole
imperforate anus
perineum
head
caput
poll
human head
bullethead
attic
bean
bonce
noodle
noggin
dome
pate
poll
crown
epicranium
scalp
skull
calvaria
skullcap
cranium
braincase
brainpan
occiput
sinciput
frontal bone
os frontale
forehead
frontal eminence
parietal bone
occipital bone
occipital protuberance
mastoid
mastoid process
mastoid bone
mastoidal
styloid process
pterygoid process
tuberosity
tubercle
eminence
suture
sutura
fibrous joint
synovial joint
articulatio synovialis
diarthrosis
anterior fontanelle
sphenoid fontanelle
sphenoid fontanel
sphenoidal fontanelle
sphenoidal fontanel
coronal suture
sutura coronalis
frontal suture
sutura frontalis
intermaxillary suture
sutura intermaxillaris
internasal suture
sutura internasalis
lamboid suture
sutura lamboidea
occipitomastoid suture
parietomastoid suture
sagittal suture
interparietal suture
sutura sagittalis
fontanelle
fontanel
soft spot
foramen magnum
jaw
zygomatic process
neck
cervix
bull neck
nape
scruff
nucha
throat
pharynx
fauces
fistula
sinus
bypass
portacaval shunt
shunt
tubular cavity
shoulder
shoulder
shoulder joint
articulatio humeri
deltoid
deltoid muscle
musculus deltoideus
armpit
axilla
axillary cavity
axillary fossa
torso
trunk
body
serratus
serratus muscles
anterior serratus muscle
serratus anterior
musculus serratus anterior
serratus magnus
posterior serratus muscle
serratus posterior
musculus serratus posterior
serratus posterior inferior
serratus posterior superior
side
female chest
male chest
pectoral
pectoral muscle
pectoralis
musculus pectoralis
pecs
pectoralis major
musculus pectoralis major
greater pectoral muscle
pectoralis minor
musculus pectoralis minor
smaller pectoral muscle
intercostal
intercostal muscle
musculus intercostalis
depressor
depressor muscle
thorax
chest
pectus
chest cavity
thoracic cavity
breast
bosom
thorax
rib cage
cleavage
lactiferous duct
mammary gland
mamma
breast
bosom
knocker
boob
tit
titty
nipple
mammilla
mamilla
pap
teat
tit
areola
ring of color
areola
nabothian gland
vestibular gland
middle
midriff
midsection
waist
waistline
wasp waist
belly
paunch
pot
potbelly
bay window
corporation
tummy
spare tire
love handle
hip
haunch
navel
umbilicus
bellybutton
omphalos
omphalus
abdomen
venter
stomach
belly
abdominal
abdominal muscle
ab
dorsum
underbelly
underbody
external oblique muscle
musculus obliquus externus abdominis
abdominal external oblique muscle
oblique
transversus abdominis muscle
transverse muscle of abdomen
musculus transversalis abdominis
transversus abdominis
abdominal cavity
abdomen
pubes
pubic region
loins
back
dorsum
small
latisimus dorsi
lat
buttocks
nates
arse
butt
backside
bum
buns
can
fundament
hindquarters
hind end
keister
posterior
prat
rear
rear end
rump
stern
seat
tail
tail end
tooshie
tush
bottom
behind
derriere
fanny
ass
buttock
cheek
extremity
appendage
member
limb
stump
leg
crus
leg
pin
peg
stick
bowleg
genu varum
tibia vara
shank's mare
shanks' mare
shank's pony
shanks' pony
spindlelegs
spindleshanks
thigh
lap
shank
shin
vertebrate foot
pedal extremity
foot
human foot
pes
arm
cubitus
forearm
hand
manus
mitt
paw
fist
clenched fist
hooks
meat hooks
maulers
right
right hand
left
left hand
palm
thenar
thenar
digit
dactyl
finger
extremity
fingertip
thumb
pollex
index
index finger
forefinger
ring finger
annualry
middle finger
pinkie
pinky
little finger
sciatic nerve
nervus ischiadicus
femoral nerve
nervus femoralis
anterior crural nerve
saphenous nerve
nervus saphenus
phrenic nerve
nervus phrenicus
ulnar nerve
cubital nerve
nervus ulnaris
spinal nerve
nervus spinalis
cervical nerve
coccygeal nerve
nervus coccygeus
lumbar nerve
sacral nerve
thoracic nerve
gluteus
gluteus muscle
gluteal muscle
glute
gluteus maximus
gluteus medius
gluteus minimus
hamstring
hamstring tendon
sphincter
anatomical sphincter
sphincter muscle
cardiac sphincter
esophagogastric junction
oesophagogastric junction
physiological sphincter
anal sphincter
sphincter ani
musculus sphincter ani
musculus sphincter ani externus
musculus sphincter ani internus
urethral sphincter
musculus sphincter urethrae
bladder sphincter
musculus sphincter vesicae
musculus sphincter ductus choledochi
musculus sphincter ductus pancreatici
pupillary sphincter
musculus sphincter pupillae
pyloric sphincter
pyloric valve
musculus sphincter pylori
tensor
tensor tympani
knee
knee joint
articulatio genus
genu
femur
thighbone
femoris
trochanter
calf
sura
gastrocnemius
gastrocnemius muscle
psoas
rhomboid
rhomboid muscle
rhomboideus major muscle
greater rhomboid muscle
musculus rhomboideus major
rhomboid minor muscle
lesser rhomboid muscle
musculus rhomboideus minor
soleus
soleus muscle
peroneus
pterygoid muscle
ball
flatfoot
splayfoot
pes planus
arch
metatarsal arch
instep
sunken arch
fallen arch
sole
tiptoe
toe
toe
big toe
great toe
hallux
hammertoe
little toe
heel
gliding joint
articulatio plana
ankle
ankle joint
mortise joint
articulatio talocruralis
achilles tendon
tendon of achilles
girdle
musculus biceps femoris
femoral biceps
biceps
biceps brachii
musculus biceps brachii
biceps humeri
triceps
triceps brachii
musculus triceps brachii
elbow
elbow joint
cubitus
cubital joint
articulatio cubiti
interphalangeal joint
hinge joint
ginglymus
ginglymoid joint
funny bone
crazy bone
lamina
lamina arcus vertebrae
plate
horny structure
unguis
nail
half-moon
lunula
lunule
matrix
matrix
intercellular substance
ground substance
fascia
facia
aponeurosis
scar tissue
adhesion
stroma
fingernail
thumbnail
toenail
ingrown toenail
onyxis
hangnail
agnail
wrist
carpus
wrist joint
radiocarpal joint
articulatio radiocarpea
knuckle
knuckle joint
metacarpophalangeal joint
skeletal system
skeleton
frame
systema skeletale
skeletal structure
pectoral girdle
shoulder girdle
pectoral arch
endoskeleton
exoskeleton
appendicular skeleton
axial skeleton
axial muscle
transverse process
hemal arch
haemal arch
neural arch
vertebral arch
spinal column
vertebral column
spine
backbone
back
rachis
cervical vertebra
neck bone
atlas
atlas vertebra
axis
axis vertebra
odontoid process
thoracic vertebra
dorsal vertebra
lumbar vertebra
sacral vertebra
coccygeal vertebra
caudal vertebra
sartorius
sartorius muscle
musculus sartorius
scalenus
scalene muscle
musculus scalenus
sternocleidomastoid
sternocleidomastoid muscle
sternocleido mastoideus
musculus sternocleidomastoideus
teres
teres muscle
teres major
teres major muscle
musculus teres major
teres minor
teres minor muscle
musculus teres minor
tibialis
tibialis muscle
musculus tibialis
tibialis anticus
tibialis anterior
tibialis posticus
tibialis posterior
trapezius
trapezius muscle
cowl muscle
musculus trapezius
true rib
costa
costal cartilage
epiphysis
diaphysis
shaft
metaphysis
arm bone
humerus
radius
ulna
elbow bone
olecranon
olecranon process
metacarpus
leg bone
fibula
calf bone
tibia
shinbone
shin
metatarsus
tarsus
joint
articulation
articulatio
ball-and-socket joint
spheroid joint
cotyloid joint
enarthrodial joint
enarthrosis
articulatio spheroidea
head
hip
hip joint
coxa
articulatio coxae
acetabulum
cotyloid cavity
pelvis
renal pelvis
pelvis
pelvic girdle
pelvic arch
hip
pelvic cavity
pivot joint
rotary joint
rotatory joint
articulatio trochoidea
crotch
fork
loins
groin
inguen
quick
nose
olfactory organ
beak
honker
hooter
nozzle
snoot
snout
schnozzle
schnoz
conk
hawk nose
proboscis
bridge
pug nose
roman nose
hooknose
chin
mentum
double chin
buccula
lantern jaw
nostril
anterior naris
posterior naris
naris
face
human face
face
countenance
physiognomy
phiz
visage
kisser
smiler
mug
pudding face
pudding-face
feature
lineament
facial muscle
temporalis muscle
temporal muscle
temporalis
musculus temporalis
brow
forehead
temple
cheek
jowl
jaw
ridge
supraorbital ridge
supraorbital torus
superciliary ridge
superciliary arch
excrescence
vegetation
rudiment
wall
paries
abdominal wall
humor
humour
pericardial sac
rotator cuff
respiratory center
serous membrane
serosa
synovial membrane
synovium
tunica albuginea testes
albuginea
tunic
tunica
adventitia
celom
coelom
celoma
cornu
corona
ruga
tentorium
mast cell
mastocyte
labrocyte
zona pellucida
receptor
alpha receptor
alpha-adrenergic receptor
alpha-adrenoceptor
beta receptor
beta-adrenergic receptor
beta-adrenoceptor
pharyngeal recess
rima
rima glottidis
rima vocalis
true glottis
glottis vera
rima vestibuli
rima respiratoria
false glottis
glottis spuria
vomer
wormian bone
sutural bone
zone
zona
zonule
zonula
dissection
anatomy
general anatomy
clinical anatomy
applied anatomy
comparative anatomy
dental anatomy
developmental anatomy
functional anatomy
physiological anatomy
morphophysiology
gross anatomy
macroscopic anatomy
microscopic anatomy
neuroanatomy
regional anatomy
topographic anatomy
topology
cytology
cytogenetics
histology
pulse
pulsation
heartbeat
beat
diastole
systole
extrasystole
throb
throbbing
pounding
marrowbone
marrow
bone marrow
base
trichion
crinion
aperture
blood-brain barrier
body
chip
cow chip
cow dung
buffalo chip
covering
natural covering
cover
dander
dandruff
dog shit
dog do
doggy do
dog turd
indumentum
indument
scale
scurf
exfoliation
shell
shell
eggshell
skim
slough
snowcap
vesture
anatomist
comparative anatomist
histologist
eustachio
bartolommeo eustachio
evans
herbert mclean evans
galen
golgi
camillo golgi
malpighi
marcello malpighi
meissner
georg meissner
muller
johannes peter muller
owen
sir richard owen
ramon y cajal
santiago ramon y cajal
schleiden
matthias schleiden
m. j. schleiden
schwann
theodor schwann
vesalius
andreas vesalius
wolff
kaspar friedrich wolff
podetium
seta
haustorium
ostiole
plant process
enation
nodule
tubercle
spur
aculeus
acumen
spine
thorn
prickle
pricker
sticker
glochidium
glochid
vascular tissue
burl
active birth
alternative birth
alternative birthing
anovulation
bradley method of childbirth
bradley method
brooding
incubation
calving
childbirth
childbearing
accouchement
vaginal birth
effacement
farrow
farrowing
fibrinolysis
hatch
hatching
krebs cycle
krebs citric acid cycle
citric acid cycle
tricarboxylic acid cycle
lamaze method of childbirth
lamaze method
laying
egg laying
leboyer method of childbirth
leboyer method
natural childbirth
ovulation
oxidative phosphorylation
parturition
birth
giving birth
birthing
read method of childbirth
read method
cephalic index
breadth index
cranial index
facial index
pit
fossa
acardia
acephalia
acephaly
acephalism
premature labor
premature labour
parturiency
labor
labour
confinement
lying-in
travail
childbed
asynclitism
obliquity
granulation
granulation tissue
bubo
proud flesh
knock-knee
genu valgum
tibia valga
steroid hormone
steroid
sex hormone
corticosterone
progesterone
lipo-lutin
megesterol
megestrol acetate
norethindrone
norethindrone acetate
norethandrolone
norlutin
norethynodrel
norgestrel
medroxyprogesterone
provera
progestin
progestogen
androgen
androgenic hormone
adrenosterone
androsterone
methyltestosterone
nandrolone
durabolin
kabolin
testosterone
follicle-stimulating hormone
fsh
human chorionic gonadotropin
human chorionic gonadotrophin
hcg
luteinizing hormone
lh
interstitial cell-stimulating hormone
icsh
prolactin
lactogenic hormone
luteotropin
estrogen
oestrogen
diethylstilbestrol
diethylstilboestrol
stilbestrol
stilboestrol
des
estradiol
oestradiol
estriol
oestriol
estrone
oestrone
theelin
estronol
hexestrol
mestranol
corticosteroid
corticoid
adrenal cortical steroid
mineralocorticoid
glucocorticoid
aldosterone
hydrocortisone
cortisol
hydrocortone
cortef
cortisone
cortone acetate
prednisolone
pediapred
prelone
prednisone
orasone
deltasone
liquid pred
meticorten
dexamethasone
decadron
dexamethasone intensol
dexone
hexadrol
oradexon
spironolactone
aldactone
artificial blood
royal jelly
catecholamine
musk
nectar
pheromone
body waste
excretion
excreta
excrement
excretory product
fecal matter
faecal matter
feces
faeces
bm
stool
ordure
dejection
crap
dirt
shit
shite
poop
turd
pigeon droppings
droppings
dung
muck
cow pie
cowpie
meconium
melena
melaena
fecula
wormcast
human waste
urine
piss
pee
piddle
weewee
water
vomit
vomitus
puke
guano
myelin
myeline
medulla
melanocyte-stimulating hormone
msh
thyrotropin
thyrotropic hormone
thyrotrophin
thyrotrophic hormone
thyroid-stimulating hormone
tsh
thyrotropin-releasing hormone
trh
thyrotropin-releasing factor
trf
protirelin
triamcinolone
aristocort
aristopak
kenalog
whey
milk whey
anabolic steroid
erythrocyte sedimentation rate
esr
sedimentation rate
sed rate
cardiac output
pulse
pulse rate
heart rate
femoral pulse
radial pulse
menstrual cycle
fertile period
fertile phase
menstrual phase
secretory phase
luteal phase
safe period
convulse
convulse
dissect
vivisect
anatomize
anatomise
autopsy
sentient
animate
insentient
insensate
animate
inanimate
nonliving
dead
prenatal
antenatal
antepartum
perinatal
postnatal
postpartum
motive(a)
motor
cancellate
cancellated
cancellous
asternal
distal
proximal
distal
mesial
ectomorphic
endomorphic
pyknic
mesomorphic
muscular
outer
inner
intrinsic
floating(a)
petrous
stonelike
oral
aboral
bodily
corporal
corporeal
somatic
ribbed
ribless
navicular
scaphoid
azygous
azygos
abdominovesical
acinar
acinous
acinose
acinic
adenoid
adenoidal
adnexal
annexal
adrenal
adrenal
adrenergic
sympathomimetic
antiadrenergic
adrenocortical
adventitial
allantoic
alveolar
alveolar
amniotic
amnionic
amnic
anal
androgenic
anoperineal
anorectal
antecubital
aortal
aortic
aponeurotic
apophyseal
appendicular
areolar
areolate
arterial
venous
arteriovenous
arthromeric
articular
articulary
stomatal
stomatous
astrocytic
atrioventricular
auriculoventricular
aural
auricular
auricular
autoimmune
axonal
basilar
basilary
bicipital
biliary
bilious
biliary
bodily
carnal
brachial
bracteal
bracteate
bracted
bracteolate
branchial
buccal
bursal
cadaveric
calcaneal
calycular
calicular
calyculate
calycled
calyptrate
canalicular
canine
laniary
cardiopulmonary
cardiorespiratory
carinal
carinate
carinated
ridged
keeled
carotid
caruncular
carunculous
carunculate
carunculated
cecal
caecal
cerebellar
cerebral
cerebrospinal
cerebrovascular
cervical
chaetal
chelate
cheliferous
cheliceral
chelicerate
chelicerous
chemoreceptive
childbearing
coccygeal
colonic
condylar
corneal
costal
intercostal
crural
crustaceous
cubital
cystic
cytological
cytologic
dental
diaphoretic
sudorific
digital
dural
ebracteate
epidural
extradural
ergotropic
esophageal
estrogenic
excretory
femoral
fenestral
fibrillose
fibrocartilaginous
filar
fleshy
sarcoid
gastric
stomachic
stomachal
pneumogastric
genial
mental
gingival
gluteal
guttural
hepatic
hooflike
inhalant
intraventricular
intervertebral
jawless
labial
labial
mandibulate
manual
medullary
medullary
medullary
meningeal
palmar
volar
parotid
pedal
plantar
popliteal
preanal
prostate
prostatic
sarcolemmic
sarcolemnous
sartorial
scalene
scapular
scapulohumeral
sclerotic
seminal
seminiferous
septal
septate
spermous
spermatic
splenic
splenetic
lienal
steroidal
nonsteroidal
subdural
sublingual
suctorial
suppurative
nonsuppurative
synovial
temporal
tendinous
sinewy
tentacular
tentacled
tibial
tubercular
turbinate
urethral
uveal
uveous
vacuolate
vacuolated
ventricular
vitreous
lingual
lymphatic
lymphocytic
lymphoid
radial
ulnar
phallic
vulvar
vulval
clitoral
clitoric
ungual
umbilical
sigmoid
sigmoidal
sciatic
cardiac
caudal
cephalic
cranial
ciliary
ciliate
ciliary
ciliate
cilial
ciliary
lacteal
gyral
alvine
hemal
haemal
hematal
haematal
hemic
haemic
hematic
haematic
humoral
chylaceous
chylous
chylific
chylifactive
chylifactory
chyliferous
ichorous
sanious
iridic
jugular
mastoid
mastoidal
mastoidal
pericardial
pericardiac
perineal
peroneal
pectoral
thoracic
parturient
patellar
visceral
splanchnic
mesoblastic
mesodermal
ocular
optic
optical
opthalmic
orbital
suborbital
subocular
binocular
vascular
avascular
cardiovascular
chorionic
cutaneous
cutaneal
dermal
dermic
cuticular
epidermal
epidermic
dermal
ectodermal
ectodermic
endermic
endermatic
hypodermal
hypodermic
subcutaneous
intradermal
intradermic
intracutaneous
facial
mandibular
inframaxillary
mandibulofacial
maxillary
maxillodental
maxillofacial
maxillomandibular
lacrimal
lachrymal
lacrimatory
lachrymatory
menstrual
catamenial
pubic
glottal
genital
venereal
genitourinary
gu
laryngeal
uninucleate
multinucleate
muscular
intramuscular
neuroglial
neuromuscular
nephritic
renal
spinal
sex-limited
sexual
intravenous
endovenous
mammary
neural
neuronal
neuronic
sensorimotor
pelvic
parietal
tubal
velar
anatomic
anatomical
anatomic
anatomical
mucous
mucose
mucoid
mucoidal
nervous
neural
duodenal
neuroanatomic
neuroanatomical
endocrine
endocrinal
exocrine
cervical
epithelial
epitheliod
pancreatic
ovarian
ovular
uterine
testicular
rectal
synaptic
lobar
lobate
lobated
bilobate
bilobated
bilobed
abdominal
hormonal
hemispheric
occipital
pneumonic
pulmonary
pulmonic
intrapulmonary
intestinal
enteric
enteral
skeletal
exuvial
tracheal
tympanic
pleural
hilar
labyrinthine
lobular
bronchial
arteriolar
bronchiolar
circulatory
veinal
chromosomal
operculate
operculated
cortical
gonadal
agonadal
gastrointestinal
gi
carnal
rhinal
nasal
perinasal
perirhinal
otic
auricular
retinal
thyroid
thyroid
thyroidal
hypothalamic
progestational
coronary
corpuscular
epiphyseal
epiphysial
diaphyseal
diaphysial
marsupial
palatal
palatine
pharyngeal
phrenic
peritoneal
sternal
sarcolemmal
sarcosomal
sympathetic
urinary
urinary
atheromatous
atheromatic
intimal
coeliac
celiac
mesenteric
glomerular
papillary
papillose
papillate
vesicular
vertebral
neocortical
paleocortical
limbic
parasympathetic
parasympathomimetic
hypophyseal
hypophysial
salivary
myelic
myeloid
myeloid
myocardial
myoid
cochlear
lumbar
flagellate
flagellated
whiplike
endothelial
mitral
follicular
hyoid
shouldered
narial
puerperal
blastocoelic
blastodermatic
blastodermic
blastoporal
blastoporic
bubonic
carpal
convalescent
ductless
endometrial
enteric
enteral
glandular
gonadotropic
gonadotrophic
membranous
metacarpal
metatarsal
milch
nodular
penile
penial
scrotal
pineal
pituitary
postganglionic
postural
pudendal
pyloric
respiratory
inspiratory
expiratory
sacral
serous
tarsal
trophotropic
uric
uvular
vaginal
sulcate
ossicular
ossiculate
ossiferous
osteal
abomasal
centromeric
acentric
acrocentric
metacentric
telocentric
bulbar
subclavian
vasomotor
vesical
anatomically
asexually
histologically
cortically
hypothalamically
intradermally
intramuscularly
digitally
manually
viscerally
cerebrally
subcutaneously
facially
spinally
sexually
sexually
gutturally
nasally
orad
distally
sympathetically
bodily
erectly
straight-backed
intravenously
laterally
parenterally
slouchingly
supinely
