architecture
veneering
abutment arch
agateware
alcove
bay
annulet
bandelet
bandelette
bandlet
square and rabbet
antefix
arch
architectural ornament
architrave
baseboard
mopboard
skirting board
beading
bead
beadwork
astragal
bell arch
bone china
bracket
broken arch
camber arch
capital
chapiter
cap
cavetto
ceramic ware
china
conge
corbel arch
cornice
crackle
crackleware
crackle china
crocket
cyma
cymatium
dais
podium
pulpit
rostrum
ambo
stump
soapbox
delft
dogtooth
doorplate
drop arch
earthenware
echinus
egg-and-dart
egg-and-anchor
egg-and-tongue
facing
cladding
faience
fan tracery
fan vaulting
flat arch
straight arch
foliation
foliage
fret
greek fret
greek key
key pattern
frieze
gorgerin
necking
gothic arch
guilloche
hanging
wall hanging
honeycomb
lancet arch
lancet
lusterware
majolica
maiolica
modillion
molding
moulding
moorish arch
horseshoe arch
ogee arch
keel arch
ovolo
thumb
quarter round
pier arch
pinnacle
pointed arch
porcelain
porte-cochere
pottery
clayware
proscenium arch
quirk bead
bead and quirk
quirk molding
quirk moulding
rampant arch
register
rib
roman arch
semicircular arch
round arch
rowlock arch
safety arch
scoinson arch
sconcheon arch
segmental arch
service door
service entrance
servant's entrance
sheraton
shouldered arch
skeen arch
skene arch
scheme arch
diminished arch
skew arch
spode
squinch
steeple
spire
stoneware
subbase
surbase
tablet
terra cotta
terra sigillata
samian ware
three-centered arch
basket-handle arch
torus
tore
trefoil
trefoil arch
trimmer arch
triumphal arch
trumpet arch
tudor arch
four-centered arch
vaulting
wedgwood
perspective
linear perspective
vanishing point
ornateness
elaborateness
flamboyance
floridness
showiness
fussiness
architectural style
style of architecture
type of architecture
bauhaus
byzantine architecture
classical architecture
greco-roman architecture
greek architecture
roman architecture
gothic
gothic architecture
romanesque
romanesque architecture
norman architecture
perpendicular
perpendicular style
english-gothic
english-gothic architecture
tudor architecture
moorish
moorish architecture
victorian architecture
architecture
architectonics
tectonics
landscape architecture
urban planning
interior design
horizon
apparent horizon
visible horizon
sensible horizon
skyline
architect
designer
interior designer
designer
interior decorator
house decorator
room decorator
decorator
landscape architect
landscape gardener
landscaper
landscapist
refinisher
renovator
restorer
preserver
aalto
alvar aalto
hugo alvar henrik aalto
adam
robert adam
alberti
leon battista alberti
behrens
peter behrens
berlage
hendrik petrus berlage
bernini
giovanni lorenzo bernini
bramante
donato bramante
donato d'agnolo bramante
breuer
marcel lajos breuer
brunelleschi
filippo brunelleschi
bullfinch
charles bullfinch
burnham
daniel hudson burnham
butterfield
william butterfield
carrere
john merven carrere
chambers
william chambers
sir william chambers
delorme
philibert delorme
de l'orme
philibert de l'orme
downing
andrew jackson downing
eames
charles eames
garnier
jean louis charles garnier
gaudi
antonio gaudi
gaudi i cornet
antonio gaudi i cornet
gilbert
cass gilbert
giotto
giotto di bondone
gropius
walter gropius
hastings
thomas hastings
hoffmann
josef hoffmann
horta
victor horta
hunt
richard morris hunt
jenny
william le baron jenny
jones
inigo jones
kahn
louis isadore kahn
labrouste
henri labrouste
latrobe
benjamin henry latrobe
le corbusier
charles edouard jeanneret
l'enfant
charles l'enfant
pierre charles l'enfant
le notre
andre le notre
lin
maya lin
loos
adolf loos
lutyens
sir edwin lutyens
sir edwin landseer luytens
mansart
francois mansart
mckim
charles follen mckim
mendelsohn
erich mendelsohn
michelangelo
michelangelo buonarroti
mies van der rohe
ludwig mies van der rohe
mills
robert mills
nervi
pier luigi nervi
olmsted
frederick law olmsted
palladio
andrea palladio
paxton
joseph paxton
sir joseph paxton
pei
i. m. pei
ieoh ming pei
pugin
augustus welby northmore pugin
richardson
henry hobson richardson
saarinen
eero saarinen
saarinen
eliel saarinen
soufflot
jacques germain soufflot
speer
albert speer
stone
edward durell stone
strickland
william strickland
sullivan
louis sullivan
louis henry sullivan
louis henri sullivan
tange
kenzo tange
thornton
william thornton
upjohn
richard upjohn
vanbrugh
john vanbrugh
sir john vanbrigh
van de velde
henri van de velde
henri clemens van de velde
vaux
calvert vaux
venturi
robert venturi
robert charles venturi
wagner
otto wagner
white
stanford white
wren
sir christopher wren
wright
frank lloyd wright
wyatt
james wyatt
acanthus
bear's breech
bear's breeches
sea holly
acanthus mollis
picture plane
corbel
cornice
astylar
classical
nonclassical
engaged
corinthian
doric
ionic
trabeated
trabeate
arced
arched
arching
arciform
arcuate
bowed
arched
foliate
foliated
ocellated
structural
architectural
tectonic
architectonic
muslim
moslem
islamic
heraldic
heraldist
michelangelesque
ornately
classically
architecturally
