atom bomb
atomic bomb
a-bomb
fission bomb
plutonium bomb
balloon bomb
fugo
big blue
blu-82
blasting cap
blasting gelatin
blockbuster
bomb
bombie
bomblet
cluster bomblet
bombshell
bouncing betty
briefcase bomb
bunker buster
guided bomb unit-28
gbu-28
cannon cracker
car bomb
catherine wheel
pinwheel
chemical bomb
gas bomb
cherry bomb
claymore mine
claymore
clean bomb
cluster bomb
cordite
cruise missile
depth charge
depth bomb
detonating fuse
detonator
detonating device
cap
dirty bomb
disrupting explosive
bursting explosive
dumb bomb
gravity bomb
dynamite
explosive
explosive compound
explosive device
explosive mixture
firecracker
cracker
banger
firework
pyrotechnic
fizgig
floating mine
marine mine
fragmentation bomb
antipersonnel bomb
anti-personnel bomb
daisy cutter
fuel-air explosive
fae
fuse
fuze
fusee
fuzee
primer
priming
gas shell
gelignite
gelly
general-purpose bomb
gp bomb
grenade
hand grenade
hydrogen bomb
h-bomb
fusion bomb
thermonuclear bomb
incendiary bomb
incendiary
firebomb
land mine
ground-emplaced mine
booby trap
laser-guided bomb
lgb
letter bomb
parcel bomb
package bomb
magnetic mine
maroon
megaton bomb
microwave bomb
e-bomb
mine
molotov cocktail
petrol bomb
gasoline bomb
neutron bomb
penetration bomb
percussion cap
petard
pipe bomb
plastic bomb
plastic explosive
plastique
plutonium trigger
plutonium pit
propellant explosive
impulse explosive
remote control
remote
remote-control bomb
rifle grenade
roman candle
safety fuse
seal bomb
serpent
shoe bomb
skyrocket
rocket
smart bomb
smoke bomb
smoke grenade
sparkler
squib
stink bomb
stench bomb
thermobaric bomb
fuel-air bomb
vacuum bomb
volume-detonation bomb
aerosol bomb
time bomb
infernal machine
time-fuse
tnt
trinitrotoluene
torpedo
torpedo
torpedo
whizbang
whizzbang
minefield
mine field
mushroom
mushroom cloud
mushroom-shaped cloud
hydrazoic acid
azoimide
hydrogen azide
hn
mercury fulminate
fulminate of mercury
fulminating mercury
high explosive
low explosive
gunpowder
powder
smokeless powder
ballistite
endoergic
energy-absorbing
exoergic
energy-releasing
nuclear
