bank closing
bank withdrawal
bank run
endowment
banking
home banking
banking
amortization
amortisation
loan approval
bank
bank building
cash machine
cash dispenser
automated teller machine
automatic teller machine
automated teller
automatic teller
atm
magnetic stripe
safe-deposit
safe-deposit box
safety-deposit
safety deposit box
deposit box
lockbox
vault
bank vault
endorsement
indorsement
blank endorsement
endorsement in blank
bank identification number
bin
aba transit number
bank charter
stub
check stub
counterfoil
clearing house
credit union
central bank
european central bank
federal reserve system
federal reserve
fed
frs
federal reserve bank
reserve bank
bank of england
bundesbank
bank of japan
agent bank
commercial bank
full service bank
national bank
state bank
lead bank
agent bank
member bank
merchant bank
acquirer
acquirer
depository financial institution
bank
banking concern
banking company
thrift institution
savings and loan
savings and loan association
building society
savings bank
home loan bank
federal home loan bank system
mutual savings bank
msb
federal savings bank
fsb
accommodation endorser
bank commissioner
bank examiner
bank guard
bankrupt
insolvent
cheapskate
tightwad
economizer
economiser
endorser
indorser
hoarder
magpie
scavenger
pack rat
miser
niggard
skinflint
scrooge
churl
penny pincher
pinchgut
saver
stinter
interest
compound interest
simple interest
bank account
giro account
savings account trust
savings bank trust
trust account
trustee account
totten trust
checking account
savings account
time deposit account
deposit account
dormant account
passbook savings account
consumer credit
home loan
home equity credit
home equity loan
equity credit line
installment credit
installment loan
open-end credit
revolving credit
charge account credit
credit account
charge account
open account
revolving charge account
credit card
charge card
charge plate
bank card
calling card
phone card
cash card
cashcard
debit card
smart card
credit
cheap money
export credit
import credit
credit line
line of credit
bank line
line
personal credit line
personal line of credit
commercial credit
letter of credit
commercial letter of credit
traveler's letter of credit
traveller's letter of credit
traveler's check
traveller's check
banker's check
bank draft
banker's draft
overdraft credit
check overdraft credit
deposit
bank deposit
demand deposit
acceptance
banker's acceptance
check
bank check
cheque
bad check
bad cheque
kite
kite
counter check
giro
giro cheque
paycheck
payroll check
certified check
certified cheque
personal check
personal cheque
cashier's check
treasurer's check
cashier's cheque
treasurer's cheque
blank check
blank cheque
medicare check
medicare payment
bankbook
passbook
checkbook
chequebook
bank-depositor relation
bank failure
float
write out
issue
make out
cut
check
bounce
clear
bankable
nontransferable
unassignable
untransferable
crossed
uncrossed
cashable
redeemable
