tombola
gambling
gaming
play
sporting life
bet
wager
daily double
exacta
perfecta
parimutuel
place bet
superfecta
game of chance
gambling game
fantan
lottery
drawing
lucky dip
numbers pool
numbers game
numbers racket
numbers
raffle
sweepstake
sweepstakes
craps
crap shooting
crapshoot
crap game
roulette
banking game
unlicensed gambling
throw
cast
roll
natural
flip
toss
ticktack
ex-gambler
prize winner
lottery winner
bettor
better
wagerer
punter
taker
bookmaker
bookie
caller
crapshooter
croupier
edwardian
gambler
hedger
high roller
loser
odds-maker
handicapper
operator
scalper
shooter
crap-shooter
speculator
plunger
sporting man
tout
ticket tout
venture capitalist
winner
play
underplay
dissipated
betting
card-playing
gambling
sporting
