rinse
brush
brushing
hair coloring
brush
brushing
after-shave
after-shave lotion
antiperspirant
araroba
goa powder
chrysarobin
arch support
aspirin powder
headache powder
baby powder
bar soap
bath oil
bath salts
bay rum
blackface
body lotion
brilliantine
bristle
bristle brush
claw hatchet
clipper
clippers
cold cream
coldcream
face cream
vanishing cream
cologne
cologne water
eau de cologne
comb
cosmetic
cosmetics
cream
ointment
emollient
dentifrice
deodorant
deodourant
depilatory
depilator
epilator
dover's powder
electric motor
electric toothbrush
epilating wax
eyebrow pencil
eyeliner
eyeshadow
face powder
fine-tooth comb
fine-toothed comb
greasepaint
hairbrush
hairdressing
hair tonic
hair oil
hair grease
hair slide
hair spray
hand cream
hand lotion
hatchel
heckle
highlighter
kohl
lanolin
lip-gloss
lipstick
lip rouge
lotion
makeup
make-up
war paint
mascara
mousse
hair mousse
hair gel
nailbrush
nailfile
nail polish
nail enamel
nail varnish
nard
spikenard
pack
pack
face pack
patchouli
patchouly
pachouli
pencil
perfume
essence
perfumery
pocketcomb
pocket comb
pomade
pomatum
potpourri
powder
powderpuff
puff
rat
razor
razorblade
rose water
rouge
paint
blusher
safety razor
sanitary napkin
kotex
shampoo
shaver
electric shaver
electric razor
shaving brush
shaving cream
shaving soap
shaving foam
soap
soft soap
green soap
straight razor
sunlamp
sunray lamp
sun-ray lamp
sunscreen
sunblock
sun blocker
talcum
talcum powder
toilet powder
bath powder
dusting powder
toiletry
toilet article
toiletries
toilet soap
face soap
bath soap
toilet water
eau de toilette
toner
toothbrush
tooth powder
toothpowder
towel rail
towel bar
hairdo
hair style
coiffure
beehive
haircut
lock
curl
ringlet
whorl
sausage curl
forelock
quiff
crimp
pin curl
spit curl
kiss curl
dreadlock
afro
afro hairdo
bang
bob
wave
finger wave
braid
plait
tress
twist
chignon
queue
pigtail
marcel
pageboy
pompadour
ponytail
permanent wave
permanent
perm
brush cut
crew cut
flattop
mohican
mohican haircut
scalp lock
thatch
barber
beautician
cosmetician
beauty consultant
coiffeur
coiffeuse
cosmetologist
food faddist
hairdresser
hairstylist
stylist
styler
manicurist
parer
tinter
shower
foment
bathe
cleanse
clean
wash
wash
lave
sponge down
scrub
scrub up
soap
lather
gargle
rinse
shave
razor
tonsure
bathe
bath
douche
comb
comb out
disentangle
slick
slick down
sleek down
dress
arrange
set
do
coif
coiffe
coiffure
bob
marcel
wave
gauffer
goffer
perm
mousse
gel
pomade
tease
fluff
groom
neaten
clean up
make up
lipstick
rouge
condition
floss
shampoo
powder
talc
manicure
barber
pedicure
doll up
do up
pretty up
glam up
spruce up
spruce
slick up
smarten up
perfume
scent
dress
groom
curry
reduce
melt off
lose weight
slim
slenderize
thin
slim down
gain
put on
round
flesh out
fill out
face-lift
lift
pack on
beautify
embellish
prettify
uglify
dress up
window-dress
spruce up
spruce
titivate
tittivate
smarten up
slick up
spiff up
erupt
recrudesce
break out
hush
decontaminate
massage
rub down
knead
simonize
simonise
polish
smooth
smoothen
shine
slick
sleek
buff
burnish
furbish
flush
cream
gloss
become
suit
groomed
ungroomed
combed
uncombed
saponaceous
soapy
tonsorial
