financial audit
accountancy
accounting
cost accounting
costing
bookkeeping
clerking
single entry
single-entry bookkeeping
double entry
double-entry bookkeeping
inventory accounting
first in first out
fifo
last in first out
lifo
bookkeeper
control account
entry
accounting entry
ledger entry
adjusting entry
credit
credit entry
debit
debit entry
accounting
accounting system
method of accounting
credit side
debit side
accrual basis
cash basis
pooling of interest
audited account
audit
limited audit
review
limited review
analytical review
inventory
bottom line
