electron spin resonance
esr
electron paramagnetic resonance
urinalysis
uranalysis
scatology
chemical analysis
qualitative analysis
polarography
quantitative analysis
quantitative chemical analysis
colorimetry
colorimetric analysis
volumetric analysis
acidimetry
alkalimetry
titration
volumetric analysis
gravimetric analysis
spectroscopy
spectrometry
spectroscopic analysis
spectrum analysis
spectrographic analysis
dialysis
apheresis
pheresis
plasmapheresis
plateletpheresis
hemodialysis
haemodialysis
mass spectroscopy
microwave spectroscopy
chemical engineering
dating
geological dating
potassium-argon dating
radiocarbon dating
carbon dating
carbon-14 dating
rubidium-strontium dating
thermogravimetry
capsid
wishbone
wishing bone
abortifacient
aborticide
abortion-inducing drug
abortion pill
ru 486
mifepristone
acapulco gold
mexican green
acebutolol
sectral
ace inhibitor
angiotensin converting enzyme inhibitor
acetaminophen
datril
tylenol
panadol
phenaphen
tempra
anacin iii
acetanilide
acetanilid
phenylacetamide
acetophenetidin
acetphenetidin
phenacetin
acid
back breaker
battery-acid
dose
dot
elvis
loony toons
lucy in the sky with diamonds
pane
superman
window pane
zen
acoustic
actifed
actinomycin
active placebo
acyclovir
zovirax
adam
ecstasy
xtc
go
disco biscuit
cristal
x
hug drug
agonist
albuterol
ventolin
proventil
alendronate
fosamax
alkalating agent
allopurinol
zyloprim
aloes
bitter aloes
alpha blocker
alpha-blocker
alpha-adrenergic blocker
alpha-adrenergic blocking agent
alpha-interferon
alprazolam
xanax
alum
aminophylline
theophylline
elixophyllin
slo-bid
theobid
aminopyrine
amidopyrine
amiodarone
cordarone
amitriptyline
amitriptyline hydrochloride
elavil
amlodipine besylate
norvasc
amobarbital
amobarbital sodium
blue
blue angel
blue devil
amytal
amoxicillin
amoxil
larotid
polymox
trimox
augmentin
amphetamine
pep pill
upper
speed
amphetamine sulfate
amphetamine sulphate
amphotericin
ampicillin
principen
polycillin
sk-ampicillin
amrinone
inocor
amyl nitrate
analeptic
analgesic
anodyne
painkiller
pain pill
anesthetic
anaesthetic
anesthetic agent
anaesthetic agent
anesthyl
angiogenesis inhibitor
antagonist
antiarrhythmic
antiarrhythmic drug
antiarrhythmic medication
antibacterial
antibacterial drug
bactericide
antibiotic
antibiotic drug
anticholinergic
anticholinergic drug
anticholinesterase
anticonvulsant
anticonvulsant drug
antiepileptic
antiepileptic drug
antidepressant
antidepressant drug
antidiabetic
antidiabetic drug
antidiarrheal
antidiarrheal drug
antidiuretic
antidiuretic drug
antidote
counterpoison
antiemetic
antiemetic drug
antiflatulent
antifungal
antifungal agent
fungicide
antimycotic
antimycotic agent
antihistamine
antihypertensive
antihypertensive drug
anti-inflammatory
anti-inflammatory drug
antimalarial
antimalarial drug
antimetabolite
antimycin
antineoplastic
antineoplastic drug
cancer drug
antineoplastic antibiotic
antiprotozoal
antiprotozoal drug
antipruritic
antipyretic
febrifuge
antiseptic
antispasmodic
spasmolytic
antispasmodic agent
antisyphilitic
anti-tnf compound
antitussive
antiviral
antiviral agent
antiviral drug
apc
aphrodisiac
apomorphine
araroba
goa powder
chrysarobin
arnica
asparaginase
elspar
aspirin
acetylsalicylic acid
bayer
empirin
aspirin powder
headache powder
astringent
astringent drug
styptic
atenolol
tenormin
atomic cocktail
atorvastatin
lipitor
atropine
azathioprine
imuran
zidovudine
retrovir
zdv
azt
aztreonam
azactam
baby oil
baby powder
bacitracin
balsam
barbital
veronal
barbitone
diethylbarbituric acid
diethylmalonylurea
barbiturate
bar soap
bathroom cleaner
belladonna
benzedrine
bennie
benzocaine
ethyl aminobenzoate
benzodiazepine
beta blocker
beta-adrenergic blocker
beta-adrenergic blocking agent
beta-interferon
bhang
big h
hell dust
nose drops
smack
thunder
blackwash
black lotion
blasting gelatin
blocker
blocking agent
bolus
booster
booster dose
booster shot
recall dose
bordeaux mixture
bracer
pick-me-up
brand-name drug
proprietary drug
bromide
brompheniramine maleate
dimetane
bronchodilator
buffered aspirin
bufferin
buspirone
buspar
butacaine
butacaine sulfate
butyl nitrite
isobutyl nitrite
calamine lotion
calcium blocker
calcium-channel blocker
camphor ice
cannabis
marijuana
marihuana
ganja
cannon cracker
capsule
captopril
capoten
carbomycin
carminative
carron oil
carvedilol
castile soap
castor oil
catalytic cracker
cat cracker
catherine wheel
pinwheel
cefadroxil
ultracef
cefoperazone
cefobid
cefotaxime
claforan
ceftazidime
fortaz
tazicef
ceftriaxone
rocephin
cefuroxime
ceftin
zinacef
celecoxib
celebrex
cephalexin
keflex
keflin
keftab
cephaloglycin
kafocin
cephaloridine
cephalosporin
mefoxin
cephalothin
cerate
cerivastatin
baycol
charge
burster
bursting charge
explosive charge
chemical reactor
chemistry lab
chemistry laboratory
chem lab
cheroot
cherry bomb
chloral hydrate
chlorambucil
leukeran
chloramine
chloramine-t
chloramphenicol
chloromycetin
chlordiazepoxide
librium
libritabs
chlorhexidine
chloroform
trichloromethane
chloroquine
chlorothiazide
diuril
chlorpheniramine maleate
coricidin
chlor-trimeton
chlorpromazine
thorazine
chlortetracycline
aureomycin
chlorthalidone
hygroton
thalidone
chrism
chrisom
sacramental oil
holy oil
cigar
cigar butt
cigarette
cigaret
coffin nail
butt
fag
cigarette butt
cigarillo
ciprofloxacin
cipro
claro
cleansing agent
cleanser
cleaner
clofibrate
atromid-s
clomiphene
clomiphene citrate
clomid
clomipramine
clonidine
catapres
clopidogrel bisulfate
plavix
clozapine
clozaril
club drug
cocaine
cocain
codeine
coke
blow
nose candy
snow
c
colchine
cold medicine
column
chromatography column
conditioner
controlled substance
cordite
corona
counterirritant
cox-2 inhibitor
crack
tornado
cubeb
cubeb cigarette
cyclobenzaprine
flexeril
cyclopropane
cycloserine
cyproheptadine
periactin
cytotoxic drug
dapsone
decongestant
delavirdine
rescriptor
demeclocycline hydrochloride
declomycin
demulcent
dentifrice
designer drug
despiramine
detergent
dextroamphetamine sulphate
dexedrine
diaphoretic
diazepam
valium
diazoxide
hyperstat
dibucaine
diclofenac potassium
cataflam
diclofenac sodium
voltaren
dicloxacillin
dynapen
diethylstilbesterol
des
stilbesterol
diflunisal
dolobid
digitoxin
digoxin
lanoxin
dihydrostreptomycin
dilator
diltiazem
cardizem
dimenhydrinate
dramamine
dimetapp
diphenhydramine
benadryl
diphenylhydantoin
phenytoin
dilantin
diphenylbutyl piperidine
dishwasher detergent
dishwashing detergent
dishwashing liquid
disinfectant
germicide
antimicrobic
antimicrobial
disrupting explosive
bursting explosive
disulfiram
antabuse
diuretic drug
diuretic
water pill
dose
dover's powder
doxepin
doxepin hydrochloride
adapin
sinequan
doxorubicin
doxycycline
vibramycin
draft
draught
dragee
drixoral
dronabinol
drug
drug cocktail
highly active antiretroviral therapy
haart
drug of abuse
street drug
dynamite
emetic
vomit
vomitive
nauseant
emetrol
enalapril
vasotec
encainide
enkaid
enflurane
ethrane
enteric-coated aspirin
epsom salts
erythromycin
erythrocin
e-mycin
ethril
ilosone
pediamycin
esmolol
brevibloc
estazolam
prosom
estrogen antagonist
tamoxifen
etanercept
enbrel
ethacrynic acid
edecrin
ethchlorvynol
placidyl
ether
ethoxyethane
divinyl ether
vinyl ether
diethyl ether
ethyl ether
ethosuximide
emeside
zarontin
ethyl chloride
etodolac
lodine
euphoriant
expectorant
expectorator
explosive
explosive compound
explosive mixture
eye-lotion
eyewash
collyrium
face powder
famotidine
pepcid
fenoprofen
fenoprofen calcium
nalfon
fentanyl
sublimaze
feosol
fergon
fertility drug
filler
filter tip
filter-tipped cigarette
finish coat
finishing coat
firecracker
cracker
banger
firework
pyrotechnic
fixed-combination drug
fizgig
flecainide
tambocor
floxuridine
flunitrazepan
rohypnol
fluorouracil
fluoxetine
prozac
fluphenazine
flurazepam
flurazepam hydrochloride
dalmane
flurbiprofen
ansaid
fluvastatin
lescol
furosemide
lasix
gamma hydroxybutyrate
ghb
gamma-interferon
gateway drug
gelignite
gelly
gemfibrozil
lopid
general anesthetic
general anaesthetic
generic drug
gentamicin
garamycin
glipzide
glucotrol
glutethimide
doriden
glyburide
diabeta
micronase
gramicidin
griseofulvin
fulvicin
guanabenz
wytensin
gunflint
hallucinogen
hallucinogenic drug
psychedelic drug
psychodelic drug
haloperidol
haldol
halothane
hard drug
hashish
hasheesh
haschisch
hash
hematinic
haematinic
heparin
lipo-hepin
liquaemin
herbal medicine
heroin
diacetylmorphine
hexachlorophene
histamine blocker
hit
hydantoin
hydralazine
apresoline
hydrochlorothiazide
esidrix
hydrodiuril
hydroflumethiazide
hydromorphone hydrochloride
hydromorphone
dilaudid
hydroxychloroquine
plaquenil
hydroxyzine hydrochloride
hydroxyzine
atarax
vistaril
hyoscyamine
ibuprofen
isobutylphenyl propionic acid
advil
motrin
nuprin
imipramine
impramine hydrochloride
imavate
tofranil
immunosuppressant
immunosuppressive drug
immune suppressant drug
indapamide
lozal
indinavir
crixivan
indomethacin
indocin
infliximab
remicade
inhalation anesthetic
inhalation anaesthetic
inhalation general anesthetic
inhalation general anaesthetic
inhalant
inhalation
interface
interferon
intoxicant
intravenous anesthetic
iodochlorhydroxyquin
clioquinol
iodoform
triiodomethane
ipecac
ipratropium bromide
atrovent
iproclozid
isocarboxazid
marplan
isoflurane
isoniazid
inh
nydrazid
isoproterenol
isuprel
isosorbide
isordil
itraconazole
sporanox
joint
marijuana cigarette
reefer
stick
spliff
juke
jook
juke joint
jook joint
juke house
jook house
k
jet
super acid
special k
honey oil
green
cat valium
super c
kanamycin
kantrex
kaopectate
kat
khat
qat
quat
cat
arabian tea
african tea
ketamine
ketamine hydrochloride
ketalar
ketoprofen
orudis
orudis kt
oruvail
ketorolac
torodal
ketorolac tromethamine
acular
toradol
knockout drops
mickey finn
labetalol
labetalol hydrochloride
trandate
normodyne
lamivudine
3tc
laudanum
tincture of opium
laundry detergent
laxative
leflunomide
arava
lenitive
lethal dose
levallorphan
lorfan
lidocaine
xylocaine
lincomycin
lincocin
liniment
embrocation
lip balm
lipid-lowering medicine
lipid-lowering medication
statin drug
statin
liquid detergent
liquid soap
lisinopril
prinivil
zestril
local anesthetic
local anaesthetic
local
topical anesthetic
topical anaesthetic
lomotil
lomustine
lorazepam
ativan
lotion
application
lovastatin
mevacor
loxapine
loxitane
lypressin
lysergic acid diethylamide
lsd
magic bullet
major tranquilizer
major tranquillizer
major tranquilliser
antipsychotic drug
antipsychotic agent
antipsychotic
neuroleptic drug
neuroleptic agent
neuroleptic
mannitol
osmitrol
maroon
maxzide
mebendazole
meclizine
meclizine hydrochloride
antivert
meclofenamate
meclofenamate sodium
meclomen
medicine
medication
medicament
medicinal drug
mefenamic acid
ponstel
mefloquine
mefloquine hydrochloride
larium
mephaquine
melphalan
alkeran
menthol
mentholated salve
meperidine
meperidine hydrochloride
demerol
mephenytoin
mesantoin
mephobarbital
mebaral
meprobamate
miltown
equanil
meprin
merbromine
mercurochrome
mercaptopurine
purinethol
mercurial ointment
mescaline
peyote
metaproterenol
alupent
metformin
glucophage
methacholine
mecholyl
methadone
methadone hydrochloride
methadon
dolophine hydrochloride
fixer
synthetic heroin
methamphetamine
methamphetamine hydrochloride
methedrine
meth
deoxyephedrine
chalk
chicken feed
crank
glass
ice
shabu
trash
methapyrilene
methaqualone
quaalude
metharbital
gemonil
methenamine
mandelamine
urex
methicillin
methocarbamol
robaxin
methotrexate
methotrexate sodium
amethopterin
methyldopa
alpha methyl dopa
aldomet
methylenedioxymethamphetamine
mdma
methylphenidate
ritalin
metoprolol
lopressor
metronidazole
flagyl
mexiletine
mexitil
miconazole
monistat
midazolam
versed
mild silver protein
argyrol
milk of magnesia
magnesium hydroxide
minocycline
minocin
minor tranquilizer
minor tranquillizer
minor tranquilliser
antianxiety drug
anxiolytic
anxiolytic drug
minoxidil
loniten
rogaine
mithramycin
mithracin
mitomycin
mutamycin
molindone
moban
monoamine oxidase inhibitor
maoi
morphine
morphia
muscle relaxant
mycomycin
mydriatic
mydriatic drug
nabumetone
relafen
nadolol
corgard
nafcillin
nafcil
nalidixic acid
neggram
nalorphine
nalline
naloxone
narcan
naltrexone
naphazoline
privine
sudafed
naproxen
naprosyn
naproxen sodium
aleve
anaprox
aflaxen
narcoleptic
narcotic
narcotic antagonist
nasal decongestant
nefazodone
serzone
nelfinavir
viracept
neomycin
fradicin
neobiotic
neosporin
neostigmine
prostigmin
nevirapine
viramune
nifedipine
procardia
nitrazepam
nitrofurantoin
macrodantin
nitrospan
nitrostat
nitrous oxide
laughing gas
non-nucleoside reverse transcriptase inhibitor
nnrti
nonsteroidal anti-inflammatory
nonsteroidal anti-inflammatory drug
nsaid
nontricyclic
nontricyclic drug
nontricyclic antidepressant
nontricyclic antidepressant drug
nortriptyline
pamelor
nostrum
novobiocin
noxiptiline
nucleoside reverse transcriptase inhibitor
nrti
nux vomica
nystatin
mycostatin
nystan
ointment
unction
unguent
balm
salve
opiate
opium
orphenadrine
norflex
over-the-counter drug
over-the-counter medicine
oxacillin
oxaprozin
daypro
oxazepam
serax
oxyphenbutazone
tandearil
oxyphencyclimine
daricon
oxytetracycline
hydroxytetracycline
oxytetracycline hydrochloride
terramycin
oxytocic
oxytocic drug
palliative
alleviant
alleviator
panacea
nostrum
cure-all
panatela
panetela
panetella
papaverine
kavrin
paregoric
camphorated tincture of opium
paroxetime
paxil
patent medicine
penicillamine
cuprimine
penicillin
penicillinase-resistant antibiotic
penicillin f
penicillin g
benzylpenicillin
penicillin o
penicillin v
phenoxymethyl penicillin
penicillin v potassium
ledercillin vk
pentaerythritol
peritrate
pentazocine
talwin
pentobarbital sodium
pentobarbital
nembutal
yellow jacket
pentoxifylline
trental
pentylenetetrazol
pentamethylenetetrazol
metrazol
periwinkle plant derivative
perphenazine
triavil
pharmaceutical
phenazopyridine
pyridium
phencyclidine
phencyclidine hydrochloride
pcp
angel dust
phenelzine
nardil
pheniramine
phenolphthalein
phensuximide
milontin
phentolamine
vasomax
phenylbutazone
butazolidin
phenyltoloxamine
pill
lozenge
tablet
tab
pilocarpine
pimozide
pindolol
visken
piperacillin
pipracil
piperazine
piperocaine
piperocaine hydrochloride
metycaine
piroxicam
feldene
placebo
plastic explosive
plastique
polymyxin
polypropenonitrile
acrilan
popper
pot
grass
green goddess
dope
weed
gage
sess
sens
smoke
skunk
locoweed
mary jane
powder
powdered mustard
dry mustard
pravastatin
pravachol
prazosin
minipress
prescription drug
prescription
prescription medicine
ethical drug
preventive
preventative
prophylactic
primaquine
primaxin
primidone
mysoline
probenecid
procaine
ethocaine
procaine hydrochloride
novocaine
novocain
procarbazine
prochlorperazine
procyclidine
kemadrin
promethazine
phenergan
propanolol
inderal
propellant explosive
impulse explosive
propoxyphene
propoxyphene hydrochloride
darvon
protease inhibitor
pi
protriptyline
psilocybin
psilocin
psychoactive drug
mind-altering drug
consciousness-altering drug
psychoactive substance
psychotropic agent
purgative
cathartic
physic
aperient
pyocyanase
pyocyanin
pyrilamine
quinacrine
quinacrine hydrochloride
mepacrine
atabrine
quinidine
quinidex
quinora
quinine
r-2
mexican valium
rophy
rope
roofy
roach
forget me drug
circle
radiopharmaceutical
rappee
reboxetine
edronax
recreational drug
refill
relaxant
remedy
curative
cure
reserpine
raudixin
rau-sed
sandril
serpasil
reverse transcriptase inhibitor
ribavirin
virazole
rifampin
rifadin
rimactane
ritonavir
norvir
robitussin
rofecoxib
vioxx
roll of tobacco
smoke
roman candle
rubbing alcohol
rubefacient
saddle soap
leather soap
salvinorin
scopolamine
hyoscine
secobarbital sodium
secobarbital
seconal
red devil
sedative
sedative drug
depressant
downer
sedative-hypnotic
sedative-hypnotic drug
selective-serotonin reuptake inhibitor
ssri
serpent
sertraline
zoloft
shampoo
shot
sildenafil
viagra
silver protein
simvastatin
zocor
skyrocket
rocket
sleeping pill
sleeping tablet
sleeping capsule
sleeping draught
smoking mixture
snuff
soap
soap
scoop
max
liquid ecstasy
grievous bodily harm
goop
georgia home boy
easy lay
soap flakes
soap powder
built-soap powder
washing powder
sodium salicylate
sodium thiopental
phenobarbital
phenobarbitone
luminal
purple heart
soft drug
soft soap
green soap
soothing syrup
soporific
hypnotic
sparkler
specific
spectinomycin
spinal anesthetic
spinal anaesthetic
squib
saquinavir
invirase
stimulant
stimulant drug
streptomycin
streptothricin
subtilin
succinylcholine
sucralfate
carafate
sulfacetamide
sulamyd
sulfadiazine
sulfa drug
sulfa
sulpha
sulfonamide
sulfamethazine
sulfamezathine
sulfamethoxazole
gantanol
sulfanilamide
sulfapyridine
sulfisoxazole
gantrisin
sulfonylurea
sulindac
clinoril
suppository
suppressant
appetite suppressant
synergist
talcum
talcum powder
temazepam
restoril
tenoretic
terazosin
hytrin
terbinafine
lamisil
test paper
tetracaine
tetrachlorethylene
tetrachloroethylene
ethylene tetrachloride
carbon dichloride
tetracycline
achromycin
tetrahydrocannabinol
thc
thalidomide
thiabendazole
thiazide
thimerosal
sodium ethylmercurithiosalicylate
merthiolate
thioguanine
thiopental
thiopental sodium
thiopentobarbital sodium
pentothal
thioridazine
mellaril
thiosulfil
thiotepa
thiothixene
navane
thrombolytic
thrombolytic agent
clot buster
timolol
blocadren
tincture
tincture of iodine
iodine
tissue plasminogen activator
activase
tnt
trinitrotoluene
tobacco
baccy
tobramycin
nebcin
tocainide
tonocard
toilet powder
bath powder
dusting powder
toilet soap
face soap
bath soap
tolazamide
tolinase
tolazoline
tolbutamide
orinase
tolmetin sodium
tolectin
tonic
restorative
toothpaste
tooth powder
toothpowder
torpedo
tracer
tranquilizer
tranquillizer
tranquilliser
antianxiety agent
ataractic drug
ataractic agent
ataractic
tranylcypromine
trazodone
trazodone hydrochloride
desyrel
triazolam
halcion
tribromoethanol
tribromoethyl alcohol
trichlormethiazide
naqua
tricyclic
tricyclic antidepressant
tricyclic antidepressant drug
trimipramine
surmontil
truth serum
truth drug
tyrocidine
tyrocidin
tyrosine kinase inhibitor
tyrothricin
undercharge
valproic acid
depokene
vancomycin
vancocin
vaseline
vasodilator
vasodilative
verapamil
calan
isoptin
vermicide
vermifuge
anthelmintic
anthelminthic
helminthic
vinblastine
velban
vincristine
oncovin
viomycin
viocin
virility drug
anit-impotence drug
whizbang
whizzbang
witch hazel
wych hazel
zinc ointment
gaseousness
bubbliness
effervescence
frothiness
foaminess
actinism
consistency
consistence
body
viscosity
viscousness
stickiness
sliminess
adhesiveness
adhesion
adherence
bond
cohesiveness
glueyness
gluiness
gumminess
ropiness
viscidity
viscidness
gelatinousness
glutinosity
glutinousness
thickness
semifluidity
creaminess
soupiness
thinness
fluidity
fluidness
liquidity
liquidness
runniness
wateriness
hardness
firmness
softness
compressibility
squeezability
sponginess
incompressibility
downiness
featheriness
fluffiness
flabbiness
limpness
flaccidity
mushiness
breakableness
brittleness
crispness
crispiness
crumbliness
friability
flakiness
unbreakableness
porosity
porousness
sponginess
permeability
permeableness
penetrability
perviousness
absorbency
solidity
solidness
compactness
density
denseness
relative density
specific gravity
vapor density
vapour density
rarity
tenuity
low density
impermeability
impermeableness
retentiveness
retentivity
retention
urinary retention
impenetrability
imperviousness
nonabsorbency
saltiness
brininess
salinity
brackishness
dew point
atomic mass
atomic weight
relative atomic mass
molecular weight
relative molecular mass
equivalent
equivalent weight
combining weight
eq
milliequivalent
meq
valence
valency
covalence
covalency
concentration
titer
titre
hydrogen ion concentration
ph
ph scale
acidity
hyperacidity
alkalinity
neutrality
molality
molarity
molar concentration
m
fugacity
solubility
insolubility
collagen
elastin
noradrenaline
norepinephrine
epinephrine
epinephrin
adrenaline
adrenalin
insulin
lente insulin
lente iletin
recombinant human insulin
humulin
histamine
gene
cistron
factor
operator gene
operon
regulatory gene
regulator gene
dalton's law
dalton's law of partial pressures
law of partial pressures
law of constant proportion
law of definite proportions
law of equivalent proportions
law of reciprocal proportions
law of multiple proportions
dalton's law
law of mass action
periodic law
mendeleev's law
immunochemistry
chemoimmunology
biochemistry
enzymology
zymurgy
chemistry
chemical science
organic chemistry
inorganic chemistry
physical chemistry
electrochemistry
femtochemistry
geochemistry
photochemistry
radiochemistry
nuclear chemistry
chemical engineering
chemical notation
formula
chemical formula
molecular formula
structural formula
empirical formula
allomerism
sublimation
food
leftovers
gluten
corn gluten
wheat gluten
fresh food
fresh foods
tv dinner
roast
joint
stew meat
convenience food
ready-mix
brownie mix
cake mix
lemonade mix
delicatessen
delicatessen food
takeout
takeout food
takeaway
grapefruit peel
chocolate
bitter chocolate
baking chocolate
cooking chocolate
chocolate candy
chocolate liquor
cocoa butter
cocoa powder
choc
chocolate bar
hershey bar
bittersweet chocolate
semi-sweet chocolate
dark chocolate
couverture
dutch-processed cocoa
jimmies
sprinkles
milk chocolate
white chocolate
nonpareil
chocolate kiss
frozen yogurt
quiche
quiche lorraine
baked goods
crumb
pastry
pie crust
pie shell
dowdy
pandowdy
frangipane
tart
apple tart
tart
apple tart
lobster tart
tartlet
turnover
apple turnover
samosa
timbale
timbale case
pie
deep-dish pie
cobbler
shoofly pie
mince pie
apple pie
lemon meringue pie
blueberry pie
rhubarb pie
pecan pie
pumpkin pie
squash pie
french pastry
napoleon
pirogi
piroshki
pirozhki
patty shell
bouchee
patty
sausage roll
toad-in-the-hole
vol-au-vent
strudel
baklava
puff
cream puff
chou
eclair
chocolate eclair
cake
applesauce cake
baba
baba au rhum
rum baba
birthday cake
cheesecake
chiffon cake
chocolate cake
coconut cake
coffeecake
coffee cake
babka
crumb cake
cupcake
devil's food
devil's food cake
eccles cake
fruitcake
christmas cake
simnel
gateau
sponge cake
angel cake
angel food cake
jellyroll
swiss roll
madeira cake
madeira sponge
wedding cake
bridecake
white cake
spice cake
gingerbread
pound cake
layer cake
torte
petit four
prune cake
jumble
jumbal
savarin
boston cream pie
upside-down cake
skillet cake
honey cake
marble cake
genoise
seedcake
seed cake
teacake
teacake
tea biscuit
sally lunn
cookie
cooky
biscuit
dog biscuit
butter cookie
spice cookie
shortbread
shortbread cookie
almond cookie
almond crescent
brownie
gingersnap
ginger snap
snap
ginger nut
macaroon
ratafia
ratafia biscuit
coconut macaroon
kiss
ladyfinger
anise cookie
molasses cookie
oreo
oreo cookie
raisin-nut cookie
refrigerator cookie
raisin cookie
fruit bar
apricot bar
date bar
sugar cookie
oatmeal cookie
chocolate chip cookie
toll house cookie
fortune cookie
gingerbread man
friedcake
doughboy
doughnut
donut
sinker
raised doughnut
berlin doughnut
bismark
jelly doughnut
fastnacht
cruller
twister
french fritter
biegnet
fritter
apple fritter
corn fritter
pancake
battercake
flannel cake
flannel-cake
flapcake
flapjack
griddlecake
hotcake
hot cake
buckwheat cake
buttermilk pancake
blini
bliny
blintz
blintze
crape
crepe
french pancake
crepe suzette
pfannkuchen
german pancake
potato pancake
latke
waffle
belgian waffle
rock cake
victoria sandwich
victoria sponge
bird
fowl
poultry
chicken
poulet
volaille
broiler
capon
fryer
frier
pullet
roaster
oven stuffer
oven stuffer roaster
spatchcock
hen
rock cornish hen
guinea hen
squab
dove
duck
duckling
goose
wildfowl
grouse
quail
partridge
pheasant
turkey
drumstick
second joint
thigh
breast
white meat
wing
turkey wing
chicken wing
giblet
giblets
oyster
parson's nose
pope's nose
meat
game
dark meat
raw meat
gobbet
carrion
red meat
variety meat
organs
offal
heart
liver
calves' liver
calf's liver
chicken liver
goose liver
sweetbread
sweetbreads
brain
calf's brain
stomach sweetbread
neck sweetbread
throat sweetbread
tongue
beef tongue
calf's tongue
venison
cut
cut of meat
chop
cold cuts
chine
leg
side
side of meat
side of beef
forequarter
hindquarter
cut of beef
chuck
chuck short ribs
rib
sparerib
shank
foreshank
hindshank
shin
brisket
plate
flank
steak
fish steak
beefsteak
flank steak
minute steak
loin
beef loin
sirloin
wedge bone
flat bone
pin bone
sirloin tip
sirloin steak
tenderloin
undercut
beef tenderloin
fillet
filet
pork tenderloin
chateaubriand
delmonico steak
club steak
tournedos
filet mignon
porterhouse
porterhouse steak
t-bone steak
blade
blade roast
neck
beef neck
shoulder
pot roast
short ribs
rib roast
standing rib roast
round
round steak
top round
bottom round
rump steak
strip steak
new york strip
rump
rump roast
aitchbone
tripe
honeycomb tripe
buffalo
beef
boeuf
beef roast
roast beef
ground beef
hamburger
chopped steak
chop steak
chopsteak
hamburger steak
beef patty
bully beef
corned beef
corn beef
pastrami
carbonado
halal
jerky
jerked meat
beef jerky
biltong
pemmican
pemican
veal
veau
cut of veal
scrag
scrag end
veal roast
roast veal
breast of veal
fricandeau
calves' feet
horsemeat
horseflesh
rabbit
hare
mouton
mutton
mutton chop
scrag
cut of mutton
lamb
cut of lamb
breast of lamb
poitrine d'agneau
saddle
saddle of lamb
loin of lamb
lamb chop
lamb-chop
lambchop
rack
lamb roast
roast lamb
rack of lamb
crown roast
ham hock
leg of lamb
gigot
pork
porc
cut of pork
cochon de lait
suckling pig
flitch
side of bacon
gammon
pork loin
side of pork
pork belly
pork roast
roast pork
ham
jambon
gammon
virginia ham
picnic ham
picnic shoulder
porkchop
prosciuto
bacon
bacon strip
bacon rind
canadian bacon
salt pork
fatback
sowbelly
spareribs
pigs' feet
pigs' knuckles
chitterlings
chitlins
chitlings
cracklings
haslet
edible fat
lard
marbling
shortening
suet
cooking oil
drippings
vegetable oil
oil
sweet oil
canola oil
coconut oil
copra oil
corn oil
cottonseed oil
olive oil
palm oil
peanut oil
groundnut oil
salad oil
safflower oil
sesame oil
soybean oil
soyabean oil
sunflower oil
sunflower-seed oil
walnut oil
sausage
sausage meat
blood sausage
blood pudding
black pudding
bologna
bologna sausage
chipolata
frank
frankfurter
hotdog
hot dog
dog
wiener
wienerwurst
weenie
vienna sausage
polony
headcheese
knackwurst
knockwurst
liver pudding
liver sausage
liverwurst
pepperoni
pork sausage
salami
banger
bratwurst
brat
linguica
saveloy
souse
lunch meat
luncheon meat
bread
breadstuff
staff of life
anadama bread
bap
barmbrack
breadstick
bread-stick
grissino
brown bread
boston brown bread
bun
roll
tea bread
caraway seed bread
challah
hallah
cinnamon bread
cracked-wheat bread
cracker
crouton
dark bread
whole wheat bread
whole meal bread
brown bread
english muffin
crumpet
flatbread
garlic bread
gluten bread
graham bread
host
flatbrod
bannock
chapatti
chapati
pita
pocket bread
loaf of bread
loaf
heel
french loaf
matzo
matzoh
matzah
unleavened bread
nan
onion bread
raisin bread
quick bread
banana bread
date bread
date-nut bread
nut bread
oatcake
irish soda bread
skillet bread
fry bread
rye bread
black bread
pumpernickel
jewish rye bread
jewish rye
limpa
swedish rye bread
swedish rye
salt-rising bread
simnel
sour bread
sourdough bread
toast
wafer
white bread
light bread
baguet
baguette
french bread
italian bread
cornbread
corn cake
skillet corn bread
ashcake
ash cake
corn tash
hoecake
cornpone
pone
corn dab
corn dodger
dodger
hush puppy
hushpuppy
johnnycake
johnny cake
journey cake
shawnee cake
spoon bread
batter bread
cinnamon toast
orange toast
melba toast
zwieback
rusk
brussels biscuit
twice-baked bread
frankfurter bun
hotdog bun
hamburger bun
hamburger roll
muffin
gem
bran muffin
corn muffin
yorkshire pudding
popover
scone
drop scone
griddlecake
scotch pancake
cross bun
hot cross bun
coffee ring
brioche
crescent roll
croissant
hard roll
vienna roll
soft roll
kaiser roll
parker house roll
clover-leaf roll
onion roll
bialy
bialystoker
sweet roll
coffee roll
bear claw
bear paw
cinnamon roll
cinnamon bun
cinnamon snail
honey bun
sticky bun
caramel bun
schnecken
pinwheel roll
danish
danish pastry
bagel
beigel
onion bagel
biscuit
rolled biscuit
drop biscuit
baking-powder biscuit
buttermilk biscuit
soda biscuit
shortcake
hardtack
pilot biscuit
pilot bread
sea biscuit
ship biscuit
wafer
brandysnap
saltine
soda cracker
oyster cracker
water biscuit
graham cracker
pretzel
soft pretzel
pasta
alimentary paste
noodle
orzo
egg noodle
spaghetti
spaghettini
tortellini
ziti
rigatoni
fedelline
linguine
linguini
fettuccine
fettuccini
fettuccine alfredo
vermicelli
macaroni
lasagna
lasagne
penne
ravioli
cappelletti
tagliatelle
manicotti
couscous
gnocchi
matzo ball
matzoh ball
matzah ball
won ton
wonton
dumpling
dumplings
health food
junk food
breakfast food
cereal
muesli
pablum
hot cereal
mush
cornmeal mush
atole
hasty pudding
polenta
grits
hominy grits
kasha
frumenty
cold cereal
dry cereal
granola
granola bar
raisin bran
corn flake
bran flake
wheatflake
puffed rice
puffed wheat
produce
green goods
green groceries
garden truck
edible fruit
vegetable
veggie
eater
raw vegetable
rabbit food
celery stick
legume
pulse
potherb
greens
green
leafy vegetable
chop-suey greens
solanaceous vegetable
root vegetable
potato
white potato
irish potato
murphy
spud
tater
baked potato
french fries
french-fried potatoes
fries
home fries
home-fried potatoes
jacket potato
jacket
mashed potato
uruguay potato
yam
sweet potato
yam
eggplant
aubergine
mad apple
pieplant
rhubarb
cruciferous vegetable
mustard
mustard greens
leaf mustard
indian mustard
cabbage
chou
kale
kail
cole
collards
collard greens
chinese cabbage
celery cabbage
chinese celery
bok choy
bok choi
head cabbage
red cabbage
savoy cabbage
savoy
broccoli
cauliflower
brussels sprout
brussels sprouts
broccoli rabe
broccoli raab
squash
summer squash
yellow squash
crookneck
crookneck squash
summer crookneck
zucchini
courgette
marrow
vegetable marrow
cocozelle
pattypan squash
spaghetti squash
winter squash
acorn squash
butternut squash
hubbard squash
turban squash
buttercup squash
cushaw
winter crookneck squash
cucumber
cuke
gherkin
artichoke
globe artichoke
artichoke heart
jerusalem artichoke
sunchoke
asparagus
bamboo shoot
sprout
bean sprout
alfalfa sprout
beet
beetroot
beet green
sugar beet
mangel-wurzel
chard
swiss chard
spinach beet
leaf beet
pepper
sweet pepper
bell pepper
green pepper
globe pepper
pimento
pimiento
hot pepper
chili
chili pepper
chilli
chilly
chile
jalapeno
jalapeno pepper
chipotle
cayenne
cayenne pepper
tabasco
red pepper
onion
bermuda onion
green onion
scallion
vidalia onion
spanish onion
spring onion
purple onion
red onion
leek
shallot
salad green
salad greens
lettuce
butterhead lettuce
buttercrunch
bibb lettuce
boston lettuce
crisphead lettuce
iceberg lettuce
iceberg
cos
cos lettuce
romaine
romaine lettuce
leaf lettuce
loose-leaf lettuce
celtuce
bean
edible bean
goa bean
lentil
pea
green pea
garden pea
marrowfat pea
snow pea
sugar pea
sugar snap pea
split-pea
chickpea
garbanzo
cajan pea
pigeon pea
dahl
field pea
black-eyed pea
cowpea
common bean
kidney bean
navy bean
pea bean
white bean
pinto bean
frijole
black bean
turtle bean
fresh bean
flageolet
haricot
green bean
snap bean
snap
string bean
kentucky wonder
kentucky wonder bean
scarlet runner
scarlet runner bean
runner bean
english runner bean
haricot vert
haricots verts
french bean
wax bean
yellow bean
shell bean
lima bean
fordhooks
sieva bean
butter bean
butterbean
civet bean
fava bean
broad bean
soy
soybean
green soybean
field soybean
cardoon
carrot
celery
pascal celery
paschal celery
celeriac
celery root
chicory
curly endive
radicchio
chicory escarole
endive
escarole
belgian endive
french endive
witloof
cress
watercress
garden cress
winter cress
dandelion green
gumbo
okra
kohlrabi
turnip cabbage
lamb's-quarter
pigweed
wild spinach
wild spinach
tomato
beefsteak tomato
cherry tomato
plum tomato
tomatillo
husk tomato
mexican husk tomato
mushroom
salsify
oyster plant
vegetable oyster
scorzonera
black salsify
parsnip
pumpkin
radish
turnip
white turnip
rutabaga
swede
swedish turnip
yellow turnip
turnip greens
sorrel
common sorrel
french sorrel
spinach
taro
taro root
cocoyam
dasheen
edda
truffle
earthnut
freestone
cling
clingstone
peel
skin
lemon peel
lemon rind
orange peel
orange rind
windfall
apple
crab apple
crabapple
eating apple
dessert apple
baldwin
cortland
cox's orange pippin
delicious
golden delicious
yellow delicious
red delicious
empire
grimes' golden
jonathan
mcintosh
macoun
northern spy
pearmain
pippin
prima
stayman
winesap
stayman winesap
cooking apple
bramley's seedling
granny smith
lane's prince albert
newtown wonder
rome beauty
berry
bilberry
whortleberry
european blueberry
huckleberry
blueberry
wintergreen
boxberry
checkerberry
teaberry
spiceberry
cranberry
lingonberry
mountain cranberry
cowberry
lowbush cranberry
currant
gooseberry
black currant
red currant
blackberry
boysenberry
dewberry
loganberry
raspberry
saskatoon
serviceberry
shadberry
juneberry
lanseh
lansa
lansat
lanset
strawberry
sugarberry
hackberry
persimmon
acerola
barbados cherry
surinam cherry
west indian cherry
carambola
star fruit
ceriman
monstera
carissa plum
natal plum
citrus
citrus fruit
citrous fruit
section
orange
temple orange
mandarin
mandarin orange
clementine
satsuma
tangerine
tangelo
ugli
ugli fruit
bitter orange
seville orange
sour orange
sweet orange
jaffa orange
navel orange
valencia orange
kumquat
lemon
lime
key lime
grapefruit
pomelo
shaddock
citrange
citron
apricot
peach
nectarine
pitahaya
plum
damson
damson plum
greengage
greengage plum
beach plum
sloe
victoria plum
dried fruit
dried apricot
prune
raisin
seedless raisin
sultana
seeded raisin
currant
fig
pineapple
ananas
anchovy pear
river pear
banana
passion fruit
granadilla
sweet calabash
bell apple
sweet cup
water lemon
yellow granadilla
breadfruit
jackfruit
jak
jack
canistel
eggfruit
melon
melon ball
muskmelon
sweet melon
cantaloup
cantaloupe
winter melon
honeydew
honeydew melon
persian melon
net melon
netted melon
nutmeg melon
casaba
casaba melon
watermelon
cherry
sweet cherry
black cherry
bing cherry
heart cherry
oxheart
oxheart cherry
blackheart
blackheart cherry
capulin
mexican black cherry
sour cherry
amarelle
morello
cocoa plum
coco plum
icaco
grape
fox grape
slip-skin grape
concord grape
catawba
muscadine
bullace grape
scuppernong
vinifera grape
emperor
muscat
muscatel
muscat grape
ribier
sultana
tokay
flame tokay
thompson seedless
custard apple
cherimoya
cherimolla
soursop
guanabana
bullock's heart
jamaica apple
sweetsop
anon
sugar apple
ilama
pond apple
papaw
pawpaw
papaya
kai apple
ketembilla
kitembilla
kitambilla
ackee
akee
durian
feijoa
pineapple guava
genip
spanish lime
genipap
genipap fruit
kiwi
kiwi fruit
chinese gooseberry
loquat
japanese plum
mangosteen
mango
sapodilla
sapodilla plum
sapota
sapote
mammee
marmalade plum
tamarind
tamarindo
avocado
alligator pear
avocado pear
aguacate
date
elderberry
guava
mombin
hog plum
yellow mombin
hog plum
wild plum
jaboticaba
jujube
chinese date
chinese jujube
litchi
litchi nut
litchee
lichi
leechee
lichee
lychee
longanberry
dragon's eye
mamey
mammee
mammee apple
marang
medlar
medlar
mulberry
pear
bosc
anjou
bartlett
bartlett pear
seckel
seckel pear
plantain
plumcot
pomegranate
prickly pear
garambulla
barbados gooseberry
blade apple
quandong
quandang
quantong
native peach
quince
rambutan
rambotan
pulasan
pulassan
rose apple
sorb
sorb apple
sour gourd
sour gourd
monkey bread
coconut
coconut meat
copra
dika bread
fish
saltwater fish
freshwater fish
seafood
bream
sea bream
bream
freshwater bream
freshwater bass
bass
largemouth bass
smallmouth bass
sea bass
bass
striped bass
striper
grouper
croaker
whiting
whiting
cusk
dolphinfish
mahimahi
carp
buffalofish
pike
muskellunge
pickerel
monkfish
sucker
catfish
mudcat
perch
sunfish
crappie
tuna
tuna fish
tunny
albacore
bonito
bluefin
bluefin tuna
mackerel
spanish mackerel
pompano
squid
calamari
calamary
blowfish
sea squab
puffer
fugu
octopus
escargot
snail
periwinkle
winkle
whelk
panfish
stockfish
shellfish
mussel
anchovy
eel
elver
mullet
gray mullet
herring
kingfish
lingcod
kipper
kippered herring
bloater
pickled herring
rollmops
alewife
bluefish
swordfish
butterfish
huitre
oyster
oysters rockefeller
bluepoint
blue point
clam
quahaug
quahog
hard-shell clam
round clam
littleneck
littleneck clam
cherrystone
cherrystone clam
soft-shell clam
steamer
steamer clam
long-neck clam
cockle
crab
crabmeat
blue crab
crab legs
soft-shell crab
soft-shelled crab
japanese crab
alaska king crab
alaskan king crab
king crab
alaska crab
dungeness crab
stone crab
crayfish
crawfish
crawdad
ecrevisse
cod
codfish
pollack
pollock
schrod
scrod
haddock
finnan haddie
finnan haddock
finnan
smoked haddock
salt cod
porgy
scup
scup
flatfish
flounder
yellowtail flounder
plaice
turbot
sand dab
sole
fillet of sole
gray sole
lemon sole
english sole
lemon sole
winter flounder
halibut
flitch
hake
redfish
rosefish
ocean perch
rockfish
sailfish
weakfish
limpet
lobster
american lobster
northern lobster
maine lobster
european lobster
spiny lobster
langouste
rock lobster
crayfish
norwegian lobster
langoustine
scampo
lobster tail
coral
tomalley
sardine
pilchard
prawn
shrimp
river prawn
trout
rainbow trout
sea trout
salmon trout
brook trout
speckled trout
lake trout
whitefish
whitefish
lake herring
cisco
rock salmon
salmon
atlantic salmon
red salmon
sockeye
sockeye salmon
chinook salmon
chinook
king salmon
silver salmon
coho salmon
coho
cohoe
smoked salmon
lox
scandinavian lox
nova scotia lox
snapper
red snapper
red rockfish
scallop
scollop
escallop
sea scallop
bay scallop
kippered salmon
red herring
smoked herring
shad
smelt
american smelt
rainbow smelt
european smelt
sparling
sprat
brisling
whitebait
roe
hard roe
milt
soft roe
caviar
caviare
beluga caviar
shad roe
smoked mackerel
beef tea
bovril
fennel
florence fennel
finocchio
salad burnet
butter
clarified butter
drawn butter
ghee
brown butter
beurre noisette
meuniere butter
lemon butter
yogurt
yoghurt
yoghourt
blueberry yogurt
cheese
cheese rind
cream cheese
double cream
mascarpone
triple cream
triple creme
cottage cheese
pot cheese
farm cheese
farmer's cheese
process cheese
processed cheese
american cheese
bleu
blue cheese
stilton
roquefort
gorgonzola
danish blue
bavarian blue
brie
brick cheese
camembert
cheddar
cheddar cheese
store cheese
cheshire cheese
double gloucester
edam
goat cheese
chevre
gouda
gouda cheese
grated cheese
hand cheese
liederkranz
limburger
mozzarella
muenster
parmesan
quark cheese
quark
ricotta
string cheese
swiss cheese
emmenthal
emmental
emmenthaler
emmentaler
gruyere
sapsago
velveeta
yak butter
cornish pasty
meat pie
pasty
pork pie
mostaccioli
shepherd's pie
steak and kidney pie
kidney pie
tortilla
tostada
elixir
elixir of life
alcohol
alcoholic beverage
intoxicant
inebriant
proof spirit
home brew
homebrew
hooch
hootch
kava
kavakava
aperitif
brew
brewage
beer
draft beer
draught beer
suds
munich beer
munchener
bock
bock beer
lager
lager beer
light beer
oktoberfest
octoberfest
pilsner
pilsener
weissbier
white beer
wheat beer
weizenbier
weizenbock
malt
malt liquor
ale
bitter
burton
pale ale
porter
porter's beer
stout
guinness
kvass
mead
metheglin
sake
saki
rice beer
nipa
wine
vino
vintage
red wine
white wine
blush wine
pink wine
rose
rose wine
altar wine
sacramental wine
sparkling wine
champagne
bubbly
cold duck
burgundy
burgundy wine
beaujolais
medoc
canary wine
chablis
white burgundy
montrachet
chardonnay
pinot chardonnay
pinot noir
pinot blanc
bordeaux
bordeaux wine
claret
red bordeaux
chianti
cabernet
cabernet sauvignon
merlot
sauvignon blanc
california wine
cotes de provence
dessert wine
dubonnet
jug wine
macon
maconnais
moselle
muscadet
plonk
retsina
rhine wine
rhenish
hock
riesling
liebfraumilch
rhone wine
rioja
sack
saint emilion
soave
zinfandel
sauterne
sauternes
straw wine
table wine
tokay
vin ordinaire
vermouth
sweet vermouth
italian vermouth
dry vermouth
french vermouth
chenin blanc
verdicchio
vouvray
yquem
fortified wine
madeira
malmsey
port
port wine
sherry
manzanilla
amontillado
marsala
muscat
muscatel
muscadel
muscadelle
liquor
spirits
booze
hard drink
hard liquor
john barleycorn
strong drink
neutral spirits
ethyl alcohol
aqua vitae
ardent spirits
eau de vie
moonshine
bootleg
corn liquor
bathtub gin
aquavit
akvavit
arrack
arak
bitters
brandy
applejack
calvados
armagnac
cognac
grappa
kirsch
marc
slivovitz
gin
sloe gin
geneva
holland gin
hollands
grog
ouzo
rum
demerara
demerara rum
jamaica rum
schnapps
schnaps
pulque
mescal
tequila
vodka
whiskey
whisky
blended whiskey
blended whisky
bourbon
corn whiskey
corn whisky
corn
firewater
irish
irish whiskey
irish whisky
poteen
rye
rye whiskey
rye whisky
scotch
scotch whiskey
scotch whisky
malt whiskey
malt whisky
sour mash
sour mash whiskey
liqueur
cordial
absinth
absinthe
anisette
anisette de bordeaux
benedictine
chartreuse
coffee liqueur
creme de cacao
creme de menthe
creme de fraise
drambuie
galliano
orange liqueur
curacao
curacoa
triple sec
grand marnier
kummel
maraschino
pastis
pernod
pousse-cafe
kahlua
ratafia
ratafee
sambuca
mixed drink
cocktail
dom pedro
highball
mixer
bishop
bloody mary
virgin mary
bloody shame
bullshot
cobbler
collins
tom collins
daiquiri
rum cocktail
strawberry daiquiri
nada daiquiri
spritzer
flip
gimlet
gin and tonic
grasshopper
harvey wallbanger
julep
mint julep
manhattan
rob roy
margarita
martini
gin and it
vodka martini
old fashioned
pink lady
sazerac
screwdriver
sidecar
scotch and soda
sling
gin sling
rum sling
sour
whiskey sour
whisky sour
stinger
swizzle
hot toddy
toddy
tom and jerry
zombie
zombi
hard cider
perry
pruno
rotgut
koumiss
kumis
lacing
mulled wine
negus
fruit punch
milk punch
mimosa
pina colada
punch
cup
champagne cup
claret cup
wassail
planter's punch
fish house punch
may wine
eggnog
glogg
cassiri
spruce beer
rickey
gin rickey
tap water
brine
rugulah
rugelach
ruggelach
multivitamin
multivitamin pill
vitamin pill
kingdom
mineral kingdom
periodic table
active site
antibaryon
antilepton
antimeson
antimuon
positive muon
antineutrino
antineutron
antiparticle
antiproton
antiquark
antitauon
tau-plus particle
baryon
heavy particle
b-meson
bottom quark
beauty quark
branched chain
chain
chemical chain
charm quark
closed chain
ring
delta ray
dipole molecule
down quark
electron
negatron
elementary particle
fundamental particle
subatomic particle
free electron
hadron
heterocyclic ring
heterocycle
hydrogen ion
hyperon
interplanetary gas
j particle
psi particle
kaon
kappa-meson
k-meson
k particle
lambda particle
lambda hyperon
lepton
meson
mesotron
muon
negative muon
mu-meson
neutrino
neutron
nucleon
nucleus
oil-water interface
open chain
photoelectron
pion
pi-meson
positron
antielectron
protein molecule
proton
quark
section
straight chain
strange particle
strange quark
squark
supernatant
tauon
tau-minus particle
top quark
truth quark
up quark
valence electron
weakly interacting massive particle
wimp
biochemist
chemist
enzymologist
nuclear chemist
radiochemist
arrhenius
svante august arrhenius
berzelius
jons jakob berzelius
black
joseph black
boyle
robert boyle
buchner
eduard buchner
bunsen
robert bunsen
robert wilhelm bunsen
calvin
melvin calvin
carothers
wallace carothers
wallace hume carothers
carver
george washington carver
cavendish
henry cavendish
chain
ernst boris chain
sir ernst boris chain
crick
francis crick
francis henry compton crick
crookes
william crookes
sir william crookes
curie
marie curie
madame curie
marya sklodowska
curl
robert curl
robert f. curl
robert floyd curl jr.
dalton
john dalton
davy
humphrey davy
sir humphrey davy
dewar
sir james dewar
eigen
manfred eigen
erlenmeyer
richard august carl emil erlenmeyer
faraday
michael faraday
fischer
emil hermann fischer
fischer
hans fischer
flory
paul john flory
funk
casimir funk
gay-lussac
joseph louis gay-lussac
gibbs
josiah willard gibbs
haber
fritz haber
hahn
otto hahn
hall
charles martin hall
hassel
odd hassel
haworth
sir walter norman haworth
henry
william henry
hevesy
george charles hevesy de hevesy
heyrovsky
joroslav heyrovsky
hitchings
george herbert hitchings
hodgkin
dorothy hodgkin
dorothy mary crowfoot hodgkin
hoffmann
roald hoffmann
hoffmann
august wilhelm von hoffmann
hopkins
sir frederick gowland hopkins
jacob
francois jacob
kekule
friedrich august kekule
friedrich august kekule von stradonitz
kendall
edward kendall
edward calvin kendall
klaproth
martin heinrich klaproth
krebs
hans adolf krebs
sir hans adolf krebs
kroto
harold kroto
harold w. kroto
sir harold walter kroto
kuhn
richard kuhn
langmuir
irving langmuir
lavoisier
antoine lavoisier
antoine laurent lavoisier
le chatelier
henry le chatelier
libby
willard frank libby
lipmann
fritz albert lipmann
lipscomb
william nunn lipscom jr.
mendeleyev
mendeleev
dmitri mendeleyev
dmitri mendeleev
dmitri ivanovich mendeleyev
dmitri ivanovich mendeleev
meyerhof
otto meyerhof
otto fritz meyerhof
monod
jacques monod
jacques lucien monod
morley
e. w. morley
edward morley
edward williams morley
mosander
carl gustaf mossander
muller
paul hermann muller
natta
giulio natta
nernst
walther hermann nernst
nobel
alfred nobel
alfred bernhard nobel
norrish
ronald george wreyford norrish
northrop
john howard northrop
ochoa
severo ochoa
onsager
lars onsager
ostwald
wilhelm ostwald
pasteur
louis pasteur
pauling
linus pauling
linus carl pauling
perutz
max perutz
max ferdinand perutz
priestley
joseph priestley
reichstein
tadeus reichstein
roberts
richard j. roberts
richard john roberts
robinson
robert robinson
sir robert robinson
rutherford
daniel rutherford
sanger
frederick sanger
fred sanger
scheele
karl scheele
karl wilhelm scheele
schonbein
christian schonbein
christian friedrich schonbein
seaborg
glenn t. seaborg
gelnn theodore seaborg
smalley
richard smalley
richard e. smalley
richard errett smalley
soddy
frederick soddy
solvay
ernest solvay
sorensen
soren peter lauritz sorensen
szent-gyorgyi
albert szent-gyorgyi
albert von szent-gyorgyi
tatum
edward lawrie tatum
todd
sir alexander robertus todd
urey
harold urey
harold clayton urey
warburg
otto heinrich warburg
wilkins
maurice wilkins
maurice hugh frederick wilkins
wilkinson
sir geoffrey wilkinson
windaus
adolf windaus
wollaston
william hyde wollaston
woodward
robert burns woodward
ziegler
karl waldemar ziegler
zsigmondy
richard adolph zsigmondy
chemical phenomenon
allotropy
allotropism
exchange
photochemical exchange
photoemission
crystallization
crystallisation
crystallizing
efflorescence
bloom
affinity
chemical attraction
alpha radiation
alpha ray
beta radiation
beta ray
electron radiation
chemical bond
bond
valency
covalent bond
cross-link
cross-linkage
hydrogen bond
ionic bond
electrovalent bond
electrostatic bond
double bond
coordinate bond
dative bond
metallic bond
peptide bond
peptide linkage
chemical energy
fermentation
ferment
neutron radiation
polymorphism
pleomorphism
dimorphism
osmotic pressure
corpuscular radiation
particulate radiation
snowflake
flake
ice crystal
snow mist
diamond dust
poudrin
ice needle
frost snow
frost mist
sandarac
sandarach
ilang-ilang
sassafras oil
bayberry wax
bayberry tallow
courbaril copal
black catechu
catechu
arum
calamus oil
rape oil
rapeseed oil
colza oil
arnica
safflower oil
madia oil
pyrethrum
vanillin
manna
labdanum
ladanum
hydnocarpus oil
physostigmine
tolu
balsam of tolu
tolu balsam
balsam of peru
east india kino
malabar kino
kino gum
carnauba wax
carnauba
babassu oil
babacu oil
cohune-nut oil
cohune oil
cohune fat
almond oil
expressed almond oil
sweet almond oil
bitter almond oil
elemi
gum elemi
myrrh
gum myrrh
jamaica quassia
guaiacum
sonora gum
storax
scammony
pennyroyal oil
hedeoma oil
hyssop oil
spike lavender oil
spike oil
pennyroyal oil
croton oil
cutch
kutch
absorption
soaking up
acetylation
acid-base equilibrium
acid-base balance
acidification
active transport
acylation
addition reaction
adsorption
surface assimilation
aeration
agglutination
agglutinating activity
aldol reaction
ammonification
amylolysis
association
autocatalysis
biochemical mechanism
biosynthesis
biogenesis
blood coagulation
blood clotting
bluing
blueing
bottom fermentation
calcification
calcination
carbonation
carbonization
carbonisation
catalysis
contact action
centrifugation
chain reaction
chelation
chemical equilibrium
equilibrium
chemical process
chemical change
chemical action
chemical reaction
reaction
chemisorption
chemosorption
chemosynthesis
chlorination
chromatography
cleavage
column chromatography
combustion
burning
deflagration
condensation
congealment
congelation
corrosion
corroding
erosion
cracking
curdling
clotting
coagulation
deamination
deaminization
decalcification
decarboxylation
decomposition
decomposition reaction
dehydration
desiccation
drying up
evaporation
de-iodination
demineralization
demineralisation
desalination
desalinization
desalinisation
destructive distillation
diffusion
digestion
displacement
displacement reaction
dissociation
distillation
distillment
double decomposition
double decomposition reaction
metathesis
double replacement reaction
effervescence
elimination reaction
elution
emission
endothermic reaction
exothermic reaction
extraction
field emission
filtration
fractional distillation
fractionation
fractional process
freeze-drying
lyophilization
lyophilisation
gasification
gassing
hardening
solidifying
solidification
set
curing
hydration
hydrocracking
hydrogenation
hydrolysis
imbibition
impregnation
saturation
infusion
inspissation
internal combustion
intumescence
intumescency
swelling
inversion
iodination
ion exchange
ionization
ionisation
libration
light reaction
maceration
mechanism
chemical mechanism
mineral extraction
mineral processing
mineral dressing
ore processing
ore dressing
beneficiation
neutralization
neutralisation
neutralization reaction
neutralisation reaction
nitrification
nitrification
nucleosynthesis
oscillation
osmosis
ossification
oxidation
oxidization
oxidisation
oxidation-reduction
oxidoreduction
redox
oxygenation
paper chromatography
passive transport
peptization
peptisation
percolation
infiltration
permeation
pervasion
suffusion
photochemical reaction
photoelectric emission
photosynthesis
pitting
roughness
indentation
polymerization
polymerisation
prechlorination
precipitation
proteolysis
pyrochemical process
pyrochemistry
radiation
radioactivity
rectification
reduction
reducing
refining
refinement
purification
release
rust
rusting
saponification
secondary emission
sequestration
softening
solvation
sorption
syneresis
synaeresis
synthesis
thermionic emission
thermal emission
thermocoagulation
top fermentation
transamination
transamination
transport
ultracentrifugation
vinification
vitrification
zymosis
zymolysis
fermentation
fermenting
ferment
octane number
octane rating
solubility
atomic number
magic number
beaufort scale
proof
saturation
saturation point
isomerism
rheumatoid factor
fatigue
state of matter
state
phase
form
liquid
liquidness
liquidity
solid
solidness
gas
plasma
activity
reactivity
hypertonicity
hypotonicity
acceptor
adduct
aldehyde
alkapton
alcapton
homogentisic acid
antiknock
mixture
alloy
metal
botulinum toxin
botulinum toxin a
botox
colloid
composition
dispersed phase
dispersed particles
dispersing phase
dispersion medium
dispersing medium
mechanical mixture
eutectic
solution
aqueous solution
ringer's solution
ringer solution
saline solution
saline
polyelectrolyte
gel
colloidal gel
hydrogel
sol
colloidal solution
colloidal suspension
suspension
slurry
resuspension
precipitate
sludge
domoic acid
abs plastic
mylar
plasticine
plastic
plasticizer
plasticiser
thermoplastic
thermoplastic resin
saran
acrylic
acrylic resin
acrylate resin
polymethyl methacrylate
lucite
perspex
plexiglas
plexiglass
polyethylene
polythene
acetyl
acetyl group
acetyl radical
ethanoyl group
ethanoyl radical
acyl
acyl group
alcohol group
alcohol radical
aldehyde group
aldehyde radical
polyvinyl acetate
pva
polyvinyl chloride
pvc
styrene
cinnamene
phenylethylene
vinylbenzene
polystyrene
styrofoam
thermosetting compositions
thermosetting resin
bakelite
teflon
polytetrafluoroethylene
vinylite
sorbate
sorbent
sorbent material
absorbent material
absorbent
absorbate
sponge
absorbent cotton
adsorbent
adsorbent material
adsorbate
acaricide
acaracide
acaroid resin
accaroid resin
accroides
accroides resin
accroides gum
gum accroides
acetic acid
ethanoic acid
acetum
acetate
ethanoate
dichlorodiphenyltrichloroethane
ddt
larvacide
lead arsenate
tetraethyl lead
lead tetraethyl
acetone
propanone
dimethyl ketone
acetylene
ethyne
alkyne
agent orange
alicyclic compound
aliphatic compound
alkylbenzene
alkyl halide
haloalkane
amino acid
aminoalkanoic acid
alanine
asparagine
aspartic acid
canavanine
chlorobenzene
chlorofluorocarbon
cfc
citrulline
cysteine
cystine
diamine
dopa
dihydroxyphenylalanine
l-dopa
levodopa
bendopa
brocadopa
larodopa
endonuclease
enol
essential amino acid
exonuclease
gamma aminobutyric acid
gaba
glutamic acid
glutaminic acid
glutamine
glutathione peroxidase
glycine
hydroxyproline
iodoamino acid
ornithine
acid
alpha-linolenic acid
alpha-naphthol
aromatic compound
arsenate
arsenic acid
arsenide
cerotic acid
hexacosanoic acid
chlorate
chloric acid
chlorous acid
monobasic acid
dibasic acid
dibasic salt
tribasic acid
tritium
tetrabasic acid
fulminic acid
gamma acid
heavy metal
hexanedioic acid
adipic acid
hmg-coa reductase
5-hydroxy-3-methylglutaryl-coenzyme a reductase
horseradish peroxidase
hydrazoic acid
azoimide
hydrogen azide
hn
hydriodic acid
hydrochlorofluorocarbon
hcfc
hydrogen cyanide
hydrocyanic acid
prussic acid
hydrolysate
hydroxy acid
hydroxybenzoic acid
hypochlorite
hyponitrous acid
hypophosphoric acid
hypophosphorous acid
phosphorous acid
orthophosphorous acid
juniperic acid
lysergic acid
manganic acid
metaphosphoric acid
polyphosphoric acid
pyrogallol
pyrogallic acid
pyrophosphoric acid
pyrophosphate
methacrylic acid
2-methylpropenoic acid
mucic acid
selenic acid
suberic acid
octanedioic acid
succinic acid
sulfonate
sulfonic acid
sulphonic acid
titanic acid
titanium dioxide
titanium oxide
titanic oxide
titania
adulterant
adulterator
alkyl
alkyl group
alkyl radical
allyl
allyl group
allyl radical
amino
amino group
aminomethane
anionic compound
anionic detergent
anionic
non-ionic detergent
base
alkali
binary compound
chelate
chelate compound
atom
isotope
radioisotope
label
halon
bromoform
tribromomethane
fluoroform
trifluoromethane
iodoform
tri-iodomethane
haloform
monad
azido group
azido radical
azo group
azo radical
group
radical
chemical group
fullerene
buckminsterfullerene
buckyball
carbon nanotube
nanotube
benzyl
benzyl group
benzyl radical
benzoyl group
benzoyl radical
chemical element
element
allotrope
transuranic element
noble gas
inert gas
argonon
helium group
actinide series
lanthanide series
metallic element
metal
noble metal
nonmetal
transactinide
actinium
ac
atomic number 89
aluminum
aluminium
al
atomic number 13
alum
potassium alum
potash alum
alum
ammonia alum
ammonium alum
americium
am
atomic number 95
antimony
sb
atomic number 51
argon
ar
atomic number 18
arsenic
as
atomic number 33
astatine
at
atomic number 85
atrazine
barium
ba
atomic number 56
baryta
barium hydroxide
barium monoxide
barium oxide
barium protoxide
barium dioxide
barium peroxide
base pair
berkelium
bk
atomic number 97
beryllium
be
glucinium
atomic number 4
bismuth
bi
atomic number 83
boron
b
atomic number 5
bromine
br
atomic number 35
cadmium
cd
atomic number 48
calcium
ca
atomic number 20
californium
cf
atomic number 98
carbon
c
atomic number 6
carbon atom
radiocarbon
carbon 14
cerium
ce
atomic number 58
cesium
caesium
cs
atomic number 55
cesium 137
chlorine
cl
atomic number 17
radiochlorine
chromium
cr
atomic number 24
cobalt
co
atomic number 27
cobalt 60
copper
cu
atomic number 29
curium
cm
atomic number 96
dysprosium
dy
atomic number 66
einsteinium
es
e
atomic number 99
erbium
er
atomic number 68
europium
eu
atomic number 63
fermium
fm
atomic number 100
fluorine
f
atomic number 9
francium
fr
atomic number 87
gadolinium
gd
atomic number 64
gallium
ga
atomic number 31
germanium
ge
atomic number 32
gold
au
atomic number 79
hafnium
hf
atomic number 72
helium
he
atomic number 2
holmium
ho
atomic number 67
hydrogen
h
atomic number 1
hydrogen atom
acidic hydrogen
acid hydrogen
deuterium
heavy hydrogen
indium
in
atomic number 49
iodine
iodin
i
atomic number 53
iodine-131
iodine-125
iridium
ir
atomic number 77
iron
fe
atomic number 26
krypton
kr
atomic number 36
lanthanum
la
atomic number 57
lawrencium
lw
atomic number 103
lead
pb
atomic number 82
lithium
li
atomic number 3
lutetium
lutecium
lu
atomic number 71
magnesium
mg
atomic number 12
manganese
mn
atomic number 25
mendelevium
md
mv
atomic number 101
mercury
quicksilver
hydrargyrum
hg
atomic number 80
molybdenum
mo
atomic number 42
neodymium
nd
atomic number 60
neon
ne
atomic number 10
neptunium
np
atomic number 93
nickel
ni
atomic number 28
niobium
nb
atomic number 41
columbium
nitrogen
n
atomic number 7
azote
nobelium
no
atomic number 102
osmium
os
atomic number 76
oxygen
o
atomic number 8
liquid oxygen
lox
palladium
pd
atomic number 46
phosphorus
p
atomic number 15
platinum
pt
atomic number 78
plutonium
pu
atomic number 94
plutonium 239
weapons plutonium
weapon-grade plutonium
polonium
po
atomic number 84
potassium
k
atomic number 19
praseodymium
pr
atomic number 59
promethium
pm
atomic number 61
protactinium
protoactinium
pa
atomic number 91
radium
ra
atomic number 88
radon
rn
atomic number 86
rhenium
re
atomic number 75
rhodium
rh
atomic number 45
rubidium
rb
atomic number 37
ruthenium
ru
atomic number 44
rutherfordium
rf
kurchatovium
ku
unnilquadium
unq
element 104
atomic number 104
samarium
sm
atomic number 62
scandium
sc
atomic number 21
selenium
se
atomic number 34
silicon
si
atomic number 14
silver
ag
atomic number 47
sodium
na
atomic number 11
strontium
sr
atomic number 38
strontium 90
sulfur
s
sulphur
atomic number 16
tantalum
ta
atomic number 73
taurine
technetium
tc
atomic number 43
tellurium
te
atomic number 52
terbium
tb
atomic number 65
thallium
tl
atomic number 81
thorium
th
atomic number 90
thorium-228
radiothorium
thulium
tm
atomic number 69
tin
sn
atomic number 50
titanium
ti
atomic number 22
tungsten
wolfram
w
atomic number 74
unnilhexium
unh
element 106
atomic number 106
unnilquintium
unnilpentium
unp
hahnium
element 105
atomic number 105
unnilseptium
uns
element 107
atomic number 107
uranium
u
atomic number 92
uranium 235
uranium 238
vanadium
v
atomic number 23
xenon
xe
atomic number 54
ytterbium
yb
atomic number 70
yttrium
y
atomic number 39
zinc
zn
atomic number 30
zirconium
zr
atomic number 40
bone black
bone char
animal black
animal charcoal
caspase
chromogen
chrysoberyl
sodium chloride
common salt
halite
rock salt
emulsifier
emulsion
garnet
almandite
almandine
lecithin
manganese tetroxide
molecule
monomer
ozonide
perchlorate
perchloric acid
proline
biomass
butane
char
charcoal
wood coal
coal gas
town gas
coke
diesel oil
diesel fuel
derv
fossil fuel
fuel oil
heating oil
gasohol
gasoline
gasolene
gas
petrol
leaded gasoline
illuminant
kerosene
kerosine
lamp oil
coal oil
methanol
methyl alcohol
wood alcohol
wood spirit
nuclear fuel
opal
oroide
oreide
paraldehyde
ethanal trimer
triose
tetrose
pentose
hexose
pentoxide
peptone
quaternary ammonium compound
proenzyme
zymogen
propane
rocket fuel
rocket propellant
rocket propellent
propylthiouracil
pyridine
pyrites
reactant
red fire
resinoid
ribose
ricin
ricin toxin
gem
gemstone
stone
cabochon
adhesive material
adhesive
birdlime
lime
glue
gum
mucilage
animal glue
casein glue
crazy glue
fish glue
marine glue
putty
iron putty
red-lead putty
spirit gum
binder
cement
mastic
paste
library paste
wafer
paste
rubber cement
purine
purine
adenine
a
adenosine deaminase
ada
adenosine monophosphate
amp
adenylic acid
adenosine diphosphate
adp
adenosine triphosphate
atp
agate
moss agate
alar
daminozide
alcohol
ether
ethyl alcohol
ethanol
fermentation alcohol
grain alcohol
spirits of wine
absolute alcohol
isopropyl alcohol
isopropanol
denaturant
denatured alcohol
ethyl
ethyl group
ethyl radical
aldohexose
aldose
acetal
acetaldol
acetaldehyde
ethanal
acetamide
ethanamide
acrylamide
aldol
aldehyde-alcohol
alkali
alkali metal
alkaline metal
alkaline earth
alkaline-earth metal
alkaloid
alkene
olefine
olefin
alkylbenzenesulfonate
ephedrine
ergonovine
ergotrate maleate
ergotamine
pseudoephedrine
epsilon toxin
clostridium perfringens epsilon toxin
aflatoxin
nicotine
strychnine
brucine
shag
turkish tobacco
alexandrite
alloy iron
alloy cast iron
alloy steel
alnico
amalgam
dental amalgam
fusible metal
brass
bronze
gunmetal
phosphor bronze
cupronickel
electrum
pewter
pinchbeck
pot metal
hard solder
silver solder
soft solder
solder
gold dust
white gold
monel metal
monell metal
type metal
white metal
bearing metal
allyl alcohol
propenyl alcohol
allyl resin
alpha-beta brass
muntz metal
yellow metal
alpha brass
alpha bronze
alpha iron
alpha-tocopheral
carotenoid
carotene
lycopene
beta-carotene
xanthophyll
xanthophyl
lutein
zeaxanthin
betaine
beta iron
gamma iron
delta iron
amethyst
aluminum bronze
aluminium bronze
activator
activating agent
catalyst
accelerator
biocatalyst
sensitizer
sensitiser
amide
inhibitor
antioxidant
rust inhibitor
anticatalyst
carrier
moderator
heavy water
deuterium oxide
organic compound
protein
actomyosin
aleurone
amyloid
apoenzyme
beta-naphthol
gelatin
gelatine
chondrin
mucin
conjugated protein
compound protein
actin
albumin
albumen
lactalbumin
serum albumin
alpha globulin
serum globulin
c-reactive protein
crp
keratin
ceratin
chitin
enzyme
fibrin
growth factor
nerve growth factor
ngf
hatoglobin
iodoprotein
iodinated protein
nucleoprotein
opsin
phosphoprotein
casein
amylase
angiotensin converting enzyme
cholinesterase
coagulase
collagenase
complement
plasma protein
prostate specific antigen
psa
proteome
simple protein
thrombin
tumor necrosis factor
tumour necrosis factor
tnf
catalase
cyclooxygenase
cox
cyclooxygenase-1
cox-1
cyclooxygenase-2
cox-2
ptyalin
rennet
ferment
substrate
amine
aminoalkane
azadirachtin
carboxylic acid
saccharic acid
sebacic acid
decanedioic acid
sorbic acid
valeric acid
pentanoic acid
fatty acid
saturated fatty acid
unsaturated fatty acid
trans fatty acid
monounsaturated fatty acid
polyunsaturated fatty acid
omega-3 fatty acid
omega-3
omega-6 fatty acid
omega-6
margaric acid
heptadecanoic acid
ricinoleic acid
fibrinopeptide
polypeptide
peptide
aminobenzoic acid
amino plastic
aminoplast
amino resin
ammonia
ammine
ammonia water
ammonia
ammonium hydroxide
ammonium
ammonium ion
ammonium carbamate
ammonium carbonate
ammonium chloride
sal ammoniac
amyl alcohol
androsterone
prolactin
lactogenic hormone
luteotropin
estrone
oestrone
theelin
estronol
cortisone
cortone acetate
prednisolone
pediapred
prelone
prednisone
orasone
deltasone
liquid pred
meticorten
dexamethasone
decadron
dexamethasone intensol
dexone
hexadrol
oradexon
spironolactone
aldactone
aniline
aniline oil
aminobenzine
phenylamine
animal oil
drying oil
urobilinogen
stercobilinogen
caffeine
caffein
cassava
cassava starch
manioc
manioca
anime
gum anime
antifreeze
nitric acid
aqua fortis
nitrous acid
nitrogen oxide
nitrogen dioxide
anhydride
aqua regia
nitrohydrochloric acid
aquamarine
arginine
aromatic hydrocarbon
arsenic
arsenic trioxide
arsenous anhydride
arsenous oxide
acetic anhydride
phthalic anhydride
asafetida
asafoetida
ash
fly ash
austenite
austenitic steel
axle grease
azide
hydrazoite
gentian violet
crystal violet
thiazine
methylene blue
methylthionine chloride
phenothiazine
thiodiphenylamine
babbitt metal
babbitt
bactericide
bacteriacide
bagasse
banana oil
barbituric acid
malonylurea
barium sulphate
barium sulfate
blanc fixe
basic iron
bath water
battery acid
electrolyte acid
bearing brass
beebread
ambrosia
beef tallow
beet sugar
bell metal
benzene
benzine
benzol
benzene formula
benzene ring
benzene nucleus
kekule formula
benzoate
benzoate of soda
sodium benzoate
benzoic acid
benzoyl peroxide
beryllium bronze
bicarbonate
hydrogen carbonate
bicarbonate of soda
sodium hydrogen carbonate
sodium bicarbonate
baking soda
saleratus
bitter principle
black opal
active agent
active
lansoprazole
prevacid
agent
reagent
bacteriostat
bleaching agent
bleach
blanching agent
whitener
chemical agent
desiccant
drying agent
drier
sicative
oxidant
oxidizer
oxidiser
oxidizing agent
reducing agent
reducer
reductant
bleaching powder
chlorinated lime
chloride of lime
bleach liquor
hydrogen peroxide
peroxide
blister copper
bloodstone
heliotrope
blubber
blue vitriol
blue copperas
blue stone
chalcanthite
bone ash
bonemeal
neem cake
bone fat
bone oil
dippel's oil
bone oil
borate
boric acid
boracic acid
boric acid
orthoboric acid
boron trifluoride
borosilicate
bouncing putty
brimstone
native sulfur
native sulphur
britannia metal
bromic acid
bromide
buffer
buffer solution
starting buffer
phosphate buffer solution
pbs
animal fat
butterfat
butanone
methyl ethyl ketone
butyl alcohol
butanol
butyric acid
butanoic acid
butyrin
tributyrin
cacodyl
cacodyl group
cacodyl radical
arsenic group
cacodyl
tetramethyldiarsine
calcium carbide
calcium-cyanamide
cyanamide
calcium hypochlorite
calcium lactate
calcium nitrate
calcium oxide
quicklime
lime
calx
calcined lime
fluxing lime
unslaked lime
burnt lime
calcium phosphate
calcium stearate
calcium octadecanoate
carbonyl
carbonyl group
carboxyl
carboxyl group
camphor
camphor oil
candelilla wax
cane sugar
cannabin
cannabis resin
cannel coal
capric acid
decanoic acid
caproic acid
hexanoic acid
caprylic acid
carbamate
carbamic acid
carbide
carbohydrate
saccharide
sugar
carboloy
carbonado
black diamond
carbon black
lampblack
soot
smut
carcinogen
cellulose
carboxymethyl cellulose
diethylaminoethyl cellulose
deae cellulose
pulp
cartridge brass
case-hardened steel
cellulose ester
cellulose nitrate
nitrocellulose
guncotton
nitrocotton
collodion
pyrocellulose
pyroxylin
pyroxyline
glycogen
animal starch
inulin
carbolic acid
phenol
hydroxybenzene
oxybenzene
phenylic acid
activated carbon
activated charcoal
graphite
black lead
plumbago
pencil
carbon dioxide
co2
carbonic acid gas
chokedamp
blackdamp
carbon disulfide
carbon monoxide
carbon monoxide gas
co
carbon tetrachloride
carbon tet
tetrachloromethane
perchloromethane
carbon tetrahalide
carbonate
fulminate
mercury fulminate
fulminate of mercury
fulminating mercury
carbonic acid
abrasive
abradant
abrasive material
carborundum
cocarboxylase
thiamine pyrophosphate
coenzyme
coenzyme a
cofactor
carnelian
cornelian
ingot iron
cast iron
pot metal
wrought iron
steel
stainless steel
chromium steel
carbon steel
crucible steel
damascus steel
damask steel
steel wool
wire wool
cationic detergent
invert soap
cat's eye
cellulosic
cementite
iron carbide
ceresin
cetrimide
chalcedony
calcedony
chemical
neurochemical
neurotransmitter
monoamine neurotransmitter
chromophore
serotonin
5-hydroxytryptamine
acetylcholine
acyl anhydrides
acid anhydrides
acyl halide
acid halide
acetyl chloride
ethanoyl chloride
endorphin
beta endorphin
enkephalin
cheoplastic metal
chisel steel
chlorine dioxide
chlorine water
chloropicrin
nitrochloroform
chlorpyrifos
choline
chrome
chrome-nickel steel
elinvar
chrome-tungsten steel
chromic acid
chromate
lead chromate
chrysolite
chrysoprase
cinder pig
citric acid
citrine
coal
anthracite
anthracite coal
hard coal
bituminous coal
soft coal
lignite
brown coal
wood coal
sea coal
steam coal
clorox
coagulant
coagulator
cod-liver oil
cod liver oil
cod oil
lanolin
wool fat
wool grease
coin silver
combustible
combustible material
complementary dna
cdna
complex
coordination compound
composite material
hydrochloride
compost
compound
chemical compound
allomorph
conjugate solution
conjugate
constantan
eureka
conductor
semiconductor
semiconducting material
insulator
dielectric
nonconductor
contaminant
contamination
coolant
copper-base alloy
copper oxide
copper sulfate
copper sulphate
cupric sulfate
cupric sulphate
coral
red coral
precious coral
corn sugar
corrosive
aluminate
aluminum hydroxide
aluminium hydroxide
hydrated aluminum oxide
hydrated aluminium oxide
cottonseed cake
cotton cake
coumarone-indene resin
coumarone resin
indene
creatine
creatin
creosote
coal-tar creosote
creosote
cresol
methyl phenol
cryogen
cyanamide
cyanamid
cyanic acid
cyanide
sodium cyanide
cyano group
cyano radical
cyanide group
cyanide radical
nitrile
nitril
cyanide
cyanohydrin
cyanuric acid
cyclohexanol
cyclohexanol phthalate
cymene
cytokine
cytosine
c
decarboxylase
defoliant
de-iodinase
demantoid
andradite
demerara
deoxyadenosine monophosphate
a
deoxycytidine monophosphate
c
deoxyguanosine monophosphate
g
deoxythymidine monophosphate
t
deoxyribonucleic acid
desoxyribonucleic acid
dna
exon
coding dna
intron
junk dna
recombinant deoxyribonucleic acid
recombinant dna
sticky end
transposon
jumping gene
ribonuclease
ribonucleinase
rnase
ribonucleic acid
rna
messenger rna
mrna
template rna
informational rna
nuclear rna
nrna
transfer rna
trna
acceptor rna
soluble rna
deoxyribose
dental gold
depilatory
diamond
adamant
mono-iodotyrosine
di-iodotyrosine
iodotyrosine
iodothyronine
tri-iodothyronine
dilutant
diluent
thinner
dilution
dimer
dimethylglyoxime
diol
glycol
dihydric alcohol
dioxide
dioxin
disaccharidase
disaccharide
dishwater
distillate
distillation
distilled water
drill steel
drill rod
docosahexaenoic acid
dopamine
dopastat
intropin
dottle
dubbin
duralumin
elaidic acid
elastomer
water
h2o
holy water
ground water
spring water
well water
eicosapentaenoic acid
eleostearic acid
elaeostearic acid
electrolyte
eluate
fehling's solution
formalin
formol
gargle
mouthwash
infusion
extract
pancreatin
injection
injectant
isotonic solution
isosmotic solution
elastase
emerald
emery cloth
emery paper
sandpaper
enterokinase
erythropoietin
ester
ethane
c2h6
ethyl acetate
ethylene
ethene
trichloroethylene
trichloroethane
tce
ethylene glycol
glycol
ethanediol
propylene glycol
propanediol
emmenagogue
eutectoid steel
high explosive
low explosive
toxic waste
toxic industrial waste
ferrite
fertilizer
fertiliser
plant food
gallamine
flaxedil
organic
organic fertilizer
organic fertiliser
flux
soldering flux
sodium nitrate
soda niter
pearl ash
potassium bicarbonate
potassium acid carbonate
potassium hydrogen carbonate
potassium chloride
k-dur 20
kaochlor
k-lor
klorvess
k-lyte
potassium nitrate
saltpeter
saltpetre
niter
nitre
potassium bromide
potassium carbonate
potassium chlorate
potassium cyanide
potassium dichromate
potassium iodide
proprionamide
propanamide
propionic acid
propanoic acid
putrescine
pyroligneous acid
wood vinegar
manure
chicken manure
cow manure
green manure
horse manure
night soil
fat
cocoa butter
leaf fat
leaf lard
ferric oxide
ferricyanic acid
ferricyanide
ferritin
ferrocerium
ferrocyanic acid
ferrocyanide
fish meal
filtrate
firelighter
fire opal
girasol
fish oil
fixative
fixing agent
fixer
chert
taconite
firestone
flavin
flint
flintstone
floor wax
fluoride
fluoroboric acid
fluoroboride
fluorocarbon
fluorocarbon plastic
fluosilicate
fluosilicic acid
hydrofluosilicic acid
formaldehyde
methanal
formic acid
formulation
preparation
free radical
radical
freezing mixture
fructose
fruit sugar
levulose
laevulose
fuel
fulvic acid
fumaric acid
fumigant
furan
furane
furfuran
furfural
furfuraldehyde
galactagogue
galactose
brain sugar
gallic acid
galvanized iron
carbuncle
liquefied petroleum gas
bottled gas
water gas
gilding metal
natural glass
quartz glass
quartz
vitreous silica
lechatelierite
crystal
opal glass
milk glass
optical glass
optical crown
crown glass
optical flint
flint glass
crown glass
tektite
glass
soft glass
ground glass
ground glass
lead glass
safety glass
laminated glass
shatterproof glass
soluble glass
water glass
sodium silicate
stained glass
tiffany glass
wire glass
crystal
twins
enamine
enantiomorph
enantiomer
glucose
dextrose
dextroglucose
grape sugar
blood sugar
blood glucose
glutamate
glutamic oxalacetic transaminase
glutamic oxaloacetic transaminase
glyceraldehyde
glyceric aldehyde
glyceric acid
glyceride
acylglycerol
triglyceride
glycerol
glycerin
glycerine
glycerinated gelatin
glycerin jelly
glycerite
glycerole
glycerogelatin
glycerogel
glyceryl
nitroglycerin
nitroglycerine
trinitroglycerin
glyceryl trinitrate
nitrospan
nitrostat
glyceryl ester
glycoside
amygdalin
laetrile
glucoside
saponin
glycolic acid
glycollic acid
hydroxyacetic acid
glycoprotein
hemoprotein
haemoprotein
lectin
rust
goitrogen
goldstone
gondang wax
fig wax
goose grease
granular pearlite
globular pearlite
grease
lubricating oil
greek fire
green gold
grid metal
grout
guanine
g
guano
guinea gold
essential oil
volatile oil
attar
atar
athar
ottar
attar of roses
rose oil
clove oil
oil of cloves
costus oil
eucalyptus oil
turpentine
oil of turpentine
spirit of turpentine
turps
wormwood oil
absinthe oil
linalool
resin
rosin
natural resin
amber
urea-formaldehyde resin
copal
copalite
copaline
fossil copal
congo copal
congo gum
kauri
kauri copal
kauri resin
kauri gum
dammar
gum dammar
damar
dammar resin
zanzibar copal
anime
colophony
mastic
oleoresin
balsam
balm
balm of gilead
tolu
canada balsam
turpentine
gum terpentine
chian turpentine
copaiba
copaiba balsam
balsam capivi
gum resin
benzoin
gum benzoin
benjamin
gum benjamin
asa dulcis
benzofuran
coumarone
cumarone
bdellium
gamboge
myrrh
gum myrrh
sweet cicely
culture
medium
synthetic
synthetic resin
alkyd
alkyd resin
phenolic resin
phenolic
phenoplast
epoxy
epoxy resin
epoxy glue
copolymer
polyurethane
ployurethan
polyfoam
polyurethane foam
cinnamon stone
essonite
hessonite
gummite
halibut-liver oil
halide
halocarbon
hard lead
hard lead
antimonial lead
hard steel
hard water
harlequin opal
hemiacetal
hemlock
hemolysin
haemolysin
erythrolysin
erythrocytolysin
heptane
herbicide
weedkiller
weed killer
hexane
high brass
high-density lipoprotein
hdl
alpha-lipoprotein
high-speed steel
hot-work steel
histidine
histaminase
humic acid
humic substance
humin
hyaluronic acid
hyaluronidase
spreading factor
hyazyme
hydrate
hydrazine
hydride
hydrobromic acid
hydrocarbon
bitumen
pitch
tar
coal tar
butadiene
chloroprene
hydrochloric acid
hydrofluorocarbon
hfc
hydrogen bromide
hydrogen chloride
hydrogen fluoride
hydrofluoric acid
hydrogen iodide
hydroiodic acid
hydrogen sulfide
hyper-eutectoid steel
hypnagogue
hypo
sodium thiosulphate
sodium thiosulfate
hypochlorous acid
hypo-eutectoid steel
hypoglycemic agent
hypoglycaemic agent
hydrazo group
hydrazo radical
hydroxide
hydroxyl
hydroxyl group
hydroxyl radical
hydroxymethyl
ice
water ice
black ice
frost
hoar
hoarfrost
rime
icicle
inconel
imidazole
iminazole
glyoxaline
indelible ink
india ink
drawing ink
ink
magnetic ink
printer's ink
printing ink
writing ink
inducer
incense
inorganic compound
inositol
insecticide
insect powder
insectifuge
insect repellent
insect repellant
repellent
repellant
repellent
repellant
interleukin
intermediate
invar
invertase
saccharase
sucrase
invert sugar
javelle water
javel water
eau de javelle
fraction
iodic acid
iodide
iodocompound
thyroprotein
thyroglobulin
iron disulfide
iron perchloride
isocyanate
isocyanic acid
isoleucine
isomer
isomerase
itaconic acid
jade
jadestone
japan wax
japan tallow
jasper
jet
joss stick
paraffin
paraffin oil
ketone
ketone body
acetone body
ketone group
acetoacetic acid
beta-hydroxybutyric acid
hydroxybutyric acid
oxybutyric acid
ketohexose
ketose
kinase
kunzite
kwell
labdanum
gum labdanum
lactase
lactaid
lactic acid
lactifuge
lactogen
lactose
milk sugar
lamellar mixture
lapis lazuli
lazuli
lard oil
larvicide
lauric acid
dodecanoic acid
lauryl alcohol
1-dodecanol
latten
leaded bronze
lindane
leucine
lignin
hydroxide
hydrated oxide
calcium hydroxide
lime
slaked lime
hydrated lime
calcium hydrate
caustic lime
lime hydrate
dripstone
calcium bicarbonate
calcium carbonate
limewater
calcium chloride
calcium hydride
hydrolith
calcium sulphate
calcium sulfate
limonene
linoleic acid
linolic acid
linolenic acid
linuron
lipase
lipid
lipide
lipoid
lipoprotein
fluid
liquid
liquid nitrogen
liquid air
liquid bleach
liquid crystal
liquor
lithium carbonate
lithane
lithonate
eskalith
low brass
low-density lipoprotein
ldl
beta-lipoprotein
lye
lymphokine
lysine
lysol
lysozyme
muramidase
macromolecule
supermolecule
magnesium bicarbonate
magnesium nitride
magnesium sulfate
epsom salts
bitter salts
malathion
maleate
maleic acid
maltose
malt sugar
manganese bronze
high-strength brass
manganese steel
austenitic manganese steel
manganate
maple sugar
marking ink
marsh gas
martensite
mash
sour mash
matte
medium steel
megilp
megalp
melamine
cyanuramide
melamine resin
meltwater
menhaden oil
calomel
mercurous chloride
methane
methane series
alkane series
alkane
paraffin
methyl bromide
methylated spirit
methylene group
methylene radical
methylene
methyl
methyl group
methyl radical
methionine
methyl salicylate
birch oil
sweet-birch oil
mild steel
low-carbon steel
soft-cast steel
mine pig
mineral oil
misch metal
mitogen
motor oil
molybdenum steel
monoamine
monoamine oxidase
mao
monohydrate
monosaccharide
monosaccharose
simple sugar
monoxide
montan wax
moonstone
chrome alum
tartar emetic
antimony potassium tartrate
tartrate
bitartrate
morganite
mucoid
mucopolysaccharide
muriatic acid
muton
nitrogen mustard
mutton tallow
myelin
myeline
medulla
myristic acid
tetradecanoic acid
napalm
naphtha
naphthalene
naphthol
pyrene
natural gas
gas
naval brass
admiralty brass
admiralty metal
tobin bronze
neat's-foot oil
nebula
nerve gas
nerve agent
vx gas
sarin
gb
neuromuscular blocking agent
nichrome
nickel-base alloy
nickel alloy
nickel bronze
nickel silver
german silver
nickel steel
nicotinamide adenine dinucleotide
nad
nicotinamide adenine dinucleotide phosphate
nadp
ni-hard
ni-hard iron
ni-resist
ni-resist iron
nitride
nitrobenzene
nitrofuran
nitrogenase
nuclease
nucleic acid
nucleoside
nucleotide
cellulose acetate
cellulose triacetate
triacetate
celluloid
cellulose xanthate
viscose
polyamide
polymeric amide
nylon
octane
oil
fixed oil
fatty oil
fusel oil
gas oil
stand oil
neroli oil
tall oil
oil-hardened steel
oleic acid
oleo oil
oleoresin capiscum
oligosaccharide
onyx
opaque gem
organophosphate
organophosphate nerve agent
ormolu
oxalacetate
oxaloacetate
oxalacetic acid
oxaloacetic acid
oxalate
oxalic acid
ethanedioic acid
oxidase
oxide
oxidoreductase
oxime
oxyacetylene
oxyacid
oxygen acid
periodic acid
oxygenase
palmitic acid
hexadecanoic acid
palmitin
pantothenic acid
pantothen
papain
para aminobenzoic acid
paba
paraquat
parget
pargeting
pargetting
pearlite
pectic acid
pectin
pediculicide
penicillinase
beta-lactamase
pepsin
pepsinogen
perboric acid
perfluorocarbon
pfc
permalloy
permanganate
permanganic acid
peroxidase
peridot
peroxide
pesticide
petrochemical
petroleum
crude oil
crude
rock oil
fossil oil
residual oil
resid
petrolatum
petroleum jelly
mineral jelly
system
phenolic plastic
phenolic urea
phenylalanine
phosphatase
phosphine
phosphate
orthophosphate
inorganic phosphate
phosphocreatine
creatine phosphate
creatine phosphoric acid
phospholipid
phosphoric acid
orthophosphoric acid
phthalic acid
picric acid
pig iron
pig lead
plasmin
fibrinolysin
plasminogen
plasminogen activator
urokinase
platinum black
polymerase
transcriptase
reverse transcriptase
lead acetate
sugar of lead
phenol
pine tar
pisang wax
plasma
plaster
plaster of paris
plaster
polyester
polyester
polyester fiber
polysaccharide
polyose
polymer
polyphosphate
polyunsaturated fat
potassium ferrocyanide
yellow prussiate of potash
potassium permanganate
permanganate of potash
polish
polypropylene
polypropene
polyvinyl-formaldehyde
porpoise oil
dolphin oil
potash
caustic potash
potassium hydroxide
powder
pulverization
pulverisation
precipitant
preservative
product
percolate
propanal
propionaldehyde
propanol
propyl alcohol
propenal
acrolein
propenoate
acrylate
propenoic acid
acrylic acid
propenonitrile
acrylonitrile
vinyl cyanide
propyl
propyl group
propyl radical
protease
peptidase
proteinase
proteolytic enzyme
ptomaine
ptomain
pyrex
pyrimidine
pyrimidine
pyrope
pyrophoric alloy
pyruvic acid
quassia
quenched steel
quinone
benzoquinone
rhodolite
raffinose
rauwolfia
red brass
guinea gold
red lead
minium
red tide
reductase
refrigerant
renin
rennin
chymosin
residue
resorcinol
restrainer
restriction endonuclease
restriction nuclease
restriction enzyme
roughcast
butyl
ruby
rain
rainwater
seawater
saltwater
brine
fresh water
rochelle salt
rochelle salts
seidlitz powder
seidlitz powders
rochelle powder
salicylate
salicylic acid
2-hydroxybenzoic acid
salmon oil
salol
phenyl salicylate
salt
double salt
parathion
paris green
rotenone
bile salt
glauber's salt
glauber's salts
cream of tartar
tartar
potassium hydrogen tartrate
sodium chlorate
dichromic acid
bichromate
dichromate
sodium dichromate
sodium bichromate
ammonium nitrate
silver nitrate
lunar caustic
caustic
sodium hydroxide
caustic soda
silver bromide
silver iodide
nitrate
nitro group
nitrite
sodium nitrite
gunpowder
powder
smokeless powder
ballistite
microcosmic salt
chloride
trichloride
nitrogen trichloride
agene
dichloride
bichloride
perchloride
chloride
aluminum chloride
aluminium chloride
methylene chloride
dichloromethane
obidoxime chloride
silver chloride
stannic chloride
stannous fluoride
starter
water sapphire
sapphire
sarcosine
sard
sardine
sardius
sardine oil
sardonyx
saxitoxin
scale wax
paraffin scale
scavenger
schorl
scrap iron
seal oil
secretase
serine
globulin
gamma globulin
human gamma globulin
myosin
coagulation factor
clotting factor
fibrinogen
factor i
hemoglobin
haemoglobin
hb
myoglobin
oxyhemoglobin
oxyhaemoglobin
hemin
protohemin
heterocyclic compound
heterocyclic
heterocycle
cytochrome
cytochrome c
globin
hematohiston
haematohiston
glutelin
histone
prolamine
protamine
scleroprotein
albuminoid
antibody
autoantibody
precipitin
abo antibodies
rh antibody
antitoxin
antivenin
antivenene
tetanus antitoxin
agglutinin
isoagglutinin
heterophil antibody
heterophile antibody
forssman antibody
isoantibody
alloantibody
monoclonal antibody
opsonin
immunoglobulin
ig
immune serum globulin
immune gamma globulin
immune globulin
immunoglobulin a
iga
immunoglobulin d
igd
immunoglobulin e
ige
reagin
immunoglobulin g
igg
immunoglobulin m
igm
tetanus immunoglobulin
tetanus immune globulin
poison
poisonous substance
chemical irritant
capsaicin
gingerol
piperin
piperine
isothiocyanate
toxin
anatoxin
toxoid
animal toxin
zootoxin
bacterial toxin
botulin
botulinus toxin
botulismotoxin
cytotoxin
endotoxin
enterotoxin
exotoxin
hepatotoxin
nephrotoxin
neurotoxin
neurolysin
mycotoxin
plant toxin
phytotoxin
venom
kokoi venom
snake venom
sap
scabicide
shale oil
shark oil
shark-liver oil
sheep dip
shoe polish
blacking
shot metal
silicic acid
silicate
silicide
silicon carbide
silicone
silicone polymer
silicone resin
siloxane
silex
silica
silicon oxide
silicon dioxide
silica gel
silicon bronze
silvex
simazine
simoniz
ski wax
slush
smelling salts
snake oil
snuff
soda lime
sodium carbonate
washing soda
sal soda
soda ash
soda
sodium carboxymethyl cellulose
sodium fluoride
sodium hydride
sodium hypochlorite
sodium iodide
sodium lauryl sulphate
sodium lauryl sulfate
sls
sodium pyrophosphate
tetrasodium pyrophosphate
sodium sulphate
sodium sulfate
sodium tripolyphosphate
sodium phosphate
sodium orthophosphate
soft water
solid
dry ice
solute
solvate
solvating agent
viricide
virucide
soup
spackle
spackling compound
sparkle metal
spiegeleisen
spiegel
spiegel iron
sperm oil
spice
stacte
staphylococcal enterotoxin
staphylococcal enterotoxin b
seb
solid solution
primary solid solution
spirits of ammonia
sal volatile
hiddenite
spray
stabilizer
stachyose
gram's solution
star sapphire
starch
amylum
arrowroot
cornstarch
cornflour
sago
pearl sago
amyloid
otaheite arrowroot
otaheite arrowroot starch
steam
live steam
water vapor
water vapour
vapor
vapour
softener
water softener
soman
gd
spray
sea spray
spindrift
spoondrift
stearic acid
octadecanoic acid
stearin
stellite
sterling silver
sternutator
sternutatory
steroid
nonsteroid
nonsteroidal
ketosteroid
sterol
steroid alcohol
cholesterol
cholesterin
hdl cholesterol
ldl cholesterol
oxidized ldl cholesterol
ergosterol
bile acid
cholic acid
bilge
bilge water
cardiac glycoside
cardiac glucoside
digitalis
digitalis glycoside
digitalin
render
streptodornase
streptokinase
streptolysin
stripper
strophanthin
stucco
tallow
sucrose
saccharose
jaggery
jagghery
jaggary
structural iron
structural steel
sulfanilic acid
sulphanilic acid
sulfate
sulphate
sulfide
sulphide
sulfur oxide
sulphur oxide
sulfur dioxide
sulphur dioxide
sulfur hexafluoride
sulphur hexafluoride
sunstone
aventurine
superoxide
superoxide dismutase
sod
surgical spirit
swedish iron
tabun
ga
tallow oil
tannin
tannic acid
tartaric acid
racemic acid
telluride
telomerase
tenderizer
tenderiser
terpene
tetrachloride
tetrafluoroethylene
tetrahalide
tetrasaccharide
thiouracil
thiocyanate
thiocyanic acid
threonine
prothrombin
factor ii
thromboplastin
thrombokinase
factor iii
calcium ion
factor iv
proaccelerin
prothrombin accelerator
accelerator factor
factor v
proconvertin
cothromboplastin
stable factor
factor vii
antihemophilic factor
antihaemophilic factor
antihemophilic globulin
antihaemophilic globulin
factor viii
hemofil
christmas factor
factor ix
prothrombinase
factor x
plasma thromboplastin antecedent
factor xi
hageman factor
factor xii
fibrinase
factor xiii
thymine
t
deoxyadenosine
deoxycytidine
cytidine
deoxyguanosine
guanosine
deoxythymidine
thymidine
thymol
thyme camphor
thymic acid
thyronine
toluene
methylbenzene
toluic acid
tombac
tombak
tambac
toner
tool steel
topaz
tourmaline
trace element
transaminase
aminotransferase
aminopherase
transferase
transferrin
beta globulin
siderophilin
transparent gem
triazine
trichloroacetic acid
trichloracetic acid
margarin
glycerol trimargarate
triolein
olein
trimer
trioxide
tripalmitin
glycerol tripalmitate
triphosphopyridine
triphosphopyridine nucleotide
triphosphoric acid
trisaccharide
trisodium phosphate
trisodium orthophosphate
tribasic sodium phosphate
tristearin
glycerol tristearate
trypsin
trypsinogen
tryptophan
tryptophane
tuna oil
tungsten steel
wolfram steel
tungstate
tungstic acid
turquoise
tyramine
tyrosine
ubiquinone
coenzyme q
undecylenic acid
unleaded gasoline
urease
urethane
uracil
u
uranyl
uranyl group
uranyl radical
uranyl nitrate
uranyl oxalate
urea
carbamide
uric acid
urate
tophus
chalkstone
valine
linseed oil
flaxseed oil
tung oil
chinese wood oil
chaulmoogra oil
vanadate
vanadium pentoxide
vanadic acid
vanadium steel
very low density lipoprotein
vldl
vinegar
vinyl
vinyl
vinyl group
vinyl radical
vinyl polymer
vinyl resin
polyvinyl resin
vitamin a
antiophthalmic factor
axerophthol
a
vitamin a1
retinol
vitamin a2
dehydroretinol
provitamin
provitamin a
carotene
carotin
b-complex vitamin
b complex
vitamin b complex
vitamin b
b vitamin
b
vitamin b1
thiamine
thiamin
aneurin
antiberiberi factor
vitamin b12
cobalamin
cyanocobalamin
antipernicious anemia factor
vitamin b2
vitamin g
riboflavin
lactoflavin
ovoflavin
hepatoflavin
vitamin b6
pyridoxine
pyridoxal
pyridoxamine
adermin
vitamin bc
vitamin m
folate
folic acid
folacin
pteroylglutamic acid
pteroylmonoglutamic acid
niacin
nicotinic acid
vitamin e
tocopherol
e
biotin
vitamin h
vitamin c
ascorbic acid
vitriol
oil of vitriol
sulfuric acid
sulphuric acid
volatile
water of crystallization
water of crystallisation
water of hydration
wax
beeswax
ghedda wax
cerumen
earwax
paraffin
paraffin wax
spermaceti
vegetable wax
shellac wax
lac wax
cadaverine
cadmium sulfide
zinc cadmium sulfide
wetting agent
wetter
surfactant
surface-active agent
detergent
builder
detergent builder
whale oil
train oil
firewood
cordwood
brand
firebrand
pine knot
igniter
ignitor
lighter
kindling
tinder
touchwood
spunk
punk
punk
wood pulp
wood sugar
xylose
wood's metal
wood's alloy
wood tar
wool oil
yellowcake
u308
zeolite
chabazite
chabasite
heulandite
natrolite
phillipsite
zinc oxide
flowers of zinc
philosopher's wool
zinc sulfate
zinc sulphate
white vitriol
zinc vitriol
zirconium oxide
zirconia
zirconium dioxide
zymase
enamel
imide
pregnanediol
tubocurarine
curare
vesicant
vesicatory
vitrification
xanthate
xanthic acid
xanthine
reaction time
response time
latency
latent period
caramelize
caramelise
convert
malt
citrate
equilibrate
alchemize
alchemise
alcoholize
alcoholise
suspend
resuspend
scavenge
clean
strip
bate
concentrate
deoxidize
deoxidise
reduce
benficiate
catabolize
catabolise
oxidize
oxidise
oxidate
breathe
pole
twin
effloresce
acidify
acetify
alkalize
alkalise
alkalify
basify
polymerize
polymerise
copolymerize
copolymerise
polymerize
polymerise
ionize
ionise
catalyze
catalyse
corrode
rust
corrode
eat
rust
fret
eat away
melanize
melanise
oxygenize
oxygenise
dehydrogenate
hydrogenate
oxygenize
oxygenise
peptize
peptise
sublime
sublimate
resublime
transmute
conjugate
alloy
fuse
curdle
crystallize
crystalize
crystalise
effloresce
melt
run
melt down
try
render
dissolve
solvate
react
dissolve
resolve
break up
cut
saturate
clot
coagulate
neutralize
neutralise
refine
rectify
precipitate
purify
sublimate
make pure
distill
purge
adulterate
stretch
dilute
debase
water down
sophisticate
doctor
doctor up
debase
alloy
isolate
preisolate
ammonify
thoriate
calcify
coke
denitrify
nitrify
nitrify
nitrogenize
nitrogenise
nitrify
detoxify
detoxicate
devitrify
devitrify
esterify
etherify
de-ionate
iodinate
de-iodinate
ionate
acetylate
acetylize
acetylise
acetylate
acetylize
acetylise
bromate
brominate
carboxylate
caseate
cure
dun
salinate
desalinate
desalt
desalinize
desalinise
volatilize
volatilise
denature
deflate
fractionate
fractionate
absorb
reabsorb
resorb
assimilate
imbibe
adsorb
sorb
take up
carburet
chemisorb
formulate
glycerolize
glycerolise
deglycerolize
deglycerolise
clap
solarize
solarise
develop
underdevelop
redevelop
chelate
absorbent
absorptive
nonabsorbent
nonabsorptive
acidic
alkaline
alkalic
amphoteric
amphiprotic
reversible
treated
untreated
technical
hydrophobic
hydrophilic
oleophilic
oleophobic
miscible
mixable
immiscible
unmixable
critical
noncritical
breakable
unbreakable
saturated
unsaturated
endothermic
endothermal
heat-absorbing
exothermic
exothermal
heat-releasing
free
bound
heavy
light
iodinating
de-iodinating
alloyed
emulsified
compounded
occluded
sorbed
leaded
unleaded
leadless
celluloid
synthetic
man-made
semisynthetic
synthetic
organic
inorganic
alloyed
reactive
unreactive
cured
vulcanized
vulcanised
treated
untreated
rich
lean
soluble
insoluble
stabile
labile
supernatant
suspended
volatile
nonvolatile
nonvolatilizable
nonvolatilisable
hydrous
hydrated
anhydrous
calcicolous
calcifugous
acetonic
acetylenic
acetylic
achlorhydric
adamantine
adrenergic
sympathomimetic
antiadrenergic
albuminous
aldehydic
aleuronic
alkahestic
alkaloidal
alkylic
allomerous
allotropic
allotropical
allylic
aluminous
amethystine
amino
aminic
ammino
amylolytic
anthracitic
anticoagulative
antimonial
antimonic
antimonious
aqueous
aquatic
argentic
argentous
arsenical
arsenious
aurous
auric
austenitic
autocatalytic
azido
azo
diazo
balsamic
balsamy
baric
barytic
benzenoid
benzoic
benzylic
bichromated
biocatalytic
biochemical
biosynthetic
boronic
bromic
butyraceous
butyric
cacodylic
caffeinic
calcareous
chalky
calcic
calciferous
camphoraceous
camphoric
carbonyl
carbonylic
carboxyl
carboxylic
catalatic
cellulosid
ceric
cerous
ceruminous
chalybeate
chelate
chelated
chemical
chemic
photochemical
chemical
physicochemical
cherty
chitinous
colorimetric
colorimetrical
covalent
cryogenic
cupric
cuprous
cytotoxic
diamantine
dicarboxylic
electronic
elemental
ferric
ferrous
fibrinous
formic
hydrolyzable
ionic
nonionic
nonpolar
monocarboxylic
photosynthetic
nonphotosynthetic
plumbic
plumbous
polymeric
proteinaceous
siliceous
silicious
telluric
vitreous
photoemissive
isomeric
lapidary
lithic
fungicidal
antifungal
residual
residuary
bismuthal
bismuthic
succinic
iridic
resinated
sulphuretted
sulfurized
sulfuretted
stearic
carbonaceous
carbonous
carbonic
carboniferous
mercurial
ethereal
interfacial
atomic
diatomic
subatomic
molecular
bimolecular
intermolecular
macerative
macromolecular
isotopic
mucinous
mucinoid
colloidal
monometallic
brazen
spectrometric
spectroscopic
spectroscopical
mass spectroscopic
anionic
cationic
qualitative
chromatographic
chromatographical
mesonic
mesic
zymotic
zymolytic
osmotic
waxen
waxy
enzymatic
nonenzymatic
iodinated
iodized
iodised
sternutatory
myelinic
proteolytic
sapphirine
pasteurian
acetic
actinic
bituminous
bituminoid
bitumenoid
boric
boracic
catalytic
hydraulic
methylated
azotic
nitric
nitrous
pectic
phosphorous
phosphoric
sulphuric
sulfuric
tannic
tartaric
ammoniated
viricidal
virucidal
catalytically
hard
organically
reversibly
chemically
chemically
with chemicals
biochemically
chromatographically
colloidally
flabbily
frothily
osmotically
qualitatively
synthetically
thinly
thin
thickly
thick
