chess move
castle
castling
capture
exchange
exchange
check
discovered check
checkmate
mate
gambit
chess
chess game
shogi
bishop
black
castle
rook
checkerboard
chessboard
chessman
chess piece
king
knight
horse
pawn
queen
square
white
checkmate
chess set
diagonal
chess master
chess player
patzer
fischer
bobby fischer
robert james fischer
karpov
anatoli karpov
anatoli yevgenevich karpov
kasparov
gary kasparov
gary weinstein
korchnoi
viktor korchnoi
viktor lvovich korchnoi
spassky
boris spassky
boris vasilevich spassky
develop
stalemate
castle
open
check
pin
