casting
filming
cinematography
motion-picture photography
take
retake
animation
film editing
cutting
bioscope
boom
microphone boom
cinema
movie theater
movie theatre
movie house
picture palace
fleapit
frame
lighting
remake
remaking
hero
film
cinema
celluloid
show bill
show card
theatrical poster
projection
dresser
actor's assistant
film star
movie star
moviegoer
motion-picture fan
projectionist
bogart
humphrey bogart
humphrey deforest bogart
costume
dress up
dub
synchronize
synchronise
film
shoot
take
videotape
tape
reshoot
direct
film
film-make
cinematize
cinematise
microfilm
star
co-star
emote
cut
screen
subtitle
costume
star
co-star
silent
heavy
cinematic
