chlorophyll
chlorophyl
chlorophyll a
chlorophyll b
bacteriochlorophyll
phycobilin
phycoerythrin
phycocyanin
acrylic
acrylic paint
blackwash
calcimine
casein paint
casein
coat of paint
color wash
colour wash
couch
distemper
enamel
encaustic
finger paint
fingerpaint
finish coat
finishing coat
fixative
flat coat
ground
primer
priming
primer coat
priming coat
undercoat
french polish
gouache
house paint
housepaint
latex paint
latex
rubber-base paint
oil
oil color
oil paint
paint
phenolphthalein
semigloss
shellac
shellac varnish
spray paint
tempera
poster paint
poster color
poster colour
varnish
wash
water-base paint
watercolor
watercolour
whitewash
band
stria
striation
stretch mark
color
colour
coloring
colouring
heather mixture
heather
colorlessness
colourlessness
achromatism
shade
tint
tincture
tone
undertone
tinge
chromatic color
chromatic colour
spectral color
spectral colour
achromatic color
achromatic colour
black
blackness
coal black
ebony
jet black
pitch black
sable
soot black
white
whiteness
alabaster
bleach
bone
ivory
pearl
off-white
chalk
frostiness
hoariness
gray
grayness
grey
greyness
ash gray
ash grey
silver
silver gray
silver grey
charcoal
charcoal gray
charcoal grey
oxford gray
oxford grey
dapple-gray
dapple-grey
dappled-gray
dappled-grey
iron-gray
iron-grey
tattletale gray
tattletale grey
red
redness
chrome red
turkey red
alizarine red
cardinal
carmine
crimson
ruby
deep red
dark red
burgundy
claret
oxblood red
wine
wine-colored
purplish red
cerise
cherry
cherry red
fuchsia
magenta
maroon
scarlet
vermilion
orange red
orange
orangeness
reddish orange
tangerine
yellow
yellowness
chrome yellow
canary yellow
canary
amber
gold
brownish yellow
gamboge
lemon
lemon yellow
maize
old gold
orange yellow
saffron
ocher
ochre
pale yellow
straw
greenish yellow
green
greenness
viridity
greenishness
sea green
sage green
bottle green
chrome green
emerald
olive green
yellow green
yellowish green
chartreuse
paris green
pea green
bluish green
blue-green
teal
cyan
jade green
jade
blue
blueness
azure
cerulean
sapphire
lazuline
sky-blue
powder blue
steel blue
prussian blue
dark blue
navy
navy blue
greenish blue
aqua
aquamarine
turquoise
cobalt blue
peacock blue
purplish blue
royal blue
purple
purpleness
empurpled
tyrian purple
indigo
mauve
reddish purple
royal purple
violet
reddish blue
pink
carnation
rose
old rose
solferino
purplish pink
yellowish pink
apricot
peach
salmon pink
coral
brown
brownness
vandyke brown
chocolate
coffee
deep brown
umber
burnt umber
light brown
tan
topaz
dun
grayish brown
greyish brown
fawn
beige
ecru
reddish brown
sepia
burnt sienna
venetian red
brick red
copper
copper color
indian red
yellowish brown
raw sienna
buff
caramel
caramel brown
puce
olive brown
olive
olive drab
pastel
snuff-color
snuff-colour
taupe
ultramarine
complementary color
complementary
coloration
colouration
hair coloring
pigmentation
chromatism
melanoderma
depigmentation
poliosis
complexion
skin color
skin colour
paleness
blondness
fairness
ruddiness
rosiness
lividness
lividity
luridness
paleness
pallidness
pallor
wanness
achromasia
sallowness
tawniness
darkness
duskiness
swarthiness
protective coloration
aposematic coloration
warning coloration
apatetic coloration
cryptic coloration
color code
absorption indicator
acid-base indicator
alpha-naphthol test
molisch's test
molisch test
molisch reaction
titanium dioxide
titanium oxide
titanic oxide
titania
metallized dye
cobalt blue
cobalt ultramarine
earth color
mosaic gold
stannic sulfide
carotenoid
carotene
lycopene
beta-carotene
xanthophyll
xanthophyl
lutein
zeaxanthin
acid dye
alizarin yellow
anil
indigo
indigotin
aniline dye
animal pigment
bilirubin
hematoidin
haematoidin
urobilin
luciferin
melanin
azo dye
congo red
gentian violet
crystal violet
methylene blue
methylthionine chloride
methyl orange
basic dye
cerulean blue
chromophore
chrome green
windsor green
hooker's green
chrome yellow
sienna
bister
bistre
burnt sienna
raw sienna
ocher
ochre
sinopis
sinopia
sinoper
yellow ocher
yellow ochre
indicator
indian red
ivory black
iron blue
prussian blue
iron blue
steel gray
davy's gray
payne's gray
litmus
litmus test
mordant
chrome alum
tartar emetic
antimony potassium tartrate
oxidation-reduction indicator
coloring material
colouring material
color
colour
dye
dyestuff
tincture
argent
alizarin
alizarine
alizarin carmine
alizarin crimson
alizarin red
bluing
blueing
blue
bromophenol blue
bromphenol blue
tetrabromo-phenolsulfonephthalein
bromothymol blue
bromthymol blue
cochineal
cyanine dye
direct dye
substantive dye
eosin
bromeosin
fluorescein
fluoresceine
fluorescent dye
resorcinolphthalein
fluorescein isothiocyanate
fluorescein isocyanate
fluorochrome
hair dye
hair coloring
hematochrome
henna
rinse
kendal green
kendal
lac dye
lead acetate
sugar of lead
orchil
archil
cudbear
pigment
bole
lake
lake
orange
watercolor
watercolour
quercitron
radiopaque dye
safranine
safranin
saffranine
pheno-safranine
tyrian purple
vat dye
vat color
woad
retinene
retinal
paris green
sodium dichromate
sodium bichromate
sepia
porphyrin
heme
haem
hematin
haemitin
protoheme
hemosiderin
haemosiderin
stain
counterstain
ultramarine
ultramarine blue
french blue
french ultramarine
french ultramarine blue
umber
raw umber
burnt umber
iodopsin
visual purple
rhodopsin
retinal purple
photopigment
cadmium yellow
cadmium yellow pale
cadmium orange
verdigris
cupric acetate
white lead
lead carbonate
zinc white
dark
chromatic
blue
bluish
blueish
light-blue
dark-blue
blue-black
yellow
yellowish
xanthous
achromatic
saturated
pure
unsaturated
colored
coloured
colorful
uncolored
uncoloured
white
whitened
light
light-colored
dark
bleached
colored
coloured
dyed
dirty
dingy
muddied
muddy
warm
cool
chlorophyllose
chlorophyllous
unpigmented
bistered
bistred
chromatic
chromatically
