acorn tube
anode
answering machine
beeper
pager
big board
caller id
cathode
cathode-ray tube
crt
color tube
colour tube
color television tube
colour television tube
color tv tube
colour tv tube
crookes tube
crystal oscillator
quartz oscillator
data multiplexer
defibrillator
detector
sensor
sensing element
digital display
alphanumeric display
diode
rectifying tube
rectifying valve
display
display panel
display board
board
dongle
doubler
electrode
electron gun
electronic device
electron multiplier
fire alarm
smoke alarm
friction tape
insulating tape
gas-discharge tube
generator
glow lamp
glow tube
grid
control grid
hearing aid
deaf-aid
hookup
iconoscope
interrupter
kinescope
picture tube
television tube
klystron
light-emitting diode
led
local oscillator
heterodyne oscillator
logic element
magnetron
mercury-vapor lamp
mine detector
monitor
monitoring device
multiplexer
orthicon
image orthicon
oscillator
oscilloscope
scope
cathode-ray oscilloscope
cro
pacemaker
artificial pacemaker
pentode
personal digital assistant
pda
personal organizer
personal organiser
organizer
organiser
pinger
plate
power station
power plant
powerhouse
pulse generator
raster
repeater
scanner
digital scanner
image scanner
slow match
substation
system clock
television-camera tube
television pickup tube
tetrode
threshold element
threshold gate
trackball
tricolor television tube
tricolour television tube
tricolor tube
tricolour tube
triode
tube
vacuum tube
thermionic vacuum tube
thermionic tube
electron tube
thermionic valve
x-ray tube
microphoning
modulate
strike
crash
go down
boost
advance
supercharge
electrify
wire
electrify
charge
charge
recharge
derate
dope
excite
ground
earth
plug in
connect
unplug
disconnect
generate
cut
burn
scan
soar
soar up
soar upwards
surge
zoom
billow
wallow
cloud
shunt
wire
rewire
