arthropod
trilobite
arachnid
arachnoid
harvestman
daddy longlegs
phalangium opilio
scorpion
false scorpion
pseudoscorpion
book scorpion
chelifer cancroides
whip-scorpion
whip scorpion
vinegarroon
mastigoproctus giganteus
spider
black and gold garden spider
argiope aurantia
barn spider
araneus cavaticus
garden spider
aranea diademata
comb-footed spider
theridiid
black widow
latrodectus mactans
tarantula
wolf spider
hunting spider
european wolf spider
tarantula
lycosa tarentula
trap-door spider
acarine
tick
hard tick
ixodid
ixodes dammini
deer tick
ixodes neotomae
ixodes pacificus
western black-legged tick
ixodes scapularis
black-legged tick
sheep-tick
sheep tick
ixodes ricinus
ixodes persulcatus
ixodes dentatus
ixodes spinipalpis
wood tick
american dog tick
dermacentor variabilis
soft tick
argasid
mite
acarid
trombidiid
trombiculiid
harvest mite
chigger
jigger
redbug
acarus
itch mite
sarcoptid
rust mite
spider mite
tetranychid
red spider
red spider mite
panonychus ulmi
myriapod
garden centipede
garden symphilid
symphilid
scutigerella immaculata
tardigrade
centipede
house centipede
scutigera coleoptrata
millipede
millepede
milliped
sea spider
pycnogonid
merostomata
class merostomata
xiphosura
order xiphosura
horseshoe crab
king crab
limulus polyphemus
xiphosurus polyphemus
asian horseshoe crab
eurypterida
order eurypterida
eurypterid
tongue worm
pentastomid
cuticula
stylet
sclerite
clypeus
carapace
shell
cuticle
apodeme
crustacean
green gland
malacostracan crustacean
decapod crustacean
decapod
brachyuran
crab
stone crab
menippe mercenaria
hard-shell crab
soft-shell crab
soft-shelled crab
dungeness crab
cancer magister
rock crab
cancer irroratus
jonah crab
cancer borealis
swimming crab
english lady crab
portunus puber
american lady crab
lady crab
calico crab
ovalipes ocellatus
blue crab
callinectes sapidus
fiddler crab
pea crab
oyster crab
pinnotheres ostreum
king crab
alaska crab
alaskan king crab
alaska king crab
paralithodes camtschatica
spider crab
european spider crab
king crab
maja squinado
giant crab
macrocheira kaempferi
lobster
true lobster
american lobster
northern lobster
maine lobster
homarus americanus
european lobster
homarus vulgaris
cape lobster
homarus capensis
norway lobster
nephrops norvegicus
spiny lobster
langouste
rock lobster
crawfish
crayfish
sea crawfish
crayfish
crawfish
crawdad
crawdaddy
old world crayfish
ecrevisse
american crayfish
hermit crab
shrimp
snapping shrimp
pistol shrimp
prawn
long-clawed prawn
river prawn
palaemon australis
tropical prawn
krill
euphausia pacifica
opossum shrimp
stomatopod
stomatopod crustacean
mantis shrimp
mantis crab
squilla
mantis prawn
isopod
woodlouse
slater
pill bug
sow bug
sea louse
sea slater
amphipod
beach flea
sand hopper
sandhopper
sand flea
skeleton shrimp
whale louse
branchiopod crustacean
branchiopod
branchiopodan
daphnia
water flea
fairy shrimp
brine shrimp
artemia salina
tadpole shrimp
copepod
copepod crustacean
brit
britt
cyclops
water flea
fish louse
seed shrimp
mussel shrimp
ostracod
barnacle
cerriped
cerripede
acorn barnacle
rock barnacle
balanus balanoides
goose barnacle
gooseneck barnacle
lepas fascicularis
onychophoran
velvet worm
peripatus
plicatoperipatus jamaicensis
wing
ala
halter
haltere
balancer
claw
chela
nipper
pincer
insect
ephemera
ephemeron
holometabola
metabola
defoliator
pollinator
gallfly
mecopteran
scorpion fly
hanging fly
collembolan
springtail
proturan
telsontail
beetle
tiger beetle
ladybug
ladybeetle
lady beetle
ladybird
ladybird beetle
two-spotted ladybug
adalia bipunctata
mexican bean beetle
bean beetle
epilachna varivestis
hippodamia convergens
vedalia
rodolia cardinalis
ground beetle
carabid beetle
bombardier beetle
calosoma
searcher
searcher beetle
calosoma scrutator
firefly
lightning bug
glowworm
long-horned beetle
longicorn
longicorn beetle
sawyer
sawyer beetle
pine sawyer
leaf beetle
chrysomelid
flea beetle
colorado potato beetle
colorado beetle
potato bug
potato beetle
leptinotarsa decemlineata
carpet beetle
carpet bug
buffalo carpet beetle
anthrenus scrophulariae
black carpet beetle
clerid beetle
clerid
bee beetle
lamellicorn beetle
scarabaeid beetle
scarabaeid
scarabaean
dung beetle
scarab
scarabaeus
scarabaeus sacer
tumblebug
dorbeetle
june beetle
june bug
may bug
may beetle
green june beetle
figeater
japanese beetle
popillia japonica
oriental beetle
asiatic beetle
anomala orientalis
rhinoceros beetle
melolonthid beetle
cockchafer
may bug
may beetle
melolontha melolontha
rose chafer
rose bug
macrodactylus subspinosus
rose chafer
rose beetle
cetonia aurata
stag beetle
elaterid beetle
elater
elaterid
click beetle
skipjack
snapping beetle
firefly
fire beetle
pyrophorus noctiluca
water beetle
whirligig beetle
deathwatch beetle
deathwatch
xestobium rufovillosum
weevil
snout beetle
boll weevil
anthonomus grandis
blister beetle
meloid
oil beetle
spanish fly
dutch-elm beetle
scolytus multistriatus
bark beetle
spruce bark beetle
dendroctonus rufipennis
rove beetle
darkling beetle
darkling groung beetle
tenebrionid
flour beetle
flour weevil
seed beetle
seed weevil
pea weevil
bruchus pisorum
bean weevil
acanthoscelides obtectus
rice weevil
black weevil
sitophylus oryzae
asian longhorned beetle
anoplophora glabripennis
web spinner
louse
sucking louse
common louse
pediculus humanus
head louse
pediculus capitis
body louse
cootie
pediculus corporis
crab louse
pubic louse
crab
phthirius pubis
bird louse
biting louse
louse
chicken louse
shaft louse
menopon palladum
menopon gallinae
flea
pulex irritans
dog flea
ctenocephalides canis
cat flea
ctenocephalides felis
chigoe
chigger
chigoe flea
tunga penetrans
sticktight
sticktight flea
echidnophaga gallinacea
dipterous insect
two-winged insects
dipteran
dipteron
gall midge
gallfly
gall gnat
hessian fly
mayetiola destructor
fly
alula
calypter
housefly
musca domestica
tsetse fly
tsetse
tzetze fly
tzetze
glossina
blowfly
blow fly
bluebottle
calliphora vicina
greenbottle
greenbottle fly
flesh fly
sarcophaga carnaria
tachina fly
gadfly
botfly
horse botfly
gasterophilus intestinalis
human botfly
dermatobia hominis
sheep botfly
sheep gadfly
oestrus ovis
warble fly
horsefly
cleg
clegg
horse fly
bee fly
robber fly
bee killer
fruit fly
pomace fly
apple maggot
railroad worm
rhagoletis pomonella
mediterranean fruit fly
medfly
ceratitis capitata
drosophila
drosophila melanogaster
vinegar fly
leaf miner
leaf-miner
louse fly
hippoboscid
horse tick
horsefly
hippobosca equina
sheep ked
sheep-tick
sheep tick
melophagus ovinus
horn fly
haematobia irritans
mosquito
gnat
yellow-fever mosquito
aedes aegypti
asian tiger mosquito
aedes albopictus
anopheline
malarial mosquito
malaria mosquito
common mosquito
culex pipiens
culex quinquefasciatus
culex fatigans
gnat
punkie
punky
punkey
no-see-um
biting midge
midge
fungus gnat
psychodid
sand fly
sandfly
phlebotomus papatasii
fungus gnat
sciara
sciarid
armyworm
crane fly
daddy longlegs
blackfly
black fly
buffalo gnat
hymenopterous insect
hymenopteran
hymenopteron
hymenopter
bee
drone
queen bee
worker
soldier
worker bee
honeybee
apis mellifera
africanized bee
africanized honey bee
killer bee
apis mellifera scutellata
apis mellifera adansonii
black bee
german bee
carniolan bee
italian bee
carpenter bee
bumblebee
humblebee
cuckoo-bumblebee
andrena
andrenid
mining bee
nomia melanderi
alkali bee
leaf-cutting bee
leaf-cutter
leaf-cutter bee
mason bee
potter bee
wasp
vespid
vespid wasp
paper wasp
hornet
giant hornet
vespa crabro
common wasp
vespula vulgaris
bald-faced hornet
white-faced hornet
vespula maculata
yellow jacket
yellow hornet
vespula maculifrons
polistes annularis
mason wasp
potter wasp
mutillidae
family mutillidae
velvet ant
sphecoid wasp
sphecoid
mason wasp
digger wasp
cicada killer
sphecius speciosis
mud dauber
gall wasp
gallfly
cynipid wasp
cynipid gall wasp
chalcid fly
chalcidfly
chalcid
chalcid wasp
chalcis fly
ichneumon fly
sawfly
birch leaf miner
fenusa pusilla
ant
emmet
pismire
pharaoh ant
pharaoh's ant
monomorium pharaonis
little black ant
monomorium minimum
army ant
driver ant
legionary ant
carpenter ant
fire ant
wood ant
formica rufa
slave ant
formica fusca
slave-making ant
slave-maker
sanguinary ant
formica sanguinea
bulldog ant
amazon ant
polyergus rufescens
termite
white ant
reticulitermes flanipes
reticulitermes lucifugus
mastotermes darwiniensis
mastotermes electromexicus
mastotermes electrodominicus
powder-post termite
cryptotermes brevis
orthopterous insect
orthopteron
orthopteran
grasshopper
hopper
short-horned grasshopper
acridid
locust
migratory locust
locusta migratoria
migratory grasshopper
long-horned grasshopper
tettigoniid
katydid
mormon cricket
anabrus simplex
sand cricket
jerusalem cricket
stenopelmatus fuscus
cricket
mole cricket
european house cricket
acheta domestica
field cricket
acheta assimilis
tree cricket
snowy tree cricket
oecanthus fultoni
phasmid
phasmid insect
walking stick
walkingstick
stick insect
diapheromera
diapheromera femorata
walking leaf
leaf insect
dictyopterous insect
cockroach
roach
oriental cockroach
oriental roach
asiatic cockroach
blackbeetle
blatta orientalis
american cockroach
periplaneta americana
australian cockroach
periplaneta australasiae
german cockroach
croton bug
crotonbug
water bug
blattella germanica
giant cockroach
mantis
mantid
praying mantis
praying mantid
mantis religioso
bug
hemipterous insect
bug
hemipteran
hemipteron
leaf bug
plant bug
mirid bug
mirid
capsid
four-lined plant bug
four-lined leaf bug
poecilocapsus lineatus
lygus bug
tarnished plant bug
lygus lineolaris
lace bug
lygaeid
lygaeid bug
chinch bug
blissus leucopterus
coreid bug
coreid
squash bug
anasa tristis
leaf-footed bug
leaf-foot bug
bedbug
bed bug
chinch
cimex lectularius
backswimmer
notonecta undulata
true bug
heteropterous insect
water bug
giant water bug
water scorpion
water boatman
boat bug
water strider
pond-skater
water skater
common pond-skater
gerris lacustris
assassin bug
reduviid
conenose
cone-nosed bug
conenose bug
big bedbug
kissing bug
wheel bug
arilus cristatus
firebug
cotton stainer
homopterous insect
homopteran
whitefly
citrus whitefly
dialeurodes citri
greenhouse whitefly
trialeurodes vaporariorum
sweet-potato whitefly
superbug
bemisia tabaci
poinsettia strain
cotton strain
coccid insect
scale insect
soft scale
brown soft scale
coccus hesperidum
wax insect
armored scale
san jose scale
aspidiotus perniciosus
cochineal insect
cochineal
dactylopius coccus
mealybug
mealy bug
citrophilous mealybug
citrophilus mealybug
pseudococcus fragilis
comstock mealybug
comstock's mealybug
pseudococcus comstocki
citrus mealybug
planococcus citri
plant louse
louse
aphid
apple aphid
green apple aphid
aphis pomi
blackfly
bean aphid
aphis fabae
greenfly
green peach aphid
pale chrysanthemum aphid
ant cow
woolly aphid
woolly plant louse
woolly apple aphid
american blight
eriosoma lanigerum
woolly alder aphid
prociphilus tessellatus
adelgid
balsam woolly aphid
adelges piceae
spruce gall aphid
adelges abietis
pine leaf aphid
pineus pinifoliae
woolly adelgid
grape louse
grape phylloxera
phylloxera vitifoleae
jumping plant louse
psylla
psyllid
cicada
cicala
dog-day cicada
harvest fly
seventeen-year locust
periodical cicada
magicicada septendecim
spittle insect
spittlebug
froghopper
meadow spittlebug
philaenus spumarius
pine spittlebug
saratoga spittlebug
aphrophora saratogensis
jassid
leafhopper
plant hopper
planthopper
treehopper
lantern fly
lantern-fly
psocopterous insect
psocid
bark-louse
bark louse
booklouse
book louse
deathwatch
liposcelis divinatorius
common booklouse
trogium pulsatorium
plectophera
ephemerid
ephemeropteran
mayfly
dayfly
shadfly
stonefly
stone fly
plecopteran
neuropteron
neuropteran
neuropterous insect
ant lion
antlion
antlion fly
lacewing
lacewing fly
green lacewing
chrysopid
stink fly
goldeneye
golden-eyed fly
brown lacewing
hemerobiid
hemerobiid fly
dobson
dobsonfly
dobson fly
corydalus cornutus
fish fly
fish-fly
alderfly
alder fly
sialis lutaria
snakefly
mantispid
spongefly
spongillafly
odonate
dragonfly
darning needle
devil's darning needle
sewing needle
snake feeder
snake doctor
mosquito hawk
skeeter hawk
damselfly
trichopterous insect
trichopteran
trichopteron
caddis fly
caddis-fly
caddice fly
caddice-fly
thysanuran insect
thysanuron
bristletail
silverfish
lepisma saccharina
firebrat
thermobia domestica
jumping bristletail
machilid
thysanopter
thysanopteron
thysanopterous insect
thrips
thrip
thripid
tobacco thrips
frankliniella fusca
onion thrips
onion louse
thrips tobaci
earwig
common european earwig
forficula auricularia
lepidopterous insect
lepidopteron
lepidopteran
butterfly
nymphalid
nymphalid butterfly
brush-footed butterfly
four-footed butterfly
mourning cloak
mourning cloak butterfly
camberwell beauty
nymphalis antiopa
tortoiseshell
tortoiseshell butterfly
painted beauty
vanessa virginiensis
admiral
red admiral
vanessa atalanta
white admiral
limenitis camilla
banded purple
white admiral
limenitis arthemis
red-spotted purple
limenitis astyanax
viceroy
limenitis archippus
anglewing
ringlet
ringlet butterfly
comma
comma butterfly
polygonia comma
fritillary
silverspot
emperor butterfly
emperor
purple emperor
apatura iris
peacock
peacock butterfly
inachis io
danaid
danaid butterfly
monarch
monarch butterfly
milkweed butterfly
danaus plexippus
pierid
pierid butterfly
cabbage butterfly
small white
pieris rapae
large white
pieris brassicae
southern cabbage butterfly
pieris protodice
sulphur butterfly
sulfur butterfly
lycaenid
lycaenid butterfly
blue
copper
american copper
lycaena hypophlaeas
hairstreak
hairstreak butterfly
strymon melinus
moth
moth miller
miller
tortricid
tortricid moth
leaf roller
leaf-roller
tea tortrix
tortrix
homona coffearia
orange tortrix
tortrix
argyrotaenia citrana
codling moth
codlin moth
carpocapsa pomonella
lymantriid
tussock moth
gypsy moth
gipsy moth
lymantria dispar
browntail
brown-tail moth
euproctis phaeorrhoea
gold-tail moth
euproctis chrysorrhoea
geometrid
geometrid moth
paleacrita vernata
alsophila pometaria
pyralid
pyralid moth
bee moth
wax moth
galleria mellonella
corn borer
european corn borer
corn borer moth
pyrausta nubilalis
mediterranean flour moth
anagasta kuehniella
tobacco moth
cacao moth
ephestia elutella
almond moth
fig moth
cadra cautella
raisin moth
cadra figulilella
tineoid
tineoid moth
tineid
tineid moth
clothes moth
casemaking clothes moth
tinea pellionella
webbing clothes moth
webbing moth
tineola bisselliella
carpet moth
tapestry moth
trichophaga tapetzella
gracilariid
gracilariid moth
gelechiid
gelechiid moth
gelechia gossypiella
grain moth
angoumois moth
angoumois grain moth
sitotroga cerealella
potato moth
potato tuber moth
splitworm
phthorimaea operculella
noctuid moth
noctuid
owlet moth
underwing
red underwing
catocala nupta
antler moth
cerapteryx graminis
heliothis moth
heliothis zia
army cutworm
chorizagrotis auxiliaris
armyworm
pseudaletia unipuncta
spodoptera exigua
spodoptera frugiperda
hawkmoth
hawk moth
sphingid
sphinx moth
hummingbird moth
manduca sexta
manduca quinquemaculata
death's-head moth
acherontia atropos
bombycid
bombycid moth
silkworm moth
domestic silkworm moth
bombyx mori
saturniid
saturniid moth
emperor
emperor moth
saturnia pavonia
imperial moth
eacles imperialis
giant silkworm moth
silkworm moth
luna moth
actias luna
cecropia
cecropia moth
hyalophora cecropia
cynthia moth
samia cynthia
samia walkeri
io moth
automeris io
polyphemus moth
antheraea polyphemus
pernyi moth
antheraea pernyi
tussah
tusseh
tussur
tussore
tusser
antheraea mylitta
atlas moth
atticus atlas
arctiid
arctiid moth
tiger moth
cinnabar
cinnabar moth
callimorpha jacobeae
lasiocampid
lasiocampid moth
eggar
egger
tent-caterpillar moth
malacosoma americana
tent-caterpillar moth
malacosoma disstria
lappet
lappet moth
webworm moth
hyphantria cunea
loxostege similalis
instar
pupa
chrysalis
imago
queen
air sac
swimmeret
pleopod
thorax
arthromere
mentum
thorax
blue crab
alaska king crab
alaskan king crab
king crab
alaska crab
dungeness crab
stone crab
crayfish
crawfish
crawdad
ecrevisse
lobster
american lobster
northern lobster
maine lobster
european lobster
spiny lobster
langouste
rock lobster
crayfish
norwegian lobster
langoustine
scampo
prawn
shrimp
river prawn
oak blight
hemimetabolous
hemimetabolic
hemimetamorphous
hemimetamorphic
heterometabolous
heterometabolic
holometabolic
holometabolous
coarctate
apian
arthromeric
calyptrate
chelate
cheliferous
formic
genial
mental
insectan
