recycling
bottle collection
ecology
bionomics
environmental science
paleoecology
palaeoecology
ecosystem
dump
garbage dump
trash dump
rubbish dump
wasteyard
waste-yard
dumpsite
garbage heap
junk heap
rubbish heap
scrapheap
trash heap
junk pile
trash pile
refuse heap
toxic waste dump
toxic waste site
toxic dumpsite
ecologist
environmentalist
conservationist
green
tree hugger
carson
rachel carson
rachel louise carson
ward
barbara ward
baroness jackson of lodsworth
dust cloud
food chain
food pyramid
food web
food cycle
establishment
ecesis
succession
ecological succession
niche
ecological niche
ecology
cosmopolitan
widely distributed
endemic
ecological
ecologic
environmental
ecologically
environmentally
