praetorium
pretorium
war paint
ethnicity
ethnology
brave
ethnologist
powhatan
wahunsonacock
rasmussen
kund johan victor rasmussen
schoolcraft
henry rowe schoolcraft
anglicise
anglicize
americanize
americanise
europeanize
europeanise
europeanize
europeanise
americanize
americanise
frenchify
anglicize
anglicise
isolate
insulate
segregate
ghettoize
ghettoise
cloister
seclude
sequester
sequestrate
withdraw
quarantine
maroon
citify
urbanize
urbanise
emulsify
emulsify
demulsify
demulsify
occidentalize
occidentalise
westernize
westernise
orientalize
orientalise
ritualize
ritualise
handicap
hinder
hamper
hive off
segregate
discriminate
separate
single out
redline
disadvantage
disfavor
disfavour
prejudice
hail
come
ethnological
ethnologic
