snake dance
sun dance
aladdin's lamp
americana
amulet
talisman
flying carpet
grigri
gres-gris
greegree
guy
hobby
hobbyhorse
rocking horse
maypole
rocker
taboo
tabu
lycanthropy
folklore
folktale
folk tale
arabian nights' entertainment
arabian nights
thousand and one nights
ogre
ogress
troll
werewolf
wolfman
lycanthrope
elf
hob
gremlin
pixie
pixy
brownie
imp
leprechaun
sandman
puck
robin goodfellow
succubus
succuba
dybbuk
dibbuk
goblin
hob
hobgoblin
vampire
lamia
banshee
peri
golem
taboo
gnomish
elfin
