food
nutrient
intemperance
intemperateness
diet
dieting
yolk
vitellus
bottlebrush
pickup
pick-me-up
scum
trivet
taste
taste sensation
gustatory sensation
taste perception
gustatory perception
relish
flavor
flavour
sapidity
savor
savour
smack
tang
lemon
vanilla
sweet
sweetness
sugariness
sour
sourness
tartness
acidity
acidulousness
bitter
bitterness
salt
saltiness
salinity
astringency
astringence
finish
dietetics
macrobiotics
stomach
food
comfort food
comestible
edible
eatable
pabulum
victual
victuals
tuck
fare
diet
diet
dietary
allergy diet
balanced diet
bland diet
ulcer diet
clear liquid diet
diabetic diet
carbohydrate loading
carbo loading
fad diet
gluten-free diet
high-protein diet
high-vitamin diet
vitamin-deficiency diet
leftovers
light diet
liquid diet
low-calorie diet
low-fat diet
low-sodium diet
low-salt diet
salt-free diet
macrobiotic diet
reducing diet
obesity diet
soft diet
pap
spoon food
vegetarianism
menu
chow
chuck
eats
grub
board
table
training table
ration
field ration
k ration
c-ration
blood meal
corn gluten feed
commissariat
provisions
provender
viands
victuals
food cache
larder
fresh food
fresh foods
tv dinner
convenience food
delicatessen
delicatessen food
takeout
takeout food
takeaway
chocolate
bitter chocolate
baking chocolate
cooking chocolate
chocolate candy
chocolate liquor
cocoa butter
cocoa powder
choc
chocolate bar
hershey bar
bittersweet chocolate
semi-sweet chocolate
dark chocolate
couverture
dutch-processed cocoa
jimmies
sprinkles
milk chocolate
white chocolate
nonpareil
quiche
quiche lorraine
baked goods
pastry
pie crust
pie shell
dowdy
pandowdy
frangipane
tart
apple tart
tart
apple tart
lobster tart
tartlet
turnover
apple turnover
samosa
timbale
timbale case
pie
deep-dish pie
cobbler
shoofly pie
mince pie
apple pie
lemon meringue pie
blueberry pie
rhubarb pie
pecan pie
pumpkin pie
squash pie
french pastry
napoleon
pirogi
piroshki
pirozhki
patty shell
bouchee
patty
sausage roll
toad-in-the-hole
vol-au-vent
strudel
baklava
puff
cream puff
chou
eclair
chocolate eclair
cake
applesauce cake
baba
baba au rhum
rum baba
birthday cake
cheesecake
chiffon cake
chocolate cake
coconut cake
coffeecake
coffee cake
babka
crumb cake
cupcake
devil's food
devil's food cake
eccles cake
fruitcake
christmas cake
simnel
gateau
sponge cake
angel cake
angel food cake
jellyroll
swiss roll
madeira cake
madeira sponge
wedding cake
bridecake
white cake
spice cake
gingerbread
pound cake
layer cake
torte
petit four
prune cake
jumble
jumbal
savarin
boston cream pie
upside-down cake
skillet cake
honey cake
marble cake
genoise
seedcake
seed cake
teacake
teacake
tea biscuit
sally lunn
cookie
cooky
biscuit
dog biscuit
butter cookie
spice cookie
shortbread
shortbread cookie
almond cookie
almond crescent
brownie
gingersnap
ginger snap
snap
ginger nut
macaroon
ratafia
ratafia biscuit
coconut macaroon
kiss
ladyfinger
anise cookie
molasses cookie
oreo
oreo cookie
raisin-nut cookie
refrigerator cookie
raisin cookie
fruit bar
apricot bar
date bar
sugar cookie
oatmeal cookie
chocolate chip cookie
toll house cookie
fortune cookie
gingerbread man
friedcake
doughboy
doughnut
donut
sinker
raised doughnut
berlin doughnut
bismark
jelly doughnut
fastnacht
cruller
twister
french fritter
biegnet
fritter
apple fritter
corn fritter
pancake
battercake
flannel cake
flannel-cake
flapcake
flapjack
griddlecake
hotcake
hot cake
buckwheat cake
buttermilk pancake
blini
bliny
blintz
blintze
crape
crepe
french pancake
crepe suzette
pfannkuchen
german pancake
potato pancake
latke
waffle
belgian waffle
rock cake
victoria sandwich
victoria sponge
anadama bread
bap
barmbrack
breadstick
bread-stick
grissino
brown bread
boston brown bread
bun
roll
tea bread
caraway seed bread
challah
hallah
cinnamon bread
cracked-wheat bread
cracker
crouton
dark bread
whole wheat bread
whole meal bread
brown bread
english muffin
crumpet
flatbread
garlic bread
gluten bread
graham bread
host
flatbrod
bannock
chapatti
chapati
loaf of bread
loaf
french loaf
matzo
matzoh
matzah
unleavened bread
nan
onion bread
raisin bread
quick bread
banana bread
date bread
date-nut bread
nut bread
oatcake
irish soda bread
skillet bread
fry bread
rye bread
black bread
pumpernickel
jewish rye bread
jewish rye
limpa
swedish rye bread
swedish rye
salt-rising bread
simnel
sour bread
sourdough bread
toast
wafer
white bread
light bread
baguet
baguette
french bread
italian bread
cornbread
corn cake
skillet corn bread
ashcake
ash cake
corn tash
hoecake
cornpone
pone
corn dab
corn dodger
dodger
hush puppy
hushpuppy
johnnycake
johnny cake
journey cake
shawnee cake
spoon bread
batter bread
cinnamon toast
orange toast
melba toast
zwieback
rusk
brussels biscuit
twice-baked bread
hamburger bun
hamburger roll
muffin
gem
bran muffin
corn muffin
yorkshire pudding
popover
scone
drop scone
griddlecake
scotch pancake
cross bun
hot cross bun
coffee ring
brioche
crescent roll
croissant
hard roll
vienna roll
soft roll
kaiser roll
parker house roll
clover-leaf roll
onion roll
bialy
bialystoker
sweet roll
coffee roll
bear claw
bear paw
cinnamon roll
cinnamon bun
cinnamon snail
honey bun
sticky bun
caramel bun
schnecken
pinwheel roll
danish
danish pastry
bagel
beigel
onion bagel
biscuit
rolled biscuit
drop biscuit
baking-powder biscuit
buttermilk biscuit
soda biscuit
shortcake
hardtack
pilot biscuit
pilot bread
sea biscuit
ship biscuit
wafer
brandysnap
saltine
soda cracker
oyster cracker
water biscuit
graham cracker
pretzel
soft pretzel
pasta
alimentary paste
noodle
orzo
egg noodle
spaghetti
spaghettini
tortellini
ziti
rigatoni
fedelline
linguine
linguini
fettuccine
fettuccini
fettuccine alfredo
vermicelli
macaroni
lasagna
lasagne
penne
ravioli
cappelletti
tagliatelle
manicotti
couscous
gnocchi
matzo ball
matzoh ball
matzah ball
won ton
wonton
dumpling
dumplings
health food
junk food
breakfast food
cereal
muesli
pablum
hot cereal
mush
cornmeal mush
atole
hasty pudding
polenta
grits
hominy grits
kasha
frumenty
cold cereal
dry cereal
granola
granola bar
raisin bran
corn flake
bran flake
wheatflake
puffed rice
puffed wheat
produce
green goods
green groceries
garden truck
eater
coffee substitute
chicory
chicory root
postum
edible nut
bunya bunya
peanut
earthnut
goober
goober pea
groundnut
monkey nut
almond
jordan almond
quandong nut
edible seed
pumpkin seed
betel nut
areca nut
beechnut
walnut
black walnut
english walnut
brazil nut
brazil
butternut
souari nut
cashew
cashew nut
chestnut
chincapin
chinkapin
chinquapin
water chinquapin
hazelnut
filbert
cobnut
cob
coconut
cocoanut
coconut
coconut meat
copra
dika nut
dika bread
grugru nut
hickory nut
macadamia nut
pecan
pine nut
pignolia
pinon nut
pistachio
pistachio nut
sunflower seed
fish
saltwater fish
freshwater fish
seafood
bream
sea bream
bream
freshwater bream
freshwater bass
bass
largemouth bass
smallmouth bass
sea bass
bass
striped bass
striper
grouper
croaker
whiting
whiting
cusk
dolphinfish
mahimahi
carp
buffalofish
pike
muskellunge
pickerel
monkfish
sucker
catfish
mudcat
perch
sunfish
crappie
tuna
tuna fish
tunny
albacore
bonito
bluefin
bluefin tuna
mackerel
spanish mackerel
pompano
squid
calamari
calamary
blowfish
sea squab
puffer
fugu
octopus
periwinkle
winkle
whelk
panfish
stockfish
shellfish
mussel
anchovy
eel
elver
mullet
gray mullet
herring
kingfish
lingcod
kipper
kippered herring
bloater
pickled herring
alewife
bluefish
swordfish
butterfish
huitre
oyster
oysters rockefeller
bluepoint
blue point
clam
quahaug
quahog
hard-shell clam
round clam
littleneck
littleneck clam
cherrystone
cherrystone clam
soft-shell clam
steamer
steamer clam
long-neck clam
cockle
blue crab
crab legs
soft-shell crab
soft-shelled crab
japanese crab
alaska king crab
alaskan king crab
king crab
alaska crab
dungeness crab
stone crab
crayfish
crawfish
crawdad
ecrevisse
cod
codfish
pollack
pollock
schrod
scrod
haddock
finnan haddie
finnan haddock
finnan
smoked haddock
salt cod
porgy
scup
scup
flatfish
flounder
yellowtail flounder
plaice
turbot
sand dab
sole
fillet of sole
gray sole
lemon sole
english sole
lemon sole
winter flounder
halibut
hake
redfish
rosefish
ocean perch
rockfish
sailfish
weakfish
limpet
lobster
american lobster
northern lobster
maine lobster
european lobster
spiny lobster
langouste
rock lobster
crayfish
norwegian lobster
langoustine
scampo
lobster tail
coral
sardine
pilchard
prawn
shrimp
river prawn
trout
rainbow trout
sea trout
salmon trout
brook trout
speckled trout
lake trout
whitefish
whitefish
lake herring
cisco
rock salmon
salmon
atlantic salmon
red salmon
sockeye
sockeye salmon
chinook salmon
chinook
king salmon
silver salmon
coho salmon
coho
cohoe
smoked salmon
lox
scandinavian lox
nova scotia lox
snapper
red snapper
red rockfish
scallop
scollop
escallop
sea scallop
bay scallop
kippered salmon
red herring
smoked herring
shad
smelt
american smelt
rainbow smelt
european smelt
sparling
sprat
brisling
whitebait
roe
hard roe
milt
soft roe
caviar
caviare
beluga caviar
shad roe
smoked mackerel
feed
provender
cattle cake
creep feed
fodder
feed grain
eatage
forage
pasture
pasturage
grass
silage
ensilage
oil cake
oil meal
alfalfa
broad bean
horse bean
hay
timothy
stover
slop
slops
swill
pigswill
pigwash
mash
chicken feed
scratch
cud
rechewed food
bird food
birdseed
petfood
pet-food
pet food
mast
dog food
puppy chow
cat food
cat chow
canary seed
cumin
cumin seed
cornish pasty
meat pie
pasty
pork pie
mostaccioli
shepherd's pie
steak and kidney pie
kidney pie
tostada
beverage
drink
drinkable
potable
wish-wash
potion
elixir
elixir of life
philter
philtre
love-potion
love-philter
love-philtre
chaser
draft
draught
potation
tipple
quaff
pledge
toast
alcohol
alcoholic beverage
intoxicant
inebriant
drink
proof spirit
libation
home brew
homebrew
hooch
hootch
kava
kavakava
aperitif
brew
brewage
beer
draft beer
draught beer
suds
munich beer
munchener
bock
bock beer
lager
lager beer
light beer
oktoberfest
octoberfest
pilsner
pilsener
weissbier
white beer
wheat beer
weizenbier
weizenbock
malt
malt liquor
ale
bitter
burton
pale ale
porter
porter's beer
stout
guinness
kvass
mead
metheglin
hydromel
near beer
ginger beer
sake
saki
rice beer
nipa
wine
vino
vintage
red wine
white wine
blush wine
pink wine
rose
rose wine
altar wine
sacramental wine
sparkling wine
champagne
bubbly
cold duck
burgundy
burgundy wine
beaujolais
medoc
canary wine
chablis
white burgundy
montrachet
chardonnay
pinot chardonnay
pinot noir
pinot blanc
bordeaux
bordeaux wine
claret
red bordeaux
chianti
cabernet
cabernet sauvignon
merlot
sauvignon blanc
california wine
cotes de provence
dessert wine
dubonnet
jug wine
macon
maconnais
moselle
muscadet
plonk
retsina
rhine wine
rhenish
hock
riesling
liebfraumilch
rhone wine
rioja
sack
saint emilion
soave
zinfandel
sauterne
sauternes
straw wine
table wine
tokay
vin ordinaire
vermouth
sweet vermouth
italian vermouth
dry vermouth
french vermouth
chenin blanc
verdicchio
vouvray
yquem
fortified wine
madeira
malmsey
port
port wine
sherry
manzanilla
amontillado
marsala
muscat
muscatel
muscadel
muscadelle
liquor
spirits
booze
hard drink
hard liquor
john barleycorn
strong drink
neutral spirits
ethyl alcohol
aqua vitae
ardent spirits
eau de vie
moonshine
bootleg
corn liquor
bathtub gin
aquavit
akvavit
arrack
arak
bitters
brandy
applejack
calvados
armagnac
cognac
grappa
kirsch
marc
slivovitz
gin
sloe gin
geneva
holland gin
hollands
grog
ouzo
rum
demerara
demerara rum
jamaica rum
schnapps
schnaps
pulque
mescal
tequila
vodka
whiskey
whisky
blended whiskey
blended whisky
bourbon
corn whiskey
corn whisky
corn
firewater
irish
irish whiskey
irish whisky
poteen
rye
rye whiskey
rye whisky
scotch
scotch whiskey
scotch whisky
malt whiskey
malt whisky
sour mash
sour mash whiskey
liqueur
cordial
absinth
absinthe
anisette
anisette de bordeaux
benedictine
chartreuse
coffee liqueur
creme de cacao
creme de menthe
creme de fraise
drambuie
galliano
orange liqueur
curacao
curacoa
triple sec
grand marnier
kummel
maraschino
pastis
pernod
pousse-cafe
kahlua
ratafia
ratafee
sambuca
mixed drink
cocktail
dom pedro
highball
eye opener
nightcap
hair of the dog
shandygaff
shandy
stirrup cup
sundowner
mixer
bishop
bloody mary
virgin mary
bloody shame
bullshot
cobbler
collins
tom collins
cooler
refresher
smoothie
daiquiri
rum cocktail
strawberry daiquiri
nada daiquiri
spritzer
flip
gimlet
gin and tonic
grasshopper
harvey wallbanger
julep
mint julep
manhattan
rob roy
margarita
martini
gin and it
vodka martini
old fashioned
pink lady
posset
syllabub
sillabub
sangaree
sangria
sazerac
screwdriver
sidecar
scotch and soda
sling
gin sling
rum sling
sour
whiskey sour
whisky sour
stinger
whiskey neat
whisky neat
whiskey on the rocks
whisky on the rocks
swizzle
hot toddy
toddy
tom and jerry
zombie
zombi
fizz
irish coffee
cafe au lait
cafe noir
demitasse
decaffeinated coffee
decaf
drip coffee
espresso
caffe latte
latte
capuccino
capuccino coffee
coffee capuccino
iced coffee
ice coffee
mocha
turkish coffee
cider
cyder
hard cider
scrumpy
sweet cider
mulled cider
perry
pruno
rotgut
cocoa
chocolate
hot chocolate
drinking chocolate
ice-cream soda
ice-cream float
float
root beer float
milkshake
milk shake
shake
eggshake
frappe
frappe
fruit juice
fruit crush
nectar
apple juice
cranberry juice
grape juice
must
grapefruit juice
orange juice
pineapple juice
koumiss
kumis
fruit drink
ade
lacing
lemonade
limeade
orangeade
malted
malt
malted milk
mate
mulled wine
negus
soft drink
pop
soda
soda pop
soda water
tonic
birch beer
bitter lemon
cola
dope
cream soda
egg cream
ginger ale
ginger pop
orange soda
phosphate
coca cola
coke
pepsi
pepsi cola
root beer
sarsaparilla
tonic
tonic water
quinine water
coffee bean
coffee berry
coffee
coffee
java
cafe royale
coffee royal
fruit punch
milk punch
mimosa
pina colada
punch
cup
champagne cup
claret cup
wassail
planter's punch
fish house punch
may wine
eggnog
glogg
cassiri
spruce beer
rickey
gin rickey
tea
cambric tea
cuppa
cupper
herb tea
herbal tea
tisane
camomile tea
ice tea
iced tea
water
bottled water
branch water
spring water
sugar water
drinking water
ice water
soda water
carbonated water
club soda
seltzer
sparkling water
mineral water
seltzer
vichy water
rugulah
rugelach
ruggelach
soul food
alcoholics anonymous
aa
free-liver
cembra nut
cedar nut
juniper berry
pip
bonduc nut
nicker nut
nicker seed
job's tears
oilseed
castor bean
cottonseed
candlenut
may apple
baneberry
legume
peanut
tonka bean
coumara nut
algarroba
algarrobilla
algarobilla
screw bean
amaranth
rapeseed
safflower seed
achene
samara
key fruit
key
barleycorn
wheat berry
mealie
corn
grain
caryopsis
kernel
rye
gourd
prairie gourd
okra
quandong
blue fig
kola nut
cola nut
acorn
cupule
acorn cup
mast
olive
ash-key
calabar bean
ordeal bean
divi-divi
chickpea
garbanzo
lentil
cowage
pea
garden pea
field pea
cowpea
black-eyed pea
coquilla nut
palm nut
palm kernel
babassu nut
cohune nut
ivory nut
vegetable ivory
apple nut
hip
rose hip
rosehip
wild cherry
marasca
almond oil
expressed almond oil
sweet almond oil
hagberry
chokecherry
rowanberry
neem seed
buffalo nut
elk nut
oil nut
buckeye
horse chestnut
conker
calabash
jumping bean
jumping seed
mexican jumping bean
ear
spike
capitulum
fruit
fruitlet
seed
bean
nut
nutlet
pyrene
kernel
meat
syconium
berry
aggregate fruit
multiple fruit
syncarp
simple fruit
bacca
acinus
drupe
stone fruit
drupelet
pome
false fruit
pod
seedpod
loment
pyxidium
pyxis
pea pod
peasecod
accessory fruit
pseudocarp
buckthorn berry
yellow berry
cubeb
schizocarp
calorie
gram calorie
small calorie
calorie
kilogram calorie
kilocalorie
large calorie
nutritionist's calorie
chyme
baking powder
fish meal
lithia water
sourdough
linseed
flaxseed
ambush
scupper
bushwhack
waylay
lurk
ambuscade
lie in wait
wait
kick one's heels
cool one's heels
stand by
stick around
stick about
white
black
fresh
stale
fresh
preserved
corned
cured
dried
dehydrated
desiccated
flash-frozen
quick-frozen
frozen
freeze-dried
pickled
salted
salt-cured
smoked
smoke-cured
smoke-dried
sun-dried
corked
corky
takeout
take-away
sweet
dry
gustatory
gustative
gustatorial
macrobiotic
