fumble
muff
kick
boot
kicking
punt
punting
place kick
place-kicking
dropkick
straight-arm
touchback
kickoff
football play
run
running
running play
running game
draw
draw play
end run
sweep
return
reverse
double reverse
rush
rushing
pass
passing play
passing game
passing
handoff
forward pass
aerial
flare pass
flare
screen pass
lateral pass
lateral
spot pass
back
lineman
linebacker
line backer
quarterback
signal caller
field general
fullback
halfback
tailback
wingback
center
guard
tackle
end
scrimmage
bladder
face guard
football
soccer ball
tee
football tee
football team
eleven
backfield
secondary
linemen
back judge
ball carrier
blocker
cornerback
field judge
football hero
football official
football player
footballer
guard
head linesman
linebacker
line backer
line judge
lineman
passer
forward passer
receiver
pass receiver
pass catcher
rusher
side judge
tackle
tackler
football season
place-kick
drop-kick
kick
complete
nail
drop-kick
place-kick
kick
dropkick
dropkick
punt
return
run
rush
bladdery
bladderlike
