agon
turn
bronco busting
calf roping
steer roping
airing
diversion
recreation
pastime
interest
pursuit
avocation
by-line
hobby
sideline
spare-time activity
escape
escapism
bathing
sea bathing
sun bathing
celebration
festivity
merrymaking
conviviality
jollification
jinks
high jinks
hijinks
high jinx
revel
revelry
escapade
lark
sexcapade
bust
tear
binge
bout
piss-up
carouse
carousal
bender
toot
booze-up
orgy
debauch
debauchery
saturnalia
riot
bacchanal
bacchanalia
drunken revelry
carnival
dionysia
bacchanalia
play
frolic
romp
gambol
caper
fun
merriment
playfulness
flirt
flirting
flirtation
coquetry
dalliance
toying
folly
foolery
tomfoolery
craziness
lunacy
indulgence
game
meshugaas
mishegaas
mishegoss
buffoonery
clowning
frivolity
harlequinade
prank
shtik
schtik
shtick
schtick
horseplay
teasing
word play
antic
joke
prank
trick
caper
put-on
dirty trick
rag
jest
joke
jocularity
drollery
waggery
leg-pull
leg-pulling
pleasantry
entertainment
amusement
edutainment
extravaganza
militainment
isthmian games
nemean games
olympian games
olympic games
pythian games
royal national eisteddfod
eisteddfod
film festival
feria
festival
fete
jazz festival
kwanzaa
kwanza
oktoberfest
saturnalia
sheepshearing
gala
gala affair
jamboree
blowout
ludi saeculares
secular games
victory celebration
whoopee
carnival
fair
funfair
dog show
horseshow
raree-show
circus
three-ring circus
mardi gras
fat tuesday
show
cabaret
floorshow
floor show
ice show
interlude
intermezzo
entr'acte
parade
display
exhibit
showing
light show
presentation
presentment
demonstration
demonstration
exhibition
repudiation
debunking
exposure
rodeo
road show
sideshow
wild west show
buffalo bill's wild west show
beguilement
distraction
eurythmy
eurhythmy
eurythmics
eurhythmics
cinch
breeze
picnic
snap
duck soup
child's play
pushover
walkover
piece of cake
speleology
spelaeology
lecture demonstration
rest
ease
repose
relaxation
bedrest
bed rest
lie-in
quiescence
quiescency
dormancy
sleeping
vegetation
leisure
free time
spare time
vacationing
busman's holiday
caravanning
counterdemonstration
bandstand
outdoor stage
stand
camp
summer camp
day camp
lido
mess kit
quarter plate
recreational facility
recreation facility
ride
roach clip
roach holder
slot
one-armed bandit
truncheon
nightstick
billy
billystick
billy club
water chute
water jump
workboard
work-board
party
bash
do
brawl
birthday party
bunfight
bun-fight
ceilidh
cocktail party
dance
ball
cotillion
cotilion
masked ball
masquerade ball
fancy-dress ball
promenade
prom
barn dance
hop
record hop
rave
fete
feast
fiesta
house party
jolly
tea party
whist drive
club
society
guild
gild
lodge
order
athenaeum
atheneum
bookclub
chapter
chess club
country club
fraternity
frat
glee club
hunt
hunt club
investors club
jockey club
racket club
slate club
sorority
turnverein
yacht club
boat club
service club
lions club
international association of lions clubs
rotary club
rotary international
troop
scout troop
scout group
amusement park
funfair
pleasure ground
parade ground
fairground
midway
park
commons
common
green
picnic area
picnic ground
theme park
village green
disneyland
walt disney world
central park
adventurer
venturer
april fool
balloonist
bird watcher
birder
collector
aggregator
gadabout
hobbyist
club member
rotarian
scoutmaster
sister
tipster
tout
work time
time off
compensatory time
spare time
free time
day off
leisure
leisure time
vacation
holiday
half-term
vac
playtime
playday
field day
outing
picnic
honeymoon
paid vacation
social season
humor
humour
amuse
convulse
picnic
inject
mainline
pop
skin pop
take a hit
snort
free-base
base
drug
do drugs
mushroom
gallivant
gad
jazz around
amuse
divert
disport
avocational
celebratory
recreational
masonic
percussive
commemorative
commemorating
pyrrhic
sabbatical
terpsichorean
