air cushion
inflatable cushion
airing cupboard
air mattress
altar
communion table
lord's table
antique
appointment
fitting
arm
armchair
armoire
ashcan
trash can
garbage can
wastebin
ash bin
ash-bin
ashbin
dustbin
trash barrel
trash bin
baby bed
baby's bed
back
backrest
baldachin
banquette
bar
barbecue
barbeque
barber chair
bassinet
bath chair
bathroom fixture
bed
bed pillow
bedpost
bedroom furniture
bedspring
bedstead
bedframe
beer mat
beer mug
stein
bench
banch
berth
bunk
built in bed
bolster
long pillow
bookcase
bookshelf
booth
boston rocker
box seat
brazier
brasier
breadbasket
bread-bin
breadbox
breadboard
bread board
breakfast table
bric-a-brac
knickknack
nicknack
knickknackery
whatnot
broadloom
broom closet
brussels carpet
buffer
polisher
buffet
counter
sideboard
buffing wheel
built-in bed
bunk
bunk bed
bunk
cabinet
camp chair
campstool
captain's chair
card table
card table
carpet pad
rug pad
underlay
underlayment
carriage
carrycot
case
display case
showcase
cash bar
cathedra
bishop's throne
centerpiece
centrepiece
chair
chaise longue
chaise
daybed
chandelier
pendant
checkout
checkout counter
chesterfield
chest of drawers
chest
bureau
dresser
cheval glass
chiffonier
commode
china cabinet
china closet
chopping board
cutting board
cleaning pad
clothes closet
clothespress
clotheshorse
clothespin
clothes pin
clothes peg
coat closet
coatrack
coat rack
hatrack
coffee mug
coffee table
cocktail table
coffer
caisson
lacuna
commissary
computer keyboard
keypad
conference table
council table
council board
console
console table
console
convector
convertible
sofa bed
cookfire
cornice
valance
valance board
pelmet
cot
camp bed
couch
counter
countertop
cradle
credenza
credence
crib
cot
cruet-stand
cupboard
closet
curtain
drape
drapery
mantle
pall
cushion
cutty stool
davenport
davenport
daybed
divan bed
deathbed
deck chair
beach chair
defroster
deicer
desk
diffuser
diffusor
diningroom furniture
dining table
board
dinner table
dish rack
divan
doormat
welcome mat
double bed
drafting table
drawing table
drainboard
draining board
drawer
dresser
dressing table
dresser
vanity
toilet table
drinking vessel
drip mat
drop curtain
drop cloth
drop
drop-leaf
drop-leaf table
drugget
eames chair
easy chair
lounge chair
overstuffed chair
edging
electric heater
electric fire
electric socket
electric typewriter
entertainment center
epergne
estradiol patch
etagere
fauteuil
feather bed
featherbed
festoon
fighting chair
file
file cabinet
filing cabinet
finger plate
escutcheon
scutcheon
fire
fire iron
fireplace
hearth
open fireplace
fire tongs
coal tongs
fitment
flat bench
floor lamp
folding chair
footboard
footstool
footrest
ottoman
four-poster
frail
frontal
furnishings
furniture
piece of furniture
article of furniture
futon
gaddi
gaming table
gas heater
gateleg table
grill
grille
grillwork
gueridon
hallstand
hammock
sack
handle
grip
handgrip
hold
hassock
headboard
headrest
head restraint
headset
hearth
fireside
hearthrug
hearthstone
heater
warmer
heating element
heating pad
hot pad
heat lamp
infrared lamp
hibachi
highboy
tallboy
highchair
feeding chair
high table
hob
hospital bed
indirect lighting
ironing board
keyboard
kitchen table
kurdistan
lab bench
laboratory bench
ladder-back
ladder-back
ladder-back chair
lamp
lampshade
lamp shade
lawn chair
garden chair
lawn furniture
leaf
lectern
reading desk
leg
lighting fixture
lilo
looking glass
glass
love seat
tete-a-tete
vis-a-vis
loving cup
lower berth
lower
mantel
mantelpiece
mantle
mantlepiece
chimneypiece
marriage bed
mat
mattress
mattress pad
meat counter
meat safe
medicine chest
medicine cabinet
mercy seat
mihrab
milk bar
milking stool
minibar
cellaret
mirror
moquette
morris chair
motorized wheelchair
mousepad
mouse mat
mouthpiece
mug
murphy bed
music stool
piano stool
musnud
nest
notions counter
numdah
numdah rug
nammad
office furniture
oil heater
oilstove
kerosene heater
kerosine heater
operating table
ottoman
pouf
pouffe
puff
hassock
overmantel
oyster bar
pad
paillasse
palliasse
pallet
park bench
parsons table
peacock-throne
pedestal table
pew
church bench
piano keyboard
fingerboard
clavier
pier glass
pier mirror
pier table
pillow
pincushion
place mat
plank-bed
plastron
platen
plate rack
plate rail
platform bed
platform rocker
pocket
poker
stove poker
fire hook
salamander
pool table
billiard table
snooker table
portable
portal
portiere
potholder
prayer rug
prayer mat
prie-dieu
qwerty keyboard
rack
radiator
rat
reading lamp
reception desk
recliner
reclining chair
lounger
red carpet
refectory table
ribbon
typewriter ribbon
rocker
rocking chair
rocker
roller
roller blind
rug
carpet
carpeting
rung
round
stave
runner
rya
rya rug
safe
salad bar
scatter rug
throw rug
scouring pad
seat
seat
seat cushion
secretary
writing table
escritoire
secretaire
settee
settle
settee
shag
shag rug
shelf
shoofly
shovel
shower curtain
sickbed
sideboard
siege perilous
single bed
slat
spline
sleeper
sleigh bed
snack bar
snack counter
buffet
soap pad
soda fountain
sofa
couch
lounge
solar heater
space heater
splat
spring mattress
squab
stair-carpet
stand
stenograph
step stool
stool
stoup
stove
straight chair
side chair
student lamp
studio couch
day bed
stuffing
supply closet
sushi bar
swivel chair
table
table
table lamp
table mat
hot pad
tablet-armed chair
table-tennis table
ping-pong table
pingpong table
tabletop
tableware
taboret
tabouret
tankard
tapestry
arras
tea table
telephone
phone
telephone set
telephone receiver
receiver
tester
throne
throw pillow
tick
tie rack
tilt-top table
tip-top table
tip table
toastrack
toby
toby jug
toby fillpot jug
toilet seat
towel rack
towel horse
towel rail
towel bar
transdermal patch
skin patch
trencher
trestle
trestle table
triclinium
tripod
trivet
trophy case
trundle bed
trundle
truckle bed
truckle
twin bed
typewriter
typewriter carriage
typewriter keyboard
underfelt
upholstery
upper berth
upper
venetian blind
vertical file
wall unit
wardrobe
closet
press
washstand
wash-hand stand
water back
water bed
water heater
hot-water heater
hot-water tank
wet bar
wheelchair
wicker
wickerwork
caning
wilton
wilton carpet
window blind
window seat
window shade
windsor chair
wine bar
wing chair
woodwork
workbench
work bench
bench
worktable
work table
writing arm
writing desk
yacht chair
zarf
suite
bedroom suite
bedroom set
diningroom suite
diningroom set
livingroom suite
livingroom set
balk
baulk
wallpaper
stain
ebonize
ebonise
dip
dust
tattoo
marble
vein
furnish
refurnish
cathedral
mensal
antiquarian
