mapping
chromosome mapping
amphidiploid
unit character
linkage
gene linkage
mendel's law
law of segregation
law of independent assortment
point mutation
gene mutation
cytogeneticist
geneticist
cline
martin cline
haldane
j. b. s. haldane
john burdon sanderson haldane
lysenko
trofim denisovich lysenko
muller
hermann joseph muller
ventner
craig ventner
j. craig ventner
watson
james watson
james dewey watson
weismann
august friedrich leopold weismann
wilmut
ian wilmut
sex linkage
aneuploidy
hemophilia
haemophilia
bleeder's disease
hemophilia a
haemophilia a
classical hemophilia
classical haemophilia
hemophilia b
haemophilia b
christmas disease
von willebrand's disease
angiohemophilia
vascular hemophilia
sex-linked disorder
turner's syndrome
codon
transcribe
recombine
recombine
map
haploid
haploidic
monoploid
diploid
polyploid
homozygous
heterozygous
univalent
bivalent
double
multivalent
haemophilic
hemophilic
parental
filial
aneuploid
