kwajalein
quartz crystal
geology
hypsography
paleogeology
palaeogeology
geophysics
geophysical science
morphology
geomorphology
orology
orography
tectonics
plate tectonics
plate tectonic theory
hydrology
seismology
volcanology
vulcanology
magnetism
magnetics
geodesy
mineralogy
petrology
speleology
spelaeology
petroleum geology
economic geology
mining geology
heave
upheaval
uplift
upthrow
upthrust
slide
avalanche
lahar
landslide
landslip
mudslide
plinian eruption
rockslide
earthquake
quake
temblor
seism
shock
seismic disturbance
tremor
earth tremor
microseism
aftershock
foreshock
seaquake
submarine earthquake
volcanic eruption
eruption
appalachia
barbary coast
profile
soil profile
fault line
littoral
litoral
littoral zone
sands
horizon
soil horizon
a-horizon
a horizon
b-horizon
b horizon
c-horizon
c horizon
geological horizon
cape horn
lesbos
lesvos
mytilene
aeolis
aeolia
areopagus
nemea
calvary
golgotha
zion
sion
cotswolds
cotswold hills
pennines
pennine chain
seven hills of rome
palatine
eniwetok
kwajalein
highlands
highlands of scotland
lowlands
lowlands of scotland
nilgiri hills
asama
mount asama
ardennes
pinatubo
mount pinatubo
nejd
najd
gibraltar
rock of gibraltar
calpe
capitol hill
the hill
midway islands
plymouth rock
borscht circuit
borsht circuit
borscht belt
borsht belt
cape hatteras
black hills
guiana highlands
cameroon
citlaltepetl
mount orizaba
mt orizaba
pico de orizaba
colima
nevado de colima
volcan de colima
cotacachi
cotopaxi
demavend
el misti
etna
mount etna
mt etna
fuego
fuji
mount fuji
fujiyama
fujinoyama
fuji-san
galeras
pasto
guallatiri
huainaputina
klyuchevskaya
krakatau
krakatao
krakatoa
lascar
mauna kea
mauna loa
nyamuragira
nyiragongo
purace
sangay
tupungatito
mount saint helens
mount st. helens
mt. st. helens
vesuvius
mount vesuvius
mt. vesuvius
abyssal zone
achondrite
acicula
aconcagua
adams
mount adams
adirondacks
adirondack mountains
admiralty range
alaska range
alleghenies
allegheny mountains
alluvial sediment
alluvial deposit
alluvium
alluvion
alp
alpine glacier
alpine type of glacier
alps
the alps
ancohuma
andes
annapurna
anapurna
anthill
formicary
apennines
appalachians
appalachian mountains
aquifer
arete
aristarchus
arroyo
ascent
acclivity
rise
raise
climb
upgrade
atacama trench
atlantic coast
atlas mountains
atoll
australian alps
balkans
balkan mountains
balkan mountain range
bank
bar
barbecue pit
barrier reef
basin
beach
bed
bottom
bed
bedrock
belay
ben
berkshires
berkshire hills
berm
black hills
bladder stone
cystolith
blue ridge mountains
blue ridge
bonanza
bonete
borrow pit
bougainville trench
boulder
bowlder
brae
burrow
tunnel
butte
cachi
calculus
concretion
cantabrian mountains
canyon
canon
canyonside
cape canaveral
cape kennedy
cape sable
carpathians
carpathian mountains
cascades
cascade range
cascade mountains
cataract canyon
catskills
catskill mountains
caucasus
caucasus mountains
changtzu
chimborazo
chondrite
chondrule
cirque
corrie
cwm
clast
clastic rock
cliff
drop
drop-off
coast
coast range
coast mountains
col
gap
collector
colorado plateau
continental glacier
continental shelf
continental slope
bathyal zone
bathyal district
copernicus
coral reef
core
coropuna
crag
crater
crystal
crystallization
crystallite
cumberland gap
cumberland mountains
cumberland plateau
dale
dell
dingle
delta
denali fault
descent
declivity
fall
decline
declination
declension
downslope
dhaulagiri
diapir
dolomite alps
donner pass
down
downhill
draw
drift
drumlin
dune
sand dune
el libertador
el muerto
enterolith
escarpment
scarp
esker
everest
mount everest
mt. everest
fault
geological fault
shift
fracture
break
fire pit
firestone
floor
folium
foothill
foothills
footwall
foreshore
fountain of youth
galan
gallstone
bilestone
gasherbrum
geological formation
formation
geyser
glacial boulder
glacier
glen
gopher hole
gorge
gosainthan
grand canyon
grand teton
great barrier reef
great dividing range
eastern highlands
great rift valley
great smoky mountains
growler
guadalupe mountains
gulch
flume
gulf coast
gully
guyot
hanging wall
highland
upland
hill
hills
hillside
himalayas
himalaya mountains
the himalaya
hindu kush
hindu kush mountains
hogback
horseback
hole
hollow
hollow
holler
holystone
hot spring
thermal spring
huascaran
hubbard
mount hubbard
iceberg
berg
icecap
ice cap
icefall
ice field
ice floe
floe
ice mass
illampu
illimani
inclined fault
intrusion
japan trench
jebel musa
abila
abyla
k2
godwin austen
mount godwin austen
dapsang
kamet
kanchenjunga
kanchanjanga
kinchinjunga
karakoram
karakoram range
karakorum range
mustagh
mustagh range
kettle hole
kettle
key
cay
florida keys
khyber pass
kidney stone
urinary calculus
nephrolith
renal calculus
knoll
mound
hillock
hummock
hammock
kopje
koppie
kunlun
kunlun mountains
kuenlun
kuenlun mountains
lake bed
lake bottom
lakefront
lakeside
lakeshore
landfall
landfill
laudo
ledge
shelf
lhotse
llano estacado
llullaillaco
logan
mount logan
loire vally
lowland
lunar crater
makalu
massif
matterhorn
mckinley
mount mckinley
mt. mckinley
denali
mendenhall glacier
great mendenhall glacier
mercedario
mesa
table
mesabi range
molehill
monocline
mont blanc
monte bianco
moraine
mountain
mount
mountain peak
mountainside
versant
mount carmel
mount elbert
mouth
mull
muztagh ata
muz tagh ata
nacimiento
nanda devi
nanga parbat
nan ling
nares deep
natural depression
depression
natural elevation
elevation
neritic zone
normal fault
gravity fault
common fault
north peak
nugget
nullah
nuptse
ocean floor
ocean bottom
seabed
sea bottom
davy jones's locker
davy jones
oceanfront
ojos del salado
old faithful
olduvai gorge
ore bed
outcrop
outcropping
rock outcrop
outthrust
ozarks
ozark mountains
ozark plateau
pacific coast
pangaea
pangea
pass
mountain pass
notch
pebble
petrifaction
piedmont glacier
piedmont type of glacier
pike's peak
pillars of hercules
pissis
pit
cavity
placer
plage
plate
crustal plate
pobeda peak
pobedy peak
point
polar glacier
pothole
chuckhole
precipice
promontory
headland
foreland
ptyalith
pyrenees
quicksand
rabbit burrow
rabbit hole
rakaposhi
range
mountain range
range of mountains
chain
mountain chain
chain of mountains
ranier
mount ranier
mt. ranier
mount tacoma
ravine
reef
relict
rhodope mountains
ridge
ridge
rift valley
ripple mark
riverbank
riverside
riverbed
river bottom
river boulder
rock
stone
rockies
rocky mountains
rushmore
mount rushmore
mt. rushmore
sacramento mountains
sajama
saltpan
san andreas fault
sandbar
sand bar
sandpit
san fernando valley
sanitary landfill
san joaquin valley
san juan mountains
sawpit
seamount
seashore
coast
seacoast
sea-coast
seaside
seaboard
sediment
deposit
seif dune
selkirk mountains
shenandoah valley
shore
shore boulder
shoreline
sialolith
salivary calculus
sierra
sierra madre occidental
sierra madre oriental
sierra nevada
sierra nevada mountains
high sierra
sierra nevada
sill
sinkhole
sink
swallow hole
ski slope
slope
incline
side
snowdrift
spring
fountain
outflow
outpouring
natural spring
steep
st. elias range
st. elias mountains
stepping stone
strand
streambed
creek bed
strike-slip fault
surface
earth's surface
swell
tableland
plateau
talus
scree
tar pit
terrace
bench
teton range
thrust fault
overthrust fault
reverse fault
tidal basin
tien shan
tyan shan
tirich mir
tor
tor
trench
deep
oceanic abyss
trough
tupungato
twilight zone
ulugh muztagh
ulugh muz tagh
uncompahgre peak
uphill
urals
ural mountains
urolith
valley
vale
vein
mineral vein
volcanic crater
crater
volcano
wadi
wall
wall rock
warren
rabbit warren
wash
dry wash
water gap
waterside
water table
water level
groundwater level
weisshorn
wheeler peak
whinstone
whin
whitney
mount whitney
wilson
mount wilson
wind gap
wormhole
xenolith
yerupaja
gibraltarian
geologist
geophysicist
mineralogist
petroleum geologist
oil geologist
seismologist
holmes
arthur holmes
hutton
james hutton
mantell
gideon algernon mantell
schoolcraft
henry rowe schoolcraft
wegener
alfred lothar wegener
wilson
john tuzo wilson
geological phenomenon
endogeny
alluvial fan
alluvial cone
catastrophe
cataclysm
nuclear winter
continental drift
chatter mark
deposit
sedimentation
alluviation
mother lode
champion lode
lode
load
flood
inundation
deluge
alluvion
debacle
flash flood
flashflood
floodhead
grinding
abrasion
attrition
detrition
frost heave
frost heaving
transgression
volcanism
ablation
abrasion
attrition
corrasion
detrition
alluvion
anamorphism
beach erosion
desertification
diastrophism
epigenesis
erosion
eroding
eating away
wearing
wearing away
foliation
geological process
geologic process
glaciation
riss glaciation
saale glaciation
wolstonian glaciation
deflation
intrusion
katamorphism
metamorphism
orogeny
planation
rain-wash
soil erosion
stratification
subduction
washout
wash
compass point
point
cardinal compass point
north
due north
n
north by east
nbe
north northeast
nor'-nor'-east
nne
northeast by north
nebn
northeast
nor'-east
ne
northeast by east
nebe
east northeast
ene
east by north
ebn
east
due east
e
east by south
ebs
east southeast
ese
southeast by east
sebe
southeast
sou'-east
se
southeast by south
sebs
south southeast
sou'-sou'-east
sse
south by east
sbe
south
due south
s
south by west
sbw
south southwest
sou'-sou'-west
ssw
southwest by south
swbs
southwest
sou'-west
sw
southwest by west
swbw
west southwest
wsw
west by south
wbs
west
due west
w
west by north
wbn
west northwest
wnw
northwest by west
nwbw
northwest
nor'-west
nw
northwest by north
nwbn
north northwest
nor'-nor'-west
nnw
north by west
nbw
asterism
angle of extinction
extinction angle
hypotenuse
eruption
eructation
extravasation
adobe
argil
mineral
ader wax
earth wax
mineral wax
ozokerite
ozocerite
alabaster
alabaster
oriental alabaster
onyx marble
mexican onyx
amblygonite
amphibole
amphibole group
amphibolite
apatite
aragonite
argentite
argillite
argyrodite
arsenopyrite
mispickel
asphalt
mineral pitch
augite
baddeleyite
bastnasite
bastnaesite
bauxite
beryl
biotite
borax
bornite
peacock ore
carnallite
carnotite
cassiterite
celestite
cerussite
white lead ore
chalcocite
copper glance
chalcopyrite
copper pyrites
china clay
china stone
kaolin
kaoline
porcelain clay
terra alba
chlorite
chromite
chrysoberyl
cinnabar
cobaltite
halite
rock salt
columbite-tantalite
coltan
cordierite
corundom
corundum
cristobalite
crocolite
cryolite
greenland spar
cuprite
damourite
dolomite
earth color
emery
erythrite
cobalt bloom
fergusonite
fluorapatite
fluorite
fluorspar
fluor
gadolinite
ytterbite
galena
garnet
garnierite
almandite
almandine
germanite
gibbsite
glauconite
goethite
gothite
greenockite
cadmium sulphide
gypsum
hausmannite
heavy spar
barite
barytes
barium sulphate
hemimorphite
calamine
ilmenite
jadeite
kainite
kaolinite
kernite
kieserite
kyanite
cyanite
langbeinite
lechartelierite
lepidolite
lepidomelane
magnesite
malachite
maltha
mineral tar
manganite
marl
meerschaum
sepiolite
mica
isinglass
millerite
molybdenite
monazite
muscovite
nepheline
nephelite
nephelinite
nephrite
niobite
columbite
nitrocalcite
olivine
olivenite
opal
ore
orpiment
osmiridium
iridosmine
paragonite
pentlandite
periclase
magnesia
magnesium oxide
phlogopite
pinite
pollucite
psilomelane
pyrite
iron pyrite
fool's gold
pyrolusite
pyromorphite
green lead ore
pyrophyllite
pyroxene
pyrrhotite
pyrrhotine
magnetic pyrites
quartz
quartzite
rock crystal
transparent quartz
rhinestone
cairngorm
smoky quartz
realgar
red clay
regosol
regur
regur soil
residual soil
residual clay
topsoil
surface soil
subsoil
undersoil
rhodochrosite
rhodonite
road metal
rock
stone
arenaceous rock
argillaceous rock
rudaceous rock
breccia
sedimentary rock
sial
sima
marlite
marlstone
metamorphic rock
gravel
crushed rock
hornfels
hornstone
ballast
bank gravel
pit-run gravel
pit run
caliche
shingle
slate
shingling
pumice
pumice stone
grit
gritrock
gritstone
agate
moss agate
alexandrite
alluvial soil
amethyst
actinolite
andesite
anthophyllite
asbestos
chrysotile
tremolite
hornblende
aphanite
aplite
dacite
aquamarine
basalt
black opal
bleaching clay
bleaching earth
mud pie
bloodstone
heliotrope
bog soil
brownstone
carnelian
cornelian
chalcedony
calcedony
chalk
chamosite
chernozemic soil
chrysolite
chrysoprase
citrine
clay
pipeclay
terra alba
bentonite
fireclay
kitty litter
potter's clay
potter's earth
slip
claystone
clunch
alumina
aluminum oxide
aluminium oxide
alundum
daub
demantoid
andradite
desert soil
desertic soil
dressed ore
concentrate
dolomite
earth
ground
diatomaceous earth
diatomite
kieselguhr
sienna
burnt sienna
raw sienna
ocher
ochre
sinopis
sinopia
sinoper
yellow ocher
yellow ochre
saprolite
soil
dirt
caliche
hardpan
emerald
emery stone
emery rock
detritus
pudding stone
conglomerate
feldspar
felspar
orthoclase
plagioclase
oligoclase
albite
white feldspar
anorthite
fieldstone
fire opal
girasol
taconite
fuller's earth
carbuncle
gilgai soil
volcanic glass
obsidian
pitchstone
tachylite
gneiss
schist
goldstone
granite
greisen
groundmass
cinnamon stone
essonite
hessonite
gumbo
gumbo soil
terra alba
harlequin opal
hematite
haematite
humus
hyacinth
jacinth
iceland spar
indurated clay
indian red
iron ore
jargoon
jargon
kunzite
laterite
lava
tuff
tufa
tufa
calc-tufa
aa
pahoehoe
pillow lava
magma
igneous rock
andosite
batholith
batholite
pluton
plutonic rock
diorite
gabbro
pegmatite
peridotite
kimberlite
rhyolite
volcanic rock
lead ore
massicot
massicotite
leaf mold
leaf mould
leaf soil
lepidocrocite
calcite
limestone
rottenstone
tripoli
limonite
loam
loess
magnetite
magnetic iron-ore
marble
verd antique
verde antique
mold
mould
moonstone
morganite
mud
clay
onyx
pay dirt
peridot
bole
plasma
podzol
podzol soil
podsol
podsol soil
podsolic soil
sandstone
bluestone
greensand
porphyry
porphyritic rock
prairie soil
pyrope
rhodolite
rose quartz
ruby
ruddle
reddle
raddle
rutile
evaporite
samarskite
sapphirine
sand
water sapphire
sapphire
sard
sardine
sardius
sardonyx
scheelite
schorl
sedimentary clay
shale
humic shale
oil shale
siderite
chalybite
silt
siltstone
smaltite
soapstone
soaprock
soap-rock
steatite
sodalite
spar
spinel
spinel ruby
ruby spinel
almandine
balas
balas ruby
ceylonite
pleonaste
rubicelle
spodumene
hiddenite
stannite
tin pyrites
star sapphire
stibnite
strontianite
sunstone
aventurine
sylvanite
graphic tellurium
sylvite
sylvine
talc
talcum
french chalk
rensselaerite
tantalite
thorite
thortveitite
till
boulder clay
topaz
topaz
false topaz
common topaz
tourmaline
tridymite
tundra soil
turquoise
umber
raw umber
burnt umber
uraninite
pitchblende
uranium ore
vanadinite
vesuvianite
vesuvian
idocrase
wiesenboden
wolframite
iron manganese tungsten
wollastonite
wulfenite
xenotime
zeolite
chabazite
chabasite
heulandite
natrolite
phillipsite
zinc blende
blende
sphalerite
zinkenite
zinnwaldite
zircon
zirconium silicate
geological time
geologic time
cenozoic
cenozoic era
age of mammals
quaternary
quaternary period
age of man
holocene
holocene epoch
recent epoch
pleistocene
pleistocene epoch
glacial epoch
tertiary
tertiary period
pliocene
pliocene epoch
miocene
miocene epoch
oligocene
oligocene epoch
eocene
eocene epoch
paleocene
paleocene epoch
mesozoic
mesozoic era
age of reptiles
cretaceous
cretaceous period
jurassic
jurassic period
triassic
triassic period
paleozoic
paleozoic era
permian
permian period
carboniferous
carboniferous period
pennsylvanian
pennsylvanian period
upper carboniferous
upper carboniferous period
mississippian
missippian period
lower carboniferous
lower carboniferous period
devonian
devonian period
age of fishes
silurian
silurian period
ordovician
ordovician period
cambrian
cambrian period
eon
aeon
period
geological period
era
geological era
epoch
ice age
glacial period
glacial epoch
anaclinal
cataclinal
anticlinal
synclinal
stratified
bedded
unstratified
monoclinic
triclinic
anorthic
clayey
cloggy
heavy
friable
light
sandy
shifting
unfirm
archean
archaean
archeozoic
archaeozoic
azoic
proterozoic
cliffy
clifflike
beachy
beachlike
intrusive
extrusive
changed
incumbent
boggy
marshy
miry
mucky
muddy
quaggy
sloughy
swampy
waterworn
achondritic
aciculate
aerological
alabastrine
albitic
amethystine
anorthitic
aphanitic
aplitic
appalachian
aquiferous
arenicolous
augitic
austral
basaltic
bauxitic
bentonitic
bioclimatic
biotitic
borated
calcitic
calculous
coastal
intertidal
eonian
aeonian
epilithic
estuarine
estuarial
fluvial
glacial
plagioclastic
surficial
volcanic
lithic
meteorologic
meteorological
meteoric
marine
littoral
sublittoral
thalassic
oceanic
pelagic
transoceanic
montane
earthen
geological
geologic
geophysical
seismological
seismologic
riparian
atlantic
pacific
sedimentary
baltic
himalayan
abyssal
bathyal
hadal
geodetic
geodesic
geodesical
lacustrine
alluvial
aegean
sapphirine
alpine
alpine
andean
carboniferous
cretaceous
cretaceous
gibraltarian
mediterranean
mineral
nilotic
olympian
rhenish
boreal
rupestral
rupicolous
meteorologically
glacially
volcanically
geologically
