bight
center of curvature
centre of curvature
circle of curvature
osculating circle
canthus
nasal canthus
temporal canthus
point
attractor
attracter
strange attractor
chaotic attractor
intersection
intersection point
point of intersection
metacenter
metacentre
vertex
geometry
affine geometry
elementary geometry
parabolic geometry
euclidean geometry
fractal geometry
non-euclidean geometry
hyperbolic geometry
elliptic geometry
riemannian geometry
spherical geometry
analytic geometry
analytical geometry
coordinate geometry
intercept
plane geometry
solid geometry
projective geometry
descriptive geometry
normal curve
bell-shaped curve
gaussian curve
gaussian shape
correlation matrix
matrix
dot matrix
square matrix
diagonal
diagonal matrix
scalar matrix
identity matrix
unit matrix
determinant
latin square
magic square
nonsingular matrix
real matrix
singular matrix
transpose
bowels
bull's eye
bull
center
centre
midpoint
center of buoyancy
centre of buoyancy
center of immersion
centre of immersion
center of gravity
centre of gravity
center of flotation
centre of flotation
center of mass
centre of mass
barycenter
centroid
core
navel
navel point
corncob
corner
cross section
nombril
quadrant
quarter-circle
section
plane section
side
corner
core
nucleus
segment
plane figure
two-dimensional figure
polygon
polygonal shape
isogon
convex polygon
concave polygon
reentrant polygon
reentering polygon
regular polygon
curve
curved shape
straight line
perpendicular
asymptote
tangent
secant
radius
diameter
conic section
conic
oblong
circle
circlet
equator
semicircle
hemicycle
arc
chord
sector
eccentricity
element
element of a cone
element of a cylinder
helix angle
ellipse
oval
square
foursquare
quadrate
quadrilateral
quadrangle
tetragon
triangle
trigon
trilateral
acute triangle
acute-angled triangle
equilateral triangle
equiangular triangle
isosceles triangle
oblique triangle
obtuse triangle
obtuse-angled triangle
right triangle
right-angled triangle
scalene triangle
parallelogram
trapezium
trapezoid
pentagon
hexagon
regular hexagon
heptagon
octagon
nonagon
decagon
undecagon
dodecagon
rhombus
rhomb
rhomboid
rectangle
spherical polygon
spherical triangle
polyhedron
convex polyhedron
concave polyhedron
prism
parallelepiped
parallelopiped
parallelepipedon
parallelopipedon
cuboid
quadrangular prism
triangular prism
parabola
hyperbola
plane angle
spherical angle
solid angle
inclination
angle of inclination
reentrant angle
reentering angle
salient angle
interior angle
internal angle
exterior angle
external angle
acute angle
obtuse angle
right angle
oblique angle
reflex angle
perigon
round angle
paraboloid
ellipsoid
hypotenuse
base
diagonal
bias
diagonal
epicycle
tree
tree diagram
cladogram
stemma
vector
ray
pyramid
tetrahedron
pentahedron
hexahedron
rhombohedron
octahedron
decahedron
dodecahedron
icosahedron
regular polyhedron
regular convex solid
regular convex polyhedron
platonic body
platonic solid
ideal solid
polyhedral angle
face angle
regular tetrahedron
cube
regular hexahedron
quadrate
regular dodecahedron
regular octahedron
regular icosahedron
prismatoid
prismoid
trapezohedron
vertical angle
wedge
wedge shape
cuneus
develop
truncate
subtend
delimit
congruent
incongruent
cubic
three-dimensional
linear
one-dimensional
planar
two-dimensional
parallel
oblique
perpendicular
isosceles
salient
re-entrant
reentrant
diametral
diametric
diametrical
geometric
geometrical
hexangular
hexagonal
polyhedral
scalene
sectorial
tangential
triangulate
quadrangular
tetragonal
pentangular
pentagonal
octangular
octagonal
radial
sigmoid
icosahedral
asymptotic
equatorial
epicyclic
epicyclical
cross-sectional
sectional
rhombic
trapezoidal
hyperbolic
polygonal
quadratic
rhomboid
rhomboidal
asymptotically
linearly
geometrically
linearly
geometrically
perpendicularly
polygonally
