golfing
golf
golf game
professional golf
round of golf
round
medal play
stroke play
match play
miniature golf
golf stroke
golf shot
swing
downswing
slice
fade
slicing
hook
draw
hooking
drive
driving
explosion
putt
putting
clock golf
approach
approach shot
chip
chip shot
pitch
pitch shot
sclaff
shank
teeoff
golf lesson
baseball cap
jockey cap
golf cap
bill
peak
eyeshade
visor
vizor
brassie
bunker
sand trap
trap
cup
dogleg
driver
number one wood
driving iron
one iron
face
golf bag
golf ball
golfcart
golf cart
golf club
golf-club
club
golf-club head
club head
club-head
clubhead
golf course
golf links
links
golf equipment
golf glove
golf range
driving range
half sole
hazard
heel
hole
golf hole
insole
innersole
iron
long iron
mashie
five iron
mashie niblick
seven iron
metal wood
midiron
two iron
niblick
nine iron
outsole
pin
flag
pitching wedge
putter
putting iron
sand wedge
shank
waist
short iron
sole
spoon
strap
shoulder strap
tee
golf tee
toe
water hazard
wedge
wood
golf club
apron
fairway
green
putting green
rough
tee
teeing ground
divot
caddie
golf caddie
driver
golfer
golf player
linksman
golf pro
professional golfer
golf widow
greenskeeper
hacker
hooker
medalist
medallist
medal winner
putter
slicer
hogan
ben hogan
william benjamin hogan
jones
bobby jones
robert tyre jones
nicklaus
jack nicklaus
jack william nicklaus
norman
greg norman
gregory john norman
palmer
arnold palmer
arnold daniel palmer
sarazen
gene sarazen
snead
sam snead
samuel jackson snead
trevino
lee trevino
lee buck trevino
supermex
birdie
bogey
double-bogey
eagle
par
par
ace
eagle
hole up
putt
putt
toe
sclaff
chip
birdie
double birdie
double bogey
bogey
dormie
dormy
greenside
