annulet
roundel
bend
bend dexter
charge
bearing
heraldic bearing
armorial bearing
chevron
coat of arms
arms
blazon
blazonry
crest
device
fesse
fess
fleur-de-lis
fleur-de-lys
heraldry
ordinary
quartering
union
heraldry
title
title of respect
aga
agha
defender of the faith
hakham
rabbi
reverend
very reverend
lordship
ladyship
title
baronetcy
viscountcy
bar sinister
bend sinister
nobility
aristocracy
noblesse
peerage
baronage
second estate
lords temporal
knighthood
samurai
ferdinand and isabella
william and mary
aristocrat
blue blood
patrician
armiger
baron
baron
baronet
bart
baroness
brahman
brahmin
burgrave
carpet knight
cavalier
chevalier
count
count palatine
countess
crown prince
crown princess
czarina
tsarina
tzarina
czaritza
tsaritsa
dauphin
duchess
duke
duke
archduke
archduchess
earl
earl marshal
female aristocrat
grand duchess
grand duke
grandee
highness
knight
knight bachelor
bachelor-at-arms
bachelor
knight banneret
knight of the square flag
banneret
knight of the round table
knight-errant
knight templar
templar
lady
noblewoman
peeress
lady-in-waiting
landgrave
life peer
lord
noble
nobleman
maharaja
maharajah
maharani
maharanee
male aristocrat
marchioness
marquise
margrave
marquess
marquis
marquess
mesne lord
milady
milord
palatine
palsgrave
peer
peer of the realm
prince
elector
prince consort
prince of wales
princess
princess royal
queen
queen regnant
female monarch
queen of england
raja
rajah
rani
ranee
samurai
sir
sire
thane
viscount
viscountess
viscount
albert
prince albert
albert francis charles augustus emmanuel
astor
nancy witcher astor
viscountess astor
borgia
lucrezia borgia
duchess of ferrara
charles
prince charles
cleopatra
cornwallis
charles cornwallis
first marquess cornwallis
cyrus
cyrus the younger
diana
princess diana
princess of wales
lady diana frances spencer
diane de poitiers
duchesse de valentinois
don juan
edward
prince edward
edward antony richard louis
elizabeth
elizabeth i
elizabeth
elizabeth ii
francis ferdinand
franz ferdinand
frederick william
the great elector
geraint
sir geraint
godiva
lady godiva
grey
lady jane grey
hamilton
lady emma hamilton
amy lyon
isabella i
isabella the catholic
ivan iii
ivan iii vasilievich
ivan the great
liliuokalani
lydia kamekeha paki liliuokalani
maintenon
marquise de maintenon
francoise d'aubigne
madame de maintenon
mary i
mary tudor
bloody mary
mary ii
mary queen of scots
mary stuart
montespan
marquise de montespan
francoise-athenais de rochechouart
mortimer
roger de mortimer
philip
prince philip
duke of edinburgh
pompadour
marquise de pompdour
jeanne antoinette poisson
victoria
queen victoria
descent
line of descent
lineage
filiation
affinity
kinship by marriage
consanguinity
blood kinship
cognation
bilateral descent
unilateral descent
matrilineage
enation
cognation
patrilineage
agnation
caste
dignity
nobility
noblesse
purple
baronetcy
barony
dukedom
earldom
kingship
princedom
viscountcy
viscounty
crested
inflamed
regardant(ip)
guardant(ip)
gardant(ip)
full-face
botonee
botonnee
dexter
sinister
fledged
vaned
flighted(ip)
unfledged
fledgeless
unvaned
naiant
swimming
salient(ip)
passant(ip)
rampant(ip)
rearing
statant(ip)
couchant(ip)
dormant(ip)
sleeping
assurgent
volant(ip)
archducal
brahminic
brahminical
dynastic
equestrian
royal
titular
titular
palatine
tudor
victorian
elizabethan
ducal
genealogic
genealogical
hanoverian
lancastrian
genealogically
