dishwashing
washup
washing-up
window-washing
soak
soaking
laundering
housework
housekeeping
homemaking
bath linen
bath mat
bath towel
bed linen
besom
bib
brickkiln
broiler
broom
broomstick
broom handle
carpet sweeper
sweeper
case
pillowcase
slip
pillow slip
charcoal burner
cleaning implement
cleaning pad
clothes dryer
clothes drier
coffee maker
cookstove
cooler
ice chest
curling iron
damask
deep-freeze
deepfreeze
deep freezer
freezer
detergent
dinner napkin
dishwasher
dish washer
dishwashing machine
dishwasher detergent
dishwashing detergent
dishwashing liquid
disposal
electric pig
garbage disposal
doily
doyley
doyly
drip pan
dry kiln
dust bag
vacuum bag
dustmop
dust mop
dry mop
dutch oven
electric motor
electric range
electric refrigerator
fridge
espresso maker
fitted sheet
contour sheet
flatiron
flatwork
flat wash
food processor
gas oven
gas range
gas stove
gas cooker
gas ring
goffer
gauffer
grate
grating
heating element
home appliance
household appliance
hoover
hot plate
hotplate
ice machine
ice maker
iron
smoothing iron
ironing
kiln
kitchen appliance
laundry
wash
washing
washables
laundry detergent
limekiln
linen
liquid detergent
mangle
microwave
microwave oven
mop handle
muffle
napkin
table napkin
serviette
oast
oven
pillow sham
pipe cleaner
place mat
potbelly
potbelly stove
primus stove
primus
pull-through
push broom
refrigeration system
refrigerator
icebox
rotisserie
scouring pad
serger
sewing machine
sheet
bed sheet
silex
soap pad
soap powder
built-soap powder
washing powder
spin dryer
spin drier
spirit stove
sponge mop
squeegee
steam iron
stove
kitchen stove
range
kitchen range
cooking stove
swab
swob
mop
tablecloth
table linen
napery
tandoor
tea cloth
tea napkin
toaster
toaster oven
travel iron
tray cloth
trouser press
pants presser
tumble-dryer
tumble drier
turkish towel
terry towel
vacuum
vacuum cleaner
washcloth
washrag
flannel
face cloth
washer
automatic washer
washing machine
water back
whisk
whisk broom
white goods
household linen
white goods
wringer
home economics
home ec
domestic science
household arts
charwoman
char
cleaning woman
cleaning lady
woman
housewife
homemaker
lady of the house
woman of the house
swab
swob
sop
dust
mangle
iron
iron out
wipe up
mop up
mop
sponge
sweep
houseclean
clean house
clean
spring-clean
handwash
hand-wash
machine wash
machine-wash
domestic
undomestic
domestically
