architecture
architectonics
tectonics
landscape architecture
urban planning
interior design
humanistic discipline
humanities
liberal arts
arts
english
art history
iconology
chronology
glottochronology
fine arts
beaux arts
performing arts
occidentalism
orientalism
oriental studies
library science
musicology
sinology
stemmatology
stemmatics
institute
lamaist
mithraist
zoroastrian
absolutist
animist
antinomian
amoralist
bahai
clericalist
cognitive scientist
disciple
adherent
donatist
druze
druse
dualist
hussite
ismaili
ismailian
manichaean
manichean
manichee
monophysite
neoplatonist
satanist
diabolist
sikh
socinian
specialist
specializer
specialiser
trinitarian
votary
baruch
humanist
humanistic
humane
romantic
romanticist
romanticistic
neoclassicist
neoclassicistic
glottochronological
classicistic
musicologically
architecturally
