campaign
hunting expedition
safari
hunt
hunting
battue
beagling
canned hunt
coursing
deer hunting
deer hunt
ducking
duck hunting
fox hunting
foxhunt
pigsticking
hunt
hunting
stalk
stalking
still hunt
deerstalking
birdnesting
predation
wolf spider
hunting spider
european wolf spider
tarantula
lycosa tarentula
hunting dog
rhodesian ridgeback
hound
hound dog
afghan hound
afghan
basset
basset hound
beagle
bloodhound
sleuthhound
bluetick
boarhound
coonhound
coondog
black-and-tan coonhound
dachshund
dachsie
badger dog
sausage dog
sausage hound
foxhound
american foxhound
walker hound
walker foxhound
english foxhound
harrier
plott hound
redbone
wolfhound
borzoi
russian wolfhound
irish wolfhound
greyhound
italian greyhound
whippet
ibizan hound
ibizan podenco
norwegian elkhound
elkhound
otterhound
otter hound
saluki
gazelle hound
scottish deerhound
deerhound
staghound
weimaraner
terrier
bullterrier
bull terrier
staffordshire bullterrier
staffordshite bull terrier
american staffordshire terrier
staffordshire terrier
american pit bull terrier
pit bull terrier
bedlington terrier
border terrier
kerry blue terrier
irish terrier
norfolk terrier
norwich terrier
yorkshire terrier
rat terrier
ratter
manchester terrier
black-and-tan terrier
toy manchester
toy manchester terrier
fox terrier
smooth-haired fox terrier
wire-haired fox terrier
wirehair
wirehaired terrier
wire-haired terrier
lakeland terrier
welsh terrier
sealyham terrier
sealyham
airedale
airedale terrier
cairn
cairn terrier
australian terrier
dandie dinmont
dandie dinmont terrier
boston bull
boston terrier
schnauzer
miniature schnauzer
giant schnauzer
standard schnauzer
scotch terrier
scottish terrier
scottie
tibetan terrier
chrysanthemum dog
silky terrier
sydney silky
skye terrier
clydesdale terrier
soft-coated wheaten terrier
west highland white terrier
lhasa
lhasa apso
sporting dog
gun dog
bird dog
water dog
retriever
flat-coated retriever
curly-coated retriever
golden retriever
labrador retriever
chesapeake bay retriever
pointer
spanish pointer
german short-haired pointer
setter
vizla
hungarian pointer
english setter
irish setter
red setter
gordon setter
spaniel
brittany spaniel
clumber
clumber spaniel
field spaniel
springer spaniel
springer
english springer
english springer spaniel
welsh springer spaniel
cocker spaniel
english cocker spaniel
cocker
sussex spaniel
water spaniel
american water spaniel
irish water spaniel
griffon
wire-haired pointing griffon
hunting license
hunting licence
hunting permit
game license
hunting ground
bounty hunter
coureur de bois
deer hunter
duck hunter
falconer
hawker
fowler
fox hunter
hunter
huntsman
huntress
lion-hunter
pothunter
snarer
stalker
tracker
trapper
nimrod
hunting season
snipe
whale
still-hunt
ambush
turtle
drive
drive
rabbit
fowl
grouse
poach
seal
hunt
run
hunt down
track down
ferret
course
foxhunt
tree
jacklight
jack
hawk
falcon
fowl
bag
batfowl
rat
birdlime
lime
earth
scrounge
forage
