communication
punctuation
hyphenation
word division
hyphenation
scat
scat singing
neologism
neology
coinage
bus
jalopy
heap
cryptograph
decoder
tone
lexis
vocabulary
lexicon
mental lexicon
speech perception
linguistic process
language
reading
speed-reading
machine translation
mt
psycholinguistics
computational linguistics
dialect geography
linguistic geography
etymology
historical linguistics
linguistics
orthoepy
phonology
phonemics
morphophonemics
lexicology
onomastics
toponymy
toponomy
neurolinguistics
pragmatics
lexicostatistics
semantics
deixis
sound law
grimm's law
verner's law
sociolinguistics
structuralism
structural linguistics
synchronic linguistics
descriptive linguistics
language
linguistic communication
dead language
words
source language
object language
target language
language unit
linguistic unit
discourse
context
linguistic context
context of use
sentence
simple sentence
complex sentence
loose sentence
periodic sentence
compound sentence
word
anagram
anaphor
antonym
opposite word
opposite
back-formation
blend
portmanteau word
portmanteau
charade
cognate
cognate word
content word
open-class word
contraction
deictic
deictic word
derivative
diminutive
dirty word
disyllable
dissyllable
form
word form
signifier
descriptor
four-letter word
four-letter anglo-saxon word
head
head word
headword
heteronym
holonym
whole name
homonym
hypernym
superordinate
superordinate word
hyponym
subordinate
subordinate word
key word
loanblend
loan-blend
hybrid
loanword
loan
meronym
part name
metonym
antigram
monosyllable
monosyllabic word
neologism
neology
coinage
nonce word
hapax legomenon
oxytone
palindrome
primitive
plural
plural form
singular
singular form
ghost word
root
root word
base
stem
theme
radical
etymon
root
citation form
main entry word
entry word
beatitude
logion
calque
loan translation
paroxytone
partitive
polysemant
polysemantic word
polysemous word
polysyllable
polysyllabic word
proparoxytone
quantifier
quantifier
logical quantifier
existential quantifier
existential operator
universal quantifier
reduplication
substantive
synonym
equivalent word
term
terminology
nomenclature
language
trisyllable
troponym
manner name
vocable
spoken word
syllable
penult
penultima
penultimate
antepenult
antepenultimate
jawbreaker
sesquipedalian
sesquipedalia
reduplication
direct antonym
indirect antonym
lexeme
morpheme
formative
allomorph
free morpheme
free form
bound morpheme
bound form
combining form
affix
prefix
classifier
alpha privative
ending
termination
suffix
postfix
inflectional ending
inflectional suffix
infix
syntagma
syntagm
gerund
noun
collective noun
mass noun
count noun
proper noun
proper name
common noun
verbal noun
deverbal noun
adnoun
verb
intensifier
intensive
adjective
descriptive adjective
qualifying adjective
relational adjective
classifying adjective
pertainym
comparative
superlative
adverb
dangling modifier
misplaced modifier
dangling participle
adverbial
reflexive verb
name
eponym
eponym
extension
filename extension
file name extension
filename
file name
computer filename
computer file name
patronymic
matronymic
metronymic
street name
street name
street name
surname
family name
cognomen
last name
maiden name
middle name
first name
given name
forename
christian name
baptismal name
praenomen
nickname
alias
assumed name
false name
pseudonym
anonym
nom de guerre
misnomer
stage name
pen name
nom de plume
writer's name
author's name
pet name
hypocorism
place name
toponym
supertitle
surtitle
orthography
writing system
script
aramaic
aramaic script
armenian
armenian alphabet
avestan
babylonian
brahmi
devanagari
devanagari script
nagari
nagari script
pahlavi
uighur
uigur
uygur
uncial
spelling
misspelling
written word
bigram
trigram
tetragram
tetragrammaton
picture writing
alphabetic writing
alphabetic script
boustrophedon
cuneiform
syllabary
syllabic script
linear a
linear b
ideography
hieratic
hieratic script
hieroglyph
hieroglyphic
point system
braille
allegory
dithyramb
signature
allograph
autograph
john hancock
countersignature
countersign
endorsement
indorsement
blank endorsement
endorsement in blank
sign manual
copula
copulative
linking verb
alphabet
roman alphabet
latin alphabet
hebrew alphabet
hebraic alphabet
hebrew script
greek alphabet
cyrillic alphabet
cyrillic
arabic alphabet
phonetic alphabet
sound alphabet
visible speech
manual alphabet
finger alphabet
etymology
folk etymology
advice and consent
perusal
perusing
poring over
studying
browse
browsing
skim
skimming
declarative sentence
declaratory sentence
run-on sentence
topic sentence
lexical meaning
sense
signified
word meaning
word sense
acceptation
referent
ambiguity
loophole
amphibology
amphiboly
parisology
euphemism
blank
darn
heck
dysphemism
shucks
double entendre
deriving
derivation
etymologizing
syncategorem
syncategoreme
major term
minor term
middle term
sentimentalism
treacle
mush
toponymy
toponomy
written symbol
printed symbol
mark
broad arrow
call mark
call number
pressmark
caret
check mark
check
tick
character
grapheme
graphic symbol
allograph
check character
superscript
superior
subscript
inferior
ascii character
control character
ascii control character
backspace character
diacritical mark
diacritic
ditto mark
ditto
dollar mark
dollar sign
phonogram
accent
accent mark
stress mark
acute accent
acute
ague
grave accent
grave
breve
cedilla
circumflex
hacek
wedge
macron
tilde
umlaut
dieresis
diaeresis
ligature
capital
capital letter
upper case
upper-case letter
majuscule
small letter
lower case
lower-case letter
minuscule
small capital
small cap
type
type family
percent sign
percentage sign
asterisk
star
dagger
obelisk
double dagger
double obelisk
dieses
space
blank
phonetic symbol
mathematical symbol
rune
runic letter
thorn
pictograph
ideogram
ideograph
logogram
logograph
radical
stenograph
punctuation
punctuation mark
ampersand
angle bracket
bracket
apostrophe
brace
bracket
square bracket
colon
comma
exclamation mark
exclamation point
hyphen
dash
parenthesis
period
point
full stop
stop
full point
suspension point
question mark
interrogation point
quotation mark
quote
inverted comma
single quote
double quotes
scare quote
semicolon
solidus
slash
virgule
diagonal
stroke
separatrix
swung dash
company name
trade name
brand name
brand
marque
label
recording label
sign language
signing
finger spelling
fingerspelling
asl
american sign language
sign
flourish
paraph
artificial language
antido
arulo
basic english
blaia zimondal
esperantido
esperanto
europan
idiom neutral
interlingua
ido
latinesce
latino
latino sine flexione
lingualumina
lingvo kosmopolita
monario
nov-esperanto
novial
nov-latin
occidental
optez
pasigraphy
ro
romanal
solresol
volapuk
application-oriented language
problem-oriented language
command language
query language
search language
high-level language
job-control language
metalanguage
syntax language
native language
natural language
tongue
mother tongue
maternal language
first language
tone language
tonal language
contour language
register language
creole
haitian creole
pidgin
chinook jargon
oregon jargon
sango
lingua franca
interlanguage
koine
amerind
amerindian language
american-indian language
american indian
indian
algonquian
algonquin
algonquian language
atakapa
atakapan
attacapa
attacapan
athapaskan
athapascan
athabaskan
athabascan
athapaskan language
abnaki
algonkian
algonkin
arapaho
arapahoe
biloxi
blackfoot
catawba
cheyenne
chiwere
iowa
ioway
missouri
oto
otoe
cree
crow
dakota
delaware
dhegiha
fox
hidatsa
gros ventre
hunkpapa
illinois
haida
kansa
kansas
kickapoo
malecite
maleseet
massachuset
massachusetts
menomini
micmac
mohican
mahican
nanticoke
ofo
oglala
ogalala
ojibwa
ojibway
chippewa
omaha
osage
pamlico
ponca
ponka
potawatomi
powhatan
quapaw
shawnee
alabama
chickasaw
choctaw
chahta
hitchiti
koasati
muskogee
santee
seminole
tlingit
tutelo
winnebago
muskhogean
muskhogean language
muskogean
muskogean language
na-dene
mosan
chemakuan
chemakum
salish
salishan
skagit
wakashan
wakashan language
kwakiutl
nootka
shoshone
comanche
hopi
paiute
ute
shoshonean
shoshonean language
shoshonian
shoshonian language
caddo
caddoan
caddoan language
arikara
aricara
pawnee
wichita
cherokee
cayuga
mohawk
seneca
oneida
onondaga
tuscarora
iroquoian
iroquois
iroquoian language
quechua
quechuan
quechuan language
kechua
kechuan
guarani
maraco
maracan language
tupi
tupi-guarani
tupi-guarani language
arawak
arawakan
carib
caribbean language
eskimo-aleut
eskimo-aleut language
eskimo
esquimau
aleut
uto-aztecan
uto-aztecan language
pima
aztecan
nahuatl
cahita
tatahumara
zapotec
zapotecan
maya
mayan
mayan language
apache
chiricahua apache
san carlos apache
navaho
navajo
hupa
mattole
chipewyan
chippewyan
chippewaian
siouan
siouan language
tanoan
tanoan language
kiowa
hokan
hoka
chimariko
esselen
kulanapan
pomo
quoratean
karok
shastan
achomawi
atsugewi
shasta
yuman
akwa'ala
cochimi
cocopa
cocopah
diegueno
havasupai
kamia
kiliwa
kiliwi
maricopa
mohave
mojave
walapai
hualapai
hualpai
yavapai
yuma
yanan
yahi
yana
penutian
copehan
patwin
wintun
costanoan
mariposan
yokuts
moquelumnan
miwok
pujunan
maidu
chinookan
chinook
kalapooian
kalapuyan
kusan
shahaptian
sahaptin
nez perce
takilman
takelma
tsimshian
kekchi
mam
yucatec
yucateco
quiche
cakchiquel
altaic
altaic language
turki
turkic
turko-tatar
turkic language
turkish
turkmen
turkoman
turcoman
azerbaijani
kazak
kazakh
tatar
uzbek
uzbeg
uzbak
usbek
usbeg
uighur
uigur
uygur
yakut
kirghiz
kirgiz
khirghiz
karakalpak
chuvash
chagatai
jagatai
jaghatai
eastern turki
tungusic
tungusic language
tungus
tunguz
evenki
ewenki
manchu
mongolian
mongolic
mongolic language
khalkha
khalka
kalka
korean
japanese
ryukyuan
sinitic
sinitic language
chinese
mandarin
mandarin chinese
mandarin dialect
beijing dialect
wu
wu dialect
shanghai dialect
yue
yue dialect
cantonese
cantonese dialect
min
min dialect
fukien
fukkianese
hokkianese
amoy
taiwanese
hakka
hakka dialect
sino-tibetan
sino-tibetan language
tibeto-burman
tibeto-burman language
qiang
qiangic
bai
baic
himalayish
kamarupan
karen
karenic
lolo-burmese
burmese-yi
burmese
loloish
lisu
hani
akha
lahu
lolo
yi
kachin
kachinic
jinghpo
jinghpaw
chingpo
kuki
chin
kuki-chin
naga
mikir-meithei
bodo-garo
barish
miri
mirish
abor
dafla
tibetan
newari
kadai
kam-tai
kadai language
kam-sui
tai
white tai
red tai
tai dam
black tai
tai nuea
chinese shan
dehong dai
tai long
shan
tai lue
xishuangbanna dai
tai yuan
kam muang
khuen
lao
khamti
southern tai
tay
nung
tho
thai
siamese
central thai
bouyei
buyi
zhuang
yay
saek
austro-asiatic
munda-mon-khmer
munda
mon-khmer
vietnamese
annamese
annamite
khmer
mon
austronesian
austronesian language
malayo-polynesian
oceanic
eastern malayo-polynesian
tahitian
maori
hawaiian
fijian
western malayo-polynesian
malay
malaysian
bahasa malaysia
bahasa melayu
bahasa kebangsaan
indonesian
bahasa indonesia
bahasa
javanese
sundanese
balinese
philippine
filipino
tagalog
cebuan
cebuano
australian
aboriginal australian
dyirbal
jirrbal
walbiri
warlpiri
formosan
tayalic
atayalic
tsouic
paiwanic
papuan
papuan language
khoisan
khoisan language
khoikhoin
khoikhoi
hottentot
indo-european
indo-european language
indo-hittite
proto-indo european
pie
albanian
gheg
gheg dialect
tosk
tosk dialect
armenian
armenian language
illyrian
thraco-phrygian
thracian
phrygian
balto-slavic
balto-slavic language
balto-slavonic
slavic
slavic language
slavonic
slavonic language
old church slavonic
old church slavic
church slavic
old bulgarian
russian
belarusian
byelorussian
ukrainian
polish
slovak
czech
slovene
serbo-croat
serbo-croatian
sorbian
lusatian
macedonian
bulgarian
baltic
baltic language
old prussian
lithuanian
latvian
lettish
germanic
germanic language
west germanic
west germanic language
english
english language
american english
american language
american
black english
black english vernacular
ebonics
cockney
king's english
middle english
east midland
west midland
northern
kentish
southwestern
west saxon
modern english
old english
anglo-saxon
west saxon
anglian
kentish
jutish
oxford english
scottish
scots
scots english
lallans
scottish lallans
german
high german
german language
old high german
middle high german
yiddish
pennsylvania dutch
low german
plattdeutsch
old saxon
middle low german
dutch
flemish
flemish dialect
afrikaans
taal
the taal
south african dutch
proto-norse
old norse
old icelandic
scandinavian
scandinavian language
nordic
norse
north germanic
north germanic language
danish
icelandic
norwegian
bokmal
dano-norwegian
riksmal
new norwegian
landsmal
nynorsk
swedish
faroese
faeroese
frisian
old frisian
east germanic
east germanic language
gothic
ural-altaic
uralic
uralic language
finno-ugric
finno-ugrian
fennic
finnic
non-ugric
udmurt
votyak
permic
komi
zyrian
volgaic
cheremis
cheremiss
mari
mordva
mordvin
mordvinian
baltic-finnic
livonian
estonian
esthonian
karelian
carelian
ludian
finnish
suomi
veps
vepse
vepsian
ingrian
ugric
ugrian
hungarian
magyar
khanty
ostyak
mansi
vogul
lappic
lappish
lapp
sami
samoyedic
samoyed
nenets
nentsi
nentsy
yurak-samoyed
enets
entsi
entsy
yenisei
yenisei-samoyed
yeniseian
nganasan
selkup
ostyak-samoyed
celtic
celtic language
gaelic
goidelic
erse
irish
irish gaelic
old irish
middle irish
scottish gaelic
scots gaelic
manx
brythonic
brittanic
welsh
cornish
breton
italic
italic language
osco-umbrian
umbrian
oscan
sabellian
latin
old latin
classical latin
low latin
vulgar latin
late latin
biblical latin
medieval latin
neo-latin
new latin
romance
romance language
latinian language
italian
old italian
sardinian
tuscan
french
langue d'oil
langue d'oil french
langue d'oc
langue d'oc french
old french
norman-french
old north french
anglo-french
anglo-norman
canadian french
walloon
provencal
occitan
portuguese
galician
basque
spanish
judeo-spanish
ladino
mexican spanish
catalan
rhaeto-romance
rhaeto-romanic
friulian
friuli
ladin
romansh
rumansh
romanian
rumanian
elamitic
elamite
susian
kassite
cassite
tocharian
turfan
east tocharian
turfan dialect
kuchean
west tocharian
kuchean dialect
sanskrit
sanskritic language
sindhi
romany
gypsy
urdu
hindi
hindustani
hindoostani
hindostani
bihari
magadhan
assamese
asamiya
bengali
oriya
marathi
mahratti
gujarati
gujerati
punjabi
panjabi
sinhalese
singhalese
sinhala
indo-iranian
indo-iranian language
indic
indo-aryan
dard
dardic
dardic language
shina
khowar
kafiri
kashmiri
nepali
prakrit
pali
prakrit
iranian
iranian language
avestan
zend
gathic
persian
farsi
dari
dari persian
tajiki
tajik
tadzhik
kurdish
balochi
baluchi
pahlavi
pashto
pashtu
paxto
afghani
afghan
ossete
scythian
anatolian
anatolian language
hittite
lycian
luwian
luvian
lydian
palaic
greek
hellenic
hellenic language
modern greek
romaic
demotic
katharevusa
late greek
medieval greek
middle greek
byzantine greek
koine
ancient greek
attic
classical greek
aeolic
eolic
arcadic
doric
ionic
caucasian
caucasian language
chechen
circassian
abkhazian
abkhasian
georgian
ubykh
dravidian
dravidic
dravidian language
south dravidian
irula
kodagu
kota
kotar
toda
badaga
kannada
kanarese
tulu
malayalam
tamil
south-central dravidian
telugu
savara
gondi
pengo
manda
kui
kuvi
central dravidian
kolami
naiki
parji
ollari
gadaba
north dravidian
kurux
malto
brahui
hausa
haussa
bole
bolanci
angas
ron
bokkos
daffo
bade
warji
zaar
sayanci
west chadic
tera
pidlimdi
yamaltu
bura
pabir
higi
kapsiki
mandara
wandala
matakam
mafa
sukur
daba
kola
musgoi
bata
kotoko
musgu
munjuk
mulwi
gidar
biu-mandara
somrai
sibine
nancere
kera
dangla
dangaleat
mokulu
sokoro
east chadic
masa
chad
chadic
chadic language
afroasiatic
afro-asiatic
afroasiatic language
afrasian
afrasian language
hamito-semitic
semitic
hebrew
modern hebrew
akkadian
assyrian
amharic
ethiopian language
arabic
arabic language
aramaic
biblical aramaic
mandaean
mandean
canaanitic
canaanitic language
canaanite
phoenician
punic
ugaritic
hamitic
hamitic language
egyptian
coptic
berber
tuareg
cushitic
somali
omotic
niger-kordofanian
niger-kordofanian language
kordofanian
niger-congo
bantu
bantoid language
chichewa
chimwini
chishona
fang
gikuyu
giriama
kamba
kichaga
chaga
chagga
kinyarwanda
kiswahili
kongo
luba
tshiluba
luganda
luyia
mashi
mwera
nguni
ndebele
matabele
swazi
xhosa
zulu
nyamwezi
pokomo
sotho
umbundu
sesotho
basuto
tswana
setswana
sechuana
swahili
tonga
gur
voltaic
west african
fula
ful
fulani
peul
serer
wolof
mande
kwa
yoruba
aku
akan
ewe
nilo-saharan
nilo-saharan language
chari-nile
nilotic
nilotic language
dinka
luo
masai
saharan
songhai
act
string of words
word string
linguistic string
collocation
black music
african-american music
classical music
serious music
chamber music
opera
comic opera
opera bouffe
bouffe
opera comique
grand opera
musical drama
operetta
light opera
religious music
church music
antiphon
antiphony
gradual
mass
requiem
processional
prosodion
antiphonary
antiphonal
chant
hallel
hare krishna
plainsong
plainchant
gregorian chant
cantus firmus
religious song
spiritual
negro spiritual
carol
christmas carol
hymn
anthem
doxology
chorale
choral
canticle
dies irae
hymeneal
internationale
paean
pean
magnificat
recessional
te deum
cantata
oratorio
concerto
concerto grosso
fugue
rondo
rondeau
sonata
piano sonata
symphony
symphonic music
movement
aria
folk song
folksong
folk ballad
blues
fado
blue note
beguine
bolero
carioca
conga
flamenco
gavotte
habanera
hornpipe
jig
landler
mazurka
minuet
paso doble
pavane
pavan
polka
quadrille
reel
rumba
rhumba
samba
saraband
schottische
tango
tarantella
waltz
marching music
march
military march
military music
martial music
quickstep
pibroch
processional march
recessional march
funeral march
dead march
wedding march
popular music
popular music genre
macumba
pop music
pop
folk music
ethnic music
folk
country music
country and western
c and w
dance music
danceroom music
ballroom music
ragtime
rag
jazz
kwela
gospel
gospel singing
doo-wop
soul
bluegrass
hillbilly music
square-dance music
zydeco
jazz
bop
bebop
boogie
boogie-woogie
cool jazz
hot jazz
modern jazz
new jazz
neo jazz
rap
rap music
hip-hop
rhythm and blues
r and b
rockabilly
rock 'n' roll
rock'n'roll
rock-and-roll
rock and roll
rock
rock music
heavy metal
progressive rock
art rock
psychedelic rock
acid rock
punk rock
punk
trad
swing
swing music
jive
reggae
skiffle
expressive style
style
address
catch
analysis
bathos
black humor
black humour
congorism
device
ecobabble
eloquence
fluency
euphuism
eurobabble
formulation
expression
gobbledygook
grandiosity
magniloquence
grandiloquence
rhetoric
headlinese
honorific
jargon
journalese
legalese
manner of speaking
speech
delivery
music genre
musical genre
genre
musical style
officialese
pathos
prose
psychobabble
rhetoric
self-expression
archaism
archaicism
boilerplate
colloquialism
mot juste
verbalization
verbalisation
parlance
idiom
americanism
anglicism
briticism
britishism
gallicism
wording
diction
phrasing
phraseology
choice of words
verbiage
paralanguage
paralinguistic communication
shibboleth
tone
tone of voice
undertone
elocution
barrage
outpouring
onslaught
prosody
inflection
modulation
inflection
intonation
modulation
pitch contour
intonation pattern
monotone
drone
droning
singsong
caesura
enjambment
enjambement
stress
emphasis
accent
accentuation
tonic accent
pitch accent
word stress
word accent
sentence stress
rhythm
speech rhythm
backbeat
bombast
fustian
rant
claptrap
blah
sesquipedality
sensationalism
luridness
technobabble
terseness
conciseness
concision
pithiness
succinctness
crispness
brevity
laconism
laconicism
vein
verboseness
verbosity
verbiage
prolixity
prolixness
long-windedness
wordiness
circumlocution
periphrasis
ambage
turgidity
turgidness
flatulence
repetitiveness
repetitiousness
redundancy
pleonasm
tautology
abbreviation
apocope
acronym
poetry
phone
speech sound
sound
morphophoneme
phoneme
allophone
ablaut
grade
gradation
diphthong
vowel
vowel sound
accentual system
prosodic system
consonant system
consonantal system
morphophonemic system
phonemic system
phonological system
phonologic system
syllabicity
tense system
tone system
tonal system
vowel system
schwa
shwa
murmur vowel
murmur
stem vowel
thematic vowel
semivowel
glide
palatal
consonant
alveolar consonant
dental consonant
alveolar
stop consonant
stop
occlusive
plosive consonant
plosive speech sound
plosive
implosion
plosion
explosion
affrication
aspirate
aspiration
labial consonant
labial
bilabial
labial stop
glottal stop
glottal plosive
glottal catch
epenthesis
nasalization
nasalisation
suction stop
click
continuant consonant
continuant
fricative consonant
fricative
spirant
sibilant
sibilant consonant
affricate
affricate consonant
affricative
nasal consonant
nasal
orinasal phone
orinasal
liquid
geminate
surd
voiceless consonant
guttural
guttural consonant
sonant
voiced sound
pronunciation
sibilation
assibilation
speech
mispronunciation
homograph
homophone
homophony
accent
speech pattern
drawl
articulation
retroflection
retroflexion
enunciation
diction
mumbling
syncope
syncopation
sandhi
tongue twister
saying
expression
locution
anatomical reference
anatomical
southernism
motto
slogan
catchword
shibboleth
mantra
war cry
rallying cry
battle cry
cry
watchword
maxim
axiom
aphorism
apothegm
apophthegm
gnome
murphy's law
sod's law
moralism
epigram
quip
proverb
adage
saw
byword
idiom
idiomatic expression
phrasal idiom
set phrase
phrase
ruralism
rusticism
agrapha
sumpsimus
non-standard speech
baby talk
babytalk
baby talk
babytalk
motherese
dialect
idiom
accent
eye dialect
patois
localism
regionalism
idiolect
telegraphese
vernacular
cant
jargon
slang
lingo
argot
patois
vernacular
rhyming slang
slang
cross-question
leading question
yes-no question
question
interrogation
interrogative
interrogative sentence
rule
linguistic rule
morphological rule
rule of morphology
sign
language system
slanguage
phylum
french academy
computational linguist
etymologist
hebraist
lexicographer
lexicologist
linguist
linguistic scientist
logomach
logomachist
neologist
neurolinguist
old man
orthoepist
phonetician
phonologist
psycholinguist
rambler
semanticist
semiotician
signer
sociolinguist
synonymist
transcriber
bailey
nathan bailey
nathaniel bailey
bell
melville bell
alexander melville bell
bloomfield
leonard bloomfield
chomsky
noam chomsky
a. noam chomsky
craigie
william a. craigie
sir william alexander craigie
firth
j. r. firth
john rupert firth
florio
john florio
fowler
henry watson fowler
grimm
jakob grimm
jakob ludwig karl grimm
jakobson
roman jakobson
roman osipovich jakobson
jespersen
otto jespersen
jens otto harry jespersen
johnson
samuel johnson
dr. johnson
jones
daniel jones
korzybski
alfred korzybski
alfred habdank skarbek korzybski
larousse
pierre larousse
pierre athanase larousse
littre
maximilien paul emile littre
murray
james murray
james augustus murray
james augustus henry murray
sir james murray
sir james augustus murray
sir james augustus henry murray
ogden
c. k. ogden
charles kay ogden
richards
i. a. richards
ivor armstrong richards
sapir
edward sapir
sweet
henry sweet
webster
noah webster
worcester
joseph emerson worcester
agglutination
aphaeresis
apheresis
aphesis
assimilation
derivation
dissimilation
drift
melioration
elision
ellipsis
eclipsis
fusion
infection
isoagglutination
lexicalization
lexicalisation
linguistic process
metathesis
omission
deletion
syncretism
syneresis
synaeresis
imaginative comparison
words per minute
wpm
assimilate
dissimilate
alphabetize
alphabetise
star
asterisk
assibilate
verbify
understand
read
interpret
translate
elide
etymologize
etymologise
parse
diphthongize
diphthongise
break
twang
devoice
raise
lilt
palatalize
palatalise
nasalize
nasalise
mispronounce
aspirate
voice
sound
vocalize
vocalise
disambiguate
define
redefine
translate
interpret
render
retranslate
mistranslate
gloss
latinize
gloss
comment
annotate
commentate
paraphrase
rephrase
reword
translate
lexicalize
lexicalise
pronounce
articulate
enounce
sound out
enunciate
say
retroflex
subvocalize
subvocalise
syllabize
syllabise
drawl
round
labialize
labialise
lisp
stress
accent
accentuate
vocalize
vocalise
vowelize
vowelise
transliterate
transcribe
transcribe
romanize
romanise
latinize
latinise
braille
chirk
quaver
waver
assibilate
sibilate
click
trill
sibilate
flap
explode
roll
agglutinate
prefix
suffix
affix
infix
syllabify
syllabicate
syllabize
syllabise
create verbally
paragraph
paragraph
paragraph
analytic
uninflected
synthetic
animate
inanimate
cacuminal
retroflex
clean
dirty
soiled
unclean
antiseptic
concise
prolix
descriptive
prescriptive
normative
early
middle
late
well-turned
formal
informal
common
vernacular
vulgar
hyphenated
polysyllabic
sesquipedalian
clipped
long
short
uncorrupted
undefiled
cognate
sonant
voiced
surd
voiceless
unvoiced
vocalic
syllabic
consonantal
nonsyllabic
nonvocalic
standard
received
nonstandard
synonymous
antonymous
tense
lax
suprasegmental
segmental
affixal
affixial
allographic
allomorphic
allophonic
altaic
amharic
anagrammatic
anagrammatical
aphaeretic
apheretic
aphetic
apothegmatic
apothegmatical
appellative
aramaic
archaistic
articulatory
articulative
axiomatic
aphoristic
boustrophedonic
caesural
consonantal
demotic
elliptical
elliptic
hieratic
hieroglyphic
hieroglyphical
ideographic
interlinear
interlineal
macaronic
malayo-polynesian
nominal
phonogramic
phonological
phonologic
pictographic
syllabic
syllabic
titular
tonic
tonal
uncial
verbal
vocalic
tetrametric
semantic
linguistic
lingual
nonlinguistic
intralinguistic
sociolinguistic
cross-linguistic
linguistic
gnomic
polyphonic
phonetic
phonic
phonemic
intensive
acronymic
acronymous
extralinguistic
lexicostatistic
lexical
nonlexical
latinate
orthographic
morphemic
morphophonemic
clausal
phrasal
pronominal
runic
rhetorical
psycholinguistic
communicative
copular
proverbial
sentential
prosodic
contextual
idiomatic
idiomatical
dialectal
etymological
eponymous
eponymic
hebraic
hebraical
hebrew
audio-lingual
bantoid
binomial
catalan
cockney
creole
elocutionary
germanic
gothic
indo-european
indo-germanic
italic
italic
latin
romance
latin
nilotic
nordic
patronymic
semitic
thai
tai
siamese
sinhala
singhalese
sinhalese
slavonic
slavic
sotho
terminological
tswana
urdu
vietnamese
deictic
accentual
fugally
ideographically
nominally
semantically
linguistically
lingually
sociolinguistically
linguistically
cross-linguistically
phonemic
nonlexically
hieroglyphically
syllabically
alphabetically
laconically
dryly
concisely
briefly
shortly
in brief
in short
succinctly
compactly
dirtily
filthily
idiomatically
pithy
sententiously
telegraphically
tersely
verbosely
windily
long-windedly
wordily
contextually
logogrammatically
synonymously
