measure
quantity
amount
decimalization
decimalisation
metrification
metrication
triangulation
quantitative analysis
quantitative chemical analysis
colorimetry
colorimetric analysis
volumetric analysis
acidimetry
alkalimetry
titration
volumetric analysis
gravimetric analysis
measurement
measuring
measure
mensuration
actinometry
algometry
anemography
anemometry
angulation
anthropometry
arterial blood gases
audiometry
bathymetry
plumbing
calorimetry
densitometry
dosimetry
fetometry
foetometry
hydrometry
gravimetry
hypsometry
hypsography
mental measurement
observation
pelvimetry
photometry
cytophotometry
quantification
gradation
graduation
shading
blending
radioactive dating
reading
meter reading
sampling
sounding
sound ranging
scaling
spirometery
surveying
scalage
scalage
test
mental test
mental testing
psychometric test
intelligence test
iq test
stanford-binet test
binet-simon scale
personality test
projective test
projective device
projective technique
rorschach
rorschach test
inkblot test
thematic apperception test
tat
sub-test
telemetry
thermometry
thermogravimetry
viscometry
radio observation
accelerometer
actinometer
alarm clock
alarm
alcohol thermometer
alcohol-in-glass thermometer
algometer
altazimuth
altimeter
ammeter
ammonia clock
analog watch
analytical balance
chemical balance
anemometer
wind gauge
wind gage
aneroid barometer
aneroid
astatic coils
astatic galvanometer
astrolabe
atmometer
evaporometer
atomic clock
audiometer
sonometer
balance
balance wheel
balance
ballistic galvanometer
barograph
barometer
beam balance
beckman thermometer
big ben
board rule
body plethysmograph
bolometer
bomb calorimeter
bomb
boron chamber
boron counter tube
bubble chamber
bulb
burette
buret
caesium clock
caliper
calipers
calliper
callipers
calorimeter
candy thermometer
capillary
capillary tube
capillary tubing
carpenter's rule
centigrade thermometer
chronograph
chronometer
chronoscope
clinical thermometer
mercury-in-glass clinical thermometer
clock
clock face
clock dial
colorimeter
tintometer
counter tube
craniometer
crookes radiometer
cryometer
cryoscope
crystal
watch crystal
watch glass
crystal
crystal counter
cuckoo clock
dasymeter
declinometer
transit declinometer
densimeter
densitometer
densitometer
depth gauge
depth gage
dial
digital display
alphanumeric display
digital plethysmograph
digital voltmeter
digital watch
dipstick
dish
dish aerial
dish antenna
saucer
dosemeter
dosimeter
dropper
eye dropper
dry-bulb thermometer
dynamometer
ergometer
early warning radar
egg timer
electric clock
electric meter
power meter
electrodynamometer
electrometer
electronic balance
electronic voltmeter
electroscope
escapement
eudiometer
face
fahrenheit thermometer
fluxmeter
foot rule
fusee drive
fusee
galvanometer
gas meter
gasometer
gasoline gauge
gasoline gage
gas gauge
gas gage
gas thermometer
air thermometer
gauge
gage
geiger counter
geiger-muller counter
geiger tube
geiger-muller tube
gnomon
graduate
graduated cylinder
grandfather clock
longcase clock
gravimeter
gravity meter
hairspring
hand
harpoon log
hematocrit
haematocrit
hourglass
hunter
hunting watch
hydrometer
gravimeter
hygrodeik
hygrometer
hygroscope
hypsometer
inclinometer
dip circle
inside caliper
integrator
planimeter
interferometer
ionization chamber
ionization tube
katharometer
kundt's tube
lidar
limb
log
log line
machmeter
magnetometer
gaussmeter
manometer
mason's level
maximum and minimum thermometer
measuring instrument
measuring system
measuring device
measuring stick
measure
measuring rod
meat thermometer
mercury barometer
mercury thermometer
mercury-in-glass thermometer
meter
meterstick
metrestick
microbalance
micrometer
micrometer gauge
micrometer caliper
microphotometer
milliammeter
millivoltmeter
movement
moving-coil galvanometer
needle
nephoscope
octant
odd-leg caliper
odometer
hodometer
mileometer
milometer
ohmmeter
optical pyrometer
pyroscope
oscilloscope
scope
cathode-ray oscilloscope
cro
outside caliper
oven thermometer
oximeter
parking meter
patent log
screw log
taffrail log
pedometer
pelvimeter
pendulum clock
pendulum watch
photometer
piezometer
pinger
pipet
pipette
pitot-static tube
pitot tube
pitot tube
plethysmograph
pocket watch
postage meter
potentiometer
pressure gauge
pressure gage
proportional counter tube
proportional counter
psychrometer
pulse generator
punnet
pyrometer
pyrometric cone
quadrant
radar
microwave radar
radio detection and ranging
radiolocation
radiation pyrometer
radiometer
radiomicrometer
rain gauge
rain gage
pluviometer
udometer
rangefinder
range finder
rayleigh disk
reaumur thermometer
reflectometer
refractometer
resistance pyrometer
resistance thermometer
platinum thermometer
reversing thermometer
rule
ruler
salinometer
sandglass
scale
weighing machine
scintillation counter
sclerometer
sector
seismograph
self-registering thermometer
sensitometer
sextant
shell
case
casing
size stick
sonar
echo sounder
asdic
spark chamber
spark counter
spectrophotometer
speedometer
speed indicator
spherometer
sphygmomanometer
spirograph
spirometer
spring balance
spring scale
static tube
steelyard
lever scale
beam scale
stem-winder
stopwatch
stopo watch
strain gauge
strain gage
sundial
surface gauge
surface gage
scribing block
synchroscope
synchronoscope
synchronizer
synchroniser
system clock
tachograph
tachometer
tach
tape
tapeline
tape measure
taximeter
telethermometer
tensimeter
tensiometer
tensiometer
tensiometer
thermocouple
thermocouple junction
thermoelectric thermometer
thermel
electric thermometer
thermograph
thermometrograph
thermohydrometer
thermogravimeter
thermometer
thermopile
three-dimensional radar
3d radar
time-ball
time clock
time-delay measuring instrument
time-delay measuring system
timepiece
timekeeper
timer
tonometer
torsion balance
turret clock
vacuum gauge
vacuum gage
variometer
venturi tube
vernier caliper
vernier micrometer
viscometer
viscosimeter
voltmeter
volumeter
wall clock
watch
ticker
watch case
water clock
clepsydra
water glass
water gauge
water gage
water glass
water level
water meter
waveguide
wave guide
weatherglass
weather radar
weighbridge
wet-bulb thermometer
wire gauge
wire gage
wristwatch
wrist watch
yardstick
yard measure
yield
fruit
audio
audio frequency
radio frequency
infrared
infrared frequency
extremely low frequency
elf
very low frequency
vlf
low frequency
lf
medium frequency
mf
high frequency
hf
very high frequency
vhf
ultrahigh frequency
uhf
superhigh frequency
shf
extremely high frequency
ehf
information
selective information
entropy
number
muchness
correlation table
personality inventory
personality assessment
self-report personality inventory
self-report inventory
california personality inventory
cpi
eysenck personality inventory
epi
minnesota multiphasic personality inventory
mmpi
sixteen personality factor questionnaire
16 pf
array
calendar
sequence
grain
hunk
lump
stretch
basal metabolic rate
bmr
ebb
ebbing
wane
definite quantity
system of measurement
metric
system of weights and measures
british imperial system
english system
british system
metric system
cgs
cgs system
systeme international d'unites
systeme international
si system
si
international system of units
international system
united states customary system
point system
information measure
bandwidth
utility
marginal utility
quire
ream
unit of measurement
unit
measuring unit
measuring block
denier
diopter
karat
carat
quota
linear measure
long measure
magnetic flux
absorption unit
acceleration unit
angular unit
area unit
square measure
volume unit
capacity unit
capacity measure
cubage unit
cubic measure
cubic content unit
displacement unit
cubature unit
cubic inch
cu in
cubic foot
cu ft
cord
electromagnetic unit
emu
explosive unit
force unit
linear unit
metric unit
metric
miles per gallon
monetary unit
teraflop
trillion floating point operations per second
pain unit
pressure unit
printing unit
sound unit
telephone unit
temperature unit
weight unit
weight
mass unit
unit of viscosity
work unit
heat unit
energy unit
langley
brinell number
brix scale
point
advantage
set point
match point
sabin
circular measure
mil
degree
arcdegree
second
arcsecond
minute
arcminute
minute of arc
microradian
milliradian
radian
rad
grad
grade
oxtant
sextant
quadrant
right angle
straight angle
steradian
sr
square inch
sq in
square foot
sq ft
square yard
sq yd
square meter
square metre
centare
square mile
section
quarter section
acre
are
ar
hectare
arpent
barn
b
dessiatine
morgen
perch
rod
pole
liquid unit
liquid measure
dry unit
dry measure
united states liquid unit
british capacity unit
imperial capacity unit
metric capacity unit
ardeb
arroba
bath
cran
ephah
epha
field capacity
homer
kor
hin
fathom
fthm
acre-foot
acre inch
board measure
board foot
standard
cubic yard
yard
last
mutchkin
oka
minim
fluidram
fluid dram
fluid drachm
drachm
fluidounce
fluid ounce
gill
cup
pint
fifth
quart
gallon
gal
barrel
bbl
united states dry unit
pint
dry pint
quart
dry quart
peck
bushel
minim
fluidram
fluid dram
fluid drachm
drachm
fluidounce
fluid ounce
gill
pint
quart
gallon
imperial gallon
congius
peck
bushel
firkin
kilderkin
quarter
hogshead
chaldron
cubic millimeter
cubic millimetre
milliliter
millilitre
mil
ml
cubic centimeter
cubic centimetre
cc
centiliter
centilitre
cl
deciliter
decilitre
dl
liter
litre
l
cubic decimeter
cubic decimetre
dekaliter
dekalitre
decaliter
decalitre
dal
dkl
hectoliter
hectolitre
hl
kiloliter
kilolitre
cubic meter
cubic metre
cubic kilometer
cubic kilometre
megabit
capacitance unit
charge unit
quantity unit
conductance unit
current unit
elastance unit
field strength unit
flux density unit
flux unit
magnetic flux unit
inductance unit
light unit
magnetomotive force unit
potential unit
power unit
radioactivity unit
resistance unit
electrostatic unit
picofarad
millifarad
farad
f
abfarad
coulomb
c
ampere-second
abcoulomb
ampere-minute
ampere-hour
mho
siemens
reciprocal ohm
s
ampere
amp
a
milliampere
ma
abampere
abamp
ampere
international ampere
daraf
gamma
oersted
maxwell
mx
weber
wb
microgauss
gauss
tesla
abhenry
millihenry
henry
h
illumination unit
luminance unit
luminous flux unit
luminous intensity unit
candlepower unit
exposure
footcandle
lambert
l
lux
lx
phot
nit
foot-lambert
ft-l
lumen
lm
candle
candela
cd
standard candle
international candle
gilbert
gb
gi
ampere-turn
magneton
abvolt
millivolt
mv
microvolt
nanovolt
picovolt
femtovolt
volt
v
kilovolt
kv
rydberg
rydberg constant
rydberg unit
wave number
abwatt
milliwatt
watt
w
kilowatt
kw
megawatt
horsepower
hp
h.p.
volt-ampere
var
kilovolt-ampere
millicurie
curie
ci
roentgen
r
rutherford
rem
rad
abohm
ohm
megohm
kiloton
megaton
dyne
newton
n
sthene
poundal
pdl
pound
lbf.
pounder
g
gee
g-force
gal
beaufort scale
astronomy unit
metric linear unit
nautical linear unit
inch
in
foot
ft
footer
yard
pace
yarder
perch
rod
pole
furlong
mile
statute mile
stat mi
land mile
mi
miler
half mile
880 yards
quarter mile
440 yards
league
ligne
nail
archine
kos
coss
vara
verst
cable
cable length
cable's length
chain
gunter's chain
engineer's chain
cubit
finger
fingerbreadth
finger's breadth
digit
fistmele
body length
hand
handbreadth
handsbreadth
head
lea
li
link
mesh
mil
mile
swedish mile
mile
roman mile
roman pace
geometric pace
military pace
palm
span
light year
light hour
light minute
light second
astronomical unit
au
parsec
secpar
femtometer
femtometre
fermi
picometer
picometre
micromicron
angstrom
angstrom unit
a
nanometer
nanometre
nm
millimicron
micromillimeter
micromillimetre
micron
micrometer
millimeter
millimetre
mm
centimeter
centimetre
cm
decimeter
decimetre
dm
meter
metre
m
decameter
dekameter
decametre
dekametre
dam
dkm
hectometer
hectometre
hm
kilometer
kilometre
km
klick
myriameter
myriametre
mym
nautical chain
fathom
fthm
nautical mile
mile
mi
naut mi
knot
international nautical mile
air mile
nautical mile
naut mi
mile
mi
geographical mile
admiralty mile
sea mile
mile
dollar
euro
franc
fractional monetary unit
subunit
afghan monetary unit
afghani
pul
argentine monetary unit
austral
thai monetary unit
baht
tical
satang
panamanian monetary unit
balboa
ethiopian monetary unit
birr
cent
centesimo
centimo
centavo
centime
venezuelan monetary unit
bolivar
ghanian monetary unit
cedi
pesewa
costa rican monetary unit
colon
costa rican colon
el salvadoran monetary unit
colon
el salvadoran colon
brazilian monetary unit
cruzeiro
gambian monetary unit
dalasi
butut
butat
algerian monetary unit
algerian dinar
dinar
algerian centime
bahrainian monetary unit
bahrain dinar
dinar
fils
iraqi monetary unit
iraqi dinar
dinar
jordanian monetary unit
jordanian dinar
dinar
kuwaiti monetary unit
kuwaiti dinar
dinar
kuwaiti dirham
dirham
libyan monetary unit
libyan dinar
dinar
libyan dirham
dirham
tunisian monetary unit
tunisian dinar
dinar
tunisian dirham
dirham
millime
yugoslavian monetary unit
yugoslavian dinar
dinar
para
moroccan monetary unit
moroccan dirham
dirham
united arab emirate monetary unit
united arab emirate dirham
dirham
australian dollar
bahamian dollar
barbados dollar
belize dollar
bermuda dollar
brunei dollar
sen
canadian dollar
cayman islands dollar
dominican dollar
fiji dollar
grenada dollar
guyana dollar
hong kong dollar
jamaican dollar
kiribati dollar
liberian dollar
new zealand dollar
singapore dollar
taiwan dollar
trinidad and tobago dollar
tuvalu dollar
united states dollar
eurodollar
zimbabwean dollar
vietnamese monetary unit
dong
hao
greek monetary unit
drachma
greek drachma
lepton
sao thome e principe monetary unit
dobra
equatorial guinea monetary unit
epkwele
cape verde monetary unit
cape verde escudo
escudo
portuguese monetary unit
portuguese escudo
escudo
conto
hungarian monetary unit
forint
filler
pengo
belgian franc
benin franc
burundi franc
cameroon franc
central african republic franc
chadian franc
congo franc
djibouti franc
french franc
gabon franc
ivory coast franc
cote d'ivoire franc
luxembourg franc
madagascar franc
mali franc
niger franc
rwanda franc
senegalese franc
swiss franc
togo franc
burkina faso franc
haitian monetary unit
gourde
haitian centime
paraguayan monetary unit
guarani
dutch monetary unit
guilder
gulden
florin
dutch florin
surinamese monetary unit
guilder
gulden
florin
peruvian monetary unit
inti
papuan monetary unit
kina
toea
laotian monetary unit
kip
at
czech monetary unit
koruna
haler
heller
slovakian monetary unit
koruna
haler
heller
icelandic monetary unit
icelandic krona
krona
aurar
eyrir
swedish monetary unit
swedish krona
krona
ore
danish monetary unit
danish krone
krone
norwegian monetary unit
norwegian krone
krone
malawian monetary unit
malawi kwacha
kwacha
tambala
zambian monetary unit
zambian kwacha
kwacha
ngwee
angolan monetary unit
kwanza
lwei
myanmar monetary unit
kyat
pya
albanian monetary unit
lek
qindarka
qintar
honduran monetary unit
lempira
sierra leone monetary unit
leone
romanian monetary unit
leu
ban
bulgarian monetary unit
lev
stotinka
swaziland monetary unit
lilangeni
italian monetary unit
lira
italian lira
british monetary unit
british pound
pound
pound sterling
quid
british shilling
shilling
bob
turkish monetary unit
lira
turkish lira
kuru
piaster
piastre
asper
lesotho monetary unit
loti
sente
german monetary unit
mark
german mark
deutsche mark
deutschmark
pfennig
finnish monetary unit
markka
pinnish mark
penni
mozambique monetary unit
metical
nigerian monetary unit
naira
kobo
bhutanese monetary unit
ngultrum
chetrum
mauritanian monetary unit
ouguiya
khoum
tongan monetary unit
pa'anga
seniti
macao monetary unit
pataca
avo
spanish monetary unit
peseta
spanish peseta
bolivian monetary unit
boliviano
nicaraguan monetary unit
cordoba
chilean monetary unit
chilean peso
peso
colombian monetary unit
colombian peso
peso
cuban monetary unit
cuban peso
peso
dominican monetary unit
dominican peso
peso
guinea-bissau monetary unit
guinea-bissau peso
peso
mexican monetary unit
mexican peso
peso
philippine monetary unit
philippine peso
peso
uruguayan monetary unit
uruguayan peso
peso
cypriot monetary unit
cypriot pound
pound
mil
egyptian monetary unit
egyptian pound
pound
piaster
piastre
penny
irish monetary unit
irish pound
irish punt
punt
pound
lebanese monetary unit
lebanese pound
pound
maltese monetary unit
lira
maltese lira
sudanese monetary unit
sudanese pound
pound
syrian monetary unit
syrian pound
pound
botswana monetary unit
pula
thebe
guatemalan monetary unit
quetzal
south african monetary unit
rand
iranian monetary unit
iranian rial
rial
iranian dinar
dinar
omani monetary unit
riyal-omani
omani rial
rial
baiza
baisa
yemeni monetary unit
yemeni rial
rial
yemeni fils
fils
cambodian monetary unit
riel
malaysian monetary unit
ringgit
qatari monetary unit
qatari riyal
riyal
qatari dirham
dirham
saudi arabian monetary unit
saudi arabian riyal
riyal
qurush
russian monetary unit
ruble
rouble
kopek
kopeck
copeck
armenian monetary unit
dram
lumma
azerbaijani monetary unit
manat
qepiq
belarusian monetary unit
rubel
kapeika
estonian monetary unit
kroon
sent
georgian monetary unit
lari
tetri
kazakhstani monetary unit
tenge
tiyin
latvian monetary unit
lats
santims
lithuanian monetary unit
litas
centas
kyrgyzstani monetary unit
som
tyiyn
moldovan monetary unit
leu
ban
tajikistani monetary unit
ruble
tanga
turkmen monetary unit
manat
tenge
ukranian monetary unit
hryvnia
kopiyka
uzbekistani monetary unit
sum
tyyn
indian monetary unit
indian rupee
rupee
paisa
pakistani monetary unit
pakistani rupee
rupee
anna
mauritian monetary unit
mauritian rupee
rupee
nepalese monetary unit
nepalese rupee
rupee
seychelles monetary unit
seychelles rupee
rupee
sri lankan monetary unit
sri lanka rupee
rupee
indonesian monetary unit
rupiah
austrian monetary unit
schilling
austrian schilling
groschen
israeli monetary unit
shekel
agora
kenyan monetary unit
kenyan shilling
shilling
somalian monetary unit
somalian shilling
shilling
tanzanian monetary unit
tanzanian shilling
shilling
ugandan monetary unit
ugandan shilling
shilling
ecuadoran monetary unit
sucre
guinean monetary unit
guinean franc
bangladeshi monetary unit
taka
western samoan monetary unit
tala
sene
mongolian monetary unit
tugrik
tughrik
mongo
north korean monetary unit
north korean won
won
chon
south korean monetary unit
south korean won
won
chon
japanese monetary unit
yen
chinese monetary unit
yuan
kwai
jiao
fen
zairese monetary unit
zaire
likuta
polish monetary unit
zloty
grosz
dol
standard atmosphere
atmosphere
atm
standard pressure
pascal
pa
torr
millimeter of mercury
mm hg
pounds per square inch
psi
millibar
bar
barye
bar absolute
microbar
point
em
pica em
pica
en
nut
em
mutton
mut
cicero
agate line
line
milline
column inch
inch
bel
b
decibel
db
sone
phon
erlang
degree
millidegree
degree centigrade
degree celsius
c
degree fahrenheit
f
kelvin
k
rankine
degree day
standard temperature
poise
atomic mass unit
mass number
nucleon number
system of weights
weight
avoirdupois
avoirdupois weight
avoirdupois unit
troy
troy weight
troy unit
apothecaries' unit
apothecaries' weight
metric weight unit
weight unit
arroba
catty
cattie
crith
frail
last
maund
obolus
oka
picul
pood
rotl
tael
tod
welterweight
grain
dram
ounce
oz.
pound
lb
stone
quarter
hundredweight
cwt
long hundredweight
hundredweight
cwt
short hundredweight
centner
cental
quintal
long ton
ton
gross ton
short ton
ton
net ton
kiloton
megaton
grain
scruple
pennyweight
dram
drachm
drachma
ounce
troy ounce
apothecaries' ounce
troy pound
apothecaries' pound
microgram
mcg
milligram
mg
nanogram
ng
grain
metric grain
decigram
dg
carat
gram
gramme
gm
g
gram atom
gram-atomic weight
gram molecule
mole
mol
dekagram
decagram
dkg
dag
hectogram
hg
kilogram
kg
kilo
key
myriagram
myg
centner
hundredweight
metric hundredweight
doppelzentner
centner
quintal
metric ton
mt
tonne
t
erg
electron volt
ev
joule
j
watt second
british thermal unit
btu
b.th.u.
therm
watt-hour
kilowatt hour
kw-hr
board of trade unit
b.t.u.
foot-pound
foot-ton
foot-poundal
horsepower-hour
kilogram-meter
correction
fudge factor
volume
capacity
content
vital capacity
proof
stp
s.t.p.
scale
proportion
proportionality
content
scale
ratio
frequency
relative frequency
order of magnitude
magnitude
temporal relation
chronology
synchronism
synchrony
synchronicity
synchroneity
synchronization
synchronisation
synchronizing
temperature scale
celsius scale
international scale
centigrade scale
fahrenheit scale
kelvin scale
absolute scale
rankine scale
reaumur scale
greenwich mean time
greenwich time
gmt
universal time
ut
ut1
coordinated universal time
utc
earth-received time
ert
transmission time
trm
spacecraft event time
scet
time unit
unit of time
night
embolism
intercalation
calendar
roman calendar
gregorian calendar
new style calendar
julian calendar
old style calendar
revolutionary calendar
revolutionary calendar month
vendemiaire
brumaire
frimaire
nivose
pluviose
ventose
germinal
floreal
prairial
messidor
thermidor
fructidor
jewish calendar
hebrew calendar
lunar calendar
lunisolar calendar
solar calendar
islamic calendar
muhammadan calendar
mohammedan calendar
moslem calendar
muslim calendar
hindu calendar
holy week
passion week
church calendar
ecclesiastical calendar
month
new moon
new phase of the moon
half-moon
full moon
full-of-the-moon
full phase of the moon
lunar month
moon
lunation
synodic month
anomalistic month
sidereal day
day
sidereal month
solar month
gregorian calendar month
january
jan
february
feb
march
mar
april
apr
may
june
july
august
aug
september
sep
sept
october
oct
november
nov
december
dec
jewish calendar month
tishri
heshvan
kislev
chislev
tebet
tevet
shebat
shevat
adar
veadar
adar sheni
nisan
nissan
iyar
iyyar
sivan
siwan
tammuz
thammuz
ab
av
elul
ellul
islamic calendar month
muharram
moharram
muharrum
safar
saphar
rabi i
rabi ii
jumada i
jomada i
jumada ii
jomada ii
rajab
sha'ban
shaaban
ramadan
shawwal
dhu'l-qa'dah
dhu al-qadah
dhu'l-hijja
dhu al-hijja
hindu calendar month
chait
caitra
baisakh
vaisakha
jeth
jyaistha
asarh
asadha
sawan
sravana
bhadon
bhadrapada
asin
asvina
kartik
karttika
aghan
margasivsa
pus
pansa
magh
magha
phagun
phalguna
leap second
advent
shrovetide
lent
lententide
whitsun
whitsuntide
whitweek
attrition rate
rate of attrition
birthrate
birth rate
fertility
fertility rate
natality
crime rate
data rate
deathrate
death rate
morbidity
mortality
mortality rate
fatality rate
dose rate
erythrocyte sedimentation rate
esr
sedimentation rate
sed rate
flow
flow rate
rate of flow
cardiac output
flux
frequency
frequence
oftenness
gigahertz
ghz
gigacycle per second
gigacycle
gc
growth rate
rate of growth
isometry
hertz
hz
cycle per second
cycles/second
cps
cycle
inflation rate
rate of inflation
kilohertz
khz
kilocycle per second
kilocycle
kc
kilometers per hour
kilometres per hour
kph
km/h
megahertz
mhz
megacycle per second
megacycle
mc
terahertz
thz
metabolic rate
miles per hour
mph
pace
gait
pulse
pulse rate
heart rate
femoral pulse
radial pulse
respiratory rate
rate of respiration
revolutions per minute
rpm
rev
sampling rate
nyquist rate
solar constant
spacing
speed
velocity
tempo
pace
quick time
double time
airspeed
escape velocity
groundspeed
hypervelocity
muzzle velocity
peculiar velocity
radial velocity
speed of light
light speed
c
terminal velocity
count per minute
counts/minute
sampling frequency
nyquist frequency
infant deathrate
infant mortality
infant mortality rate
neonatal mortality
neonatal mortality rate
words per minute
wpm
rate
channel capacity
neutron flux
radiant flux
luminous flux
take
ample
meager
meagre
meagerly
retrograde
anterograde
antemeridian
postmeridian
high
low
major
minor
measurable
mensurable
immeasurable
unmeasurable
immensurable
standard
nonstandard
acidimetric
actinometric
actinometrical
algometric
algometrical
anemographic
anemometric
anemometrical
monthly
semimonthly
bimonthly
daily
weekday
hourly
half-hourly
anthropometric
anthropometrical
audiometric
auroral
aurorean
barographic
barometric
barometrical
bathymetric
bathymetrical
bolometric
calendric
calendrical
caloric
calorimetric
horary
telemetered
terminal
meridian
molar
molar
molal
rational
irrational
nocturnal
mensural
ohmic
quantitative
circadian
dimensional
volumetric
volumetrical
metric
metrical
hydrometric
gravimetric
aneroid
probabilistic
thermometric
scalar
viscometric
viscosimetric
vastly
immensely
well
good
ill
badly
poorly
badly
severely
gravely
seriously
badly
bad
mildly
reasonably
moderately
within reason
somewhat
fairly
middling
passably
unreasonably
immoderately
extensively
extremely
inordinately
extraordinarily
excessively
overly
to a fault
too
greatly
soundly
sound
scantily
barely
highly
extremely
outrageously
atrociously
volumetrically
astronomically
photometrically
terminally
intensively
nocturnally
sufficiently
insufficiently
profoundly
deeply
amply
fully
excellently
wonderfully
wondrous
wondrously
superbly
toppingly
marvellously
terrifically
marvelously
intensely
enormously
tremendously
hugely
staggeringly
exceedingly
passing
extremely
abundantly
copiously
profusely
extravagantly
moderately
with moderation
immoderately
without moderation
broadly
boundlessly
immeasurably
infinitely
fiercely
quantitatively
bountifully
bounteously
plentifully
plenteously
cytophotometrically
deeply
deep
exorbitantly
extortionately
usuriously
exuberantly
riotously
luxuriantly
loftily
massively
meagerly
sparingly
slenderly
meagrely
amply
richly
immeasurably
measurably
minutely
circumstantially
probabilistically
shallowly
shoddily
skimpily
sparely
stupendously
superlatively
thickly
thinly
lightly
vehemently
gently
mildly
outstandingly
