appreciation
depreciation
devaluation
numismatics
numismatology
coin collecting
coin collection
money laundering
exchange
interchange
conversion
unitization
unitisation
barter
swap
swop
trade
horse trade
horse trading
finance
adding machine
totalizer
totaliser
cashbox
money box
till
cash register
register
communication system
communication equipment
fire station
firehouse
gas system
head
infrastructure
base
main
moneybag
obverse
penal institution
penal facility
piggy bank
penny bank
planchet
coin blank
power system
power grid
grid
public works
reverse
verso
savings bank
coin bank
money box
bank
school system
sewage system
sewer system
sewage works
tail
transportation system
transportation
transit
water system
water supply
water
liquidity
dollar volume
turnover
monetary value
price
cost
average cost
marginal cost
incremental cost
differential cost
expensiveness
assessment
tax assessment
costliness
dearness
lavishness
luxury
sumptuosity
sumptuousness
inexpensiveness
reasonableness
moderateness
modestness
bargain rate
cheapness
cut rate
cut price
evaluation
valuation
rating
overvaluation
undervaluation
pricing
price gouging
reevaluation
mark
grade
score
grade point
percentile
centile
decile
quartile
bond rating
moneymaker
money-spinner
cash cow
money market
coiner
exchanger
money changer
investment adviser
investment advisor
miser
moneygrubber
moneymaker
penny pincher
gain
financial gain
income
disposable income
double dipping
easy money
gravy train
ebitda
earnings before interest taxes depreciation and amortization
easy money
tight money
gross
revenue
receipts
box office
gate
net income
net
net profit
lucre
profit
profits
earnings
paper profit
paper loss
cash flow
personal income
earning per share
windfall profit
killing
cleanup
winnings
win
profits
rental income
return
issue
proceeds
take
takings
yield
payoff
fast buck
quick buck
gross profit
gross profit margin
margin
gross sales
gross revenue
sales
net sales
unearned income
unearned revenue
government income
government revenue
tax income
taxation
tax revenue
revenue
internal revenue
per capita income
prize money
cash surrender value
contribution
deductible
defalcation
operating expense
operating cost
overhead
budget items
pay rate
rate of pay
time and a half
payment rate
rate of payment
repayment rate
installment rate
share
portion
part
percentage
appropriation
poverty line
poverty level
economic rent
rent
payback
markup
tax rate
unearned increment
capital gain
interest rate
rate of interest
discount rate
discount
bank discount
bank rate
discount rate
base rate
prime interest rate
usury
vigorish
rate
charge per unit
freight
freightage
freight rate
rate of depreciation
depreciation rate
rate of exchange
exchange rate
excursion rate
footage
linage
lineage
room rate
loss
red ink
red
squeeze
sum
sum of money
amount
amount of money
figure
stake
stakes
bet
wager
coverage
insurance coverage
capital account
money supply
m1
m2
m3
pork barrel
pork
fund
monetary fund
revolving fund
sinking fund
savings
nest egg
pension fund
superannuation fund
war chest
slush fund
trust fund
support
financial support
funding
backing
financial backing
accumulation
hoard
cache
stash
store
stock
fund
provision
seed stock
seed corn
seed grain
reserve
backlog
stockpile
bank
blood bank
eye bank
food bank
fuel level
soil bank
hidden reserve
cookie jar reserve
pool
reserve account
reserve fund
valuation reserve
valuation account
allowance
allowance account
medium of exchange
monetary system
standard
monetary standard
gold standard
silver standard
bimetallism
tender
legal tender
food stamp
advance
cash advance
foreign exchange
cheap money
deposit
bank deposit
demand deposit
money
money
sterling
boodle
bread
cabbage
clams
dinero
dough
gelt
kale
lettuce
lolly
lucre
loot
moolah
pelf
scratch
shekels
simoleons
sugar
wampum
shinplaster
subsidization
subsidisation
token money
currency
eurocurrency
fractional currency
cash
hard cash
hard currency
paper money
folding money
paper currency
change
change
coinage
mintage
specie
metal money
small change
chickenfeed
chump change
change
coin
bawbee
bezant
bezzant
byzant
solidus
denier
ducat
real
piece of eight
shilling
crown
half crown
dime
nickel
quarter
half dollar
fifty-cent piece
halfpenny
ha'penny
penny
cent
centime
tenpence
twopence
tuppence
threepence
fourpence
groat
fivepence
sixpence
tanner
eightpence
ninepence
copper
new penny
dollar
susan b anthony dollar
silver dollar
cartwheel
double eagle
eagle
half eagle
guinea
farthing
doubloon
louis d'or
medallion
stater
sou
maundy money
fiat money
bill
note
government note
bank bill
banker's bill
bank note
banknote
federal reserve note
greenback
silver certificate
hundred dollar bill
c-note
fifty dollar bill
fifty
twenty dollar bill
twenty
tenner
ten dollar bill
fiver
five-spot
five dollar bill
nickel
nickel note
two dollar bill
dollar
dollar bill
one dollar bill
buck
clam
dividend
stock dividend
extra dividend
equalizing dividend
divvy
payroll
paysheet
peanuts
purse
purse
budget
civil list
operating budget
petty cash
pocket money
pin money
spending money
ready cash
cold cash
ready money
cost-pull inflation
deflation
demand-pull inflation
disinflation
inflation
rising prices
inflationary spiral
reflation
stagflation
monetary unit
dollar
euro
franc
fractional monetary unit
subunit
afghan monetary unit
afghani
pul
argentine monetary unit
austral
thai monetary unit
baht
tical
satang
panamanian monetary unit
balboa
ethiopian monetary unit
birr
cent
centesimo
centimo
centavo
centime
venezuelan monetary unit
bolivar
ghanian monetary unit
cedi
pesewa
costa rican monetary unit
colon
costa rican colon
el salvadoran monetary unit
colon
el salvadoran colon
brazilian monetary unit
cruzeiro
gambian monetary unit
dalasi
butut
butat
algerian monetary unit
algerian dinar
dinar
algerian centime
bahrainian monetary unit
bahrain dinar
dinar
fils
iraqi monetary unit
iraqi dinar
dinar
jordanian monetary unit
jordanian dinar
dinar
kuwaiti monetary unit
kuwaiti dinar
dinar
kuwaiti dirham
dirham
libyan monetary unit
libyan dinar
dinar
libyan dirham
dirham
tunisian monetary unit
tunisian dinar
dinar
tunisian dirham
dirham
millime
yugoslavian monetary unit
yugoslavian dinar
dinar
para
moroccan monetary unit
moroccan dirham
dirham
united arab emirate monetary unit
united arab emirate dirham
dirham
australian dollar
bahamian dollar
barbados dollar
belize dollar
bermuda dollar
brunei dollar
sen
canadian dollar
cayman islands dollar
dominican dollar
fiji dollar
grenada dollar
guyana dollar
hong kong dollar
jamaican dollar
kiribati dollar
liberian dollar
new zealand dollar
singapore dollar
taiwan dollar
trinidad and tobago dollar
tuvalu dollar
united states dollar
eurodollar
zimbabwean dollar
vietnamese monetary unit
dong
hao
greek monetary unit
drachma
greek drachma
lepton
sao thome e principe monetary unit
dobra
equatorial guinea monetary unit
epkwele
cape verde monetary unit
cape verde escudo
escudo
portuguese monetary unit
portuguese escudo
escudo
conto
hungarian monetary unit
forint
filler
pengo
belgian franc
benin franc
burundi franc
cameroon franc
central african republic franc
chadian franc
congo franc
djibouti franc
french franc
gabon franc
ivory coast franc
cote d'ivoire franc
luxembourg franc
madagascar franc
mali franc
niger franc
rwanda franc
senegalese franc
swiss franc
togo franc
burkina faso franc
haitian monetary unit
gourde
haitian centime
paraguayan monetary unit
guarani
dutch monetary unit
guilder
gulden
florin
dutch florin
surinamese monetary unit
guilder
gulden
florin
peruvian monetary unit
inti
papuan monetary unit
kina
toea
laotian monetary unit
kip
at
czech monetary unit
koruna
haler
heller
slovakian monetary unit
koruna
haler
heller
icelandic monetary unit
icelandic krona
krona
aurar
eyrir
swedish monetary unit
swedish krona
krona
ore
danish monetary unit
danish krone
krone
norwegian monetary unit
norwegian krone
krone
malawian monetary unit
malawi kwacha
kwacha
tambala
zambian monetary unit
zambian kwacha
kwacha
ngwee
angolan monetary unit
kwanza
lwei
myanmar monetary unit
kyat
pya
albanian monetary unit
lek
qindarka
qintar
honduran monetary unit
lempira
sierra leone monetary unit
leone
romanian monetary unit
leu
ban
bulgarian monetary unit
lev
stotinka
swaziland monetary unit
lilangeni
italian monetary unit
lira
italian lira
british monetary unit
british pound
pound
pound sterling
quid
british shilling
shilling
bob
turkish monetary unit
lira
turkish lira
kuru
piaster
piastre
asper
lesotho monetary unit
loti
sente
german monetary unit
mark
german mark
deutsche mark
deutschmark
pfennig
finnish monetary unit
markka
pinnish mark
penni
mozambique monetary unit
metical
nigerian monetary unit
naira
kobo
bhutanese monetary unit
ngultrum
chetrum
mauritanian monetary unit
ouguiya
khoum
tongan monetary unit
pa'anga
seniti
macao monetary unit
pataca
avo
spanish monetary unit
peseta
spanish peseta
bolivian monetary unit
boliviano
nicaraguan monetary unit
cordoba
chilean monetary unit
chilean peso
peso
colombian monetary unit
colombian peso
peso
cuban monetary unit
cuban peso
peso
dominican monetary unit
dominican peso
peso
guinea-bissau monetary unit
guinea-bissau peso
peso
mexican monetary unit
mexican peso
peso
philippine monetary unit
philippine peso
peso
uruguayan monetary unit
uruguayan peso
peso
cypriot monetary unit
cypriot pound
pound
mil
egyptian monetary unit
egyptian pound
pound
piaster
piastre
penny
irish monetary unit
irish pound
irish punt
punt
pound
lebanese monetary unit
lebanese pound
pound
maltese monetary unit
lira
maltese lira
sudanese monetary unit
sudanese pound
pound
syrian monetary unit
syrian pound
pound
botswana monetary unit
pula
thebe
guatemalan monetary unit
quetzal
south african monetary unit
rand
iranian monetary unit
iranian rial
rial
iranian dinar
dinar
omani monetary unit
riyal-omani
omani rial
rial
baiza
baisa
yemeni monetary unit
yemeni rial
rial
yemeni fils
fils
cambodian monetary unit
riel
malaysian monetary unit
ringgit
qatari monetary unit
qatari riyal
riyal
qatari dirham
dirham
saudi arabian monetary unit
saudi arabian riyal
riyal
qurush
russian monetary unit
ruble
rouble
kopek
kopeck
copeck
armenian monetary unit
dram
lumma
azerbaijani monetary unit
manat
qepiq
belarusian monetary unit
rubel
kapeika
estonian monetary unit
kroon
sent
georgian monetary unit
lari
tetri
kazakhstani monetary unit
tenge
tiyin
latvian monetary unit
lats
santims
lithuanian monetary unit
litas
centas
kyrgyzstani monetary unit
som
tyiyn
moldovan monetary unit
leu
ban
tajikistani monetary unit
ruble
tanga
turkmen monetary unit
manat
tenge
ukranian monetary unit
hryvnia
kopiyka
uzbekistani monetary unit
sum
tyyn
indian monetary unit
indian rupee
rupee
paisa
pakistani monetary unit
pakistani rupee
rupee
anna
mauritian monetary unit
mauritian rupee
rupee
nepalese monetary unit
nepalese rupee
rupee
seychelles monetary unit
seychelles rupee
rupee
sri lankan monetary unit
sri lanka rupee
rupee
indonesian monetary unit
rupiah
austrian monetary unit
schilling
austrian schilling
groschen
israeli monetary unit
shekel
agora
kenyan monetary unit
kenyan shilling
shilling
somalian monetary unit
somalian shilling
shilling
tanzanian monetary unit
tanzanian shilling
shilling
ugandan monetary unit
ugandan shilling
shilling
ecuadoran monetary unit
sucre
guinean monetary unit
guinean franc
bangladeshi monetary unit
taka
western samoan monetary unit
tala
sene
mongolian monetary unit
tugrik
tughrik
mongo
north korean monetary unit
north korean won
won
chon
south korean monetary unit
south korean won
won
chon
japanese monetary unit
yen
chinese monetary unit
yuan
kwai
jiao
fen
zairese monetary unit
zaire
likuta
polish monetary unit
zloty
grosz
liability
taxability
ratability
rateability
coin silver
inflation rate
rate of inflation
depreciate
undervalue
devaluate
devalue
depreciate
appreciate
apprize
apprise
write off
write down
appreciate
apprize
apprise
revalue
float
charge
mint
coin
strike
levy
impose
toll
tithe
tithe
reimpose
lay
mulct
tax
excise
tariff
surtax
overtax
assess
charge
pay cash
undercharge
charge
bill
surcharge
invoice
charge
distrain
ready(a)
reportable
unreportable
expendable
spendable
fluid
liquid
unspent
unexpended
net
nett
gross
cool
discretionary
ratable
rateable
bimetallistic
bimetallic
monetary
pecuniary
budgetary
explosively
shakily
short
