numismatics
numismatology
coin collecting
coin collection
head
obverse
reverse
verso
tail
coin collection
numismatist
numismatologist
coin collector
change
coin
bawbee
bezant
bezzant
byzant
solidus
denier
ducat
real
piece of eight
shilling
crown
half crown
dime
nickel
quarter
half dollar
fifty-cent piece
halfpenny
ha'penny
penny
cent
centime
tenpence
twopence
tuppence
threepence
fourpence
groat
fivepence
sixpence
tanner
eightpence
ninepence
copper
new penny
dollar
susan b anthony dollar
silver dollar
cartwheel
double eagle
eagle
half eagle
guinea
farthing
doubloon
louis d'or
medallion
stater
sou
maundy money
