prediction
anticipation
prevision
projection
prophecy
prognostication
vaticination
crystal gazing
prefiguration
foreshadowing
adumbration
divination
foretelling
soothsaying
fortune telling
dowse
dowsing
rhabdomancy
geomancy
hydromancy
lithomancy
necromancy
oneiromancy
onomancy
palmistry
palm reading
chiromancy
chirology
pyromancy
chaldean
chaldaean
chaldee
enchanter
conjurer
conjuror
conjure man
enchantress
witch
exorcist
exorciser
magus
occultist
sorcerer
magician
wizard
necromancer
sorceress
witch doctor
zombi
zombie
the living dead
zombi
zombie
zombi spirit
zombie spirit
cagliostro
count alessandro di cagliostro
giuseppe balsamo
houdini
harry houdini
erik weisz
ectoplasm
hex
bewitch
glamour
witch
enchant
jinx
voodoo
spell
shamanize
shamanise
charm
becharm
necromantic
necromantical
lithomantic
chiromantic
