optometry
abbe condenser
achromatic lens
anastigmat
anastigmatic lens
autofocus
battle sight
battlesight
binocular
binoculars
field glasses
opera glasses
bioscope
biprism
bombsight
bridge
nosepiece
camera lens
optical lens
camera lucida
closeup lens
coelostat
collimator
compound lens
condenser
optical condenser
contact
contact lens
converging lens
convex lens
cross hair
cross wire
crown lens
diffraction grating
grating
diffuser
diffusor
diverging lens
concave lens
echelon
epidiascope
erecting prism
esophagoscope
oesophagoscope
eyepiece
ocular
field lens
finder
viewfinder
view finder
fresnel lens
front projector
goggles
gunsight
gun-sight
intraocular lens
jeweler's glass
kerr cell
lamp house
lamphouse
lamp housing
laser
optical maser
lens
lense
lens system
lens cap
lens cover
lorgnette
magic lantern
mass spectrograph
mass spectrometer
spectrometer
monocle
eyeglass
movie projector
cine projector
film projector
nicol prism
objective
object glass
open sight
optical bench
optical device
optical instrument
overhead projector
panoramic sight
peep sight
periscope
pince-nez
planetarium
polarimeter
polariscope
polaroid
portrait lens
prism
optical prism
projector
projector
reticle
reticule
graticule
rochon prism
wollaston prism
sight
slide projector
sound spectrograph
spectacles
specs
eyeglasses
glasses
spectrograph
spectroscope
prism spectroscope
speculum
stereoscope
sunglasses
dark glasses
shades
telephoto lens
zoom lens
telescopic sight
telescope sight
viewer
wide-angle lens
fisheye lens
hyperfocal distance
neuroepithelium
eye
oculus
optic
naked eye
peeper
oculus dexter
od
oculus sinister
os
simple eye
stemma
ocellus
compound eye
ommatidium
choroid
choroid coat
ciliary body
eyelid
lid
palpebra
canthus
epicanthus
epicanthic fold
nasal canthus
temporal canthus
nictitating membrane
third eyelid
haw
eyelash
lash
cilium
conjunctiva
bulbar conjunctiva
conjunctival layer of bulb
tunica conjunctiva bulbi
palpebra conjunctiva
conjunctival layer of eyelids
tunica conjunctiva palpebrarum
pinguecula
eyeball
orb
ocular muscle
eye muscle
abducens muscle
lateral rectus muscle
lateral rectus
rectus lateralis
inferior rectus muscle
inferior rectus
rectus inferior
medial rectus muscle
medial rectus
rectus medialis
superior rectus muscle
superior rectus
rectus superior
cornea
pterygium
arcus
arcus senilis
uvea
iris
pupil
lens
crystalline lens
lens capsule
lacrimal gland
lachrymal gland
tear gland
lacrimal duct
lachrymal duct
tear duct
lacrimal sac
tear sac
dacryocyst
central artery of the retina
arteria centralis retinae
ciliary artery
arteria ciliaris
lacrimal artery
arteria lacrimalis
lacrimal vein
vena lacrimalis
lacrimal apparatus
retina
sclera
sclerotic coat
fovea
fovea centralis
parafovea
macula
macula lutea
macular area
yellow spot
visual cell
blind spot
optic disc
optic disk
cone
cone cell
retinal cone
rod
rod cell
retinal rod
pupillary sphincter
musculus sphincter pupillae
optics
catoptrics
holography
aperture
optometrist
oculist
aberration
distortion
optical aberration
absorption band
apparent motion
motion
apparent movement
movement
chromatic aberration
dichroism
diffraction
emission spectrum
fata morgana
incidence
infrared spectrum
mirage
optical illusion
optical phenomenon
pleochroism
polarization
polarisation
spherical aberration
trichroism
ultraviolet spectrum
visible spectrum
color spectrum
x-ray diffraction
parallax
tyndall effect
heliocentric parallax
annual parallax
stellar parallax
geocentric parallax
diurnal parallax
horizontal parallax
solar parallax
micropyle
stoma
stomate
pore
hydathode
water pore
water stoma
lenticel
magnification
stigmatism
astigmatism
astigmia
eye condition
anisometropia
isometropia
iodopsin
visual purple
rhodopsin
retinal purple
collimate
polarize
polarise
refract
x-ray
diffract
refract
x-ray
resolve
anastigmatic
stigmatic
astigmatic
bifocal
aplanatic
apochromatic
aspheric
aspherical
nearsighted
myopic
farsighted
presbyopic
anastigmatic
stigmatic
anisometropic
catoptric
catoptrical
corneal
sclerotic
spectrographic
uveal
uveous
ciliary
ciliate
iridic
optical
ocular
optic
optical
opthalmic
binocular
lacrimal
lachrymal
mass-spectrometric
retinal
incident
pleochroic
prismatic
stereoscopic
optically
spectrographically
