person
individual
someone
somebody
mortal
human
soul
loin
lumbus
homo
man
human being
human
homo erectus
java man
trinil man
peking man
homo soloensis
solo man
homo habilis
homo sapiens
neandertal man
neanderthal man
neandertal
neanderthal
homo sapiens neanderthalensis
cro-magnon
boskop man
homo sapiens sapiens
modern man
human body
physical body
material body
soma
build
figure
physique
anatomy
shape
bod
chassis
frame
form
flesh
person
juvenile body
child's body
adult body
male body
female body
adult female body
woman's body
adult male body
man's body
rhinion
neuroepithelium
deltoid tuberosity
deltoid eminence
body hair
mane
head of hair
beard
face fungus
whiskers
mustache
moustache
goatee
carpal bone
carpal
wrist bone
heelbone
calcaneus
os tarsi fibulare
metacarpal
metacarpal bone
nasal
nasal bone
os nasale
dentition
teeth
turbinate bone
turbinate
turbinal
anconeous muscle
musculus anconeus
musculus articularis cubiti
cheek muscle
buccinator muscle
musculus buccinator
tongue
lingua
glossa
clapper
mouth
mouth
oral cavity
oral fissure
rima oris
buccal cavity
gingiva
gum
tastebud
taste bud
gustatory organ
taste cell
gustatory cell
lip
uvula
soft palate
velum
hard palate
palate
roof of the mouth
eye
oculus
optic
choroid
choroid coat
ciliary body
eyebrow
brow
supercilium
eyelid
lid
palpebra
canthus
epicanthus
epicanthic fold
nictitating membrane
third eyelid
eyelash
lash
cilium
conjunctiva
eyeball
orb
ocular muscle
eye muscle
cornea
uvea
iris
pupil
lens
crystalline lens
lens capsule
lacrimal gland
lachrymal gland
tear gland
lacrimal duct
lachrymal duct
tear duct
lacrimal sac
tear sac
dacryocyst
arcuate artery
arteria arcuata
brachial artery
arteria brachialis
buccal artery
arteria buccalis
central artery of the retina
arteria centralis retinae
ciliary artery
arteria ciliaris
digital arteries
arteria digitalis
ethmoidal artery
arteria ethmoidalis
labial artery
arteria labialis
lacrimal artery
arteria lacrimalis
lingual artery
arteria lingualis
metacarpal artery
arteria metacarpea
metatarsal artery
arteria metatarsea
accessory cephalic vein
vena cephalica accessoria
basilic vein
vena basilica
cephalic vein
vena cephalica
facial vein
vena facialis
intercapitular vein
vena intercapitalis
labial vein
vena labialis
lacrimal vein
vena lacrimalis
lingual vein
vena lingualis
metacarpal vein
vena metacarpus
metatarsal vein
vena metatarsus
radial vein
vena radialis
ulnar vein
vena ulnaris
lacrimal apparatus
saliva
spit
spittle
venae palpebrales
retina
sclera
sclerotic coat
fovea
fovea centralis
parafovea
macula
macula lutea
macular area
yellow spot
visual cell
blind spot
optic disc
optic disk
cone
cone cell
retinal cone
rod
rod cell
retinal rod
facial
facial nerve
nervus facialis
seventh cranial nerve
nasal cavity
salivary gland
human head
bullethead
attic
bean
bonce
noodle
noggin
dome
pate
poll
crown
scalp
occiput
sinciput
internasal suture
sutura internasalis
foot
human foot
pes
arm
forearm
hand
manus
mitt
paw
fist
clenched fist
hooks
meat hooks
maulers
right
right hand
left
left hand
palm
thenar
thenar
finger
fingertip
ulnar nerve
cubital nerve
nervus ulnaris
pupillary sphincter
musculus sphincter pupillae
ball
flatfoot
splayfoot
pes planus
instep
sole
tiptoe
toe
big toe
great toe
hallux
little toe
heel
achilles tendon
tendon of achilles
biceps brachii
musculus biceps brachii
biceps humeri
triceps brachii
musculus triceps brachii
elbow
elbow joint
cubitus
cubital joint
articulatio cubiti
funny bone
crazy bone
fingernail
toenail
wrist
carpus
wrist joint
radiocarpal joint
articulatio radiocarpea
knuckle
knuckle joint
metacarpophalangeal joint
arm bone
humerus
radius
ulna
elbow bone
olecranon
olecranon process
metacarpus
nose
olfactory organ
bridge
chin
mentum
nostril
anterior naris
face
human face
countenance
physiognomy
phiz
visage
kisser
smiler
mug
pudding face
pudding-face
feature
lineament
facial muscle
brow
forehead
cheek
jowl
jaw
string bean
people
enemy
building
nuclear family
conjugal family
extended family
foster family
foster home
family
household
house
home
menage
menage a trois
populace
public
world
admass
audience
readership
viewing audience
tv audience
viewers
claque
following
followers
faithful
fandom
trichion
crinion
aperture
messiah
messiah
christ
bunyan
paul bunyan
pantaloon
self
number one
adult
grownup
adventurer
venturer
anomaly
unusual person
anachronism
applicant
applier
appointee
appointment
argonaut
attendant
attender
attendee
meeter
benefactor
helper
benefactress
captor
capturer
cofounder
commoner
common man
common person
communicator
consumer
contestant
coon
coward
creator
defender
guardian
protector
shielder
discussant
disputant
controversialist
eristic
eulogist
panegyrist
excavator
ex-mayor
experimenter
expert
ex-president
face
innocent
inexperienced person
juvenile
juvenile person
lover
leader
nonworker
peer
equal
match
compeer
perceiver
observer
beholder
precursor
forerunner
preteen
preteenager
traveler
traveller
unfortunate
unfortunate person
unwelcome person
persona non grata
unpleasant person
disagreeable person
unskilled person
worker
pommy
pom
abandoned person
abnegator
abominator
loather
abecedarian
aberrant
abiogenist
abseiler
absentee
awol
abstainer
abstinent
nondrinker
chaperon
chaperone
duenna
companion
accuser
ace
adept
champion
sensation
maven
mavin
virtuoso
genius
hotshot
star
superstar
whiz
whizz
wizard
wiz
achiever
winner
success
succeeder
acid head
acquaintance
friend
action officer
actor
doer
worker
actor's agent
theatrical agent
addict
addict
nut
freak
junkie
junky
adducer
adjudicator
adjunct
admirer
adorer
admonisher
monitor
reminder
adolescent
stripling
teenager
adulterer
fornicator
adulteress
fornicatress
hussy
jade
loose woman
slut
strumpet
trollop
advancer
adventuress
adversary
antagonist
opponent
opposer
resister
advisee
adviser
advisor
consultant
advocate
advocator
proponent
exponent
aerophile
affiliate
affine
affluent
aficionado
agent
business agent
literary agent
agent-in-place
agent provocateur
provocateur
aggravator
annoyance
aggressor
agitator
fomenter
agonist
aide
auxiliary
airhead
air traveler
air traveller
alarmist
albino
alcoholic
alky
dipsomaniac
boozer
lush
soaker
souse
ali baba
alienator
aliterate
aliterate person
alliterator
all-rounder
all arounder
ally
friend
alphabetizer
alphabetiser
almsgiver
alter ego
amateur
ambassador
amigo
amnesic
amnesiac
amorist
amputee
analphabet
analphabetic
anathema
bete noire
anecdotist
raconteur
angel
backer
angler
anglophile
anglophil
anglophobe
animal fancier
annihilator
antediluvian
anthropoid
ape
anti-semite
jew-baiter
aphakic
aphasic
apologist
vindicator
justifier
apple polisher
bootlicker
fawner
groveller
groveler
truckler
ass-kisser
aspirant
aspirer
hopeful
wannabe
wannabee
apprentice
learner
prentice
arbiter
supreme authority
areopagite
army brat
arrival
arriver
comer
arrowsmith
ascender
ass
asshole
bastard
cocksucker
dickhead
shit
mother fucker
motherfucker
prick
whoreson
son of a bitch
sob
assistant
helper
help
supporter
associate
attendant
attender
tender
attester
attestant
aunt
auntie
aunty
au pair
au pair girl
authoritarian
dictator
authority
automaton
zombi
zombie
automobile mechanic
auto-mechanic
car-mechanic
mechanic
grease monkey
ayah
baas
baby
baby
babe
infant
baby buster
buster
baby farmer
babyminder
baby minder
minder
babysitter
baby-sitter
sitter
bacchant
bacchanal
backbencher
backroom boy
brain truster
backscratcher
backseat driver
bad egg
bad guy
bad person
bag
old bag
baggageman
bag lady
bailee
bailor
bairn
baldhead
baldpate
baldy
bank guard
bankrupt
insolvent
bar fly
bargain hunter
barmaid
bartender
barman
barkeep
barkeeper
mixologist
basketweaver
basketmaker
bawler
beachcomber
beatnik
beat
bedfellow
beer drinker
ale drinker
beggar
mendicant
beggarman
beggarwoman
beldam
beldame
believer
truster
bell captain
bellwether
beloved
dear
dearest
loved one
honey
love
berk
besieger
best
topper
best friend
betrothed
bey
bidder
big brother
bigot
big shot
big gun
big wheel
big cheese
big deal
big enchilada
big fish
head honcho
big sister
bill poster
poster
bill sticker
bird fancier
biter
blade
blaster
chargeman
blind date
blind person
blind man
blood brother
blubberer
blue baby
boatman
boater
waterman
boarder
bodyguard
escort
body servant
boffin
bohemian
bondman
bondsman
bondman
bondsman
bondwoman
bondswoman
bondmaid
bondwoman
bondswoman
bondmaid
bondsman
bondswoman
bond servant
bookbinder
booker
booking agent
bookworm
bootblack
shoeblack
bore
dullard
boss
hirer
bottom feeder
bouncer
chucker-out
bounty hunter
bourgeois
burgher
boyfriend
fellow
beau
swain
young man
boy scout
bragger
braggart
boaster
blowhard
line-shooter
vaunter
bracero
breadwinner
brick
bride
bridge agent
bridge partner
bronco buster
brother
blood brother
brother
brother
comrade
browser
buddy
brother
chum
crony
pal
sidekick
bungler
blunderer
fumbler
bumbler
stumbler
sad sack
botcher
butcher
fuckup
bunkmate
burgomaster
burgrave
bushman
business traveler
buster
busybody
nosy-parker
nosey-parker
butler
pantryman
butt
goat
laughingstock
stooge
butterfingers
buttinsky
buyer
purchaser
emptor
vendee
bystander
cabalist
cad
bounder
blackguard
dog
hound
heel
cadet
plebe
caffeine addict
caffein addict
caitiff
caller
company
calligrapher
calligraphist
camp follower
campmate
candlemaker
canoeist
paddler
capetian
captain
chieftain
captive
career girl
careerist
caregiver
caretaker
carolingian
carlovingian
carper
niggler
carpetbagger
carrier
newsboy
carrier
bearer
toter
casanova
case officer
castaway
shipwreck survivor
casualty
injured party
casualty
catch
match
cat fancier
celebrity
famous person
centenarian
chain-smoker
chambermaid
fille de chambre
champion
fighter
hero
paladin
chancellor
premier
prime minister
prime minister
pm
premier
wax-chandler
changeling
character
eccentric
type
case
charmer
beguiler
charter member
charwoman
char
cleaning woman
cleaning lady
woman
chatelaine
chatterer
babbler
prater
chatterbox
magpie
spouter
chauvinist
antifeminist
male chauvinist
sexist
cheapskate
tightwad
chebab
checker
check girl
hatcheck girl
cheerer
cherub
chewer
child
kid
youngster
minor
shaver
nipper
small fry
tiddler
tike
tyke
fry
nestling
child
kid
child
baby
child prodigy
infant prodigy
wonder child
chimneysweeper
chimneysweep
sweep
choker
choragus
chosen
chump
fool
gull
mark
patsy
fall guy
sucker
soft touch
mug
cigarette smoker
cigar smoker
cipher
cypher
nobody
nonentity
city slicker
city boy
claimant
cleaner
clerk
clinician
clock watcher
clown
buffoon
clumsy person
coalman
coaster
cobber
cocaine addict
codetalker
windtalker
codger
old codger
coiner
cold fish
collaborator
cooperator
partner
pardner
colleague
confrere
fellow
colleague
co-worker
fellow worker
workfellow
colonizer
coloniser
color guard
colossus
behemoth
giant
heavyweight
titan
comer
commander
commissionaire
commissioner
committee member
committeeman
committeewoman
couch potato
councilman
council member
councillor
councilwoman
companion
comrade
fellow
familiar
associate
company man
complexifier
compulsive
concert-goer
music lover
concierge
confidant
intimate
confidante
congressman
congresswoman
representative
rep
connection
connoisseur
cognoscenti
conscientious objector
co
nonconformist
recusant
contact
middleman
contemporary
coeval
convener
conventioneer
conversationalist
schmoozer
conveyer
conveyor
copycat
imitator
emulator
ape
aper
copyist
scribe
scrivener
copywriter
cornhusker
cotter
cottar
counselor
counsellor
counselor
counsellor
counterspy
mole
countryman
countrywoman
cow
cowboy
cowpuncher
puncher
cowman
cattleman
cowpoke
cowhand
cowherd
cowboy
vaquero
buckaroo
buckeroo
cowgirl
coyote
crab
crabby person
crack addict
binger
crackpot
crank
nut
nut case
nutcase
fruitcake
screwball
craftsman
crafter
craftsman
creature
wight
creature
tool
puppet
creep
weirdo
weirdie
weirdy
spook
crewman
crier
cripple
critic
critic
croesus
crossbencher
cross-examiner
cross-questioner
cub
greenhorn
rookie
cunt
bitch
cur
curator
conservator
curmudgeon
custodian
keeper
steward
customer
client
customer agent
cutter
cutter
carver
cyborg
bionic man
bionic woman
cynic
faultfinder
czar
tsar
tzar
dabbler
dilettante
sciolist
dad
dada
daddy
pa
papa
pappa
pater
pop
dairymaid
milkmaid
dairyman
dallier
dillydallier
dilly-dallier
mope
lounger
dancing partner
daredevil
madcap
hothead
swashbuckler
lunatic
harum-scarum
tearaway
darling
favorite
favourite
pet
dearie
deary
ducky
dastard
date
escort
daughter
girl
dawdler
drone
laggard
lagger
trailer
daydreamer
woolgatherer
lotus-eater
stargazer
day laborer
day labourer
deadeye
dead person
dead soul
deceased person
deceased
decedent
departed
decipherer
deipnosophist
dropout
deadhead
deaf person
dean
doyen
debater
arguer
decadent
defamer
maligner
slanderer
vilifier
libeler
backbiter
traducer
defaulter
delegate
deliveryman
delivery boy
deliverer
demagogue
demagog
rabble-rouser
demander
demigod
superman
ubermensch
demon
demoniac
denier
den mother
den-mother
departer
leaver
goer
deputy
surrogate
deputy
derelict
descender
designer
intriguer
desk clerk
hotel desk clerk
hotel clerk
desperate
destroyer
ruiner
undoer
waster
uprooter
detractor
disparager
depreciator
knocker
devil's advocate
devourer
diarist
diary keeper
journalist
dictator
diemaker
diesinker
die-sinker
differentiator
discriminator
digger
dimwit
nitwit
half-wit
doofus
diner
dingbat
director
dishwasher
dispatcher
dissenter
dissident
protester
objector
contestant
disturber
ditch digger
mud digger
dodderer
dodo
fogy
fogey
fossil
dog catcher
dog in the manger
dogmatist
doctrinaire
domestic
domestic help
house servant
don juan
donor
giver
presenter
don't-know
doorkeeper
doorman
door guard
hall porter
porter
gatekeeper
ostiary
dosser
street person
dotard
double
image
look-alike
double agent
double dipper
down-and-out
dragon
tartar
drawler
dreamer
dribbler
driveller
slobberer
drooler
dribbler
drinker
imbiber
toper
juicer
drinker
driveller
jabberer
drudge
peon
navvy
galley slave
drug addict
junkie
junky
drug user
substance abuser
user
drunk
drunk-and-disorderly
drunkard
drunk
rummy
sot
inebriate
dry nurse
dueler
dueller
duelist
duellist
duffer
dumbbell
dummy
dope
boob
booby
pinhead
dummy
silent person
dunce
dunderhead
numskull
blockhead
bonehead
lunkhead
hammerhead
knucklehead
loggerhead
muttonhead
shithead
fuckhead
dunker
dwarf
midget
nanus
eager beaver
busy bee
live wire
sharpie
sharpy
early bird
earner
wage earner
eater
feeder
eavesdropper
eccentric
eccentric person
flake
oddball
geek
ectomorph
egocentric
egoist
egomaniac
egotist
egoist
swellhead
ejaculator
elder
senior
elder statesman
elevator operator
elocutionist
emancipator
manumitter
emigrant
emigre
emigree
outgoer
eminence grise
emissary
envoy
emotional person
emperor
empress
employee
employer
employment agent
endomorph
energizer
energiser
vitalizer
vitaliser
animator
end man
end user
enfant terrible
entrant
entrant
eparch
escapist
dreamer
wishful thinker
escort
espionage agent
esthete
aesthete
evacuee
evaluator
judge
everyman
examiner
tester
quizzer
exarch
excellency
executive secretary
exhibitor
exhibitioner
shower
exhibitionist
show-off
exile
deportee
exploiter
user
ex-spouse
eyeglass wearer
eyewitness
fabulist
facilitator
factotum
fairy godmother
familiar
famulus
fan
buff
devotee
lover
fancier
enthusiast
fantasist
farmerette
farmhand
fieldhand
field hand
farm worker
fat cat
father
male parent
begetter
father
father-in-law
fatso
fatty
fat person
roly-poly
butterball
female offspring
fiance
groom-to-be
fiancee
bride-to-be
file clerk
filing clerk
filer
filibuster
filibusterer
finder
discoverer
spotter
fingerprint expert
fingerprint specialist
fingerprint man
fieldworker
fire chief
fire marshal
fire-eater
hothead
fireman
firefighter
fire fighter
fire-eater
fire warden
forest fire fighter
ranger
first lady
first-nighter
first-rater
fixer
influence peddler
flak catcher
flak
flack catcher
flack
flash in the pan
flatmate
flatterer
adulator
flibbertigibbet
foolish woman
floater
flogger
scourger
floor leader
floorwalker
shopwalker
flop
dud
washout
flunky
flunkey
stooge
yes-man
foe
enemy
follower
follower
fool
sap
saphead
muggins
tomfool
foot
footman
foreign agent
foreigner
alien
noncitizen
outlander
foreigner
outsider
boss
foreman
chief
gaffer
honcho
boss
forewoman
foster-child
fosterling
foster-daughter
foster-father
foster-mother
foster-parent
foster-son
foundling
abandoned infant
foundress
francophile
francophil
francophobe
franc-tireur
freelance
independent
self-employed person
freemason
mason
freight agent
friend
frontiersman
backwoodsman
mountain man
frontierswoman
frontbencher
frump
dog
fucker
fuddy-duddy
stuffed shirt
fugitive
runaway
fuller
functional illiterate
fundraiser
galley slave
gallows bird
gambler
risk taker
gamekeeper
game warden
gandy dancer
ganger
garbage man
garbage collector
refuse collector
dustman
gardener
gasbag
windbag
gas fitter
gasman
gatecrasher
crasher
unwelcome guest
gaucho
generator
source
author
giant
goliath
behemoth
monster
colossus
giant
hulk
heavyweight
whale
gigolo
girl friday
girlfriend
girl
lady friend
girlfriend
gitana
gitano
giver
glassmaker
gleaner
glutton
gourmand
trencherman
god
government agent
g-man
fbi agent
government man
goat herder
goatherd
gobbler
godchild
goddaughter
godfather
godson
gofer
goffer
gopher
go-getter
whizz-kid
whiz-kid
ball of fire
goldbrick
goof-off
ne'er-do-well
good-for-nothing
good-for-naught
goldbrick
gondolier
gondoliere
goner
toast
gongorist
good egg
good guy
good person
good samaritan
samaritan
goody-goody
gossip
gossiper
gossipmonger
rumormonger
rumourmonger
newsmonger
governor
governor general
grabber
grandstander
granny
grantor
gravedigger
great-uncle
granduncle
gringo
griot
grocery boy
groom
bridegroom
grouch
grump
crank
churl
crosspatch
groundling
groundsman
groundskeeper
groundkeeper
groupie
growler
grunt
guarantor
surety
warrantor
warranter
guard
guest
invitee
guest
guest of honor
guest worker
guestworker
gulper
guzzler
guvnor
guzzler
gypsy
gipsy
romany
rommany
roma
bohemian
hack
drudge
hacker
hag
beldam
beldame
witch
crone
halberdier
fathead
goof
goofball
bozo
jackass
goose
cuckoo
twat
zany
hand
handler
handicapped person
handmaid
handmaiden
handyman
jack of all trades
odd-job man
haranguer
hardliner
harpooner
harpooneer
harasser
harridan
harvester
reaper
has-been
back-number
hash head
hatchet man
enforcer
hatemonger
hater
hatmaker
hatter
milliner
modiste
head
head
chief
top dog
head
headmaster
schoolmaster
master
headmistress
head of state
chief of state
hearer
listener
auditor
attender
audile
motile
heaver
heavy hitter
heckler
badgerer
hedger
hedger
equivocator
hellion
heller
devil
hellhound
hired help
hemiplegic
herald
trumpeter
herder
herdsman
drover
heretic
misbeliever
religious outcast
heretic
hermit
recluse
solitary
solitudinarian
troglodyte
heroin addict
hero worshiper
hero worshipper
hewer
highflier
highflyer
high-muck-a-muck
pooh-bah
hillbilly
bushwhacker
hired hand
hand
hired man
hireling
pensionary
hitter
striker
hoarder
hobbledehoy
hod carrier
hodman
hog
pig
holy roman emperor
homeboy
homeboy
home buyer
homegirl
home help
homeless
homeless person
homeopath
homoeopath
homo erectus
homophobe
honoree
horseman
horse fancier
horse wrangler
wrangler
host
hostess
hotdog
hot dog
house guest
houseguest
housekeeper
housemaster
housemother
house sitter
huddler
humanitarian
do-gooder
improver
humpback
hunchback
crookback
hunger marcher
hunted person
hunter
hustler
wheeler dealer
operator
hyperope
iceman
iconoclast
image breaker
idiot
imbecile
cretin
moron
changeling
half-wit
retard
idiot savant
idler
loafer
do-nothing
layabout
bum
idolizer
idoliser
ignoramus
know nothing
uneducated person
illiterate
illiterate person
nonreader
immigrant
immortal
imp
scamp
monkey
rascal
rapscallion
scalawag
scallywag
import
importee
important person
influential person
personage
inamorata
inamorato
incompetent
incompetent person
incubus
indexer
indian giver
inductee
inferior
infiltrator
infiltrator
ingenue
ingrate
thankless wretch
ungrateful person
inquirer
enquirer
questioner
querier
asker
inquisitor
interrogator
instigator
initiator
instigator
provoker
inciter
instigant
firebrand
instrument
pawn
cat's-paw
insurgent
insurrectionist
freedom fighter
rebel
interlocutor
conversational partner
interpreter
interviewee
interviewer
intruder
interloper
trespasser
invader
encroacher
inventor
discoverer
artificer
itinerant
jack of all trades
janitor
java man
trinil man
jekyll and hyde
jerk
dork
jimdandy
jimhickey
crackerjack
job candidate
jobholder
job
job's comforter
john doe
joe blow
joe bloggs
man in the street
joiner
joker
turkey
jonah
jinx
junior
jr
jnr
kalon tripa
kaiser
keeper
khedive
kibbutznik
kibitzer
kiddy
king
male monarch
kingmaker
king of england
king of great britain
king of france
king
queen
world-beater
kingpin
top banana
bigwig
kin
kinsperson
family
kisser
osculator
kitchen help
klutz
kneeler
knight templar
knocker
know-it-all
know-all
kolkhoznik
kook
odd fellow
odd fish
queer bird
queer duck
odd man out
kvetch
laborer
manual laborer
labourer
jack
lacer
lackey
flunky
flunkey
ladylove
lady's maid
lamb
dear
lamplighter
landlubber
lubber
landsman
languisher
large person
latecomer
lather
laudator
lauder
extoller
layman
layperson
lay reader
lazarus
lazybones
lecturer
leech
parasite
sponge
sponger
left-hander
lefty
southpaw
legal representative
legate
official emissary
legislator
leper
liberator
libertine
debauchee
rounder
lie-abed
slugabed
lifeguard
lifesaver
lighthouse keeper
lilliputian
line worker
linkboy
linkman
lion
social lion
lion-hunter
lip reader
lisper
literate
literate person
litterer
litterbug
litter lout
little sister
liveborn infant
liveryman
lobsterman
lockmaster
lockman
lockkeeper
locum tenens
locum
logger
loiterer
lingerer
loner
lone wolf
lone hand
lookout
lookout man
sentinel
sentry
watch
spotter
scout
picket
loon
loser
also-ran
failure
loser
nonstarter
unsuccessful person
underdog
lothario
loudmouth
blusterer
lounge lizard
lizard
lout
clod
stumblebum
goon
oaf
lubber
lummox
lump
gawk
low-birth-weight baby
low-birth-weight infant
luddite
luddite
lumberman
lumberjack
feller
faller
luminary
leading light
guiding light
notable
notability
light
luncher
lunger
lurker
skulker
lurcher
ma
mama
mamma
mom
momma
mommy
mammy
mum
mummy
mater
machine
macushla
magnificio
magpie
scavenger
pack rat
maid
maidservant
housemaid
amah
major-domo
seneschal
majority leader
maker
shaper
malcontent
male offspring
man-child
malahini
malingerer
skulker
shammer
mammy
man
man
maneuverer
manoeuvrer
manikin
mannikin
homunculus
man jack
man of action
man of deeds
man of means
rich man
wealthy man
manservant
map-reader
margrave
marksman
sharpshooter
crack shot
maroon
martinet
disciplinarian
moralist
martyr
sufferer
masquerader
masker
masquer
master
professional
master
master
captain
sea captain
skipper
mate
first mate
mate
material
maverick
rebel
mayor
city manager
mayoress
meanie
meany
unkind person
meddler
megalomaniac
member
board member
clansman
clanswoman
clan member
club member
mender
tinker
tinkerer
menial
dogsbody
mensch
mensh
mentioner
merovingian
meshuggeneh
meshuggener
mesomorph
messenger
courier
bearer
messenger boy
errand boy
messmate
metic
middlebrow
midshipman
migrant
migrator
mikado
tenno
miles gloriosus
military governor
military officer
officer
milkman
mill agent
mill-girl
mill-hand
factory worker
millionairess
minority leader
misanthrope
misanthropist
misfit
misogynist
woman hater
mistress
mod
model
role model
ideal
paragon
nonpareil
saint
apotheosis
nonesuch
nonsuch
class act
humdinger
modeler
modeller
moderationist
moderator
modern
mollycoddle
monopolist
monopolizer
monopoliser
monster
fiend
devil
demon
ogre
moocher
cadger
scrounger
morosoph
mortal enemy
mortician
undertaker
funeral undertaker
funeral director
mother
female parent
mother
mother-in-law
mother's boy
mamma's boy
mama's boy
mother's daughter
motorcyclist
motormouth
mounter
climber
mourner
griever
sorrower
lamenter
mouth
mouthpiece
mouth
mover
mover
moviegoer
motion-picture fan
muckraker
mudslinger
muggee
muleteer
mule skinner
mule driver
skinner
muncher
murderee
musher
mutineer
mute
deaf-mute
deaf-and-dumb person
mutterer
mumbler
muzhik
moujik
mujik
muzjik
mycophagist
myope
myrmidon
nabob
namby-pamby
name
figure
public figure
namesake
nanny
nursemaid
nurse
narcissist
narcist
narrator
storyteller
teller
natural
nawab
nabob
obstructionist
obstructor
obstructer
resister
thwarter
naysayer
nebbish
nebbech
necker
neighbor
neighbour
neonate
newborn
newborn infant
newborn baby
neutral
newcomer
fledgling
fledgeling
starter
neophyte
freshman
newbie
entrant
newcomer
next friend
niggard
skinflint
scrooge
churl
night owl
nighthawk
nightbird
night porter
night watchman
nimby
nincompoop
poop
ninny
nitpicker
noc
nonagenarian
nondescript
nonparticipant
nonsmoker
nosher
snacker
no-show
noticer
novice
beginner
tyro
tiro
initiate
nude
nude person
nudger
nudnik
nudnick
nursling
nurseling
suckling
nutter
wacko
whacko
nympholept
oarsman
rower
oarswoman
obliger
accommodator
observer
commentator
octogenarian
offerer
offeror
office boy
officeholder
officer
officer
ship's officer
ogler
old boy
old man
old man
greybeard
graybeard
methuselah
old man
oldster
old person
senior citizen
golden ager
old-timer
oldtimer
gaffer
old geezer
antique
old woman
omnivore
onlooker
looker-on
operagoer
operator
manipulator
opium addict
opium taker
opportunist
self-seeker
oppressor
optician
lens maker
orator
speechmaker
rhetorician
public speaker
speechifier
orderer
organ-grinder
organization man
originator
conceiver
mastermind
orphan
out-and-outer
outcast
castaway
pariah
ishmael
outcaste
outrider
overnighter
overseer
superintendent
owner
possessor
oyabun
pachuco
packer
bagger
boxer
padrone
page
page
pageboy
pain
pain in the neck
nuisance
pallbearer
bearer
panderer
panhandler
paperboy
paper-pusher
papoose
pappoose
paralytic
paraplegic
paraprofessional
parent
paretic
parliamentarian
member of parliament
parliamentary agent
parlormaid
parlourmaid
partaker
sharer
participant
partisan
zealot
drumbeater
part-owner
part-timer
partygoer
passer
paster
past master
past master
patentee
patriarch
patrician
patroller
patron
frequenter
patron
sponsor
supporter
patroness
patronne
patron saint
pauper
poor man
pawer
peacekeeper
peanut
peasant
provincial
bucolic
peasant
barbarian
boor
churl
goth
tyke
tike
peking man
penetrator
pen pal
pen-friend
penpusher
pencil pusher
perfectionist
perisher
personality
personal representative
personage
persuader
inducer
pest
blighter
cuss
pesterer
gadfly
petit bourgeois
petitioner
suppliant
supplicant
pet sitter
critter sitter
petter
fondler
pharisee
philanthropist
altruist
philhellene
philhellenist
graecophile
philistine
lowbrow
philosopher
pickaninny
piccaninny
picaninny
picker
picnicker
picknicker
pilgrim
pilgrim father
pill
pillar
mainstay
pill head
pinchgut
pioneer
pioneer
innovator
trailblazer
groundbreaker
pipe smoker
pip-squeak
squirt
small fry
planner
contriver
deviser
plaster saint
platelayer
tracklayer
platitudinarian
platonist
player
playgoer
theatergoer
theatregoer
playmate
playfellow
plebeian
pleb
pledge
pledge taker
plodder
slowpoke
stick-in-the-mud
slowcoach
plodder
slogger
plotter
mapper
plowman
ploughman
plower
plowwright
ploughwright
plutocrat
point man
policyholder
policy maker
politician
politician
pollster
poll taker
headcounter
canvasser
polluter
defiler
poltroon
craven
recreant
pooler
poor devil
wretch
poor person
have-not
popinjay
pornographer
porn merchant
porter
pullman porter
portwatcher
port watcher
poseur
poser
poseuse
possible
postdoc
post doc
poster boy
poster child
poster girl
postmature infant
probable
postmaster
postmistress
postulant
potboy
potman
pothead
pothunter
power broker
powerbroker
powerhouse
human dynamo
ball of fire
fireball
practitioner
practician
praetorian guard
prankster
cut-up
trickster
tricker
hoaxer
practical joker
prattler
predecessor
premature baby
preterm baby
premature infant
preterm infant
preemie
premie
presbyope
preschooler
president
president of the united states
united states president
president
chief executive
president
chairman
chairwoman
chair
chairperson
presiding officer
pretender
prey
quarry
target
fair game
prima donna
primipara
para i
primordial dwarf
hypoplastic dwarf
true dwarf
normal dwarf
prince charming
principal
school principal
head teacher
head
printer's devil
privateer
privateersman
probation officer
processor
process-server
proconsul
proctor
monitor
prodigal
profligate
squanderer
professional
professional person
proletarian
prole
worker
promisee
promiser
promisor
prompter
theater prompter
propagator
disseminator
propositus
protegee
provider
prowler
sneak
stalker
proxy
placeholder
procurator
prude
puritan
publican
tavern keeper
puerpera
puller
punching bag
punk rocker
punk
punter
puppy
pup
purchasing agent
purser
pursued
chased
pursuer
chaser
pusher
shover
pusher
thruster
pushover
pussycat
putterer
potterer
putz
pygmy
pigmy
quadripara
quadriplegic
quaffer
quaker
trembler
quarter
quibbler
caviller
caviler
pettifogger
quintipara
racist
racialist
raftsman
raftman
rafter
ragamuffin
tatterdemalion
ragpicker
rail-splitter
splitter
raiser
rake
profligate
rip
blood
roue
rambler
ramrod
ranch hand
ranter
raver
rare bird
rara avis
rat-catcher
disinfestation officer
reader
reader
receptionist
reciter
recruit
enlistee
recruiter
redhead
redheader
red-header
carrottop
redneck
cracker
regent
trustee
registrant
regular
habitue
fixture
remover
repairman
repairer
maintenance man
service man
fixer
repeater
repository
secretary
representative
rescuer
recoverer
saver
research director
director of research
research worker
researcher
investigator
respecter
respondent
responder
answerer
retiree
retired person
retreatant
reveler
reveller
merrymaker
drunken reveler
drunken reveller
bacchanal
bacchant
revenuer
rhodesian man
homo rhodesiensis
ribald
rich person
wealthy person
have
millionaire
billionaire
rider
disreputable person
rifleman
right-hander
right hander
righthander
right-hand man
chief assistant
man friday
ringer
dead ringer
clone
ringleader
rioter
rip van winkle
rip van winkle
rival
challenger
competitor
competition
contender
roadman
road mender
roarer
bawler
bellower
screamer
screecher
shouter
yeller
roaster
rock
rocker
rogue
knave
rascal
rapscallion
scalawag
scallywag
varlet
roisterer
roman emperor
emperor of rome
romeo
room clerk
roommate
roper
rotarian
rotter
dirty dog
rat
skunk
stinker
stinkpot
bum
puke
crumb
lowlife
scum bag
so-and-so
git
roundsman
rubberneck
runner
runt
shrimp
peewee
half-pint
rusher
rustic
saboteur
wrecker
diversionist
sacred cow
sailing master
navigator
sandwichman
sannyasi
sannyasin
sanyasi
santa claus
kriss kringle
father christmas
saint nick
st. nick
satellite
planet
satrap
savior
saviour
rescuer
deliverer
sawyer
scab
strikebreaker
blackleg
rat
scalawag
scallywag
scandalmonger
scapegoat
whipping boy
scaremonger
stirrer
scatterbrain
forgetful person
schemer
plotter
schlemiel
shlemiel
schlimazel
shlimazel
schmuck
shmuck
schmo
shmo
schnook
shnook
scientist
man of science
scoffer
flouter
mocker
jeerer
scoffer
gorger
scold
scolder
nag
nagger
common scold
scorer
scourer
scourer
scout
pathfinder
guide
scrambler
scratcher
scrawler
scribbler
screener
scrimshanker
sculler
scullion
second-rater
mediocrity
secret agent
intelligence officer
intelligence agent
operative
secretary
secretarial assistant
secretary
attorney general
united states attorney general
us attorney general
secretary of agriculture
agriculture secretary
secretary of commerce
commerce secretary
secretary of defense
defense secretary
secretary of education
education secretary
secretary of energy
energy secretary
secretary of health and human services
secretary of housing and urban development
secretary of labor
labor secretary
secretary of state
secretary of the interior
interior secretary
secretary of the treasury
treasury secretary
secretary of transportation
transportation secretary
secretary of veterans affairs
sectarian
sectary
sectarist
section hand
security consultant
seducer
ladies' man
lady killer
seducer
seer
segregator
segregationist
selfish person
self-starter
senator
sentimentalist
romanticist
septuagenarian
sergeant at arms
serjeant-at-arms
servant
retainer
servant girl
serving girl
servitor
settler
colonist
settler
sexagenarian
sexton
sacristan
shadow
shah
shah of iran
shaheed
shark
shearer
she-devil
sheepherder
shepherd
sheepman
sheep
sheep
shepherdess
shipmate
shipping agent
shipping clerk
shipwright
shipbuilder
ship builder
shocker
shopaholic
shopper
shopper
shot
shooter
gunman
gun
showman
promoter
impresario
shrew
termagant
shutterbug
shy person
shrinking violet
signaler
signaller
signalman
silly
addle-head
addlehead
loon
birdbrain
simpleton
simple
sipper
sirdar
sister
beguine
sister
sis
half sister
stepsister
sissy
pantywaist
pansy
milksop
milquetoast
waverer
vacillator
hesitator
hesitater
sitting duck
easy mark
six-footer
skimmer
skirmisher
skilled worker
trained worker
skivvy
slavey
slacker
shirker
slapper
spanker
slattern
slut
slovenly woman
trollop
slave
slave
striver
hard worker
slave driver
slave driver
simon legree
slaveholder
slave owner
slaver
slaver
slave dealer
slave trader
sleeper
slumberer
sleeper
sleeper
sleeping beauty
sleepwalker
somnambulist
noctambulist
sleepyhead
slinger
slip
slob
sloven
pig
slovenly person
slouch
sluggard
slug
small-for-gestational-age infant
sga infant
small person
smith
smoker
tobacco user
snake
snake in the grass
sneerer
scorner
sniper
snob
prig
snot
snoop
snooper
snorter
snuffer
snuff user
sobersides
social climber
climber
socialite
social secretary
sodalist
solicitor
canvasser
somniloquist
son
boy
sophisticate
man of the world
sorter
soul mate
sounding board
sourdough
sourpuss
picklepuss
gloomy gus
pouter
sovereign
crowned head
monarch
space cadet
sparer
spastic
speaker
talker
utterer
verbalizer
verbaliser
native speaker
special agent
spectator
witness
viewer
watcher
looker
speed freak
spellbinder
speller
good speller
poor speller
spender
disburser
expender
spendthrift
spend-all
spender
scattergood
big spender
high roller
fungi
sphinx
spindlelegs
spindleshanks
spitfire
spiv
spoilsport
killjoy
wet blanket
party pooper
spokesman
spokesperson
interpreter
representative
voice
spokeswoman
sponger
spotter
spotter
sprayer
sprog
spy
undercover agent
spy
spymaster
square shooter
straight shooter
straight arrow
square
square toes
square
lame
squatter
squatter
homesteader
nester
squeeze
squire
gallant
stableman
stableboy
groom
hostler
ostler
stacker
staff member
staffer
stage manager
stager
stakeholder
stammerer
stutterer
stamper
stand-in
substitute
relief
reliever
backup
backup man
fill-in
starer
starveling
state senator
stationmaster
station agent
stay-at-home
homebody
steeplejack
stenographer
amanuensis
shorthand typist
stentor
stepchild
stepdaughter
stepson
steward
stickler
stillborn infant
stoic
unemotional person
stoker
fireman
stonewaller
straggler
strayer
stranger
alien
unknown
strategist
strategian
straw boss
assistant foreman
streaker
street cleaner
street sweeper
street fighter
tough
street fighter
street urchin
guttersnipe
street arab
gamin
throwaway
strike leader
striker
stroke
double
stunt man
stunt woman
stupid
stupid person
dullard
dolt
pudding head
pudden-head
poor fish
pillock
submitter
subnormal
subordinate
subsidiary
underling
foot soldier
subscriber
contributor
subscriber
reader
subscriber
endorser
indorser
ratifier
subsidizer
subsidiser
successor
replacement
sucker
sugar daddy
suitor
suer
wooer
sun
sunbather
sundowner
supercargo
superintendent
super
superior
higher-up
superordinate
supermom
supervisor
supremo
surrogate
alternate
replacement
surrogate mother
survivor
survivor
subsister
swagman
swagger
swaggie
swearer
sweeper
sweetheart
sweetheart
sweetie
steady
truelove
swineherd
pigman
swinger
tramp
switcher
whipper
sycophant
toady
crawler
lackey
sympathizer
sympathiser
comforter
system administrator
tablemate
dining companion
tactician
tagalong
hanger-on
tail
shadow
shadower
taker
talent
talent agent
tallyman
tally clerk
tantalizer
tantaliser
tapper
wiretapper
phone tapper
tapster
tapper
taskmaster
taskmistress
tattletale
tattler
taleteller
talebearer
telltale
blabbermouth
teacher's pet
teammate
mate
tease
teaser
annoyer
vexer
technician
technician
technophile
teleologist
telepathist
thought-reader
mental telepathist
mind reader
temp
temporary worker
tempter
term infant
toiler
tenderfoot
terror
brat
little terror
holy terror
terror
scourge
threat
testator
testate
testatrix
testee
examinee
testifier
deponent
test-tube baby
thin person
skin and bones
third-rater
thrall
thrower
ticket collector
ticket taker
tiger
timekeeper
timeserver
tinker
tinkerer
fiddler
tipper
tippler
social drinker
t-man
toast
toddler
yearling
tot
bambino
toff
nob
toller
bell ringer
ringer
tom thumb
tormentor
tormenter
persecutor
torturer
touch-typist
tovarich
tower of strength
pillar of strength
townsman
track star
traditionalist
diehard
trainee
tramp
hobo
bum
trampler
transalpine
transcriber
transcriber
transfer
transferee
transferer
transferrer
transferor
transient
trapshooter
traverser
trekker
trencher
trend-setter
taste-maker
fashion arbiter
tribesman
trier
attempter
essayer
trifler
tripper
trouper
troublemaker
trouble maker
troubler
mischief-maker
bad hat
troubleshooter
trouble shooter
tub-thumper
turncock
twerp
twirp
twit
typist
ugly duckling
uncle
uncle
undersecretary
undesirable
undoer
unemployed person
universal agent
general agent
unpleasant woman
disagreeable woman
untouchable
harijan
upholsterer
upstart
parvenu
nouveau-riche
arriviste
upstart
urchin
user
usher
guide
usherette
usufructuary
utility man
utilizer
utiliser
vagrant
drifter
floater
vagabond
valentine
valet
valet de chambre
gentleman
gentleman's gentleman
man
vandal
vegetarian
vegan
venter
verger
vermin
varmint
very important person
vip
high-up
dignitary
panjandrum
high muckamuck
veteran
old-timer
oldtimer
old hand
warhorse
old stager
stager
vice chairman
vicegerent
viceroy
vicereine
victim
victim
dupe
victimizer
victimiser
victor
master
superior
vigilante
vigilance man
villain
scoundrel
villainess
vintager
violator
debaucher
ravisher
virago
visiting fireman
visitor
visitant
visualizer
visualiser
visually handicapped person
vixen
harpy
hellcat
vociferator
voicer
volunteer
unpaid worker
voyeur
peeping tom
peeper
vulgarian
waif
street child
wailer
waiter
walk-in
wallah
wallflower
walloper
wally
wanderer
roamer
rover
bird of passage
war baby
ward
warehouser
warehouseman
warrantee
warrener
washer
washerman
laundryman
washwoman
washerwoman
laundrywoman
laundress
wassailer
carouser
wastrel
waster
watchdog
watchman
watcher
security guard
water boy
waterer
waterer
waver
weakling
doormat
wuss
wearer
wedding guest
weeder
weeper
weeper
crier
wencher
wet nurse
wet-nurse
wetnurse
amah
wetter
whiner
complainer
moaner
sniveller
crybaby
bellyacher
grumbler
squawker
whip
party whip
whippersnapper
jackanapes
lightweight
whisperer
whistler
white slaver
whittler
whoremaster
whoremonger
john
wiggler
wriggler
squirmer
wigmaker
winner
victor
window cleaner
window washer
wire-puller
wise guy
smart aleck
wiseacre
wisenheimer
weisenheimer
junior
wisp
witch-hunter
withdrawer
withstander
witness
witnesser
informant
wolf
woman chaser
skirt chaser
masher
womanizer
womaniser
philanderer
woodcutter
woodsman
woodman
workman
working man
working person
workmate
worm
louse
insect
dirt ball
worrier
fuss-budget
fusspot
worrywart
worshiper
worshipper
worthy
wrangler
wrester
wright
writer
yanker
jerker
yardman
yenta
yeoman
yeoman of the guard
beefeater
yokel
rube
hick
yahoo
hayseed
bumpkin
chawbacon
young buck
young man
young person
youth
younker
spring chicken
young turk
yuppie
zoo keeper
adams
john adams
president adams
president john adams
adams
john quincy adams
president adams
president john quincy adams
aesop
ahab
akhenaton
akhenaten
ikhanaton
amenhotep iv
alaric
alexander i
czar alexander i
aleksandr pavlovich
alexander ii
czar alexander ii
alexander the liberator
alexander iii
czar alexander iii
alfred
aelfred
alfred the great
antoninus
aurelius
marcus aurelius
marcus aurelius antoninus
marcus annius verus
antonius pius
artaxerxes i
artaxerxes
artaxerxes ii
artaxerxes
arthur
chester a. arthur
chester alan arthur
president arthur
ashurbanipal
assurbanipal
asurbanipal
athelstan
attila
scourge of god
scourge of the gods
augustus
gaius octavianus
gaius julius caesar octavianus
octavian
barnum
p. t. barnum
phineas taylor barnum
benton
thomas hart benton
old bullion
bessemer
sir henry bessemer
boone
daniel boone
bowie
jim bowie
james bowie
browning
john m. browning
john moses browning
bruce
robert the bruce
robert i
buchanan
james buchanan
president buchanan
burk
martha jane burk
burke
martha jane burke
calamity jane
burke
edmund burke
burroughs
william seward burroughs
bush
george bush
george h.w. bush
george herbert walker bush
president bush
bush
george bush
george w. bush
george walker bush
president bush
president george w. bush
dubyuh
dubya
bushnell
david bushnell
father of the submarine
caligula
gaius
gaius caesar
canute
cnut
knut
canute the great
carl xvi gustav
carl xvi gustaf
carson
kit carson
christopher carson
carter
jimmy carter
james earl carter
james earl carter jr.
president carter
cartwright
edmund cartwright
catherine i
catherine ii
catherine
catherine the great
chapman
john chapman
johnny appleseed
capet
hugh capet
charlemagne
charles i
charles the great
charles i
charles stuart
charles ii
charles ii
charles i
charles the bald
charles vii
charles ix
christopher
saint christopher
st. christopher
cicero
marcus tullius cicero
tully
claudius
claudius i
tiberius claudius drusus nero germanicus
cleveland
grover cleveland
stephen grover cleveland
president cleveland
clinton
bill clinton
william jefferson clinton
president clinton
clovis
clovis i
cody
william f. cody
william frederick cody
buffalo bill
buffalo bill cody
constantine
constantine i
constantine the great
coolidge
calvin coolidge
president coolidge
cooper
peter cooper
cornell
ezra cornell
crispin
saint crispin
st. crispin
crockett
davy crockett
david crockett
croesus
cyrus ii
cyrus the elder
cyrus the great
daguerre
louis jacques mande daguerre
damon
darius i
darius the great
darius iii
david
david
saint david
st. david
decius
de forest
lee de forest
the father of radio
demosthenes
diaghilev
sergei diaghilev
sergei pavlovich diaghilev
domitian
titus flavius domitianus
d'oyly carte
richard d'oyly carte
eastman
george eastman
edgar
edison
thomas edison
thomas alva edison
edmund i
edmund ii
edmund ironside
edward i
edward ii
edward iii
edward iv
edward v
edward vi
edward vii
albert edward
edward viii
duke of windsor
edward the confessor
saint edward the confessor
st. edward the confessor
edward the elder
edward the martyr
saint edward the martyr
st. edward the martyr
edwin
edwy
eadwig
egbert
eisenhower
dwight eisenhower
dwight d. eisenhower
dwight david eisenhower
ike
president eisenhower
endecott
endicott
john endecott
john endicott
ethelbert
ethelred
ethelred i
ethelred
ethelred ii
ethelred the unready
ezra
fahd
fahd ibn abdel aziz al-saud
faisal
faisal ibn abdel aziz al-saud
farouk i
faruk i
ferdinand i
ferdinand the great
ferdinand i
ferdinand ii
ferdinand iii
ferdinand v
ferdinand the catholic
fillmore
millard fillmore
president fillmore
finnbogadottir
vigdis finnbogadottir
ford
gerald ford
gerald r. ford
gerald rudolph ford
president ford
francis ii
emperor francis ii
francis joseph
franz joseph
francis joseph i
franz josef i
frederick i
frederick barbarossa
barbarossa
frederick i
frederick ii
holy roman emperor frederick ii
frederick ii
frederick the great
frederick william i
frederick william ii
frederick william iii
frederick william iv
fulbright
william fulbright
james william fulbright
fulton
robert fulton
garfield
james garfield
james a. garfield
james abraham garfield
president garfield
gatling
richard jordan gatling
genghis khan
jinghis khan
jenghiz khan
genseric
gaiseric
george i
george ii
george iii
george iv
george v
george vi
george
saint george
st. george
gilgamesh
gillette
king camp gilette
glenn
john glenn
john herschel glenn jr.
godunov
boris godunov
boris fyodorovich godunov
goldmark
peter goldmark
peter carl goldmark
goodyear
charles goodyear
gordius
grant
ulysses grant
ulysses s. grant
ulysses simpson grant
hiram ulysses grant
president grant
guggenheim
solomon guggenheim
gustavus
gustavus i
gustavus
gustavus ii
gustavus adolphus
gustavus v
hadrian
publius aelius hadrianus
adrian
haile selassie
ras tafari makonnen
ras tafari
hammurabi
hammurapi
hanoverian
harding
warren harding
warren gamaliel harding
president harding
hargreaves
james hargreaves
harold i
king harold i
harold harefoot
harefoot
harold ii
king harold ii
harrison
william henry harrison
president harrison
president william henry harrison
harrison
benjamin harrison
president harrison
president benjamin harrison
harvard
john harvard
hawkins
hawkyns
sir john hawkins
sir john hawkyns
hayes
rutherford b. hayes
rutherford birchard hayes
president hayes
henry
patrick henry
henry i
henry beauclerc
henry ii
henry ii
henry iii
henry iii
henry iv
bolingbroke
henry bolingbroke
henry v
henry vi
henry vii
henry tudor
henry viii
hero
heron
hero of alexandria
herod
herod the great
hershey
milton snavely hershey
hezekiah
ezekias
hirohito
michinomiya hirohito
hollerith
herman hollerith
hoover
herbert hoover
herbert clark hoover
president hoover
hopkins
johns hopkins
howe
elias howe
hurok
sol hurok
solomon hurok
hussein
husain
husayn
ibn talal hussein
king hussein
hutchinson
anne hutchinson
isocrates
ivan iv
ivan iv vasilievich
ivan the terrible
jackson
andrew jackson
old hickory
jacquard
joseph m. jacquard
joseph marie jacquard
james i
james ii
james iv
jefferson
thomas jefferson
president jefferson
jeroboam
jeroboam i
john
king john
john lackland
johnson
andrew johnson
president johnson
president andrew johnson
johnson
lyndon johnson
lyndon baines johnson
lbj
president johnson
president lyndon johnson
juan carlos
juan carlos victor maria de borbon y borbon
justinian
justinian i
justinian the great
kamehameha i
kamehameha the great
keller
helen keller
helen adams keller
kennedy
jack kennedy
john fitzgerald kennedy
jfk
president kennedy
president john f. kennedy
kidd
william kidd
captain kidd
kublai khan
kubla khan
kublai kaan
land
din land
edwin herbert land
langley
samuel pierpoint langley
leakey
louis leakey
louis seymour bazett leakey
leonidas
lincoln
abraham lincoln
president lincoln
president abraham lincoln
louis i
louis the pious
louis ii
louis le begue
louis the stammerer
louis the german
louis iii
louis iv
louis d'outremer
louis v
louis le faineant
louis vi
louis the far
louis the wideawake
louis the bruiser
louis vii
louis viii
louis ix
saint louis
st. louis
louis x
louis le hutin
louis the quarreller
louis xi
louis xii
louis xiii
louis xiv
sun king
louis the great
louis xv
louis xvi
macbeth
madison
james madison
president madison
mary
virgin mary
the virgin
blessed virgin
madonna
mata hari
margarete gertrud zelle
mauser
von mauser
p. p. von mauser
peter paul mauser
maxim
sir hiram stevens maxim
mccormick
cyrus mccormick
cyrus hall mccormick
mckinley
william mckinley
president mckinley
meiji tenno
mutsuhito
mellon
andrew mellon
andrew w. mellon
andrew william mellon
mergenthaler
ottmar mergenthaler
minuit
peter minuit
minnewit
peter minnewit
mithridates
mithridates vi
mithridates the great
monroe
james monroe
president monroe
montezuma ii
morse
samuel morse
samuel f. b. morse
samuel finley breese morse
munchhausen
karl friedrich hieronymus von munchhausen
munchausen
baron munchausen
muybridge
eadweard muybridge
edward james muggeridge
naomi
noemi
napoleon
napoleon i
napoleon bonaparte
bonaparte
the little corporal
napoleon iii
emperor napoleon iii
charles louis napoleon bonaparte
nebuchadnezzar
nebuchadnezzar ii
nebuchadrezzar
nebuchadrezzar ii
nero
nero claudius caesar drusus germanicus
lucius domitius ahenobarbus
nerva
marcus cocceius nerva
nicholas i
czar nicholas i
nicholas ii
nixon
richard nixon
richard m. nixon
richard milhous nixon
president nixon
nobel
alfred nobel
alfred bernhard nobel
nuffield
william richard morris
first viscount nuffield
oakley
annie oakley
olaf ii
olav ii
saint olaf
saint olav
st. olaf
st. olav
otis
elisha graves otis
otto i
otho i
otto the great
pahlavi
mohammed reza pahlavi
shah palavi
pahlevi
mohammed reza pahlevi
patrick
saint patrick
st. patrick
pepys
samuel pepys
peter i
czar peter i
peter the great
philip ii
philip ii of spain
philip ii
philip ii of macedon
philip ii
philip augustus
philip v
philip vi
philip of valois
phintias
pythias
pierce
franklin pierce
president pierce
polk
james polk
james k. polk
james knox polk
president polk
ptolemy i
ptolemy ii
pyrrhus
rameses
ramesses
ramses
rameses ii
ramesses ii
ramses ii
rameses the great
ramesses the great
ramses the great
reagan
ronald reagan
ronald wilson reagan
president reagan
richard i
richard coeur de lion
richard the lionheart
richard the lion-hearted
richard ii
richard iii
ringling
charles ringling
rockefeller
john d. rockefeller
john davison rockefeller
roosevelt
theodore roosevelt
president roosevelt
president theodore roosevelt
roosevelt
franklin roosevelt
franklin delano roosevelt
f. d. roosevelt
president roosevelt
president franklin roosevelt
fdr
saul
scott
dred scott
sennacherib
shah jahan
singer
isaac m. singer
isaac merrit singer
solomon
sperry
elmer ambrose sperry
standish
miles standish
myles standish
stanley
francis edgar stanley
steinmetz
charles proteus steinmetz
taft
william howard taft
president taft
talbot
fox talbot
william henry fox talbot
tarquin
tarquin the proud
tarquinius
tarquinius superbus
lucius tarquinius superbus
taylor
zachary taylor
president taylor
tesla
nikola tesla
tiberius
tiberius claudius nero caesar augustus
titus
titus vespasianus augustus
titus flavius vespasianus
trajan
marcus ulpius traianus
truman
harry truman
harry s truman
president truman
turner
nat turner
tussaud
marie tussaud
madame tussaud
marie grosholtz
tyler
john tyler
president tyler
tyndale
william tyndale
tindale
william tindale
tindal
william tindal
van buren
martin van buren
president van buren
vanderbilt
cornelius vanderbilt
commodore vanderbilt
vesey
denmark vesey
vespasian
titus flavius sabinus vespasianus
victor emanuel ii
victor emanuel iii
victoria
queen victoria
wallace
sir william wallace
washington
george washington
president washington
watt
james watt
westinghouse
george westinghouse
wheatstone
sir charles wheatstone
whitney
eli whitney
wilhelm ii
kaiser wilhelm
kaiser bill
william i
william the conqueror
william ii
william rufus
william iii
william of orange
william iv
the sailor king
williams
roger williams
wilson
woodrow wilson
thomas woodrow wilson
president wilson
winslow
edward winslow
wright
orville wright
wright
wilbur wright
xerxes i
xerxes the great
yale
elihu yale
zeppelin
count ferdinand von zeppelin
iodopsin
visual purple
rhodopsin
retinal purple
on the go(p)
clement
inclement
imaginative
ingenious
inventive
full-fledged
fully fledged
limber
supple
versatile
standing
seated
sitting
arch(a)
artless
uncultivated
uncultured
crass
ill-bred
bounderish
lowbred
rude
underbred
yokelish
rough
rehabilitated
desperate
idle
light
clean-cut
trig
trim
trustful
trusting
distrustful
sure
trusted
agential
amoristic
bacchantic
carpetbag
choragic
clerical
collegial
plutocratic
plutocratical
self
bridal
messianic
supervisory
curatorial
accusatorial
inquisitorial
servile
philhellenic
philhellene
graecophile
graecophilic
royally
like kings
like royalty
imperially
imaginatively
distrustfully
mistrustfully
inventively
voyeuristically
