decoction
abortifacient
aborticide
abortion-inducing drug
abortion pill
ru 486
mifepristone
acapulco gold
mexican green
acebutolol
sectral
ace inhibitor
angiotensin converting enzyme inhibitor
acetaminophen
datril
tylenol
panadol
phenaphen
tempra
anacin iii
acetanilide
acetanilid
phenylacetamide
acetophenetidin
acetphenetidin
phenacetin
acid
back breaker
battery-acid
dose
dot
elvis
loony toons
lucy in the sky with diamonds
pane
superman
window pane
zen
acoustic
actifed
actinomycin
active placebo
acyclovir
zovirax
adam
ecstasy
xtc
go
disco biscuit
cristal
x
hug drug
adhesive bandage
agonist
albuterol
ventolin
proventil
alendronate
fosamax
alkalating agent
allopurinol
zyloprim
aloes
bitter aloes
alpha blocker
alpha-blocker
alpha-adrenergic blocker
alpha-adrenergic blocking agent
alpha-interferon
alprazolam
xanax
alum
aminophylline
theophylline
elixophyllin
slo-bid
theobid
aminopyrine
amidopyrine
amiodarone
cordarone
amitriptyline
amitriptyline hydrochloride
elavil
amlodipine besylate
norvasc
amobarbital
amobarbital sodium
blue
blue angel
blue devil
amytal
amoxicillin
amoxil
larotid
polymox
trimox
augmentin
amphetamine
pep pill
upper
speed
amphetamine sulfate
amphetamine sulphate
amphotericin
ampicillin
principen
polycillin
sk-ampicillin
amrinone
inocor
amyl nitrate
analeptic
analgesic
anodyne
painkiller
pain pill
anesthetic
anaesthetic
anesthetic agent
anaesthetic agent
anesthyl
angiogenesis inhibitor
antagonist
antiarrhythmic
antiarrhythmic drug
antiarrhythmic medication
antibacterial
antibacterial drug
bactericide
antibiotic
antibiotic drug
anticholinergic
anticholinergic drug
anticholinesterase
anticoagulant
anticoagulant medication
decoagulant
anticonvulsant
anticonvulsant drug
antiepileptic
antiepileptic drug
antidepressant
antidepressant drug
antidiabetic
antidiabetic drug
antidiarrheal
antidiarrheal drug
antidiuretic
antidiuretic drug
antidote
counterpoison
antiemetic
antiemetic drug
antihistamine
antihypertensive
antihypertensive drug
anti-inflammatory
anti-inflammatory drug
antimalarial
antimalarial drug
antimetabolite
antimycin
antineoplastic
antineoplastic drug
cancer drug
antineoplastic antibiotic
antiprotozoal
antiprotozoal drug
antipruritic
antipyretic
febrifuge
antiseptic
antispasmodic
spasmolytic
antispasmodic agent
antisyphilitic
anti-tnf compound
antitussive
antiviral
antiviral agent
antiviral drug
apc
aphrodisiac
apomorphine
araroba
goa powder
chrysarobin
arnica
asparaginase
elspar
aspirin
acetylsalicylic acid
bayer
empirin
aspirin powder
headache powder
astringent
astringent drug
styptic
atenolol
tenormin
atomic cocktail
atorvastatin
lipitor
atropine
azathioprine
imuran
zidovudine
retrovir
zdv
azt
aztreonam
azactam
baby oil
baby powder
bacitracin
balsam
bandage
patch
band aid
barbital
veronal
barbitone
diethylbarbituric acid
diethylmalonylurea
barbiturate
belladonna
benzedrine
bennie
benzocaine
ethyl aminobenzoate
benzodiazepine
beta blocker
beta-adrenergic blocker
beta-adrenergic blocking agent
beta-interferon
bhang
big h
hell dust
nose drops
smack
thunder
blackwash
black lotion
blocker
blocking agent
bolus
booster
booster dose
booster shot
recall dose
bracer
pick-me-up
brand-name drug
proprietary drug
bromide
brompheniramine maleate
dimetane
bronchodilator
buffered aspirin
bufferin
buspirone
buspar
butacaine
butacaine sulfate
butyl nitrite
isobutyl nitrite
calamine lotion
calcium blocker
calcium-channel blocker
camphor ice
cannabis
marijuana
marihuana
ganja
capeline bandage
capsule
captopril
capoten
carbomycin
carminative
carron oil
carvedilol
cast
plaster cast
plaster bandage
castor oil
cefadroxil
ultracef
cefoperazone
cefobid
cefotaxime
claforan
ceftazidime
fortaz
tazicef
ceftriaxone
rocephin
cefuroxime
ceftin
zinacef
celecoxib
celebrex
cephalexin
keflex
keflin
keftab
cephaloglycin
kafocin
cephaloridine
cephalosporin
mefoxin
cephalothin
cerate
cerivastatin
baycol
chloral hydrate
chlorambucil
leukeran
chloramine
chloramine-t
chloramphenicol
chloromycetin
chlordiazepoxide
librium
libritabs
chlorhexidine
chloroform
trichloromethane
chloroquine
chlorothiazide
diuril
chlorpheniramine maleate
coricidin
chlor-trimeton
chlorpromazine
thorazine
chlortetracycline
aureomycin
chlorthalidone
hygroton
thalidone
chrism
chrisom
sacramental oil
holy oil
cimetidine
tagamet
ciprofloxacin
cipro
clofibrate
atromid-s
clomiphene
clomiphene citrate
clomid
clomipramine
clonidine
catapres
clopidogrel bisulfate
plavix
clozapine
clozaril
club drug
cocaine
cocain
codeine
coke
blow
nose candy
snow
c
colchine
cold medicine
compress
compression bandage
tourniquet
controlled substance
counterirritant
cox-2 inhibitor
crack
tornado
cyclobenzaprine
flexeril
cyclopropane
cycloserine
cyproheptadine
periactin
cytotoxic drug
dapsone
decongestant
delavirdine
rescriptor
demeclocycline hydrochloride
declomycin
demulcent
designer drug
despiramine
dextroamphetamine sulphate
dexedrine
diaphoretic
diazepam
valium
diazoxide
hyperstat
dibucaine
diclofenac potassium
cataflam
diclofenac sodium
voltaren
dicloxacillin
dynapen
dicumarol
dicoumarol
diflunisal
dolobid
dihydrostreptomycin
dilator
diltiazem
cardizem
dimenhydrinate
dramamine
dimetapp
diphenhydramine
benadryl
diphenylhydantoin
phenytoin
dilantin
diphenylbutyl piperidine
disulfiram
antabuse
diuretic drug
diuretic
water pill
dose
dover's powder
doxepin
doxepin hydrochloride
adapin
sinequan
doxorubicin
doxycycline
vibramycin
draft
draught
dragee
dressing
medical dressing
drixoral
dronabinol
drug
drug cocktail
highly active antiretroviral therapy
haart
drug of abuse
street drug
elastic bandage
elastoplast
emetic
vomit
vomitive
nauseant
emetrol
enalapril
vasotec
encainide
enkaid
enflurane
ethrane
enteric-coated aspirin
epsom salts
erythromycin
erythrocin
e-mycin
ethril
ilosone
pediamycin
esmolol
brevibloc
estazolam
prosom
estrogen antagonist
tamoxifen
etanercept
enbrel
ethacrynic acid
edecrin
ethchlorvynol
placidyl
ether
ethoxyethane
divinyl ether
vinyl ether
diethyl ether
ethyl ether
ethosuximide
emeside
zarontin
ethyl chloride
etodolac
lodine
euphoriant
expectorant
expectorator
eye-lotion
eyewash
collyrium
face powder
famotidine
pepcid
fenoprofen
fenoprofen calcium
nalfon
fentanyl
sublimaze
feosol
fergon
fertility drug
fixed-combination drug
flecainide
tambocor
floxuridine
flunitrazepan
rohypnol
fluorouracil
fluoxetine
prozac
fluphenazine
flurazepam
flurazepam hydrochloride
dalmane
flurbiprofen
ansaid
fluvastatin
lescol
four-tailed bandage
furosemide
lasix
gamma hydroxybutyrate
ghb
gamma-interferon
gateway drug
gauze
gauze bandage
gemfibrozil
lopid
general anesthetic
general anaesthetic
generic drug
gentamicin
garamycin
glipzide
glucotrol
glutethimide
doriden
glyburide
diabeta
micronase
gramicidin
griseofulvin
fulvicin
guanabenz
wytensin
hallucinogen
hallucinogenic drug
psychedelic drug
psychodelic drug
haloperidol
haldol
halothane
hard drug
hashish
hasheesh
haschisch
hash
hematinic
haematinic
heparin
lipo-hepin
liquaemin
herbal medicine
heroin
diacetylmorphine
hexachlorophene
histamine blocker
hit
hydantoin
hydralazine
apresoline
hydrochlorothiazide
esidrix
hydrodiuril
hydroflumethiazide
hydromorphone hydrochloride
hydromorphone
dilaudid
hydroxychloroquine
plaquenil
hydroxyzine hydrochloride
hydroxyzine
atarax
vistaril
ibuprofen
isobutylphenyl propionic acid
advil
motrin
nuprin
imipramine
impramine hydrochloride
imavate
tofranil
immovable bandage
immunosuppressant
immunosuppressive drug
immune suppressant drug
indapamide
lozal
indinavir
crixivan
indomethacin
indocin
infliximab
remicade
inhalation anesthetic
inhalation anaesthetic
inhalation general anesthetic
inhalation general anaesthetic
inhalant
inhalation
interferon
intoxicant
intravenous anesthetic
iodoform
triiodomethane
ipecac
ipratropium bromide
atrovent
iproclozid
isocarboxazid
marplan
isoflurane
isoniazid
inh
nydrazid
isoproterenol
isuprel
isosorbide
isordil
k
jet
super acid
special k
honey oil
green
cat valium
super c
kanamycin
kantrex
kaopectate
kat
khat
qat
quat
cat
arabian tea
african tea
ketamine
ketamine hydrochloride
ketalar
ketoprofen
orudis
orudis kt
oruvail
ketorolac
torodal
ketorolac tromethamine
acular
toradol
knockout drops
mickey finn
labetalol
labetalol hydrochloride
trandate
normodyne
lamivudine
3tc
laudanum
tincture of opium
laxative
leflunomide
arava
lenitive
lethal dose
levallorphan
lorfan
lidocaine
xylocaine
lincomycin
lincocin
liniment
embrocation
lip balm
lipid-lowering medicine
lipid-lowering medication
statin drug
statin
lisinopril
prinivil
zestril
local anesthetic
local anaesthetic
local
topical anesthetic
topical anaesthetic
lomotil
lomustine
lorazepam
ativan
lotion
application
lovastatin
mevacor
loxapine
loxitane
lypressin
lysergic acid diethylamide
lsd
magic bullet
major tranquilizer
major tranquillizer
major tranquilliser
antipsychotic drug
antipsychotic agent
antipsychotic
neuroleptic drug
neuroleptic agent
neuroleptic
mannitol
osmitrol
maxzide
mebendazole
meclizine
meclizine hydrochloride
antivert
meclofenamate
meclofenamate sodium
meclomen
medicine
medication
medicament
medicinal drug
mefenamic acid
ponstel
mefloquine
mefloquine hydrochloride
larium
mephaquine
melphalan
alkeran
menthol
mentholated salve
meperidine
meperidine hydrochloride
demerol
mephenytoin
mesantoin
mephobarbital
mebaral
meprobamate
miltown
equanil
meprin
merbromine
mercurochrome
mercaptopurine
purinethol
mercurial ointment
mescaline
peyote
metaproterenol
alupent
metformin
glucophage
methacholine
mecholyl
methadone
methadone hydrochloride
methadon
dolophine hydrochloride
fixer
synthetic heroin
methamphetamine
methamphetamine hydrochloride
methedrine
meth
deoxyephedrine
chalk
chicken feed
crank
glass
ice
shabu
trash
methapyrilene
methaqualone
quaalude
metharbital
gemonil
methenamine
mandelamine
urex
methicillin
methocarbamol
robaxin
methotrexate
methotrexate sodium
amethopterin
methyldopa
alpha methyl dopa
aldomet
methylenedioxymethamphetamine
mdma
methylphenidate
ritalin
metoprolol
lopressor
metronidazole
flagyl
mexiletine
mexitil
midazolam
versed
mild silver protein
argyrol
milk of magnesia
magnesium hydroxide
minocycline
minocin
minor tranquilizer
minor tranquillizer
minor tranquilliser
antianxiety drug
anxiolytic
anxiolytic drug
minoxidil
loniten
rogaine
mithramycin
mithracin
mitomycin
mutamycin
molindone
moban
monoamine oxidase inhibitor
maoi
morphine
morphia
muscle relaxant
mustard plaster
sinapism
mycomycin
mydriatic
mydriatic drug
nabumetone
relafen
nadolol
corgard
nafcillin
nafcil
nalidixic acid
neggram
nalorphine
nalline
naloxone
narcan
naltrexone
naphazoline
privine
sudafed
naproxen
naprosyn
naproxen sodium
aleve
anaprox
aflaxen
narcoleptic
narcotic
narcotic antagonist
nasal decongestant
nefazodone
serzone
nelfinavir
viracept
neomycin
fradicin
neobiotic
neosporin
neostigmine
prostigmin
nevirapine
viramune
nifedipine
procardia
nitrazepam
nitrofurantoin
macrodantin
nitrospan
nitrostat
nitrous oxide
laughing gas
non-nucleoside reverse transcriptase inhibitor
nnrti
nonsteroidal anti-inflammatory
nonsteroidal anti-inflammatory drug
nsaid
nontricyclic
nontricyclic drug
nontricyclic antidepressant
nontricyclic antidepressant drug
nortriptyline
pamelor
nostrum
novobiocin
noxiptiline
nucleoside reverse transcriptase inhibitor
nrti
nux vomica
nystatin
mycostatin
nystan
oblique bandage
ointment
unction
unguent
balm
salve
opiate
opium
orphenadrine
norflex
over-the-counter drug
over-the-counter medicine
oxacillin
oxaprozin
daypro
oxazepam
serax
oxyphenbutazone
tandearil
oxyphencyclimine
daricon
oxytetracycline
hydroxytetracycline
oxytetracycline hydrochloride
terramycin
oxytocic
oxytocic drug
palliative
alleviant
alleviator
panacea
nostrum
cure-all
papaverine
kavrin
paregoric
camphorated tincture of opium
paroxetime
paxil
patent medicine
penicillamine
cuprimine
penicillin
penicillinase-resistant antibiotic
penicillin f
penicillin g
benzylpenicillin
penicillin o
penicillin v
phenoxymethyl penicillin
penicillin v potassium
ledercillin vk
pentaerythritol
peritrate
pentazocine
talwin
pentobarbital sodium
pentobarbital
nembutal
yellow jacket
pentoxifylline
trental
pentylenetetrazol
pentamethylenetetrazol
metrazol
periwinkle plant derivative
perphenazine
triavil
pharmaceutical
pharmacopoeia
phenazopyridine
pyridium
phencyclidine
phencyclidine hydrochloride
pcp
angel dust
phenelzine
nardil
pheniramine
phenolphthalein
phensuximide
milontin
phentolamine
vasomax
phenylbutazone
butazolidin
phenyltoloxamine
pill
lozenge
tablet
tab
pimozide
pindolol
visken
piperacillin
pipracil
piperazine
piperocaine
piperocaine hydrochloride
metycaine
piroxicam
feldene
placebo
polymyxin
popper
pot
grass
green goddess
dope
weed
gage
sess
sens
smoke
skunk
locoweed
mary jane
poultice
cataplasm
plaster
powder
powdered mustard
dry mustard
pravastatin
pravachol
prazosin
minipress
prescription drug
prescription
prescription medicine
ethical drug
preventive
preventative
prophylactic
primaquine
primaxin
primidone
mysoline
probenecid
procaine
ethocaine
procaine hydrochloride
novocaine
novocain
procarbazine
prochlorperazine
procyclidine
kemadrin
promethazine
phenergan
propanolol
inderal
propoxyphene
propoxyphene hydrochloride
darvon
protease inhibitor
pi
protriptyline
psilocybin
psilocin
psychoactive drug
mind-altering drug
consciousness-altering drug
psychoactive substance
psychotropic agent
purgative
cathartic
physic
aperient
pyocyanase
pyocyanin
pyrilamine
quinacrine
quinacrine hydrochloride
mepacrine
atabrine
quinidine
quinidex
quinora
quinine
r-2
mexican valium
rophy
rope
roofy
roach
forget me drug
circle
radiopharmaceutical
ranitidine
zantac
rappee
reboxetine
edronax
recreational drug
refill
relaxant
remedy
curative
cure
reserpine
raudixin
rau-sed
sandril
serpasil
reverse transcriptase inhibitor
ribavirin
virazole
rifampin
rifadin
rimactane
ritonavir
norvir
robitussin
rofecoxib
vioxx
roller bandage
rubbing alcohol
rubefacient
salvinorin
secobarbital sodium
secobarbital
seconal
red devil
sedative
sedative drug
depressant
downer
sedative-hypnotic
sedative-hypnotic drug
selective-serotonin reuptake inhibitor
ssri
sertraline
zoloft
sildenafil
viagra
simvastatin
zocor
sleeping pill
sleeping tablet
sleeping capsule
sleeping draught
sling
scarf bandage
triangular bandage
smoking mixture
snuff
soap
scoop
max
liquid ecstasy
grievous bodily harm
goop
georgia home boy
easy lay
sodium salicylate
sodium thiopental
phenobarbital
phenobarbitone
luminal
purple heart
soft drug
soothing syrup
soporific
hypnotic
specific
spectinomycin
spinal anesthetic
spinal anaesthetic
spiral bandage
saquinavir
invirase
stimulant
stimulant drug
streptomycin
streptothricin
subtilin
succinylcholine
sucralfate
carafate
sulfacetamide
sulamyd
sulfadiazine
sulfa drug
sulfa
sulpha
sulfonamide
sulfamethazine
sulfamezathine
sulfamethoxazole
gantanol
sulfanilamide
sulfapyridine
sulfisoxazole
gantrisin
sulfonylurea
sulindac
clinoril
suppository
suppressant
appetite suppressant
surgical dressing
suspensory
suspensory bandage
swathe
wrapping
synergist
talcum
talcum powder
temazepam
restoril
tenoretic
terazosin
hytrin
tetracaine
tetrachlorethylene
tetrachloroethylene
ethylene tetrachloride
carbon dichloride
tetracycline
achromycin
tetrahydrocannabinol
thc
thalidomide
thiabendazole
thiazide
thimerosal
sodium ethylmercurithiosalicylate
merthiolate
thioguanine
thiopental
thiopental sodium
thiopentobarbital sodium
pentothal
thioridazine
mellaril
thiosulfil
thiotepa
thiothixene
navane
thrombolytic
thrombolytic agent
clot buster
timolol
blocadren
tincture
tincture of iodine
iodine
tissue plasminogen activator
activase
tobacco
baccy
tobramycin
nebcin
tocainide
tonocard
toilet powder
bath powder
dusting powder
tolazamide
tolinase
tolazoline
tolbutamide
orinase
tolmetin sodium
tolectin
tonic
restorative
tranquilizer
tranquillizer
tranquilliser
antianxiety agent
ataractic drug
ataractic agent
ataractic
tranylcypromine
trazodone
trazodone hydrochloride
desyrel
triazolam
halcion
tribromoethanol
tribromoethyl alcohol
trichlormethiazide
naqua
tricyclic
tricyclic antidepressant
tricyclic antidepressant drug
trimipramine
surmontil
truss
truth serum
truth drug
tyrocidine
tyrocidin
tyrosine kinase inhibitor
tyrothricin
valproic acid
depokene
vancomycin
vancocin
vasodilator
vasodilative
verapamil
calan
isoptin
vermicide
vermifuge
anthelmintic
anthelminthic
helminthic
vinblastine
velban
vincristine
oncovin
viomycin
viocin
virility drug
anit-impotence drug
warfarin
coumadin
witch hazel
wych hazel
zinc ointment
pharmacology
pharmacological medicine
materia medica
pharmacokinetics
posology
psychopharmacology
toxicology
multivitamin
multivitamin pill
vitamin pill
arnica
ephedrine
shag
turkish tobacco
prednisolone
pediapred
prelone
prednisone
orasone
deltasone
liquid pred
meticorten
dexamethasone
decadron
dexamethasone intensol
dexone
hexadrol
oradexon
spironolactone
aldactone
gentian violet
crystal violet
alka-seltzer
brioschi
bromo-seltzer
maalox
mylanta
omeprazole
prilosec
pepto-bismal
rolaids
tums
antacid
gastric antacid
alkalizer
alkaliser
antiacid
gallamine
flaxedil
nitroglycerin
nitroglycerine
trinitroglycerin
glyceryl trinitrate
nitrospan
nitrostat
lithium carbonate
lithane
lithonate
eskalith
maleate
methyl salicylate
birch oil
sweet-birch oil
neuromuscular blocking agent
seidlitz powder
seidlitz powders
rochelle powder
salicylate
salol
phenyl salicylate
obidoxime chloride
essence
tubocurarine
curare
adjuvant
injectable
uninjectable
psychoactive
psychotropic
nonpsychoactive
prescription(a)
nonprescription(a)
over-the-counter(a)
excitant
excitative
excitatory
antibiotic
antigenic
cytotoxic
essential
narcotic
pharmacological
pharmacologic
toxicological
toxicologic
transdermal
transdermic
percutaneous
transcutaneous
psychopharmacological
mentholated
orally
by mouth
pharmacologically
