symbolizing
symbolising
otherness
distinctness
separateness
logicality
logicalness
rationality
rationalness
consistency
completeness
illogicality
illogicalness
illogic
ataraxia
socratic method
maieutic method
recall
recollection
reminiscence
reconstruction
reconstructive memory
reproduction
reproductive memory
regurgitation
inference
illation
syllogism
abstraction
generalization
generalisation
analogy
corollary
derivation
deduction
entailment
implication
extrapolation
presumption
non sequitur
noumenon
thing-in-itself
absolute
bayes' postulate
hypostasis
original
archetype
pilot
animalism
british empiricism
experimentalism
aesthetic
esthetic
aristotelianism
conceptualism
confucianism
deconstruction
deconstructionism
empiricism
empiricist philosophy
sensationalism
environmentalism
existentialism
existentialist philosophy
determinism
fatalism
formalism
hereditarianism
idealism
intuitionism
logicism
materialism
physicalism
mechanism
mentalism
nativism
naturalism
neoplatonism
nominalism
operationalism
platonism
realism
pragmatism
probabilism
rationalism
realism
naive realism
relativism
scholasticism
semiotics
sensualism
sensationalism
solipsism
stoicism
subjectivism
taoism
daoism
teleology
traditionalism
vitalism
agnosticism
skepticism
scepticism
dialectical materialism
positivism
logical positivism
comtism
binomial theorem
philosophy
ethics
moral philosophy
bioethics
neuroethics
casuistry
eudemonism
endaemonism
hedonism
probabilism
etiology
aetiology
aesthetics
esthetics
axiology
jurisprudence
law
legal philosophy
contract law
corporation law
matrimonial law
patent law
metaphysics
ontology
cosmology
dialectic
logic
modal logic
epistemology
methodology
methodological analysis
philosophical doctrine
philosophical theory
thomism
utilitarianism
transcendentalism
transcendental philosophy
tao
subject
predicate
referent
relatum
antinomy
paradox
proposition
negation
converse
lemma
term
theorem
categorem
categoreme
conclusion
ratiocination
postulate
posit
axiom
premise
premiss
assumption
major premise
major premiss
minor premise
minor premiss
subsumption
major term
minor term
middle term
thesis
scenario
tautology
contradiction
contradiction in terms
antecedent
eon
aeon
nativist
aristotelian
aristotelean
peripatetic
calvinist
cynic
dialectician
eclectic
eclecticist
egalitarian
equalitarian
elitist
empiricist
epistemologist
esthetician
aesthetician
ethicist
ethician
existentialist
fatalist
determinist
predestinarian
predestinationist
functionalist
gymnosophist
huguenot
humanist
libertarian
logical positivist
logician
logistician
mandarin
materialist
mechanist
moralist
naturalist
necessitarian
philosopher
pluralist
positivist
rationalist
pragmatist
realist
scholastic
sophist
stoic
subjectivist
transcendentalist
utilitarian
yogi
abelard
peter abelard
pierre abelard
anaxagoras
anaximander
anaximenes
arendt
hannah arendt
aristotle
averroes
ibn-roshd
abul-walid mohammed ibn-ahmad ibn-mohammed ibn-roshd
avicenna
ibn-sina
abu ali al-husain ibn abdallah ibn sina
bacon
francis bacon
sir francis bacon
baron verulam
1st baron verulam
viscount st. albans
beauvoir
simone de beauvoir
bentham
jeremy bentham
bergson
henri bergson
henri louis bergson
berkeley
bishop berkeley
george berkeley
boethius
anicius manlius severinus boethius
bruno
giordano bruno
buber
martin buber
cassirer
ernst cassirer
cleanthes
comte
auguste comte
isidore auguste marie francois comte
confucius
kung futzu
democritus
derrida
jacques derrida
descartes
rene descartes
dewey
john dewey
diderot
denis diderot
diogenes
empedocles
epictetus
epicurus
haeckel
ernst heinrich haeckel
hartley
david hartley
hegel
georg wilhelm friedrich hegel
heidegger
martin heidegger
heraclitus
herbart
johann friedrich herbart
herder
johann gottfried von herder
hobbes
thomas hobbes
hume
david hume
husserl
edmund husserl
hypatia
james
william james
kant
immanuel kant
kierkegaard
soren kierkegaard
soren aabye kierkegaard
lao-tzu
lao-tse
lao-zi
leibniz
leibnitz
gottfried wilhelm leibniz
gottfried wilhelm leibnitz
locke
john locke
lucretius
titus lucretius carus
lully
raymond lully
ramon lully
mach
ernst mach
machiavelli
niccolo machiavelli
maimonides
moses maimonides
rabbi moses ben maimon
malebranche
nicolas de malebranche
marcuse
herbert marcuse
marx
karl marx
mead
george herbert mead
mill
john mill
john stuart mill
mill
james mill
montesquieu
baron de la brede et de montesquieu
charles louis de secondat
moore
g. e. moore
george edward moore
nietzsche
friedrich wilhelm nietzsche
occam
william of occam
ockham
william of ockham
origen
ortega y gasset
jose ortega y gasset
parmenides
pascal
blaise pascal
peirce
charles peirce
charles franklin peirce
perry
ralph barton perry
plato
plotinus
pythagoras
quine
w. v. quine
willard van orman quine
radhakrishnan
sarvepalli radhakrishnan
sir sarvepalli radhakrishnan
reid
thomas reid
rousseau
jean-jacques rousseau
russell
bertrand russell
bertrand arthur william russell
earl russell
sartre
jean-paul sartre
schopenhauer
arthur schopenhauer
schweitzer
albert schweitzer
seneca
lucius annaeus seneca
socrates
spencer
herbert spencer
spengler
oswald spengler
spinoza
de spinoza
baruch de spinoza
benedict de spinoza
stewart
dugald stewart
teilhard de chardin
pierre teilhard de chardin
thales
thales of miletus
theophrastus
voltaire
arouet
francois-marie arouet
weil
simone weil
whitehead
alfred north whitehead
williams
sir bernanrd williams
bernanrd arthur owen williams
wittgenstein
ludwig wittgenstein
ludwig josef johan wittgenstein
xenophanes
zeno
zeno of citium
zeno
zeno of elea
logical relation
contradictory
contrary
transitivity
reflexivity
modality
mode
implication
logical implication
conditional relation
element
air
fire
earth
quintessence
ether
water
unitize
unitise
quantify
demystify
extrapolate
clear
clear up
shed light on
crystallize
crystallise
crystalize
crystalise
straighten out
sort out
enlighten
illuminate
elucidate
philosophize
philosophise
induce
deduce
infer
deduct
derive
carry back
catalogue
catalog
syllogize
syllogise
classify
class
sort
assort
sort out
separate
isolate
refer
reclassify
size
dichotomize
dichotomise
pigeonhole
stereotype
stamp
group
regroup
bracket
collocate
lump
chunk
categorize
categorise
grade
surmise
abstract
reify
hypostatize
hypostatise
idealize
idealise
romanticize
romanticise
glamorize
glamourise
deify
apotheosize
apotheosise
apotheose
presuppose
suppose
elicit
second-guess
imply
suggest
intimate
make out
connote
predicate
interpret
moralize
moralise
deconstruct
reinterpret
re-explain
commentate
misinterpret
explain
explicate
account for
naturalize
clarify
clear up
elucidate
deduce
infer
elaborate
lucubrate
expatiate
exposit
enlarge
flesh out
expand
expound
dilate
detail
disambiguate
gloss
comment
annotate
commentate
describe
depict
draw
represent
symbolize
symbolise
actualize
actualise
delineate
set forth
expound
exposit
premise
spell out
sketch
outline
adumbrate
block out
exemplify
illustrate
instance
specify
particularize
particularise
specialize
specialise
overgeneralize
overgeneralise
generalize
generalise
extrapolate
infer
universalize
universalise
comment
batch
count
number
analytic
analytical
synthetic
synthetical
matchless
nonpareil
one(a)
one and only(a)
peerless
unmatched
unmatchable
unrivaled
unrivalled
absolute
total
unconditioned
extensional
intensional
substantial
substantive
in essence
immanent
subjective
transeunt
transient
inductive
deductive
dianoetic
discursive
one(a)
one(a)
interchangeable
noninterchangeable
apodictic
apodeictic
one(a)
unitary
anamnestic
animalistic
axiomatic
axiomatical
postulational
axiological
conceptualistic
cosmologic
cosmological
ethical
existential
existentialist
ideal
idealistic
intuitionist
juridical
juridic
jurisprudential
nominalistic
platonistic
platonic
positivist
positivistic
positive
pragmatic
pragmatical
rationalistic
realistic
scholastic
semiotic
semiotical
relativistic
epistemic
epistemological
philosophic
philosophical
rousseauan
eudemonic
eudaemonic
metaphysical
transcendental
deconstructionist
rationalist
syllogistic
operationalist
ontological
confucian
taoist
etiological
etiologic
aetiological
aetiologic
nativist
nativistic
aesthetic
esthetic
teleological
scopal
appetitive
epicurean
stoic
dialectic
dialectical
cartesian
aristotelian
aristotelean
aristotelic
deweyan
hegelian
socratic
kantian
leibnizian
leibnitzian
pythagorean
senecan
wittgensteinian
casuistic
casuistical
fatalist
fatalistic
fatalist
fatalistic
probabilistic
differently
otherwise
axiomatically
realistically
metaphysically
oppositely
analytically
dialectically
jurisprudentially
philosophically
