substance
matter
capsid
virion
accelerator
particle accelerator
atom smasher
angioscope
aperture
astronomical telescope
atomic pile
atomic reactor
pile
chain reactor
betatron
induction accelerator
bevatron
binocular microscope
blanket
boiling water reactor
bwr
breeder reactor
bunsen burner
bunsen
etna
cascade liquefier
cassegrainian telescope
gregorian telescope
centrifuge
extractor
separator
charge-exchange accelerator
clock pendulum
cloud chamber
wilson cloud chamber
cockcroft and walton accelerator
cockcroft-walton accelerator
cockcroft and walton voltage multiplier
cockcroft-walton voltage multiplier
collider
collimator
compound microscope
condenser
console
control rod
core
cosmotron
coude telescope
coude system
cyclotron
electron accelerator
electron microscope
electroplate
fast reactor
field-emission microscope
field glass
glass
spyglass
foucault pendulum
galilean telescope
gas burner
gas jet
gas-cooled reactor
gasmask
respirator
gas helmet
hand glass
simple microscope
magnifying glass
heat pump
herschelian telescope
off-axis reflector
hodoscope
kicksorter
pulse height analyzer
kipp's apparatus
kymograph
cymograph
liebig condenser
light microscope
linear accelerator
linac
liquid metal reactor
loupe
jeweler's loupe
magnifier
maksutov telescope
microscope
microtome
microwave linear accelerator
newtonian telescope
newtonian reflector
nuclear reactor
reactor
operating microscope
optical telescope
parabolic mirror
paramagnet
pendulum
permanent magnet
static magnet
physical pendulum
compound pendulum
pressurized water reactor
pwr
proton accelerator
radio interferometer
radio telescope
radio reflector
reflecting telescope
reflector
reflux condenser
refracting telescope
resonator
schmidt telescope
schmidt camera
scientific instrument
scrubber
simple pendulum
solar telescope
storage ring
stroboscope
strobe
strobe light
superconducting supercollider
synchrocyclotron
synchrotron
tachistoscope
t-scope
telemeter
telescope
scope
thermal reactor
thermonuclear reactor
fusion reactor
tracer
transit instrument
ultracentrifuge
ultramicroscope
dark-field microscope
ultraviolet lamp
ultraviolet source
water-cooled reactor
conspicuousness
obviousness
noticeability
noticeableness
patency
apparentness
apparency
blatancy
obtrusiveness
boldness
strikingness
predomination
predominance
inconspicuousness
unnoticeableness
unobtrusiveness
physical property
absorptivity
absorption factor
inductance
induction
self induction
mutual induction
dissolubility
solubleness
drippiness
reflection
reflexion
reflectivity
deflection
deflexion
bending
windage
wind deflection
refractivity
refractiveness
temperature
heat content
total heat
enthalpy
h
randomness
entropy
s
conformational entropy
absolute temperature
absolute zero
curie temperature
curie point
dew point
flash point
flashpoint
freezing point
melting point
boiling point
boil
mercury
room temperature
simmer
basal body temperature
body temperature
blood heat
coldness
cold
low temperature
chill
iciness
gelidity
chilliness
coolness
frostiness
cool
hotness
heat
high temperature
calefaction
incalescence
fieriness
red heat
torridity
warmth
warmness
lukewarmness
tepidity
tepidness
white heat
perceptibility
visibility
visibleness
invisibility
invisibleness
luminosity
brightness
brightness level
luminance
luminousness
light
illuminance
illumination
incandescence
luminescence
glow
audibility
audibleness
inaudibility
inaudibleness
imperceptibility
reluctivity
sensitivity
magnetization
magnetisation
elasticity
snap
resilience
resiliency
bounce
bounciness
give
spring
springiness
stretch
stretchiness
stretchability
temper
toughness
elasticity of shear
malleability
plasticity
ductility
flexibility
flexibleness
bendability
pliability
whip
pliancy
pliantness
suppleness
inelasticity
deadness
stiffness
rigidity
rigidness
unmalleability
inflexibility
inflexibleness
mass
biomass
critical mass
rest mass
relativistic mass
bulk
gravitational mass
inertial mass
mass energy
weight
body weight
reporting weight
dead weight
heaviness
weightiness
heft
heftiness
massiveness
ponderousness
ponderosity
preponderance
poundage
throw-weight
lightness
weightlessness
airiness
buoyancy
momentum
angular momentum
audio
audio frequency
radio frequency
infrared
infrared frequency
extremely low frequency
elf
very low frequency
vlf
low frequency
lf
medium frequency
mf
high frequency
hf
very high frequency
vhf
ultrahigh frequency
uhf
superhigh frequency
shf
extremely high frequency
ehf
flux density
flux
circumference
diameter
diam
radius
r
semidiameter
radius of curvature
bore
gauge
caliber
calibre
windage
length
longness
extension
lengthiness
prolongation
elongation
shortness
flavor
flavour
dalton's law
dalton's law of partial pressures
law of partial pressures
law of gravitation
newton's law of gravitation
physics
physical science
natural philosophy
biophysics
cryogenics
cryogeny
crystallography
electromagnetism
electromagnetics
electrostatics
mechanics
nuclear physics
atomic physics
nucleonics
particle physics
high-energy physics
high energy physics
plasma physics
quantum physics
rheology
atomic theory
bohr theory
rutherford atom
conservation
conservation of charge
conservation of electricity
conservation of energy
law of conservation of energy
first law of thermodynamics
conservation of mass
conservation of matter
law of conservation of mass
law of conservation of matter
conservation of momentum
parity
conservation of parity
space-reflection symmetry
mirror symmetry
wave theory
undulatory theory
wave theory of light
corpuscular theory
corpuscular theory of light
kinetic theory
kinetic theory of gases
relativity
theory of relativity
relativity theory
einstein's theory of relativity
general relativity
general theory of relativity
general relativity theory
einstein's general theory of relativity
special relativity
special theory of relativity
special relativity theory
einstein's special theory of relativity
supersymmetry
quantum theory
wave mechanics
uncertainty principle
indeterminacy principle
kinetic theory of heat
classical mechanics
newtonian mechanics
solid-state physics
statistical mechanics
quantum mechanics
quantum field theory
quantum electrodynamics
qed
quantum chromodynamics
qcd
fluid mechanics
hydraulics
pneumatics
statics
hydrostatics
dynamics
kinetics
kinematics
hydrodynamics
hydrokinetics
magnetohydrodynamics
ballistics
aeromechanics
aerodynamics
thermodynamics
thermostatics
thermodynamics of equilibrium
frequency band
waveband
gravity wave
gravitation wave
sine wave
oscillation
vibration
wave
undulation
fluctuation
seiche
soliton
soliton wave
solitary wave
standing wave
stationary wave
traveling wave
transient
wave form
waveform
wave shape
shock wave
blast wave
sonic boom
rip
riptide
tide rip
crosscurrent
countercurrent
flap
flapping
flutter
fluttering
amplitude
wave train
alpha particle
anion
antibaryon
antilepton
antimeson
antimuon
positive muon
antineutrino
antineutron
antiparticle
antiproton
antiquark
antitauon
tau-plus particle
atmosphere
baryon
heavy particle
beta particle
black body
blackbody
full radiator
b-meson
boson
bottom quark
beauty quark
cation
charm quark
delta ray
deuteron
down quark
electron
negatron
elementary particle
fundamental particle
subatomic particle
exosphere
fermion
free electron
gauge boson
gluon
gravitons
hadron
hydrogen ion
hyperon
intermediate vector bosons
ion
j particle
psi particle
kaon
kappa-meson
k-meson
k particle
lambda particle
lambda hyperon
lepton
magnetic monopole
meson
mesotron
mesosphere
micelle
muon
negative muon
mu-meson
neutrino
neutron
nucleon
nucleus
particle
photoelectron
photon
pion
pi-meson
positron
antielectron
prion
virino
proton
quark
radiator
radio source
scintilla
strange particle
strange quark
squark
stratosphere
superstring
tauon
tau-minus particle
thermion
thermosphere
top quark
truth quark
troposphere
up quark
valence electron
weakly interacting massive particle
wimp
biophysicist
newtonian
nuclear physicist
physicist
anderson
carl anderson
carl david anderson
anderson
philip anderson
philip warren anderson
phil anderson
appleton
edward appleton
sir edward victor appleton
archimedes
arrhenius
svante august arrhenius
avogadro
amedeo avogadro
bardeen
john bardeen
becquerel
henri becquerel
antoine henri becquerel
bernoulli
daniel bernoulli
bethe
hans bethe
hans albrecht bethe
bohr
niels bohr
niels henrik david bohr
boltzmann
ludwig boltzmann
born
max born
bose
satyendra n. bose
satyendra nath bose
broglie
de broglie
louis victor de broglie
carnot
sadi carnot
nicolas leonard sadi carnot
cavendish
henry cavendish
charles
jacques charles
jacques alexandre cesar charles
cockcroft
sir john cockcroft
sir john douglas cockcroft
compton
arthur compton
arthur holly compton
coulomb
charles augustin de coulomb
crookes
william crookes
sir william crookes
curie
pierre curie
dalton
john dalton
dewar
sir james dewar
dirac
paul adrien maurice dirac
doppler
christian johann doppler
einstein
albert einstein
esaki
leo esaki
fahrenheit
gabriel daniel fahrenheit
faraday
michael faraday
fechner
gustav theodor fechner
fermi
enrico fermi
feynman
richard feynman
richard phillips feynman
foucault
jean bernard leon foucault
fourier
jean baptiste joseph fourier
baron jean baptiste joseph fourier
franck
james franck
fresnel
augustin jean fresnel
frisch
otto frisch
otto robert frisch
fuchs
klaus fuchs
emil klaus julius fuchs
gabor
dennis gabor
gamow
george gamow
gay-lussac
joseph louis gay-lussac
geiger
hans geiger
gell-mann
murray gell-mann
gilbert
william gilbert
glaser
donald glaser
donald arthur glaser
goddard
robert hutchings goddard
hawking
stephen hawking
stephen william hawking
heaviside
oliver heaviside
heisenberg
werner karl heisenberg
helmholtz
hermann von helmholtz
hermann ludwig ferdinand von helmholtz
baron hermann ludwig ferdinand von helmholtz
henry
joseph henry
hertz
gustav hertz
gustav ludwig hertz
hertz
heinrich hertz
heinrich rudolph hertz
herzberg
gerhard herzberg
hess
victor hess
victor franz hess
huygens
christiaan huygens
christian huygens
joliot
jean-frederic joliot
joliot-curie
jean-frederic joliot-curie
joliot-curie
irene joliot-curie
joule
james prescott joule
kastler
alfred kastler
kelvin
first baron kelvin
william thompson
kirchhoff
g. r. kirchhoff
gustav robert kirchhoff
landau
lev davidovich landau
lawrence
e. o. lawrence
ernest orlando lawrence
lee
tsung dao lee
lenard
philipp lenard
lippmann
gabriel lippmann
lodge
sir oliver lodge
sir oliver joseph lodge
lorentz
hendrik antoon lorentz
mach
ernst mach
maxwell
j. c. maxwell
james clerk maxwell
mayer
marie goeppert mayer
meissner
fritz w. meissner
meitner
lise meitner
michelson
a. a. michelson
albert michelson
albert abraham michelson
millikan
robert andrews millikan
mossbauer
rudolf ludwig mossbauer
muller
karl alex muller
neel
louis eugene felix neel
nernst
walther hermann nernst
newton
isaac newton
sir isaac newton
oersted
hans christian oersted
ohm
georg simon ohm
oppenheimer
robert oppenheimer
pauli
wolfgang pauli
planck
max planck
max karl ernst ludwig planck
powell
cecil frank powell
prokhorov
aleksandr prokhorov
aleksandr mikjailovich prokhorov
rayleigh
third baron rayleigh
lord rayleigh
john william strutt
reaumur
rene antoine ferchault de reaumur
roentgen
wilhelm konrad roentgen
rontgen
wilhelm konrad rontgen
rutherford
ernest rutherford
first baron rutherford
first baron rutherford of nelson
sakharov
andrei sakharov
andrei dimitrievich sakharov
schrodinger
erwin schrodinger
shockley
william shockley
william bradford shockley
szilard
leo szilard
tamm
igor tamm
igor yevgeneevich tamm
teller
edward teller
thompson
benjamin thompson
count rumford
thomson
joseph john thomson
sir joseph john thomson
thomson
george paget thomson
sir george paget thomson
torricelli
evangelista torricelli
tyndall
john tyndall
van allen
james alfred van allen
van de graaff
robert van de graaff
robert jemison van de graaff
van der waals
johannes van der waals
johannes diderik van der waals
van vleck
john van vleck
john hasbrouck van vleck
volta
count alessandro volta
conte alessandro volta
conte alessandro giuseppe antonio anastasio volta
walton
e. t. s. walton
ernest walton
ernest thomas sinton walton
weber
wilhelm eduard weber
weinberg
steven weinberg
wheatstone
sir charles wheatstone
wigner
eugene wigner
eugene paul wigner
wilson
charles thomson rees wilson
wilson
robert woodrow wilson
wollaston
william hyde wollaston
yang chen ning
chen n. yang
young
thomas young
yukawa
hideki yukawa
zeeman
pieter zeeman
zworykin
vladimir kosma zworykin
physical phenomenon
spectrum
absorption spectrum
actinic radiation
actinic ray
activation energy
energy of activation
aerodynamic force
aerodynamic lift
lift
ground effect
affinity
chemical attraction
alpha radiation
alpha ray
alternative energy
acoustic phenomenon
atomic energy
nuclear energy
atomic power
nuclear power
attraction
attractive force
repulsion
repulsive force
autofluorescence
beam
beam of light
light beam
ray
ray of light
shaft
shaft of light
irradiation
beam
ray
electron beam
cathode ray
beta radiation
beta ray
electron radiation
binding energy
separation energy
atmospheric pressure
air pressure
black-body radiation
blackbody radiation
blood pressure
systolic pressure
diastolic pressure
arterial pressure
venous pressure
boundary layer
candlelight
candle flame
capillarity
capillary action
centrifugal force
centripetal force
chaos
chemical bond
bond
cohesion
covalent bond
cross-link
cross-linkage
hydrogen bond
ionic bond
electrovalent bond
electrostatic bond
ionizing radiation
double bond
coordinate bond
dative bond
metallic bond
peptide bond
peptide linkage
chemical energy
coriolis force
corona
cosmic background radiation
cbr
cosmic microwave background radiation
cmbr
cosmic microwave background
cmb
cosmic radiation
cosmic ray
counterglow
gegenschein
daylight
decalescence
drift
impetus
impulsion
elastic energy
elastic potential energy
electromagnetic radiation
electromagnetic wave
nonparticulate radiation
hertzian wave
energy
energy level
energy state
power
rest energy
work
event
flare
field
field of force
force field
firelight
fluorescence
force
friar's lantern
ignis fatuus
jack-o'-lantern
will-o'-the-wisp
friction
rubbing
grinding
abrasion
attrition
detrition
grip
traction
adhesive friction
gamma radiation
gamma ray
gaslight
radiance
glow
glowing
glow
sky glow
gravitational field
gravity
gravitation
gravitational attraction
gravitational force
solar gravity
half-light
heat
heat energy
geothermal energy
hysteresis
incandescence
glow
inertia
moment of inertia
infrared
infrared light
infrared radiation
infrared emission
interreflection
jet propulsion
kinetic energy
k.e.
heat of dissociation
heat of formation
heat of solution
latent heat
heat of transformation
heat of condensation
heat of fusion
heat of solidification
heat of sublimation
heat of vaporization
heat of vaporisation
specific heat
heat ray
high beam
infrared ray
lamplight
leverage
purchase
light
visible light
visible radiation
line
lorentz force
luminescence
bioluminescence
chemiluminescence
luminous energy
magnetosphere
solar magnetic field
magnetic field
magnetic flux
flux
radiation field
beat
resonance
sympathetic vibration
resonance
nuclear resonance
magnetic resonance
nuclear magnetic resonance
nmr
proton magnetic resonance
magnetism
magnetic attraction
magnetic force
electromagnetism
antiferromagnetism
diamagnetism
ferrimagnetism
ferromagnetism
paramagnetism
mechanical phenomenon
trajectory
flight
ballistics
ballistic trajectory
gravity-assist
mass defect
mass deficiency
mechanical energy
microwave
moment
dipole moment
magnetic dipole moment
magnetic moment
moment of a magnet
bolide
fireball
moonbeam
moon ray
moon-ray
moonlight
moonshine
moon
starlight
laser beam
low beam
particle beam
ion beam
inoic beam
neutron radiation
nuclear propulsion
opacity
optical opacity
radiopacity
radio-opacity
phosphorescence
potential energy
p.e.
gas pressure
pressure
pressure level
force per unit area
head
barometric pressure
compartment pressure
overpressure
hydrostatic head
intraocular pressure
oil pressure
osmotic pressure
radiation pressure
corpuscular-radiation pressure
sound pressure
instantaneous sound pressure
propulsion
pull
push
thrust
reaction
rocket propulsion
reaction propulsion
radiant energy
radiation
radio wave
radio emission
radio radiation
sky wave
ionospheric wave
ground wave
radio signal
carrier wave
carrier
reflection
reflexion
refraction
double refraction
birefringence
resistance
acoustic resistance
acoustic impedance
acoustic reactance
reluctance
drag
retarding force
sonic barrier
sound barrier
windage
resolving power
resolution
scintillation
shear
short wave
medium wave
long wave
solar energy
solar power
insolation
solar radiation
solar flare
flare
solar prominence
solar wind
projection
acoustic projection
sound projection
propagation
doppler effect
doppler shift
red shift
stress
tension
strain
breaking point
overstrain
torchlight
twilight
interaction
fundamental interaction
electromagnetic interaction
gravitational interaction
strong interaction
strong force
color force
weak interaction
weak force
suction
surface tension
interfacial tension
interfacial surface tension
syzygy
torsion
torque
transparency
transparence
turbulence
turbulency
turbulent flow
streamline flow
laminar flow
ultraviolet
ultraviolet radiation
ultraviolet light
ultraviolet illumination
uv
sunray
sun-ray
van der waal's forces
vapor pressure
vapour pressure
virtual image
magnetomotive force
waterpower
wind generation
wind power
x ray
x-radiation
roentgen ray
zodiacal light
flotation
floatation
absorption
alpha decay
beta decay
blowing
capture
carbon cycle
chain reaction
cold fusion
corruption
decay
radioactive decay
disintegration
degaussing
demagnetization
demagnetisation
desorption
electrophoresis
cataphoresis
dielectrolysis
ionophoresis
endoergic reaction
exoergic reaction
extinction
fission
nuclear fission
flowage
fusion
nuclear fusion
nuclear fusion reaction
immunoelectrophoresis
induction
liquefaction
magnetization
magnetisation
magnetic induction
mutual induction
nuclear reaction
pair production
pair creation
pair formation
paper electrophoresis
carrier electrophoresis
phase change
phase transition
state change
physical change
scattering
self-induction
spallation
spontaneous combustion
thermonuclear reaction
transduction
transpiration
vaporization
vaporisation
vapor
vapour
evaporation
modulus
coefficient of elasticity
modulus of elasticity
elastic modulus
bulk modulus
modulus of rigidity
young's modulus
gravitational constant
universal gravitational constant
constant of gravitation
g
baryon number
magnetic flux
sextant
straight angle
barn
b
flux unit
magnetic flux unit
maxwell
mx
weber
wb
rydberg
rydberg constant
rydberg unit
wave number
albedo
reflective power
mach number
refractive index
index of refraction
celsius scale
international scale
centigrade scale
fahrenheit scale
polarity
sign
gradient
gravity gradient
temperature gradient
angle of incidence
incidence angle
angle of attack
critical angle
angle of reflection
angle of refraction
dip
angle of dip
magnetic dip
magnetic inclination
inclination
magnetic declination
magnetic variation
variation
isomerism
anergy
hypertonicity
hypotonicity
absorber
chlorofluorocarbon
cfc
chlorobenzylidenemalononitrile
cs gas
chloroacetophenone
cn gas
diamagnet
tritium
hydrochlorofluorocarbon
hcfc
atom
isotope
radioisotope
label
monad
noble gas
inert gas
argonon
argon
ar
atomic number 18
carbon atom
chlorine
cl
atomic number 17
radiochlorine
fluorine
f
atomic number 9
helium
he
atomic number 2
hydrogen
h
atomic number 1
hydrogen atom
acidic hydrogen
acid hydrogen
deuterium
heavy hydrogen
iodine-131
iodine-125
krypton
kr
atomic number 36
neon
ne
atomic number 10
nitrogen
n
atomic number 7
azote
radon
rn
atomic number 86
xenon
xe
atomic number 54
molecule
butane
propane
afterdamp
firedamp
moderator
heavy water
deuterium oxide
arsine
nitrogen dioxide
nitric oxide
diazonium
blow gas
blowing gas
butylene
butene
isobutylene
polybutylene
polybutene
carbon dioxide
co2
carbonic acid gas
chokedamp
blackdamp
nitrochloromethane
cyanogen
exhaust
exhaust fumes
fumes
elastomer
air
breath
hot air
halitosis
halitus
exhalation
compressed gas
compressed air
air cushion
ethylene
ethene
trichloroethylene
trichloroethane
tce
discharge
emission
effluvium
producer gas
air gas
formaldehyde
methanal
free radical
radical
greenhouse gas
greenhouse emission
gas
liquefied petroleum gas
bottled gas
water gas
hydrofluorocarbon
hfc
hydroxide ion
hydroxyl ion
ideal gas
perfect gas
inhalant
fluid
liquid
liquid nitrogen
liquid air
lodestone
loadstone
mace
chemical mace
marsh gas
mercuric chloride
mercury chloride
bichloride of mercury
corrosive sublimate
methane
mustard gas
mustard agent
blistering agent
dichloroethyl sulfide
sulfur mustard
nerve gas
nerve agent
vx gas
sarin
gb
organophosphate nerve agent
ozone
perfluorocarbon
pfc
phosgene
phosphine
poison gas
propylene
propene
mephitis
sewer gas
slag
scoria
dross
soman
gd
sublimate
sulfur dioxide
sulphur dioxide
sulfur hexafluoride
sulphur hexafluoride
superoxide
superoxide anion
tabun
ga
tear gas
teargas
lacrimator
lachrymator
ligand
acceleration
centripetal acceleration
dose rate
flux
frequency
frequence
oftenness
hertz
hz
cycle per second
cycles/second
cps
cycle
kilohertz
khz
kilocycle per second
kilocycle
kc
megahertz
mhz
megacycle per second
megacycle
mc
speed
velocity
airspeed
escape velocity
groundspeed
hypervelocity
muzzle velocity
peculiar velocity
radial velocity
speed of light
light speed
c
steerageway
terminal velocity
count per minute
counts/minute
sampling frequency
nyquist frequency
neutron flux
radiant flux
luminous flux
deaden
reform
reform
ionize
ionise
atomize
atomise
dialyse
dialyze
backscatter
stem
stanch
staunch
halt
condense
distill
distil
sublime
sublimate
condense
evaporate
vaporize
vaporise
transpire
freeze
boil
boil over
overboil
dissolve
thaw
unfreeze
unthaw
dethaw
melt
deliquesce
defrost
deice
de-ice
burn
combust
burn down
burn up
go up
smolder
smoulder
incinerate
metricize
metricise
metrify
metricate
metricize
metricise
regenerate
dampen
fuse
magnetize
magnetise
demagnetize
demagnetise
degauss
supercharge
pressurize
pressurise
thicken
inspissate
gasify
vaporize
vaporise
aerify
liquefy
flux
liquify
decontaminate
contaminate
de-ionate
iodinate
de-iodinate
ionate
denature
sputter
excite
energize
energise
scorch
sear
singe
deflagrate
label
label
electroplate
perturb
capture
liquefy
flame
flare
flame up
blaze up
burn up
blaze
radiate
attractive(a)
magnetic
repulsive(a)
bright
dull
reversible
monoclinic
triclinic
anorthic
monochromatic
homochromatic
polychromatic
treated
untreated
miscible
mixable
immiscible
unmixable
diffused
conspicuous
obvious
inconspicuous
invisible
critical
noncritical
diabatic
adiabatic
elastic
inelastic
endothermic
endothermal
heat-absorbing
exothermic
exothermal
heat-releasing
fat
thin
lean
fissionable
fissile
nonfissionable
free
bound
heavy
light
isotropic
isotropous
anisotropic
natural
unnatural
reactive
unreactive
cured
vulcanized
vulcanised
treated
untreated
sensitive
insensitive
solid
liquid
gaseous
stabile
labile
hyperfine
antiferromagnetic
aeolian
aeromechanic
auroral
diazo
ballistic
broadband
wideband
chemiluminescent
diamagnetic
electronic
electrophoretic
cataphoretic
elemental
frictional
frictionless
gravitational
gravitative
inertial
ionic
nonionic
nonpolar
physical
refractive
refractile
spectral
tensile
thermal
thermic
caloric
nonthermal
vibrational
hydrostatic
hydrokinetic
isomeric
radial
birefringent
photic
diluvian
diluvial
igneous
pyrogenic
pyrogenous
meteoric
atomic
diatomic
subatomic
mechanical
kinetic
frontal
molecular
bimolecular
intermolecular
isotopic
macrocosmic
thermodynamic
thermodynamical
evaporative
magnetic
electromagnetic
capillary
anionic
cationic
tractive
radio
mesonic
mesic
paramagnetic
ferromagnetic
einsteinian
newtonian
cyclonic
cyclonal
cyclonical
hertzian
hydraulic
propulsive
thermionic
ammoniated
boreal
ultramicroscopic
grossly
isotropically
obviously
evidently
manifestly
patently
apparently
plainly
plain
brilliantly
brightly
bright
thermodynamically
dazzlingly
mechanically
automatically
physically
reversibly
geothermally
thermally
relativistically
glaringly
gravitationally
markedly
prominently
conspicuously
dully
demonstrably
provably
incontrovertibly
flagrantly
hydraulically
hydraulicly
imperceptibly
unnoticeably
observably
perceptibly
noticeably
conspicuously
inconspicuously
lightly
light
warmly
warm
radiantly
scorching
slenderly
slimly
slightly
stockily
transparently
tropically
magnetically
insignificantly
