accommodation reflex
babinski
babinski reflex
babinski sign
belch
belching
burp
burping
eructation
blink
eye blink
blinking
wink
winking
nictitation
nictation
blush
flush
vomit
vomiting
emesis
regurgitation
disgorgement
puking
rumination
hematemesis
haematemesis
hyperemesis
hyperemesis gravidarum
cough
coughing
accommodation
adaptation
dark adaptation
light adaptation
readjustment
domestication
habituation
chew
chewing
mastication
manduction
sleepwalking
somnambulism
somnambulation
noctambulism
noctambulation
sleep talking
somniloquy
somniloquism
abduction
adduction
contracture
contraction
muscular contraction
muscle contraction
tetanus
uterine contraction
braxton-hicks contraction
false labor
vaginismus
pandiculation
paraphilia
exhibitionism
immodesty
fetishism
fetichism
pedophilia
paedophilia
voyeurism
zoophilia
zoophilism
defecation reflex
rectal reflex
control
motor control
breathing
external respiration
respiration
ventilation
respiration
artificial respiration
abdominal breathing
eupnea
eupnoea
hyperpnea
hypopnea
hyperventilation
panting
heaving
periodic breathing
cheyne-stokes respiration
puffing
huffing
snorting
smoke
smoking
puffing
breath
exhalation
expiration
breathing out
blow
puff
insufflation
snore
snoring
stertor
snuffle
sniffle
snivel
wheeze
wind
second wind
inhalation
inspiration
aspiration
breathing in
gasp
pant
yawn
yawning
oscitance
oscitancy
puff
drag
pull
toke
consumption
ingestion
intake
uptake
eating
feeding
bite
chomp
browse
browsing
coprophagy
coprophagia
electric shock
electrical shock
shock
fart
farting
flatus
wind
breaking wind
swallow
drink
deglutition
aerophagia
gulp
draft
draught
swig
gulp
gulping
dining
engorgement
feasting
banqueting
geophagy
geophagia
pica
graze
grazing
lunching
munch
dutch treat
repletion
surfeit
supping
tasting
savoring
savouring
relishing
degustation
nibble
nip
pinch
necrophagia
necrophagy
omophagia
scatophagy
sucking
suck
suction
drinking
imbibing
imbibition
gulping
swilling
guzzling
nip
sip
potation
bondage
outercourse
safe sex
sexual activity
sexual practice
sex
sex activity
conception
defloration
insemination
artificial insemination
ai
sexual intercourse
intercourse
sex act
copulation
coitus
coition
sexual congress
congress
sexual relation
relation
carnal knowledge
fuck
fucking
screw
screwing
ass
nooky
nookie
piece of ass
piece of tail
roll in the hay
shag
shtup
pleasure
hank panky
sexual love
lovemaking
making love
love
love life
penetration
carnal abuse
coupling
mating
pairing
conjugation
union
sexual union
assortative mating
disassortative mating
unlawful carnal knowledge
criminal congress
extramarital sex
free love
adultery
criminal conversation
fornication
fornication
incest
sodomy
buggery
anal sex
anal intercourse
reproduction
procreation
breeding
facts of life
miscegenation
crossbreeding
interbreeding
generation
multiplication
propagation
biogenesis
biogeny
hybridization
hybridisation
crossbreeding
crossing
cross
interbreeding
hybridizing
dihybrid cross
monohybrid cross
reciprocal cross
reciprocal
testcross
test-cross
inbreeding
servicing
service
foreplay
arousal
stimulation
caressing
cuddling
fondling
hugging
kissing
necking
petting
smooching
snuggling
snogging
feel
perversion
sexual perversion
oral sex
head
cunnilingus
cunnilinctus
fellatio
fellation
cock sucking
blowjob
soixante-neuf
sixty-nine
autoeroticism
autoerotism
masturbation
onanism
self-abuse
frottage
jacking off
jerking off
hand job
wank
promiscuity
promiscuousness
sleeping around
one-night stand
lechery
homosexuality
homosexualism
homoeroticism
gayness
bisexuality
inversion
sexual inversion
lesbianism
sapphism
tribadism
heterosexuality
heterosexualism
straightness
pederasty
paederasty
bestiality
zooerastia
zooerasty
sleeping
nap
catnap
cat sleep
forty winks
short sleep
snooze
siesta
zizz
doze
drowse
reaction
response
automatism
rebound
overreaction
galvanic skin response
gsr
psychogalvanic response
electrodermal response
electrical skin response
fere phenomenon
tarchanoff phenomenon
immune response
immune reaction
immunologic response
anamnestic response
anamnestic reaction
humoral immune response
cell-mediated immune response
complement fixation
tropism
ergotropism
geotropism
heliotropism
meteortropism
neurotropism
phototropism
trophotropism
taxis
chemotaxis
negative chemotaxis
positive chemotaxis
kinesis
double take
reflex
instinctive reflex
innate reflex
inborn reflex
unconditioned reflex
physiological reaction
conditional reflex
conditioned reflex
acquired reflex
conditional reaction
conditioned reaction
conditional response
conditioned response
learned reaction
learned response
conditioned avoidance
conditioned avoidance response
knee jerk
knee-jerk reflex
patellar reflex
startle response
startle reaction
startle reflex
moro reflex
wince
flinch
passage
passing
light reflex
pupillary reflex
miosis
myosis
mydriasis
micturition reflex
pharyngeal reflex
gag reflex
pilomotor reflex
gooseflesh
goose bump
goose pimple
goose skin
horripilation
plantar reflex
rooting reflex
startle
jump
start
stretch reflex
myotactic reflex
suckling reflex
tremble
shiver
shake
crying
weeping
tears
snivel
sniveling
sob
sobbing
wailing
bawling
answer
palpebration
transfusion reaction
milt
ganoin
ganoine
physiology
physiological property
animateness
aliveness
liveness
animation
vitality
sentience
inanimateness
lifelessness
deadness
insentience
sex
gender
sexuality
asexuality
sexlessness
maleness
masculinity
virility
androgyny
hermaphroditism
bisexuality
femaleness
feminineness
brawn
muscle
sinew
anastomosis
inosculation
aqueous humor
aqueous humour
vitreous humor
vitreous humour
vitreous body
endolymph
perilymph
liquid body substance
bodily fluid
body fluid
humor
humour
extracellular fluid
ecf
interstitial fluid
intracellular fluid
juice
succus
cancer juice
karyolymph
milk
mother's milk
colostrum
foremilk
amniotic fluid
amnionic fluid
waters
blood
arterial blood
gore
lifeblood
bloodstream
blood clot
grume
menorrhea
menstrual blood
menstrual flow
venous blood
whole blood
serum
blood serum
blood plasma
plasma
plasm
antiserum
chyle
lymph
semen
seed
seminal fluid
ejaculate
cum
ink
secretion
lacrimal secretion
lachrymal secretion
tear
teardrop
perspiration
sweat
sudor
digestive juice
digestive fluid
gastric juice
pancreatic juice
bile
gall
black bile
melancholy
yellow bile
choler
hormone
endocrine
internal secretion
intestinal juice
noradrenaline
norepinephrine
adrenocorticotropic hormone
adrenocorticotrophic hormone
acth
adrenocorticotropin
adrenocorticotrophin
corticotropin
corticotrophin
epinephrine
epinephrin
adrenaline
adrenalin
gastrin
ghrelin
glucagon
gonadotropin
gonadotrophin
gonadotropic hormone
gonadotrophic hormone
insulin
lente insulin
lente iletin
recombinant human insulin
humulin
melatonin
neurohormone
oxytocin
pitocin
parathyroid hormone
parathormone
relaxin
releasing hormone
rh
releasing factor
hypothalamic releasing hormone
hypothalamic releasing factor
secretin
somatotropin
somatotrophin
somatotropic hormone
somatotrophic hormone
sth
human growth hormone
growth hormone
protropin
thymosin
thyroid hormone
calcitonin
thyrocalcitonin
thyroxine
thyroxin
tetraiodothyronine
t
triiodothyronine
liothyronine
t
vasopressin
antidiuretic hormone
adh
pitressin
autacoid
autocoid
prostaglandin
synovia
synovial fluid
mucus
mucous secretion
phlegm
sputum
snot
booger
saliva
spit
spittle
drool
dribble
drivel
slobber
tobacco juice
sebum
smegma
lochia
pus
purulence
suppuration
ichor
sanies
festering
gleet
leukorrhea
leucorrhea
blood cell
blood corpuscle
corpuscle
sperm
sperm cell
spermatozoon
spermatozoan
synapse
neuromuscular junction
myoneural junction
spinal fluid
cerebrospinal fluid
sense
sensation
sentience
sentiency
sensory faculty
modality
sense modality
sensory system
sensitivity
sensitiveness
sensibility
hypersensitivity
responsiveness
reactivity
excitability
irritability
exteroception
interoception
photosensitivity
radiosensitivity
sight
vision
visual sense
visual modality
stigmatism
somatosense
touch
sense of touch
skin senses
touch modality
cutaneous senses
achromatic vision
acuity
visual acuity
sharp-sightedness
oxyopia
binocular vision
central vision
color vision
chromatic vision
trichromacy
distance vision
eyesight
seeing
sightedness
foveal vision
monocular vision
near vision
night vision
night-sight
scotopic vision
twilight vision
daylight vision
photopic vision
peripheral vision
stereoscopic vision
stereoscopy
hearing
audition
auditory sense
sense of hearing
auditory modality
ear
absolute pitch
perfect pitch
taste
gustation
sense of taste
gustatory modality
smell
sense of smell
olfaction
olfactory modality
nose
kinesthesis
kinaesthesis
kinesthesia
kinaesthesia
kinesthetics
muscle sense
sense of movement
kinanesthesia
equilibrium
labyrinthine sense
vestibular sense
sense of balance
sense of equilibrium
proprioception
somesthesia
somesthesis
somaesthesia
somaesthesis
somatesthesia
somatatesthesis
somatosensory system
somatic sensory system
somatic sense
wakefulness
arousal
vigil
sleeping
hebetude
tactual sensation
tactility
touch perception
skin perceptiveness
kinesthesia
kinaesthesia
feeling of movement
dream
dreaming
all-or-none law
physiology
neurophysiology
kinesiology
myology
alpha rhythm
alpha wave
beta rhythm
beta wave
blood pressure
systolic pressure
diastolic pressure
arterial pressure
venous pressure
brainwave
brain wave
cortical potential
circulation
systemic circulation
pulmonary circulation
vitelline circulation
delta rhythm
delta wave
theta rhythm
theta wave
ablactation
acid-base equilibrium
acid-base balance
activation
anabolism
constructive metabolism
anastalsis
autoregulation
bed-wetting
bodily process
body process
bodily function
activity
bowel movement
movement
bm
catabolism
katabolism
dissimilation
destructive metabolism
convalescence
recuperation
recovery
defecation
laxation
shitting
discharge
emission
expelling
ejaculation
elimination
evacuation
excretion
excreting
voiding
enuresis
urinary incontinence
expectoration
festering
suppuration
maturation
galvanization
galvanisation
healing
hematochezia
haematochezia
hyperhidrosis
hyperidrosis
polyhidrosis
hypostasis
incontinence
incontinency
indweller
lacrimation
lachrymation
tearing
watering
lactation
leak
wetting
making water
passing water
lithuresis
lysis
menorrhagia
hypermenorrhea
menstruation
menses
menstruum
catamenia
period
flow
micturition
urination
nocturia
nycturia
nocturnal emission
oligomenorrhea
oliguria
opsonization
opsonisation
overactivity
overflow incontinence
peeing
pee
pissing
piss
peristalsis
vermiculation
perspiration
sweating
diaphoresis
sudation
hidrosis
phagocytosis
pinocytosis
placentation
premature ejaculation
psilosis
rally
shit
dump
stimulation
stress incontinence
tanning
transpiration
union
conglutination
urge incontinence
urochesia
urochezia
incompatibility
histoincompatibility
rh incompatibility
homeostasis
acathexia
angiotelectasia
torpor
torpidity
hibernation
lethargy
lassitude
sluggishness
agalactia
agalactosis
anesthesia
anaesthesia
anhidrosis
anhydrosis
arousal
sleep
slumber
orthodox sleep
nonrapid eye movement sleep
nrem sleep
nonrapid eye movement
nrem
paradoxical sleep
rapid eye movement sleep
rem sleep
rapid eye movement
rem
sleep
shuteye
cryoanesthesia
cryoanaesthesia
general anesthesia
general anaesthesia
local anesthesia
local anaesthesia
conduction anesthesia
conduction anaesthesia
nerve block anesthesia
nerve block anaesthesia
block anesthesia
block anaesthesia
regional anesthesia
regional anaesthesia
topical anesthesia
topical anaesthesia
acroanesthesia
acroanaesthesia
caudal anesthesia
caudal anaesthesia
caudal block
epidural anesthesia
epidural anaesthesia
epidural
paracervical block
pudendal block
spinal anesthesia
spinal anaesthesia
spinal
saddle block anesthesia
saddle block anaesthesia
inhalation anesthesia
twilight sleep
physiological state
physiological condition
drive
elastosis
flatulence
flatulency
gas
flexure
flection
flexion
alertness
alerting
emotional arousal
excitation
innervation
irritation
anger
angriness
rage
fever pitch
excitement
excitation
inflammation
fervor
fervour
sensation
desire
rage
passion
materialism
philistinism
hunger
hungriness
bulimia
emptiness
edacity
esurience
ravenousness
voracity
voraciousness
starvation
famishment
undernourishment
malnourishment
thirst
dehydration
sex drive
hypoxia
anemic hypoxia
hypoxic hypoxia
ischemic hypoxia
stagnant hypoxia
hypercapnia
hypercarbia
hypocapnia
acapnia
asphyxia
oxygen debt
altitude sickness
mountain sickness
anoxia
anemic anoxia
anoxic anoxia
ischemic anoxia
stagnant anoxia
suffocation
asphyxiation
hyperthermia
hyperthermy
normothermia
hypothermia
myasthenia
impotence
impotency
barrenness
sterility
infertility
cacogenesis
dysgenesis
false pregnancy
pseudocyesis
pregnancy
gestation
maternity
trouble
gravidity
gravidness
gravidation
gravida
parity
para
abdominal pregnancy
ovarian pregnancy
tubal pregnancy
ectopic pregnancy
extrauterine pregnancy
ectopic gestation
extrauterine gestation
eccyesis
metacyesis
entopic pregnancy
quickening
parturiency
labor
labour
confinement
lying-in
travail
childbed
placenta previa
rigor mortis
vitalization
vitalisation
wholeness
haleness
energy
vim
vitality
juice
qi
chi
ch'i
ki
bloom
blush
flush
rosiness
freshness
glow
radiance
fertility
fecundity
potency
cellularity
hypercellularity
hypocellularity
addiction
dependence
dependency
habituation
suspended animation
anabiosis
cryptobiosis
dilatation
distension
distention
tympanites
ectasia
ectasis
lymphangiectasia
lymphangiectasis
alveolar ectasia
drug addiction
white plague
alcoholism
alcohol addiction
inebriation
drunkenness
cocaine addiction
heroin addiction
caffein addiction
nicotine addiction
emmetropia
albinism
sedation
tan
suntan
sunburn
burn
hyperpigmentation
cyanosis
sneeze
sneezing
sternutation
amyxia
hiccup
hiccough
singultus
morning sickness
hyperpyrexia
cold sweat
junction
conjunction
conjugation
colligation
obstruction
blockage
tamponade
tamponage
cardiac tamponade
poisoning
toxic condition
intoxication
alkali poisoning
caffeinism
caffiene intoxication
carbon monoxide poisoning
cyanide poisoning
malathion poisoning
ergotism
mercury poisoning
minamata disease
naphthalene poisoning
nicotine poisoning
ophidism
paraquat poisoning
parathion poisoning
pesticide poisoning
salicylate poisoning
tonicity
tonus
tone
muscular tonus
muscle tone
atonicity
atony
atonia
amyotonia
condition
shape
fitness
physical fitness
good shape
good condition
fettle
analgesia
oligospermia
varicocele
hypertonia
hypertonus
hypertonicity
hypotonia
hypotonus
hypotonicity
complement
steroid hormone
steroid
sex hormone
corticosterone
progesterone
lipo-lutin
megesterol
megestrol acetate
norethindrone
norethindrone acetate
norethandrolone
norlutin
norethynodrel
norgestrel
medroxyprogesterone
provera
progestin
progestogen
androgen
androgenic hormone
adrenosterone
androsterone
methyltestosterone
nandrolone
durabolin
kabolin
testosterone
follicle-stimulating hormone
fsh
human chorionic gonadotropin
human chorionic gonadotrophin
hcg
luteinizing hormone
lh
interstitial cell-stimulating hormone
icsh
prolactin
lactogenic hormone
luteotropin
estrogen
oestrogen
diethylstilbestrol
diethylstilboestrol
stilbestrol
stilboestrol
des
estradiol
oestradiol
estriol
oestriol
estrone
oestrone
theelin
estronol
hexestrol
mestranol
corticosteroid
corticoid
adrenal cortical steroid
mineralocorticoid
glucocorticoid
aldosterone
hydrocortisone
cortisol
hydrocortone
cortef
cortisone
cortone acetate
prednisolone
pediapred
prelone
prednisone
orasone
deltasone
liquid pred
meticorten
dexamethasone
decadron
dexamethasone intensol
dexone
hexadrol
oradexon
spironolactone
aldactone
royal jelly
catecholamine
musk
nectar
pheromone
melanocyte-stimulating hormone
msh
thyrotropin
thyrotropic hormone
thyrotrophin
thyrotrophic hormone
thyroid-stimulating hormone
tsh
thyrotropin-releasing hormone
trh
thyrotropin-releasing factor
trf
protirelin
triamcinolone
aristocort
aristopak
kenalog
whey
milk whey
anabolic steroid
abducent
abducting
adducent
adductive
adducting
ametropic
emmetropic
anastigmatic
stigmatic
astigmatic
sentient
animate
insentient
insensate
animate
inanimate
nonliving
dead
afferent
efferent
motorial
exciting
unexciting
erectile
cavernous
fertile
sterile
unfertile
infertile
erect
tumid
prepubescent
prepubertal
antidromic
physiologic
physiological
excitable
irritable
isotonic
hypertonic
hypotonic
oxygenated
aerated
unaerated
unoxygenated
voluntary
involuntary
cancerous
abasic
abatic
acanthotic
acapnic
acapnial
acapnotic
acidotic
acneiform
actinomycotic
adenocarcinomatous
agranulocytic
alkalotic
amaurotic
amblyopic
anabiotic
anabolic
anestrous
anestric
anoestrous
angiomatous
aniseikonic
ankylotic
anosmic
anosmatic
anoxemic
anoxic
anticancer
antineoplastic
antitumor
antitumour
anuretic
anuric
aphakic
ascitic
asynergic
atherosclerotic
avitaminotic
azotemic
uremic
bacteremic
cachectic
cancroid
carcinogenic
carcinomatous
catabolic
katabolic
chancroidal
chancrous
choleraic
croupy
cryptobiotic
cystic
excrescent
granulomatous
neoplastic
sclerotic
sclerosed
symptomatic
tubercular
tubercular
tuberculoid
leprous
haemophilic
hemophilic
encysted
hypovolemic
hypovolaemic
nephritic
sexual
achondroplastic
neuropsychological
neurophysiological
arteriosclerotic
traumatic
physiological
gestational
progestational
hypothermic
hyperthermal
sympathetic
emphysematous
pyknotic
pycnotic
anemic
anaemic
asphyxiated
blastomycotic
malarial
neurasthenic
paralytic
paralytical
scorbutic
syphilitic
accommodational
ulcerative
vitiliginous
asexually
physiologically
sexually
sexually
homeostatically
incestuously
symptomatically
sympathetically
kinesthetically
kinaesthetically
tactually
haptically
excitingly
unexcitingly
prosaically
unimaginatively
voyeuristically
