replay
action replay
amplifier
audio
audiocassette
cable
cable television
cable system
cable television service
cable
line
transmission line
camcorder
camera lens
optical lens
cassette recorder
cathode-ray tube
crt
clock radio
closed-circuit television
color television
colour television
color television system
colour television system
color tv
colour tv
color tube
colour tube
color television tube
colour television tube
color tv tube
colour tv tube
crookes tube
crystal set
detector
detector
demodulator
drive-in
electron gun
field-sequential color television
field-sequential color tv
field-sequential color television system
field-sequential color tv system
foreground
heterodyne receiver
superheterodyne receiver
superhet
kinescope
picture tube
television tube
lighting
magnetic tape
mag tape
tape
monitor
mosaic
prompter
autocue
push-button radio
radio
wireless
radio link
link
radio receiver
receiving set
radio set
radio
tuner
wireless
radiotelegraph
radiotelegraphy
wireless telegraph
wireless telegraphy
radio transmitter
satellite television
satellite tv
screen
crt screen
spark transmitter
surveillance system
teleprompter
television
television system
television camera
tv camera
camera
television-camera tube
television pickup tube
television equipment
video equipment
television monitor
tv monitor
television receiver
television
television set
tv
tv set
idiot box
boob tube
telly
goggle box
television transmitter
tricolor television tube
tricolour television tube
tricolor tube
tricolour tube
videocassette
videocassette recorder
vcr
videotape
walkie-talkie
walky-talky
radio frequency
extremely low frequency
elf
very low frequency
vlf
low frequency
lf
medium frequency
mf
high frequency
hf
very high frequency
vhf
ultrahigh frequency
uhf
superhigh frequency
shf
extremely high frequency
ehf
film
cinema
celluloid
video
picture
subtitle
caption
film clip
radio broadcast
telecast
radio news
television news
radio beam
beam
time signal
radio beacon
viewing audience
tv audience
viewers
anchor
anchorman
anchorperson
radio announcer
sports announcer
sportscaster
sports commentator
disk jockey
disc jockey
dj
dresser
actor's assistant
newscaster
newsreader
news reader
talking head
television reporter
television newscaster
tv reporter
tv newsman
tv announcer
television announcer
radio wave
radio emission
radio radiation
sky wave
ionospheric wave
ground wave
radio signal
radio spectrum
radio-frequency spectrum
carrier wave
carrier
short wave
medium wave
long wave
aspect ratio
wave angle
running time
surf
channel-surf
raise
radio
silent
all-mains(a)
cinematic
closed-captioned
