retirement
retreat
redemption
salvation
absolution
remission
remittal
remission of sin
indulgence
conversion
rebirth
spiritual rebirth
proselytism
expiation
atonement
propitiation
reparation
amends
ordination
ordinance
laying on of hands
excommunication
excision
purification
ablution
shower
shower bath
bath
bubble bath
mikvah
mud bath
sponge bath
turkish bath
steam bath
vapor bath
vapour bath
pilgrimage
pilgrim's journey
celebration
solemnization
solemnisation
works
deeds
bishopry
faith healing
faith cure
laying on of hands
mission
missionary work
da'wah
dawah
fall
sin
sinning
actual sin
original sin
mortal sin
deadly sin
venial sin
pride
superbia
envy
invidia
avarice
greed
covetousness
rapacity
avaritia
sloth
laziness
acedia
wrath
anger
ire
ira
gluttony
overeating
gula
lust
luxuria
ecumenical movement
ceremony
religious ceremony
religious ritual
agape
love feast
worship
deification
exaltation
apotheosis
ancestor worship
rite
religious rite
vigil
watch
wake
viewing
agrypnia
last rites
orgy
ritual
ritualism
circumcision
berith
berit
brith
bris
briss
service
religious service
divine service
church service
church
prayer meeting
prayer service
chapel service
chapel
liturgy
christian liturgy
office
divine office
little office
committal service
none
vesper
placebo
watch night
sacrament
last supper
lord's supper
seder
passover supper
holy eucharist
eucharist
sacrament of the eucharist
holy sacrament
liturgy
eucharistic liturgy
lord's supper
offertory
communion
holy communion
sacramental manduction
manduction
intercommunion
matrimony
baptism
affusion
aspersion
sprinkling
christening
immersion
trine immersion
confirmation
confirmation
penance
anointing of the sick
extreme unction
last rites
holy orders
sanctification
canonization
canonisation
consecration
oblation
religious offering
unction
inunction
libation
prayer
supplication
mass
high mass
low mass
requiem
devotion
bhakti
novena
blessing
benediction
idolization
idolisation
adoration
latria
idolatry
idol worship
bardolatry
iconolatry
idolatry
devotion
veneration
cultism
idiolatry
autolatry
self-worship
bibliolatry
bible-worship
verbolatry
grammatolatry
word-worship
symbolatry
symbololatry
symbol-worship
anthropolatry
worship of man
gyneolatry
gynaeolatry
woman-worship
lordolatry
thaumatolatry
miracle-worship
topolatry
place-worship
arborolatry
tree-worship
astrolatry
worship of heavenly bodies
cosmolatry
diabolatry
demonolatry
devil-worship
pyrolatry
fire-worship
hagiolatry
hierolatry
worship of saints
heliolatry
sun-worship
zoolatry
animal-worship
ichthyolatry
fish-worship
monolatry
ophiolatry
serpent-worship
moon-worship
selenolatry
providence
benefit of clergy
ecclesiasticism
adoration
idolization
idolisation
glorification
abbey
abbey
abbey
amen corner
apse
apsis
armillary sphere
armilla
aspergill
baldachin
basilica
bethel
black
burial chamber
sepulcher
sepulchre
sepulture
cathedra
bishop's throne
cathedral
cathedral
celestial globe
cell
cubicle
chalice
goblet
chancel
sanctuary
bema
chantry
chapel
charnel house
charnel
charterhouse
christmas tree
church
church building
church tower
columbarium
convent
conventicle
meetinghouse
cosmography
creche
crypt
friary
golden calf
grail
holy grail
sangraal
grave
tomb
gravestone
headstone
tombstone
holy sepulcher
holy sepulchre
joss house
kaaba
caaba
kirk
lady chapel
lamasery
laver
mastaba
mastabah
mausoleum
mercy seat
mihrab
minaret
minster
monastery
mosque
masjid
musjid
narthex
narthex
nave
nunnery
pagoda
pantheon
parthenon
pieta
place of worship
house of prayer
house of god
house of worship
presbytery
priory
religious residence
cloister
repository
monument
rood screen
rosary
prayer beads
shrine
side chapel
stations of the cross
synagogue
temple
tabernacle
tabernacle
mormon tabernacle
taj mahal
temple
temple of artemis
temple of jerusalem
temple of solomon
tower of babel
babel
transept
vatican
vatican palace
vault
burial vault
vestry
sacristy
orthodoxy
inerrancy
errancy
errancy
piety
piousness
devoutness
religiousness
religiosity
religiousism
pietism
dutifulness
godliness
sin
sinfulness
wickedness
mark of cain
impiety
impiousness
undutifulness
irreligiousness
irreligion
ungodliness
godlessness
charity
brotherly love
cardinal virtue
theological virtue
supernatural virtue
hope
divinity
holiness
sanctity
sacredness
holy of holies
unholiness
profaneness
unsanctification
sacrilegiousness
lotus position
asana
matsyendra
better
four horsemen
tonsure
heaven
abraham's bosom
bosom of abraham
celestial city
city of god
heavenly city
holy city
elysium
elysian fields
eden
garden of eden
paradise
promised land
valhalla
walhalla
hell
perdition
inferno
infernal region
nether region
the pit
priestcraft
religious trance
ecstatic state
forbidden fruit
animatism
salat
salaat
salah
salaah
hajj
haj
hadj
belief
apophatism
cataphatism
doctrine of analogy
analogy
predestinarianism
religion
faith
religious belief
cult
cultus
religious cult
ecclesiasticism
mysticism
religious mysticism
quietism
sufism
nature worship
revealed religion
sacerdotalism
spiritualism
spiritual world
unseen
supernaturalism
superstition
superstitious notion
theosophy
kabbalah
kabbala
kabala
cabbalah
cabbala
cabala
qabbalah
qabbala
totemism
values
juju
magic
mojo
occultism
conjuring
conjuration
conjury
invocation
exorcism
dispossession
evocation
summoning
sorcery
black magic
black art
necromancy
theurgy
witchcraft
witchery
enchantment
bewitchment
diabolism
demonism
satanism
white magic
unbelief
disbelief
agnosticism
skepticism
scepticism
atheism
heresy
unorthodoxy
religious orientation
agnosticism
atheism
godlessness
theism
monotheism
polytheism
tritheism
paganism
pagan religion
heathenism
pantheism
pantheism
macumba
obeah
obi
rastafarianism
christianity
christian religion
adventism
second adventism
seventh-day adventism
catholicism
catholicity
anti-catholicism
romanism
roman catholicism
albigensianism
catharism
donatism
eastern catholicism
protestantism
anglicanism
anglo-catholicism
high anglicanism
tractarianism
puseyism
arminianism
calvinism
christian science
lutheranism
unitarianism
trinitarianism
congregationalism
mennonitism
evangelicalism
revivalism
fundamentalism
methodism
wesleyanism
wesleyism
anabaptism
baptistic doctrine
mormonism
pentecostalism
presbyterianism
puritanism
judaism
orthodox judaism
hasidism
hassidism
chasidism
chassidism
chabad
chabad hasidism
conservative judaism
reform judaism
islam
islamism
mohammedanism
muhammadanism
muslimism
salafism
salafi movement
shiism
ismailism
wahhabism
wahabism
hinduism
hindooism
brahmanism
brahminism
darsana
mimamsa
vedanta
krishnaism
shivaism
sivaism
shaktism
saktism
vaishnavism
vaisnavism
vishnuism
yoga
jainism
sikhism
buddhism
mahayana
mahayana buddhism
theravada
theravada buddhism
hinayana
hinayana buddhism
lamaism
tibetan buddhism
zen
zen buddhism
shingon
tantra
tantrism
yogacara
tao
taoism
hsuan chiao
shinto
shintoism
manichaeism
manichaeanism
mithraism
mithraicism
zoroastrianism
mazdaism
parsiism
parseeism
bahaism
shamanism
asian shamanism
shamanism
vedism
obiism
voodoo
vodoun
voodooism
hoodooism
direct mail
article of faith
credendum
beatitude
parable
dithyramb
response
book
passage
excerpt
extract
selection
locus classicus
purple passage
transition
flashback
flash-forward
catechism
prayer wheel
sacred text
sacred writing
religious writing
religious text
scripture
sacred scripture
canon
adi granth
granth
granth sahib
avesta
zend-avesta
bhagavad-gita
bhagavadgita
gita
mahabharata
mahabharatam
mahabharatum
bible
christian bible
book
good book
holy scripture
holy writ
scripture
word of god
word
genesis
book of genesis
exodus
book of exodus
leviticus
book of leviticus
numbers
book of numbers
deuteronomy
book of deuteronomy
mezuzah
mezuza
joshua
josue
book of joshua
judges
book of judges
ruth
book of ruth
i samuel
1 samuel
ii samuel
2 samuel
i kings
1 kings
ii kings
2 kings
paralipomenon
i chronicles
1 chronicles
ii chronicles
2 chronicles
ezra
book of ezra
nehemiah
book of nehemiah
esther
book of esther
job
book of job
psalms
book of psalms
proverbs
book of proverbs
ecclesiastes
book of ecclesiastes
song of songs
song of solomon
canticle of canticles
canticles
isaiah
book of isaiah
jeremiah
book of jeremiah
lamentations
book of lamentations
ezekiel
ezechiel
book of ezekiel
daniel
book of daniel
book of the prophet daniel
hosea
book of hosea
joel
book of joel
amos
book of amos
obadiah
abdias
book of obadiah
jonah
book of jonah
micah
micheas
book of micah
nahum
book of nahum
habakkuk
habacuc
book of habakkuk
zephaniah
sophonias
book of zephaniah
haggai
aggeus
book of haggai
zechariah
zacharias
book of zachariah
malachi
malachias
book of malachi
matthew
gospel according to matthew
mark
gospel according to mark
luke
gospel of luke
gospel according to luke
john
gospel according to john
acts of the apostles
acts
epistle of paul the apostle to the romans
epistle to the romans
romans
first epistle of paul the apostle to the corinthians
first epistle to the corinthians
i corinthians
second epistle of paul the apostle to the corinthians
second epistle to the corinthians
ii corinthians
epistle of paul the apostle to the galatians
epistle to the galatians
galatians
epistle of paul the apostle to the ephesians
epistle to the ephesians
ephesians
epistle of paul the apostle to the philippians
epistle to the philippians
philippians
epistle of paul the apostle to the colossians
epistle to the colossians
colossians
first epistle of paul the apostle to the thessalonians
first epistle to the thessalonians
i thessalonians
second epistle of paul the apostle to the thessalonians
second epistle to the thessalonians
ii thessalonians
first epistle of paul the apostle to timothy
first epistle to timothy
i timothy
second epistle of paul the apostle to timothy
second epistle to timothy
ii timothy
epistle of paul the apostle to titus
epistle to titus
titus
epistle of paul the apostle to philemon
epistle to philemon
philemon
epistle to the hebrews
hebrews
epistle of james
james
first epistle of peter
i peter
second epistle of peter
ii peter
first epistle of john
i john
second epistel of john
ii john
third epistel of john
iii john
epistle of jude
jude
revelation
revelation of saint john the divine
apocalypse
book of revelation
family bible
vulgate
douay bible
douay version
douay-rheims bible
douay-rheims version
rheims-douay bible
rheims-douay version
authorized version
king james version
king james bible
revised version
new english bible
american standard version
american revised version
revised standard version
old testament
torah
pentateuch
laws
torah
tanakh
tanach
hebrew scripture
prophets
nebiim
haftorah
haftarah
haphtorah
haphtarah
hagiographa
ketubim
writings
testament
new testament
gospel
gospels
evangel
word of god
book of mormon
the book of mormon
prayer
agnus dei
angelus
ave maria
hail mary
canticle of simeon
nunc dimittis
evening prayer
evensong
kol nidre
service book
book of common prayer
litany
lord's prayer
apocrypha
additions to esther
prayer of azariah and song of the three children
susanna
book of susanna
bel and the dragon
baruch
book of baruch
letter of jeremiah
epistle of jeremiah
tobit
book of tobit
judith
book of judith
i esdra
1 esdras
ii esdras
2 esdras
ben sira
sirach
ecclesiasticus
wisdom of jesus the son of sirach
wisdom of solomon
wisdom
i maccabees
1 maccabees
ii maccabees
2 maccabees
sapiential book
wisdom book
wisdom literature
pseudepigrapha
koran
quran
al-qur'an
book
sura
talmudic literature
talmud
gemara
mishna
mishnah
haggadah
haggada
hagada
halakah
halaka
halacha
vedic literature
veda
samhita
rig-veda
sama-veda
atharva-veda
yajur-veda
brahmana
aranyaka
vedanga
upanishad
mantra
psalm
psalm
confession
augsburg confession
covenant
analects
analecta
clipping
newspaper clipping
press clipping
cutting
press cutting
cut
track
quotation
quote
citation
epigraph
mimesis
misquotation
dissolve
cut
jump
jump cut
praise
hallelujah
rescript
annunciation
banns
religious doctrine
church doctrine
gospel
creed
ahimsa
dogma
tenet
ecumenism
ecumenicism
ecumenicalism
immaculate conception
incarnation
nicene creed
real presence
lingam
phylactery
tefillin
preview
prevue
trailer
religious music
church music
antiphon
antiphony
mass
mass
requiem
shema
processional
prosodion
antiphonary
antiphonal
chant
hallel
hare krishna
plainsong
plainchant
gregorian chant
cantus firmus
religious song
spiritual
negro spiritual
carol
christmas carol
hymn
anthem
doxology
chorale
choral
canticle
dies irae
hymeneal
internationale
paean
pean
magnificat
recessional
te deum
decalogue
ten commandments
exegesis
text
prayer
petition
orison
benediction
blessing
benison
collect
commination
deprecation
grace
blessing
thanksgiving
intercession
invocation
supplication
rogation
requiescat
urim and thummin
anathema
sermon
discourse
preaching
kerygma
kerugma
sermon on the mount
evangelism
televangelism
homily
preachment
ad
advertisement
advertizement
advertising
advertizing
advert
advertorial
mailer
newspaper ad
newspaper advertisement
classified ad
classified advertisement
want ad
commercial
commercial message
infomercial
informercial
circular
handbill
bill
broadside
broadsheet
flier
flyer
throwaway
stuffer
teaser
top billing
vision
miracle
ascension
ascension of christ
resurrection
christ's resurrection
resurrection of christ
apocalypse
karma
kismet
kismat
crucifixion
martyrdom
assumption
transfiguration
transfiguration of jesus
fall of man
angelus bell
angelus
funeral
burial
entombment
inhumation
interment
sepulture
sky burial
wedding
wedding ceremony
nuptials
hymeneals
bar mitzvah
bat mitzvah
bath mitzvah
bas mitzvah
fall
miraculous food
manna
manna from heaven
damned
initiate
enlightened
uninitiate
trimurti
flock
congregation
fold
faithful
salvation army
sisterhood
religion
faith
christendom
christianity
church
christian church
church
armenian church
armenian apostolic orthodox church
catholic church
roman catholic
western church
roman catholic church
church of rome
roman church
albigenses
cathars
cathari
nestorian church
rome
curia
old catholic church
eastern church
byzantine church
orthodox church
orthodox catholic church
eastern orthodox church
eastern church
eastern orthodox
greek orthodox church
greek church
russian orthodox church
uniat church
uniate church
coptic church
pentecostal religion
protestant church
protestant
christian church
disciples of christ
anglican church
anglican communion
church of england
episcopal church
protestant episcopal church
church of ireland
episcopal church
episcopal church of scotland
high church
high anglican church
mormon church
mormons
church of jesus christ of latter-day saints
baptist church
baptists
baptist denomination
arminian baptist
general baptist
calvinistic baptist
particular baptist
church of the brethren
dunkers
dippers
christian science
church of christ scientist
congregational church
congregational christian church
evangelical and reformed church
united church of christ
jehovah's witnesses
lutheran church
presbyterian church
unitarian church
arminian church
methodist church
methodists
methodist denomination
wesleyan methodist church
wesleyan methodists
evangelical united brethren church
united methodist church
anabaptist denomination
mennonite church
unification church
abecedarian
amish sect
judaism
hebraism
jewish religion
orthodox judaism
jewish orthodoxy
hasidim
hassidim
chasidim
chassidim
conservative judaism
reform judaism
islam
islamism
muslimism
muhammadanism
mohammedanism
mohammadanism
islamism
shiah
shia
shiah islam
the shiites
sunni
the sunnites
hinduism
hindooism
brahmanism
brahminism
shivaism
sivaism
shaktism
saktism
vaishnavism
vaisnavism
haredi
hare krishna
international society for krishna consciousness
iskcon
jainism
taoism
taoism
buddhism
zen
zen buddhism
mahayana
hinayana
tantrism
khalsa
scientology
church of scientology
shinto
kokka shinto
kokka
shuha shinto
shua
established church
vicariate
vicarship
denomination
communion
protestant denomination
brethren
order
monastic order
augustinian order
augustinian canons
augustinian hermits
austin friars
benedictine order
order of saint benedict
carmelite order
order of our lady of mount carmel
carthusian order
dominican order
franciscan order
jesuit order
society of jesus
sect
religious sect
religious order
religious society of friends
society of friends
quakers
shakers
united society of believers in christ's second appearing
assemblies of god
zurvanism
cult
cargo cult
sainthood
sabaoth
community
convent
house
ummah
umma
muslim ummah
islamic ummah
islam nation
chapter
madrasa
madrasah
pesantran
pesantren
religious school
church school
parochial school
seminary
rastafari
rastas
caste
jati
mission
missionary post
missionary station
foreign mission
catholic school
cortege
religious movement
akhbari
usuli
counter reformation
ecumenical movement
lubavitch
lubavitch movement
chabad-lubavitch
chabad
oxford movement
pietism
reformation
protestant reformation
taliban
taleban
nation of islam
chosen people
hebrews
israelites
wise men
magi
armageddon
cemetery
graveyard
burial site
burial ground
burying ground
memorial park
necropolis
holy place
sanctum
holy
potter's field
sodom
gomorrah
gomorrha
westminster abbey
ethical motive
ethics
morals
morality
hedonism
conscience
scruples
moral sense
sense of right and wrong
wee small voice
small voice
voice of conscience
sense of shame
sense of duty
inner light
light
light within
christ within
mammon
first cause
prime mover
primum mobile
spiritual leader
brahma
siva
shiva
bairava
vishnu
buddha
the buddha
siddhartha
gautama
gautama siddhartha
gautama buddha
buddha
chuang-tzu
houri
ghost
poltergeist
adam
eve
ashkenazi
conservative jew
nonreligious person
religionist
religious person
wasp
white anglo-saxon protestant
essene
anabaptist
mennonite
amish
dunker
dunkard
tunker
christian
christian scientist
adventist
second adventist
gentile
non-jew
goy
gentile
protestant
friend
quaker
catholic
non-catholic
anglican catholic
greek catholic
roman catholic
papist
old catholic
uniat
uniate
uniate christian
copt
jew
hebrew
israelite
jewess
kike
hymie
sheeny
muslim
moslem
mohammedan
muhammedan
muhammadan
islamist
almoravid
jihadist
shiite
shi'ite
shiite muslim
shi'ite muslim
shia muslim
sunnite
sunni
sunni muslim
buddhist
zen buddhist
mahayanist
hinayanist
tantrist
hindu
hindoo
swami
chela
jainist
hare krishna
shaktist
shivaist
vaishnava
shintoist
rastafarian
rasta
moor
abbe
abbess
mother superior
prioress
abbot
archimandrite
absolver
abstainer
ascetic
acolyte
agnostic
doubter
altar boy
amora
anagnost
anointer
antediluvian
antediluvian patriarch
apostle
apostle
apostle
archdeacon
archbishop
archpriest
hierarch
high priest
prelate
primate
arianist
assassin
atheist
ayatollah
baptist
beadsman
bedesman
begum
believer
worshiper
worshipper
theist
taoist
tao
berber
bishop
black muslim
blasphemer
born-again christian
caliph
calif
kaliph
kalif
khalif
khalifah
canon
cantor
hazan
carthusian
catholicos
celebrant
celebrant
celebrator
celebrater
celibate
chaplain
prison chaplain
church father
father of the church
father
churchgoer
church member
churchwarden
church officer
clergyman
reverend
man of the cloth
cleric
churchman
divine
ecclesiastic
communicant
confessor
confucian
congregationalist
conformist
nonconformist
recusant
nonconformist
chapelgoer
anglican
hoodoo
convert
coreligionist
cultist
curate
minister
parson
pastor
rector
dalai lama
grand lama
deacon
deacon
protestant deacon
deaconess
deist
freethinker
dervish
deserter
apostate
renegade
turncoat
recreant
ratter
devil worshiper
diocesan
disbeliever
nonbeliever
unbeliever
doctor of the church
doctor
domestic prelate
dominus
dominie
domine
dominee
doorkeeper
ostiary
ostiarius
druid
elder
eparch
episcopalian
eschatologist
evangelist
revivalist
gospeler
gospeller
evangelist
exarch
exarch
fakir
fakeer
faqir
faquir
father
padre
father
flagellant
flamen
friar
mendicant
monk
monastic
benedictine
fundamentalist
futurist
gnostic
godfather
godmother
godparent
guru
guru
hajji
hadji
haji
hakim
hakeem
hakim
haman
hasid
hassid
chasid
chassid
heathen
pagan
gentile
infidel
paynim
heretic
misbeliever
religious outcast
hermit
recluse
solitary
solitudinarian
troglodyte
holy roller
hospital chaplain
idolater
idolizer
idoliser
idol worshiper
idolatress
imam
imaum
infernal
jacob
jesuit
judith
lama
jehovah's witness
latter-day saint
mormon
lazarus
lector
reader
levite
liturgist
logical positivist
lot
lot's wife
lubavitcher
lutheran
magus
mandaean
mandean
marrano
converso
martyr
materialist
irreligionist
melkite
melchite
melkite
melchite
methodist
wesleyan
metropolitan
military chaplain
padre
holy joe
sky pilot
ministrant
miracle man
miracle worker
missionary
missioner
mon
monotheist
moonie
muezzin
muazzin
muadhdhin
mujahid
mujtihad
mullah
mollah
mulla
muslimah
mystic
religious mystic
oblate
nazarene
nazarene
ebionite
nihilist
niqaabi
northern baptist
novitiate
novice
nudist
naturist
numerologist
nun
officiant
orangeman
ordainer
ordinand
ordinary
orthodox jew
panchen lama
pantheist
pardoner
parishioner
parsee
parsi
patriarch
patriarch
patron saint
penitent
pentecostal
pentecostalist
pharisee
pilgrim
pontifex
pope
catholic pope
roman catholic pope
pontiff
holy father
vicar of christ
bishop of rome
positivist
rationalist
postulator
prayer
supplicant
preacher
preacher man
sermonizer
sermoniser
prebendary
presbyter
presbyterian
presentist
preterist
priest
priest
non-christian priest
priestess
primus
prior
prophet
proselyte
puritan
quietist
rabbi
rainmaker
reform jew
religious
eremite
anchorite
hermit
cenobite
coenobite
religious leader
revenant
riff
riffian
ritualist
sabbatarian
sacrificer
sadducee
sadhu
saddhu
saint
holy man
holy person
angel
saint
sannyasi
sannyasin
sanyasi
santa claus
kriss kringle
father christmas
saint nick
st. nick
saracen
sephardi
sephardic jew
sexton
sacristan
shaker
shegetz
shepherd
sidesman
simeon
beguine
shaman
priest-doctor
medicine man
soul
psyche
southern baptist
spirit
starets
stigmatic
stigmatist
stylite
subdeacon
sufi
suffragan
suffragan bishop
sun worshiper
superior
swearer
televangelist
theologian
theologist
theologizer
theologiser
theosophist
thurifer
tractarian
trappist
cistercian
tritheist
unitarian
arminian
verger
vestryman
vestrywoman
vicar
vicar
vicar
vicar apostolic
votary
wahhabi
wahabi
wandering jew
whirling dervish
whirler
carmelite
white friar
dominican
black friar
blackfriar
friar preacher
franciscan
gray friar
augustinian
austin friar
zealot
zionist
aaron
abelard
peter abelard
pierre abelard
abraham
ibrahim
ahab
a kempis
thomas a kempis
alexander vi
pope alexander vi
borgia
rodrigo borgia
al-hakim
ali
ambrose
saint ambrose
st. ambrose
amos
andrew
saint andrew
st. andrew
saint andrew the apostle
anselm
saint anselm
st. anselm
antichrist
aquinas
thomas aquinas
saint thomas
st. thomas
saint thomas aquinas
st. thomas aquinas
arius
arminius
jacobus arminius
jacob harmensen
jakob hermandszoon
asanga
athanasius
saint athanasius
st. athanasius
athanasius the great
augustine
saint augustine
st. augustine
augustine of hippo
bacon
roger bacon
balthazar
balthasar
barth
karl barth
basil
st. basil
basil of caesarea
basil the great
st. basil the great
becket
thomas a becket
saint thomas a becket
st. thomas a becket
bede
saint bede
st. bede
baeda
saint baeda
st. baeda
beda
saint beda
st. beda
the venerable bede
beecher
henry ward beecher
benedict
saint benedict
st. benedict
benjamin
berkeley
bishop berkeley
george berkeley
boehme
jakob boehme
bohme
jakob bohme
boehm
jakob boehm
behmen
jakob behmen
bonhoeffer
dietrich bonhoeffer
boniface
saint boniface
st. boniface
winfred
wynfrith
apostle of germany
bridget
saint bridget
st. bridget
brigid
saint brigid
st. brigid
bride
saint bride
st. bride
bruno
saint bruno
st. bruno
buck
pearl buck
pearl sydenstricker buck
bultmann
rudolf bultmann
rudolf karl bultmann
bunyan
john bunyan
calixtus iii
borgia
alfonso borgia
calvin
john calvin
jean cauvin
jean caulvin
jean chauvin
caspar
gaspar
christopher
saint christopher
st. christopher
crispin
saint crispin
st. crispin
daniel
david
saint david
st. david
delilah
dominic
saint dominic
st. dominic
domingo de guzman
donne
john donne
duns scotus
john duns scotus
eckhart
johannes eckhart
meister eckhart
eddy
mary baker eddy
mary morse baker eddy
edwards
jonathan edwards
edward the confessor
saint edward the confessor
st. edward the confessor
edward the martyr
saint edward the martyr
st. edward the martyr
elijah
erasmus
desiderius erasmus
gerhard gerhards
geert geerts
esther
eusebius
eusebius of caesarea
ezekiel
ezechiel
ezra
fatima
fatimah
fox
george fox
francis of assisi
saint francis of assisi
st. francis of assisi
saint francis
st. francis
giovanni di bernardone
graham
billy graham
william franklin graham
gregory
gregory i
saint gregory i
st. gregory i
gregory the great
gregory
gregory vii
hildebrand
gregory
gregory xiii
ugo buoncompagni
gregory nazianzen
gregory of nazianzen
st. gregory of nazianzen
habakkuk
haggai
aggeus
heloise
hooker
richard hooker
hopkins
mark hopkins
hosea
ignatius
saint ignatius
st. ignatius
ignatius of loyola
saint ignatius of loyola
st. ignatius of loyola
loyola
inge
william ralph inge
the gloomy dean
innocent iii
lotario di segni
isaac
isaiah
ishmael
issachar
james
saint james
st. james
saint james the apostle
st. james the apostle
jansen
cornelis jansen
cornelius jansenius
jeremiah
jerome
saint jerome
st. jerome
hieronymus
eusebius hieronymus
eusebius sophronius hieronymus
jesus
jesus of nazareth
the nazarene
jesus christ
christ
savior
saviour
good shepherd
redeemer
deliverer
el nino
jezebel
jimenez de cisneros
francisco jimenez de cisneros
joel
john
saint john
st. john
saint john the apostle
st. john the apostle
john the evangelist
john the divine
john chrysostom
st. john chrysostom
john the baptist
st. john the baptist
john paul i
albino luciano
john paul ii
karol wojtyla
jonah
joseph
josephus
flavius josephus
joseph ben matthias
joshua
judah
judas
judas iscariot
jude
saint jude
st. jude
judas
thaddaeus
keble
john keble
khomeini
ruholla khomeini
ayatollah khomeini
ayatollah ruholla khomeini
king
martin luther king
martin luther king jr.
knox
john knox
lawrence
saint lawrence
st. lawrence
laurentius
leo i
st. leo i
leo the great
leo iii
leo x
giovanni de medici
louis ix
saint louis
st. louis
luke
saint luke
st. luke
luther
martin luther
malachi
malachias
manes
mark
saint mark
st. mark
marquette
jacques marquette
pere jacques marquette
martin
st. martin
mary
virgin mary
the virgin
blessed virgin
madonna
mary magdalene
st. mary magdalene
mary magdalen
st. mary magdalen
matthew
saint matthew
st. matthew
saint matthew the apostle
st. matthew the apostle
levi
mcpherson
aimee semple mcpherson
melanchthon
philipp melanchthon
philipp schwarzerd
melchior
mendel
gregor mendel
johann mendel
merton
thomas merton
methuselah
micah
micheas
mohammed
mohammad
muhammad
mahomet
mahound
moody
dwight lyman moody
moon
sun myung moon
mormon
moses
nahum
nanak
guru nanak
nestorius
newman
john henry newman
cardinal newman
nicholas
saint nicholas
st. nicholas
niebuhr
reinhold niebuhr
noah
obadiah
abdias
olaf ii
olav ii
saint olaf
saint olav
st. olaf
st. olav
origen
patrick
saint patrick
st. patrick
paul
saint paul
st. paul
apostle paul
paul the apostle
apostle of the gentiles
saul
saul of tarsus
penn
william penn
peter
simon peter
saint peter
st. peter
saint peter the apostle
st. peter the apostle
pius ii
aeneas silvius
enea silvio piccolomini
pius v
antonio ghislieri
pius vii
luigi barnaba gregorio chiaramonti
pius x
giuseppe melchiorre sarto
pius xi
achille ratti
ambrogio damiano achille ratti
pius xii
eugenio pacelli
pusey
edward pusey
edward bouverie pusey
rasputin
grigori efimovich rasputin
reuben
richelieu
duc de richelieu
armand jean du plessis
cardinal richelieu
roberts
oral roberts
russell
charles taze russell
ruth
samuel
savonarola
girolamo savonarola
schweitzer
albert schweitzer
serra
junipero serra
miguel jose serra
seton
elizabeth seton
saint elizabeth ann bayley seton
mother seton
simon
st. simon
simon zelotes
simon the zealot
simon the canaanite
smith
joseph smith
socinus
faustus socinus
fausto paolo sozzini
swedenborg
svedberg
emanuel swedenborg
emanuel svedberg
teresa
mother teresa
theresa
mother theresa
agnes gonxha bojaxhiu
tertullian
quintus septimius florens tertullianus
thomas
saint thomas
st. thomas
doubting thomas
thomas the doubting apostle
tillich
paul tillich
paul johannes tillich
timothy
titus
tutu
desmond tutu
ulfilas
bishop ulfilas
ulfila
bishop ulfila
wulfila
bishop wulfila
ultramontane
urban ii
odo of lagery
urban vi
bartolomeo prignano
ussher
james ussher
usher
james usher
vitus
st. vitus
watts
isaac watts
wesley
john wesley
wesley
charles wesley
williams
roger williams
wise
isaac mayer wise
wise
stephen samuel wise
wycliffe
john wycliffe
wickliffe
john wickliffe
wyclif
john wyclif
wiclif
john wiclif
wykeham
william of wykeham
wyszynski
stefan wyszynski
young
brigham young
zechariah
zacharias
zephaniah
sophonias
zinzendorf
count nikolaus ludwig von zinzendorf
zoroaster
zarathustra
zwingli
ulrich zwingli
huldreich zwingli
levitation
metempsychosis
rebirth
burning bush
glebe
spiritualty
spirituality
church property
temporalty
temporality
benefice
ecclesiastical benefice
sinecure
offering
tithe
offertory
hearth money
peter's pence
thank offering
transcendence
transcendency
nirvana
enlightenment
archidiaconate
grace
saving grace
state of grace
damnation
eternal damnation
fire and brimstone
omniscience
god's wisdom
omnipotence
god's will
providence
iniquity
wickedness
darkness
dark
light
illumination
quarter day
fast day
feast day
fete day
religious festival
church festival
judgment day
judgement day
day of judgment
day of judgement
doomsday
last judgment
last judgement
last day
day of reckoning
doomsday
crack of doom
end of the world
church year
christian year
holy week
passion week
holy year
rosh hashanah
rosh hashana
rosh hashonah
rosh hashona
jewish new year
rosh hodesh
rosh chodesh
religious holiday
holy day
high holy day
high holiday
christian holy day
jewish holy day
holy day of obligation
movable feast
moveable feast
yom kippur
day of atonement
saint agnes's eve
january 20
martinmas
st martin's day
11 november
annunciation
lady day
annunciation day
march 25
michaelmas
michaelmas day
september 29
candlemas
candlemas day
feb 2
easter
easter sunday
easter day
lammas
lammas day
august 1
pasch
pascha
pasch
pascha
eastertide
palm sunday
passion sunday
good friday
low sunday
holy saturday
holy innocents' day
innocents' day
septuagesima
septuagesima sunday
quinquagesima
quinquagesima sunday
quadragesima
quadrigesima sunday
trinity sunday
rogation day
solemnity of mary
january 1
ascension
ascension day
ascension of the lord
circumcision
feast of the circumcision
january 1
maundy thursday
holy thursday
corpus christi
saints peter and paul
june 29
assumption
assumption of mary
august 15
dormition
feast of dormition
epiphany
epiphany of our lord
twelfth day
three kings' day
january 6
saint joseph
st joseph
march 19
twelfthtide
twelfth night
all saints' day
allhallows
november 1
hallowmas
hallowmass
immaculate conception
december 8
allhallowtide
all souls' day
november 2
ash wednesday
ember day
passover
pesach
pesah
feast of the unleavened bread
christmas
christmas day
xmas
dec 25
christmas
christmastide
christmastime
yule
yuletide
noel
boxing day
purim
succos
sukkoth
feast of booths
feast of tabernacles
tabernacles
shavous
shabuoth
shavuoth
shavuot
pentecost
feast of weeks
shimchath torah
simchat torah
simhath torah
simhat torah
simchas torah
rejoicing over the law
rejoicing of the law
rejoicing in the law
tishah b'av
tishah b'ab
tisha b'av
tisha b'ab
ninth of av
ninth of ab
fast of av
fast of ab
hanukkah
hanukah
hannukah
chanukah
chanukkah
channukah
channukkah
festival of lights
feast of lights
feast of dedication
feast of the dedication
lag b'omer
thanksgiving
thanksgiving day
id al-fitr
id al-adha
feast of sacrifice
saint's day
name day
midsummer day
midsummer's day
st john's day
june 24
canonical hour
matins
morning prayer
prime
terce
tierce
sext
nones
vespers
evensong
compline
complin
season
advent
advent sunday
shrovetide
mardi gras
shrove tuesday
pancake day
lent
lententide
pentecost
whitsunday
whitmonday
whitsun monday
whit-tuesday
whitsun tuesday
whitsun
whitsuntide
whitweek
alpha and omega
year of grace
millennium
novitiate
noviciate
octave
shiva
shivah
shibah
transfiguration
transfiguration day
august 6
martyr
martyrize
martyrise
edit
blue-pencil
delete
die
convert
reform
reclaim
regenerate
rectify
moralize
moralise
convert
islamize
islamise
christianize
christianise
evangelize
evangelise
catholicize
catholicise
latinize
latinise
purify
purge
sanctify
spiritualize
spiritualise
lustrate
ritualize
ritualise
laicize
laicise
espouse
embrace
adopt
sweep up
take up
latch on
fasten on
hook on
seize on
literalize
literalise
spiritualize
spiritualise
censor
predestine
predestinate
foreordain
study
meditate
contemplate
apostatize
apostatise
tergiversate
pray
commune
commune
communicate
profess
proselytize
proselytise
quest
catechize
catechise
confess
preach
prophesy
evangelize
evangelise
hymn
execrate
anathemize
comminate
anathemise
anathematize
anathematise
consecrate
bless
hallow
sanctify
reconsecrate
desecrate
deconsecrate
bless
sign
profess
take the veil
cross oneself
vaticinate
prophesy
vaticinate
enlighten
irradiate
speak in tongues
baptize
baptise
christen
excommunicate
curse
communicate
take in vain
receive
fast
diet
assume
enshrine
shrine
exorcise
exorcize
martyr
enshrine
saint
worship
church
divine
chiromance
sacrifice
immolate
ordain
consecrate
ordinate
order
deliver
redeem
save
worship
offer
offer up
clean
unclean
impure
cursed
damned
doomed
unredeemed
unsaved
ransomed
redeemed
official
orthodox
unorthodox
pious
impious
religious
irreligious
holy
unholy
unhallowed
religious
spiritual
calced
shod
discalced
discalceate
unshod
cloistered
cloistral
conventual
monastic
monastical
abbatial
agrypnotic
animatistic
antiphonary
antiphonal
apocalyptic
apsidal
archangelic
archangelical
archidiaconal
archiepiscopal
archepiscopal
ascetic
ascetical
benedictory
benedictive
beneficiary
bibliolatrous
cacodemonic
cacodaemonic
capitular
capitulary
cathedral
cenobitic
coenobitic
cenobitical
coenobitical
eremitic
eremitical
congregational
denominational
eucharistic
elfin
episcopal
pontifical
exegetic
exegetical
gentile
levitical
ministerial
numinous
paschal
sepulchral
vedic
vicarial
atheist
atheistic
atheistical
bridal
nuptial
spousal
dominical
gnostic
biblical
scriptural
biblical
koranic
apostolic
apostolical
pastoral
mystic
mystical
moral
angelic
angelical
seraphic
seraphical
papal
apostolic
apostolical
pontifical
ritual
ecclesiastical
ecclesiastic
sacerdotal
spiritualistic
spiritualist
supernaturalist
supernaturalistic
pietistic
pietistical
catholic
anglo-catholic
roman
r.c.
romanist
romish
roman catholic
popish
papist
papistic
papistical
jewish
judaic
judaic
judaical
anglo-jewish
evangelical
evangelical
evangelistic
muslim
moslem
islamic
hindu
hindi
hindoo
buddhist
buddhistic
shinto
shintoist
shintoistic
kokka
shuha
rastafarian
jain
jainist
taoist
tantric
tantrik
avestan
zoroastrian
satanic
rabbinical
rabbinic
idolatrous
sacramental
theist
theistical
theistic
pantheist
pantheistic
expiatory
expiative
propitiatory
mortuary
funerary
judeo-christian
totemic
baptist
baptistic
byzantine
yogistic
yogic
liturgical
dogmatic
mithraic
mithraistic
patristic
patristical
donnean
donnian
gandhian
lutheran
marian
muhammadan
mohammedan
mosaic
hebraic
hebraical
hebrew
prenuptial
premarital
antenuptial
postnuptial
baptismal
benedictine
benedictine
carmelite
coptic
creedal
credal
dominican
franciscan
gregorian
gregorian
homiletic
homiletical
jesuitical
jesuitic
jesuit
lenten
mendelian
moorish
moresque
pentecostal
pentecostal
postmillennial
redemptive
redemptional
redemptory
ritualistic
theosophical
zionist
shamanist
shamanistic
denominationally
mystically
morally
religiously
sacredly
devoutly
piously
ecclesiastically
idolatrously
ministerially
popishly
providentially
sanctimoniously
self-righteously
