alto relievo
alto rilievo
high relief
anaglyph
bas relief
low relief
basso relievo
basso rilievo
bronze
bust
cameo
carving
cinquefoil
copperplate
glyph
glyptic art
glyptography
glyptics
lithoglyptics
herm
intaglio
diaglyph
marble
mezzo-relievo
mezzo-rilievo
half-relief
mobile
mold
mould
molding
moulding
modeling
clay sculpture
relief
relievo
rilievo
embossment
sculptural relief
scrimshaw
sculpture
sphinx
stabile
statue
statue of liberty
terminus
terminal figure
term
vermiculation
woodcarving
lapidary
lapidist
sculpt
sculpture
grave
sculpt
sculpture
anaglyphic
anaglyphical
anaglyptic
anaglyptical
statuary
sculptural
