orgasm
climax
sexual climax
coming
male orgasm
tubal ligation
sexual conquest
score
sexual harassment
flirt
flirting
flirtation
coquetry
dalliance
toying
vasectomy
paraphilia
exhibitionism
immodesty
fetishism
fetichism
pedophilia
paedophilia
voyeurism
zoophilia
zoophilism
prostitution
harlotry
whoredom
rape
violation
assault
ravishment
date rape
bondage
outercourse
safe sex
sexual activity
sexual practice
sex
sex activity
conception
defloration
insemination
sexual intercourse
intercourse
sex act
copulation
coitus
coition
sexual congress
congress
sexual relation
relation
carnal knowledge
fuck
fucking
screw
screwing
ass
nooky
nookie
piece of ass
piece of tail
roll in the hay
shag
shtup
pleasure
hank panky
sexual love
lovemaking
making love
love
love life
penetration
statutory rape
carnal abuse
carnal abuse
coupling
mating
pairing
conjugation
union
sexual union
assortative mating
disassortative mating
unlawful carnal knowledge
criminal congress
extramarital sex
free love
adultery
criminal conversation
fornication
fornication
incest
sodomy
buggery
anal sex
anal intercourse
reproduction
procreation
breeding
facts of life
miscegenation
crossbreeding
interbreeding
generation
multiplication
propagation
biogenesis
biogeny
hybridization
hybridisation
crossbreeding
crossing
cross
interbreeding
hybridizing
dihybrid cross
monohybrid cross
reciprocal cross
reciprocal
testcross
test-cross
inbreeding
contraception
contraceptive method
oral contraception
surgical contraception
servicing
service
foreplay
arousal
stimulation
caressing
cuddling
fondling
hugging
kissing
necking
petting
smooching
snuggling
snogging
feel
perversion
sexual perversion
oral sex
head
cunnilingus
cunnilinctus
fellatio
fellation
cock sucking
blowjob
soixante-neuf
sixty-nine
autoeroticism
autoerotism
masturbation
onanism
self-abuse
frottage
jacking off
jerking off
hand job
wank
promiscuity
promiscuousness
sleeping around
one-night stand
lechery
homosexuality
homosexualism
homoeroticism
gayness
bisexuality
inversion
sexual inversion
lesbianism
sapphism
tribadism
heterosexuality
heterosexualism
straightness
pederasty
paederasty
bestiality
zooerastia
zooerasty
chastity
celibacy
sexual abstention
cervical cap
coil
condom
rubber
safety
safe
prophylactic
contraceptive
preventive
preventative
contraceptive device
prophylactic device
birth control device
demulen
diaphragm
pessary
contraceptive diaphragm
dildo
enovid
intrauterine device
iud
loestrin
loop
lo/ovral
micronor
modicon
morning-after pill
norinyl
norlestrin
nor-q-d
ovocon
ovral
ovrette
ovulen
pill
birth control pill
contraceptive pill
oral contraceptive pill
oral contraceptive
anovulatory drug
anovulant
sperm bank
spermicide
spermatocide
sex appeal
desirability
desirableness
oomph
virtue
chastity
sexual morality
honor
honour
purity
licentiousness
wantonness
sex
gender
sexuality
asexuality
sexlessness
maleness
masculinity
virility
androgyny
hermaphroditism
bisexuality
femaleness
feminineness
cock
prick
dick
shaft
pecker
peter
tool
putz
sex
sexual urge
sexual desire
concupiscence
physical attraction
love
aphrodisia
anaphrodisia
passion
sensuality
sensualness
sensualism
amorousness
eroticism
erotism
sexiness
amativeness
lecherousness
lust
lustfulness
nymphomania
satyriasis
prurience
pruriency
lasciviousness
carnality
sexual pleasure
algolagnia
sadism
sadomasochism
masochism
sex
sensualist
adulterer
fornicator
adulteress
fornicatress
hussy
jade
loose woman
slut
strumpet
trollop
bedfellow
bisexual
bisexual person
butch
dike
dyke
call girl
camp follower
casanova
closet queen
cocksucker
comfort woman
ianfu
coquette
flirt
vamp
vamper
minx
tease
prickteaser
demimondaine
don juan
epicure
gourmet
gastronome
bon vivant
epicurean
foodie
exhibitionist
flasher
fagot
faggot
fag
fairy
nance
pansy
queen
queer
poof
poove
pouf
frotteur
fucker
gay man
shirtlifter
gigolo
hedonist
pleasure seeker
hermaphrodite
intersex
gynandromorph
androgyne
epicine
epicine person
heterosexual
heterosexual person
straight person
straight
homosexual
homo
gay
lesbian
tribade
gay woman
libertine
debauchee
rounder
light-o'-love
light-of-love
lothario
lounge lizard
lizard
masturbator
onanist
pickup
playboy
man-about-town
corinthian
prostitute
cocotte
whore
harlot
bawd
tart
cyprian
fancy woman
working girl
sporting lady
lady of pleasure
woman of the street
pseudohermaphrodite
seducer
ladies' man
lady killer
streetwalker
street girl
hooker
hustler
floozy
floozie
slattern
swinger
tramp
switch-hitter
transsexual
transexual
transsexual
transexual
transvestite
cross-dresser
undoer
violator
debaucher
ravisher
virgin
voluptuary
sybarite
voyeur
peeping tom
peeper
wanton
wencher
white slave
whoremaster
whoremonger
john
wolf
woman chaser
skirt chaser
masher
womanizer
womaniser
philanderer
sexual relationship
affair
affaire
intimacy
liaison
involvement
amour
sexual arousal
cybersex
eroticism
erotism
horniness
hotness
hot pants
erection
hard-on
cathect
impregnate
knock up
bang up
prang up
nick
ejaculate
alter
neuter
spay
castrate
defeminize
defeminise
emasculate
castrate
demasculinize
demasculinise
caponize
caponise
geld
cut
vasectomize
vasectomise
sterilize
sterilise
desex
unsex
desexualize
desexualise
fix
sensualize
sensualise
carnalize
carnalise
unsex
accept
hook
solicit
accost
proposition
chat up
flirt
dally
butterfly
coquet
coquette
romance
philander
mash
wanton
vamp
feel
roll in the hay
love
make out
make love
sleep with
get laid
have sex
know
do it
be intimate
have intercourse
have it away
have it off
screw
fuck
jazz
eff
hump
lie with
bed
have a go at it
bang
get it on
bonk
take
have
fornicate
swing
whore
wench
tread
serve
service
stand
deflower
ruin
copulate
mate
pair
couple
ride
mount
backcross
breed
cover
masturbate
wank
fuck off
she-bop
jack off
jerk off
scarf
kiss
buss
osculate
smack
peck
arouse
sex
excite
turn on
wind up
romance
tempt
bump
desexualize
desexualise
grind
bed-hop
bedhop
fellate
blow
go down on
ogle
give the glad eye
get off
come
unsex
pick up
woo
court
romance
solicit
chase
chase after
display
rape
ravish
violate
assault
dishonor
dishonour
outrage
gang-rape
sodomize
sodomise
bugger
sodomize
sodomise
molest
cheat on
cheat
cuckold
betray
wander
two-time
philander
womanize
womanise
play around
fool around
chaste
unchaste
heterosexual
homosexual
bisexual
nymphomaniacal
nymphomaniac
kinky
perverted
potent
virile
impotent
androgenous
biogenetic
biogenous
incestuous
spermicidal
sexual
coital
copulatory
libidinal
voyeuristic
voyeuristical
asexually
sexually
sexually
incestuously
chastely
virtuously
licentiously
wantonly
promiscuously
voyeuristically
