centesis
abdominocentesis
paracentesis
amniocentesis
amnio
arthrocentesis
celiocentesis
lumbar puncture
spinal puncture
spinal tap
thoracocentesis
catling
corbel
truss
heart-lung machine
lancet
lance
scalpel
surgical knife
graft
transplant
autograft
autoplasty
homograft
allograft
heterograft
xenograft
alter
neuter
spay
castrate
defeminize
defeminise
emasculate
castrate
demasculinize
demasculinise
caponize
caponise
geld
cut
vasectomize
vasectomise
sterilize
sterilise
desex
unsex
desexualize
desexualise
fix
face-lift
lift
trephine
operate on
operate
venesect
amputate
cut off
suture
trepan
reduce
transplant
graft
exteriorize
bring outside
