creation
theology
catechesis
limbo
purgatory
theanthropism
predestination
foreordination
preordination
predetermination
election
neoplatonism
spiritualism
theology
divinity
angelology
apologetics
ecclesiology
eschatology
hermeneutics
homiletics
liturgics
liturgiology
theodicy
theology
theological system
christian theology
christology
natural theology
jesuitism
jesuitry
patristics
patrology
polemics
theological doctrine
religious doctrine
christology
antinomianism
thomism
arianism
athanasianism
boehmenism
behmenism
consubstantiation
episcopalianism
erastianism
byzantinism
caesaropapism
jansenism
marcionism
millenarianism
millenniumism
chiliasm
monophysitism
nestorianism
quakerism
rationalism
reincarnation
rosicrucianism
soteriology
synergism
total depravity
transubstantiation
universalism
virgin birth
nativity
docetism
gnosticism
mandaeanism
mandeanism
deism
free thought
zurvanism
second coming
second coming of christ
second advent
advent
parousia
jansenist
minor
venial
deadly
mortal(a)
theological
fundamentalist
fundamentalistic
purgatorial
eschatologically
theologically
theologically
