wrestling
rassling
grappling
flying mare
professional wrestling
sumo
wrestling hold
bear hug
full nelson
half nelson
hammerlock
headlock
japanese stranglehold
lock
scissors
scissors hold
scissor grip
scissors grip
stranglehold
toehold
canvas
canvass
ring
wrestling mat
wrestling ring
wrestling match
fall
pin
takedown
bantamweight
featherweight
flyweight
heavyweight
light heavyweight
lightweight
middleweight
sumo wrestler
welterweight
wrestler
grappler
matman
wrestle
mudwrestle
mud-wrestle
grapple
grip
